[ 2016-08-24T17:08:58+08:00 ] 127.0.0.1 /
INFO: [ app_init ] --START--
INFO: Run Behavior\BuildLiteBehavior [ RunTime:0.000029s ]
INFO: [ app_init ] --END-- [ RunTime:0.000793s ]
INFO: [ app_begin ] --START--
INFO: Run Behavior\ReadHtmlCacheBehavior [ RunTime:0.001058s ]
INFO: Run Home\Behaviors\NavBehavior [ RunTime:0.001869s ]
NOTIC: [8] Undefined index: userin C:\guyuan\guyuan\Home\API\UserAPI.class.php 第 73 行.
INFO: Run Home\Behaviors\UserBehavior [ RunTime:0.014551s ]
INFO: [ app_begin ] --END-- [ RunTime:0.017889s ]
INFO: [ view_parse ] --START--
INFO: [ template_filter ] --START--
INFO: Run Behavior\ContentReplaceBehavior [ RunTime:0.000098s ]
INFO: [ template_filter ] --END-- [ RunTime:0.000237s ]
ERR: SQLSTATE[42000] [1049] Unknown database 'tp'

[ 2016-08-24T17:10:13+08:00 ] 127.0.0.1 /
INFO: [ app_init ] --START--
INFO: Run Behavior\BuildLiteBehavior [ RunTime:0.000030s ]
INFO: [ app_init ] --END-- [ RunTime:0.000885s ]
INFO: [ app_begin ] --START--
INFO: Run Behavior\ReadHtmlCacheBehavior [ RunTime:0.001114s ]
INFO: Run Home\Behaviors\NavBehavior [ RunTime:0.001966s ]
NOTIC: [8] Undefined index: userin C:\guyuan\guyuan\Home\API\UserAPI.class.php 第 73 行.
INFO: Run Home\Behaviors\UserBehavior [ RunTime:0.003820s ]
INFO: [ app_begin ] --END-- [ RunTime:0.007260s ]
INFO: [ view_parse ] --START--
INFO: [ template_filter ] --START--
INFO: Run Behavior\ContentReplaceBehavior [ RunTime:0.000078s ]
INFO: [ template_filter ] --END-- [ RunTime:0.000219s ]
ERR: SQLSTATE[42000] [1049] Unknown database 'tp'

[ 2016-08-24T17:12:57+08:00 ] 127.0.0.1 /
INFO: [ app_init ] --START--
INFO: Run Behavior\BuildLiteBehavior [ RunTime:0.000029s ]
INFO: [ app_init ] --END-- [ RunTime:0.000881s ]
INFO: [ app_begin ] --START--
INFO: Run Behavior\ReadHtmlCacheBehavior [ RunTime:0.001306s ]
INFO: Run Home\Behaviors\NavBehavior [ RunTime:0.001890s ]
NOTIC: [8] Undefined index: userin C:\guyuan\guyuan\Home\API\UserAPI.class.php 第 73 行.
INFO: Run Home\Behaviors\UserBehavior [ RunTime:0.003763s ]
INFO: [ app_begin ] --END-- [ RunTime:0.007268s ]
INFO: [ view_parse ] --START--
INFO: [ template_filter ] --START--
INFO: Run Behavior\ContentReplaceBehavior [ RunTime:0.000084s ]
INFO: [ template_filter ] --END-- [ RunTime:0.000226s ]
ERR: SQLSTATE[42000] [1049] Unknown database 'tp'

[ 2016-08-24T17:16:27+08:00 ] 127.0.0.1 /
INFO: [ app_init ] --START--
INFO: Run Behavior\BuildLiteBehavior [ RunTime:0.000028s ]
INFO: [ app_init ] --END-- [ RunTime:0.000746s ]
INFO: [ app_begin ] --START--
INFO: Run Behavior\ReadHtmlCacheBehavior [ RunTime:0.001193s ]
INFO: Run Home\Behaviors\NavBehavior [ RunTime:0.001827s ]
NOTIC: [8] Undefined index: userin C:\guyuan\guyuan\Home\API\UserAPI.class.php 第 73 行.
INFO: Run Home\Behaviors\UserBehavior [ RunTime:0.003134s ]
INFO: [ app_begin ] --END-- [ RunTime:0.006483s ]
INFO: [ view_parse ] --START--
INFO: [ template_filter ] --START--
INFO: Run Behavior\ContentReplaceBehavior [ RunTime:0.000096s ]
INFO: [ template_filter ] --END-- [ RunTime:0.000232s ]
ERR: SQLSTATE[42000] [1049] Unknown database 'tp'

[ 2016-08-24T17:16:30+08:00 ] 127.0.0.1 /
INFO: [ app_init ] --START--
INFO: Run Behavior\BuildLiteBehavior [ RunTime:0.000028s ]
INFO: [ app_init ] --END-- [ RunTime:0.000567s ]
INFO: [ app_begin ] --START--
INFO: Run Behavior\ReadHtmlCacheBehavior [ RunTime:0.000699s ]
INFO: Run Home\Behaviors\NavBehavior [ RunTime:0.000894s ]
NOTIC: [8] Undefined index: userin C:\guyuan\guyuan\Home\API\UserAPI.class.php 第 73 行.
INFO: Run Home\Behaviors\UserBehavior [ RunTime:0.002067s ]
INFO: [ app_begin ] --END-- [ RunTime:0.003920s ]
INFO: [ view_parse ] --START--
INFO: [ template_filter ] --START--
INFO: Run Behavior\ContentReplaceBehavior [ RunTime:0.000077s ]
INFO: [ template_filter ] --END-- [ RunTime:0.000203s ]
ERR: SQLSTATE[42000] [1049] Unknown database 'tp'

[ 2016-08-24T17:17:07+08:00 ] 127.0.0.1 /
INFO: [ app_init ] --START--
INFO: Run Behavior\BuildLiteBehavior [ RunTime:0.000026s ]
INFO: [ app_init ] --END-- [ RunTime:0.000680s ]
INFO: [ app_begin ] --START--
INFO: Run Behavior\ReadHtmlCacheBehavior [ RunTime:0.001416s ]
INFO: Run Home\Behaviors\NavBehavior [ RunTime:0.002110s ]
NOTIC: [8] Undefined index: userin C:\guyuan\guyuan\Home\API\UserAPI.class.php 第 73 行.
INFO: Run Home\Behaviors\UserBehavior [ RunTime:0.003284s ]
INFO: [ app_begin ] --END-- [ RunTime:0.007218s ]
INFO: [ view_parse ] --START--
INFO: [ template_filter ] --START--
INFO: Run Behavior\ContentReplaceBehavior [ RunTime:0.000079s ]
INFO: [ template_filter ] --END-- [ RunTime:0.000211s ]
ERR: SQLSTATE[42000] [1049] Unknown database 'tp'

[ 2016-08-24T17:17:10+08:00 ] 127.0.0.1 /
INFO: [ app_init ] --START--
INFO: Run Behavior\BuildLiteBehavior [ RunTime:0.000051s ]
INFO: [ app_init ] --END-- [ RunTime:0.001126s ]
INFO: [ app_begin ] --START--
INFO: Run Behavior\ReadHtmlCacheBehavior [ RunTime:0.000929s ]
INFO: Run Home\Behaviors\NavBehavior [ RunTime:0.000973s ]
NOTIC: [8] Undefined index: userin C:\guyuan\guyuan\Home\API\UserAPI.class.php 第 73 行.
INFO: Run Home\Behaviors\UserBehavior [ RunTime:0.002148s ]
INFO: [ app_begin ] --END-- [ RunTime:0.004374s ]
INFO: [ view_parse ] --START--
INFO: [ template_filter ] --START--
INFO: Run Behavior\ContentReplaceBehavior [ RunTime:0.000081s ]
INFO: [ template_filter ] --END-- [ RunTime:0.000217s ]
ERR: SQLSTATE[42000] [1049] Unknown database 'tp'

[ 2016-08-24T17:17:10+08:00 ] 127.0.0.1 /
INFO: [ app_init ] --START--
INFO: Run Behavior\BuildLiteBehavior [ RunTime:0.000027s ]
INFO: [ app_init ] --END-- [ RunTime:0.000594s ]
INFO: [ app_begin ] --START--
INFO: Run Behavior\ReadHtmlCacheBehavior [ RunTime:0.000980s ]
INFO: Run Home\Behaviors\NavBehavior [ RunTime:0.000945s ]
NOTIC: [8] Undefined index: userin C:\guyuan\guyuan\Home\API\UserAPI.class.php 第 73 行.
INFO: Run Home\Behaviors\UserBehavior [ RunTime:0.002315s ]
INFO: [ app_begin ] --END-- [ RunTime:0.004611s ]
INFO: [ view_parse ] --START--
INFO: [ template_filter ] --START--
INFO: Run Behavior\ContentReplaceBehavior [ RunTime:0.000078s ]
INFO: [ template_filter ] --END-- [ RunTime:0.000211s ]
ERR: SQLSTATE[42000] [1049] Unknown database 'tp'

[ 2016-08-24T17:17:12+08:00 ] 127.0.0.1 /
INFO: [ app_init ] --START--
INFO: Run Behavior\BuildLiteBehavior [ RunTime:0.000028s ]
INFO: [ app_init ] --END-- [ RunTime:0.000615s ]
INFO: [ app_begin ] --START--
INFO: Run Behavior\ReadHtmlCacheBehavior [ RunTime:0.000724s ]
INFO: Run Home\Behaviors\NavBehavior [ RunTime:0.000899s ]
NOTIC: [8] Undefined index: userin C:\guyuan\guyuan\Home\API\UserAPI.class.php 第 73 行.
INFO: Run Home\Behaviors\UserBehavior [ RunTime:0.002123s ]
INFO: [ app_begin ] --END-- [ RunTime:0.004021s ]
INFO: [ view_parse ] --START--
INFO: [ template_filter ] --START--
INFO: Run Behavior\ContentReplaceBehavior [ RunTime:0.000113s ]
INFO: [ template_filter ] --END-- [ RunTime:0.000271s ]
ERR: SQLSTATE[42000] [1049] Unknown database 'tp'

[ 2016-08-24T17:20:51+08:00 ] 127.0.0.1 /
INFO: [ app_init ] --START--
INFO: Run Behavior\BuildLiteBehavior [ RunTime:0.000029s ]
INFO: [ app_init ] --END-- [ RunTime:0.001058s ]
INFO: [ app_begin ] --START--
INFO: Run Behavior\ReadHtmlCacheBehavior [ RunTime:0.001120s ]
INFO: Run Home\Behaviors\NavBehavior [ RunTime:0.001851s ]
NOTIC: [8] Undefined index: userin C:\guyuan\guyuan\Home\API\UserAPI.class.php 第 73 行.
INFO: Run Home\Behaviors\UserBehavior [ RunTime:0.003315s ]
INFO: [ app_begin ] --END-- [ RunTime:0.006576s ]
INFO: [ view_parse ] --START--
INFO: [ template_filter ] --START--
INFO: Run Behavior\ContentReplaceBehavior [ RunTime:0.000076s ]
INFO: [ template_filter ] --END-- [ RunTime:0.000199s ]
ERR: SQLSTATE[42000] [1049] Unknown database 'tp'

[ 2016-08-24T17:20:56+08:00 ] 127.0.0.1 /
INFO: [ app_init ] --START--
INFO: Run Behavior\BuildLiteBehavior [ RunTime:0.000034s ]
INFO: [ app_init ] --END-- [ RunTime:0.000739s ]
INFO: [ app_begin ] --START--
INFO: Run Behavior\ReadHtmlCacheBehavior [ RunTime:0.001121s ]
INFO: Run Home\Behaviors\NavBehavior [ RunTime:0.001805s ]
NOTIC: [8] Undefined index: userin C:\guyuan\guyuan\Home\API\UserAPI.class.php 第 73 行.
INFO: Run Home\Behaviors\UserBehavior [ RunTime:0.003886s ]
INFO: [ app_begin ] --END-- [ RunTime:0.007110s ]
INFO: [ view_parse ] --START--
INFO: [ template_filter ] --START--
INFO: Run Behavior\ContentReplaceBehavior [ RunTime:0.000080s ]
INFO: [ template_filter ] --END-- [ RunTime:0.000218s ]
ERR: SQLSTATE[42000] [1049] Unknown database 'tp'

[ 2016-08-24T17:23:19+08:00 ] 127.0.0.1 /
INFO: [ app_init ] --START--
INFO: Run Behavior\BuildLiteBehavior [ RunTime:0.000032s ]
INFO: [ app_init ] --END-- [ RunTime:0.000822s ]
INFO: [ app_begin ] --START--
INFO: Run Behavior\ReadHtmlCacheBehavior [ RunTime:0.001310s ]
INFO: Run Home\Behaviors\NavBehavior [ RunTime:0.002018s ]
NOTIC: [8] Undefined index: userin C:\guyuan\guyuan\Home\API\UserAPI.class.php 第 73 行.
INFO: Run Home\Behaviors\UserBehavior [ RunTime:0.005910s ]
INFO: [ app_begin ] --END-- [ RunTime:0.009577s ]
INFO: [ view_parse ] --START--
INFO: [ template_filter ] --START--
INFO: Run Behavior\ContentReplaceBehavior [ RunTime:0.000126s ]
INFO: [ template_filter ] --END-- [ RunTime:0.000353s ]
SQL: SHOW COLUMNS FROM `5000_navbar` [ RunTime:0.0108s ]
SQL: SELECT * FROM `5000_navbar` WHERE ( nav_isshow=1 ) ORDER BY nav_index  [ RunTime:0.0008s ]
NOTIC: [8] Undefined variable: global_user C:\guyuan\guyuan\Runtime\Cache\Home\4f764e6cb85686c14a44e2995f39ec3c.php 第 42 行.
INFO: Run Behavior\ParseTemplateBehavior [ RunTime:0.067417s ]
INFO: [ view_parse ] --END-- [ RunTime:0.067605s ]
INFO: [ view_filter ] --START--
INFO: Run Behavior\WriteHtmlCacheBehavior [ RunTime:0.001078s ]
INFO: [ view_filter ] --END-- [ RunTime:0.001236s ]
INFO: [ app_end ] --START--
INFO: Run Behavior\ShowPageTraceBehavior [ RunTime:0.001169s ]
INFO: [ app_end ] --END-- [ RunTime:0.001297s ]

[ 2016-08-24T17:23:23+08:00 ] 127.0.0.1 /index.php/Home/Info/?type=2
INFO: [ app_init ] --START--
INFO: Run Behavior\BuildLiteBehavior [ RunTime:0.000027s ]
INFO: [ app_init ] --END-- [ RunTime:0.000541s ]
INFO: [ app_begin ] --START--
INFO: Run Behavior\ReadHtmlCacheBehavior [ RunTime:0.000696s ]
INFO: Run Home\Behaviors\NavBehavior [ RunTime:0.000885s ]
NOTIC: [8] Undefined index: userin C:\guyuan\guyuan\Home\API\UserAPI.class.php 第 73 行.
INFO: Run Home\Behaviors\UserBehavior [ RunTime:0.002036s ]
INFO: [ app_begin ] --END-- [ RunTime:0.003886s ]
SQL: SHOW COLUMNS FROM `5000_info` [ RunTime:0.0061s ]
SQL: SELECT COUNT(*) AS tp_count FROM `5000_info` WHERE ( info_type=2 ) LIMIT 1   [ RunTime:0.0009s ]
SQL: SELECT * FROM `5000_info` WHERE ( info_type=2 ) ORDER BY info_id desc LIMIT 0,5   [ RunTime:0.0006s ]
SQL: SHOW COLUMNS FROM `5000_info_meta` [ RunTime:0.0054s ]
SQL: SELECT * FROM `5000_info_meta` WHERE ( info_id in (65,64,63,62,61) )  [ RunTime:0.0007s ]
INFO: [ view_parse ] --START--
INFO: [ template_filter ] --START--
INFO: Run Behavior\ContentReplaceBehavior [ RunTime:0.000090s ]
INFO: [ template_filter ] --END-- [ RunTime:0.000234s ]
SQL: SHOW COLUMNS FROM `5000_navbar` [ RunTime:0.0062s ]
SQL: SELECT * FROM `5000_navbar` WHERE ( nav_isshow=1 ) ORDER BY nav_index  [ RunTime:0.0004s ]
NOTIC: [8] Undefined variable: global_user C:\guyuan\guyuan\Runtime\Cache\Home\15a3d5e462efaaff0e2f792a24ec45f0.php 第 42 行.
SQL: SHOW COLUMNS FROM `5000_info_widget` [ RunTime:0.0063s ]
SQL: SELECT * FROM `5000_info_widget` WHERE ( wig_id=2 ) LIMIT 1   [ RunTime:0.0005s ]
NOTIC: [8] unserialize() [<a href='function.unserialize'>function.unserialize</a>]: Error at offset 0 of 2065 bytes C:\guyuan\ThinkPHP\Library\Think\Cache\Driver\File.class.php 第 104 行.
SQL: SHOW COLUMNS FROM `5000_info` [ RunTime:0.0071s ]
SQL: SELECT * FROM `5000_info` WHERE ( info_type=2 ) ORDER BY info_id desc LIMIT 5   [ RunTime:0.0005s ]
INFO: [ view_parse ] --START--
INFO: [ template_filter ] --START--
INFO: Run Behavior\ContentReplaceBehavior [ RunTime:0.000068s ]
INFO: [ template_filter ] --END-- [ RunTime:-0.045801s ]
INFO: Run Behavior\ParseTemplateBehavior [ RunTime:0.004973s ]
INFO: [ view_parse ] --END-- [ RunTime:0.005124s ]
INFO: [ view_filter ] --START--
INFO: Run Behavior\WriteHtmlCacheBehavior [ RunTime:0.000517s ]
INFO: [ view_filter ] --END-- [ RunTime:0.000630s ]
INFO: Run Behavior\ParseTemplateBehavior [ RunTime:0.005880s ]
INFO: [ view_parse ] --END-- [ RunTime:0.005124s ]
INFO: [ view_filter ] --START--
INFO: Run Behavior\WriteHtmlCacheBehavior [ RunTime:0.000028s ]
INFO: [ view_filter ] --END-- [ RunTime:-0.000268s ]
INFO: [ app_end ] --START--
INFO: Run Behavior\ShowPageTraceBehavior [ RunTime:0.000762s ]
INFO: [ app_end ] --END-- [ RunTime:0.000904s ]

[ 2016-08-24T17:23:25+08:00 ] 127.0.0.1 /index.php/Home/Info/?type=1
INFO: [ app_init ] --START--
INFO: Run Behavior\BuildLiteBehavior [ RunTime:0.000044s ]
INFO: [ app_init ] --END-- [ RunTime:0.001101s ]
INFO: [ app_begin ] --START--
INFO: Run Behavior\ReadHtmlCacheBehavior [ RunTime:0.001439s ]
INFO: Run Home\Behaviors\NavBehavior [ RunTime:0.001906s ]
NOTIC: [8] Undefined index: userin C:\guyuan\guyuan\Home\API\UserAPI.class.php 第 73 行.
INFO: Run Home\Behaviors\UserBehavior [ RunTime:0.002936s ]
INFO: [ app_begin ] --END-- [ RunTime:0.006702s ]
SQL: SHOW COLUMNS FROM `5000_info` [ RunTime:0.0068s ]
SQL: SELECT COUNT(*) AS tp_count FROM `5000_info` WHERE ( info_type=1 ) LIMIT 1   [ RunTime:0.0005s ]
SQL: SELECT * FROM `5000_info` WHERE ( info_type=1 ) ORDER BY info_id desc LIMIT 0,5   [ RunTime:0.0006s ]
SQL: SHOW COLUMNS FROM `5000_info_meta` [ RunTime:0.0060s ]
SQL: SELECT * FROM `5000_info_meta` WHERE ( info_id in (59,58,57,56,55) )  [ RunTime:0.0004s ]
INFO: [ view_parse ] --START--
INFO: [ template_filter ] --START--
INFO: Run Behavior\ContentReplaceBehavior [ RunTime:0.000086s ]
INFO: [ template_filter ] --END-- [ RunTime:0.000208s ]
SQL: SHOW COLUMNS FROM `5000_navbar` [ RunTime:0.0058s ]
SQL: SELECT * FROM `5000_navbar` WHERE ( nav_isshow=1 ) ORDER BY nav_index  [ RunTime:0.0006s ]
NOTIC: [8] Undefined variable: global_user C:\guyuan\guyuan\Runtime\Cache\Home\dd91f665b84972ae5be7fe3e09d380b7.php 第 42 行.
SQL: SHOW COLUMNS FROM `5000_info_widget` [ RunTime:0.0063s ]
SQL: SELECT * FROM `5000_info_widget` WHERE ( wig_id=1 ) LIMIT 1   [ RunTime:0.0004s ]
SQL: SHOW COLUMNS FROM `5000_info` [ RunTime:0.0069s ]
SQL: SELECT * FROM `5000_info` WHERE ( info_type=1 ) ORDER BY info_id desc LIMIT 5   [ RunTime:0.0005s ]
INFO: [ view_parse ] --START--
INFO: [ template_filter ] --START--
INFO: Run Behavior\ContentReplaceBehavior [ RunTime:0.000067s ]
INFO: [ template_filter ] --END-- [ RunTime:-0.036947s ]
INFO: Run Behavior\ParseTemplateBehavior [ RunTime:0.004636s ]
INFO: [ view_parse ] --END-- [ RunTime:0.004772s ]
INFO: [ view_filter ] --START--
INFO: Run Behavior\WriteHtmlCacheBehavior [ RunTime:0.000752s ]
INFO: [ view_filter ] --END-- [ RunTime:0.000861s ]
INFO: Run Behavior\ParseTemplateBehavior [ RunTime:0.005762s ]
INFO: [ view_parse ] --END-- [ RunTime:0.004772s ]
INFO: [ view_filter ] --START--
INFO: Run Behavior\WriteHtmlCacheBehavior [ RunTime:0.000027s ]
INFO: [ view_filter ] --END-- [ RunTime:-0.000249s ]
INFO: [ app_end ] --START--
INFO: Run Behavior\ShowPageTraceBehavior [ RunTime:0.000996s ]
INFO: [ app_end ] --END-- [ RunTime:0.001136s ]

[ 2016-08-24T17:23:26+08:00 ] 127.0.0.1 /index.php/Home/Info/?type=1
INFO: [ app_init ] --START--
INFO: Run Behavior\BuildLiteBehavior [ RunTime:0.000029s ]
INFO: [ app_init ] --END-- [ RunTime:0.000642s ]
INFO: [ app_begin ] --START--
INFO: Run Behavior\ReadHtmlCacheBehavior [ RunTime:0.000688s ]
INFO: Run Home\Behaviors\NavBehavior [ RunTime:0.000834s ]
NOTIC: [8] Undefined index: userin C:\guyuan\guyuan\Home\API\UserAPI.class.php 第 73 行.
INFO: Run Home\Behaviors\UserBehavior [ RunTime:0.002043s ]
INFO: [ app_begin ] --END-- [ RunTime:0.003870s ]
SQL: SHOW COLUMNS FROM `5000_info` [ RunTime:0.0065s ]
SQL: SELECT COUNT(*) AS tp_count FROM `5000_info` WHERE ( info_type=1 ) LIMIT 1   [ RunTime:0.0006s ]
SQL: SELECT * FROM `5000_info` WHERE ( info_type=1 ) ORDER BY info_id desc LIMIT 0,5   [ RunTime:0.0007s ]
SQL: SHOW COLUMNS FROM `5000_info_meta` [ RunTime:0.0062s ]
SQL: SELECT * FROM `5000_info_meta` WHERE ( info_id in (59,58,57,56,55) )  [ RunTime:0.0005s ]
INFO: [ view_parse ] --START--
INFO: [ template_filter ] --START--
INFO: Run Behavior\ContentReplaceBehavior [ RunTime:0.000097s ]
INFO: [ template_filter ] --END-- [ RunTime:0.000229s ]
SQL: SHOW COLUMNS FROM `5000_navbar` [ RunTime:0.0062s ]
SQL: SELECT * FROM `5000_navbar` WHERE ( nav_isshow=1 ) ORDER BY nav_index  [ RunTime:0.0005s ]
NOTIC: [8] Undefined variable: global_user C:\guyuan\guyuan\Runtime\Cache\Home\dd91f665b84972ae5be7fe3e09d380b7.php 第 42 行.
SQL: SHOW COLUMNS FROM `5000_info_widget` [ RunTime:0.0059s ]
SQL: SELECT * FROM `5000_info_widget` WHERE ( wig_id=1 ) LIMIT 1   [ RunTime:0.0005s ]
INFO: [ view_parse ] --START--
INFO: [ template_filter ] --START--
INFO: Run Behavior\ContentReplaceBehavior [ RunTime:0.000077s ]
INFO: [ template_filter ] --END-- [ RunTime:-0.024771s ]
INFO: Run Behavior\ParseTemplateBehavior [ RunTime:0.004506s ]
INFO: [ view_parse ] --END-- [ RunTime:0.004660s ]
INFO: [ view_filter ] --START--
INFO: Run Behavior\WriteHtmlCacheBehavior [ RunTime:0.000454s ]
INFO: [ view_filter ] --END-- [ RunTime:0.000561s ]
INFO: Run Behavior\ParseTemplateBehavior [ RunTime:0.005351s ]
INFO: [ view_parse ] --END-- [ RunTime:0.004660s ]
INFO: [ view_filter ] --START--
INFO: Run Behavior\WriteHtmlCacheBehavior [ RunTime:0.000027s ]
INFO: [ view_filter ] --END-- [ RunTime:-0.000243s ]
INFO: [ app_end ] --START--
INFO: Run Behavior\ShowPageTraceBehavior [ RunTime:0.000739s ]
INFO: [ app_end ] --END-- [ RunTime:0.000873s ]

[ 2016-08-24T17:23:28+08:00 ] 127.0.0.1 /Home/login
INFO: [ app_init ] --START--
INFO: Run Behavior\BuildLiteBehavior [ RunTime:0.000036s ]
INFO: [ app_init ] --END-- [ RunTime:0.000917s ]
INFO: [ app_begin ] --START--
INFO: Run Behavior\ReadHtmlCacheBehavior [ RunTime:0.000899s ]
INFO: Run Home\Behaviors\NavBehavior [ RunTime:0.000903s ]
NOTIC: [8] Undefined index: userin C:\guyuan\guyuan\Home\API\UserAPI.class.php 第 73 行.
INFO: Run Home\Behaviors\UserBehavior [ RunTime:0.002175s ]
INFO: [ app_begin ] --END-- [ RunTime:0.004311s ]
INFO: [ view_parse ] --START--
INFO: [ template_filter ] --START--
INFO: Run Behavior\ContentReplaceBehavior [ RunTime:0.000075s ]
INFO: [ template_filter ] --END-- [ RunTime:0.000192s ]
SQL: SHOW COLUMNS FROM `5000_navbar` [ RunTime:0.0058s ]
SQL: SELECT * FROM `5000_navbar` WHERE ( nav_isshow=1 ) ORDER BY nav_index  [ RunTime:0.0009s ]
NOTIC: [8] Undefined variable: global_user C:\guyuan\guyuan\Runtime\Cache\Home\ec314eef727d0ea49c18fc42d2dfb9ba.php 第 42 行.
NOTIC: [8] Undefined variable: errorInfo C:\guyuan\guyuan\Runtime\Cache\Home\ec314eef727d0ea49c18fc42d2dfb9ba.php 第 77 行.
INFO: Run Behavior\ParseTemplateBehavior [ RunTime:0.036233s ]
INFO: [ view_parse ] --END-- [ RunTime:0.036371s ]
INFO: [ view_filter ] --START--
INFO: Run Behavior\WriteHtmlCacheBehavior [ RunTime:0.000806s ]
INFO: [ view_filter ] --END-- [ RunTime:0.000923s ]
INFO: [ app_end ] --START--
INFO: Run Behavior\ShowPageTraceBehavior [ RunTime:0.005272s ]
INFO: [ app_end ] --END-- [ RunTime:0.005404s ]

[ 2016-08-24T17:23:28+08:00 ] 127.0.0.1 /Home/Temp/valiCode
INFO: [ app_init ] --START--
INFO: Run Behavior\BuildLiteBehavior [ RunTime:0.000032s ]
INFO: [ app_init ] --END-- [ RunTime:0.000699s ]
INFO: [ app_begin ] --START--
INFO: Run Behavior\ReadHtmlCacheBehavior [ RunTime:0.000832s ]
INFO: Run Home\Behaviors\NavBehavior [ RunTime:0.000986s ]
NOTIC: [8] Undefined index: userin C:\guyuan\guyuan\Home\API\UserAPI.class.php 第 73 行.
INFO: Run Home\Behaviors\UserBehavior [ RunTime:0.002278s ]
INFO: [ app_begin ] --END-- [ RunTime:0.004495s ]
INFO: [ app_end ] --START--
INFO: Run Behavior\ShowPageTraceBehavior [ RunTime:0.001107s ]
INFO: [ app_end ] --END-- [ RunTime:0.001315s ]

[ 2016-08-24T17:23:30+08:00 ] 127.0.0.1 /Home/login
INFO: [ app_init ] --START--
INFO: Run Behavior\BuildLiteBehavior [ RunTime:0.000028s ]
INFO: [ app_init ] --END-- [ RunTime:0.000618s ]
INFO: [ app_begin ] --START--
INFO: Run Behavior\ReadHtmlCacheBehavior [ RunTime:0.001048s ]
INFO: Run Home\Behaviors\NavBehavior [ RunTime:0.001301s ]
NOTIC: [8] Undefined index: userin C:\guyuan\guyuan\Home\API\UserAPI.class.php 第 73 行.
INFO: Run Home\Behaviors\UserBehavior [ RunTime:0.002143s ]
INFO: [ app_begin ] --END-- [ RunTime:0.004876s ]
INFO: [ view_parse ] --START--
INFO: [ template_filter ] --START--
INFO: Run Behavior\ContentReplaceBehavior [ RunTime:0.000081s ]
INFO: [ template_filter ] --END-- [ RunTime:0.000213s ]
SQL: SHOW COLUMNS FROM `5000_navbar` [ RunTime:0.0058s ]
SQL: SELECT * FROM `5000_navbar` WHERE ( nav_isshow=1 ) ORDER BY nav_index  [ RunTime:0.0008s ]
NOTIC: [8] Undefined variable: global_user C:\guyuan\guyuan\Runtime\Cache\Home\ec314eef727d0ea49c18fc42d2dfb9ba.php 第 42 行.
NOTIC: [8] Undefined variable: errorInfo C:\guyuan\guyuan\Runtime\Cache\Home\ec314eef727d0ea49c18fc42d2dfb9ba.php 第 77 行.
INFO: Run Behavior\ParseTemplateBehavior [ RunTime:0.045084s ]
INFO: [ view_parse ] --END-- [ RunTime:0.045243s ]
INFO: [ view_filter ] --START--
INFO: Run Behavior\WriteHtmlCacheBehavior [ RunTime:0.001036s ]
INFO: [ view_filter ] --END-- [ RunTime:0.001209s ]
INFO: [ app_end ] --START--
INFO: Run Behavior\ShowPageTraceBehavior [ RunTime:0.001035s ]
INFO: [ app_end ] --END-- [ RunTime:0.001213s ]

[ 2016-08-24T17:23:30+08:00 ] 127.0.0.1 /Home/Temp/valiCode
INFO: [ app_init ] --START--
INFO: Run Behavior\BuildLiteBehavior [ RunTime:0.000028s ]
INFO: [ app_init ] --END-- [ RunTime:0.000556s ]
INFO: [ app_begin ] --START--
INFO: Run Behavior\ReadHtmlCacheBehavior [ RunTime:0.000892s ]
INFO: Run Home\Behaviors\NavBehavior [ RunTime:0.001017s ]
NOTIC: [8] Undefined index: userin C:\guyuan\guyuan\Home\API\UserAPI.class.php 第 73 行.
INFO: Run Home\Behaviors\UserBehavior [ RunTime:0.002178s ]
INFO: [ app_begin ] --END-- [ RunTime:0.004444s ]
INFO: [ app_end ] --START--
INFO: Run Behavior\ShowPageTraceBehavior [ RunTime:0.000969s ]
INFO: [ app_end ] --END-- [ RunTime:0.001148s ]

[ 2016-08-24T17:23:31+08:00 ] 127.0.0.1 /index.php/Home/Info/?type=2
INFO: [ app_init ] --START--
INFO: Run Behavior\BuildLiteBehavior [ RunTime:0.000029s ]
INFO: [ app_init ] --END-- [ RunTime:0.000624s ]
INFO: [ app_begin ] --START--
INFO: Run Behavior\ReadHtmlCacheBehavior [ RunTime:0.000803s ]
INFO: Run Home\Behaviors\NavBehavior [ RunTime:0.000941s ]
NOTIC: [8] Undefined index: userin C:\guyuan\guyuan\Home\API\UserAPI.class.php 第 73 行.
INFO: Run Home\Behaviors\UserBehavior [ RunTime:0.002507s ]
INFO: [ app_begin ] --END-- [ RunTime:0.004561s ]
SQL: SHOW COLUMNS FROM `5000_info` [ RunTime:0.0063s ]
SQL: SELECT COUNT(*) AS tp_count FROM `5000_info` WHERE ( info_type=2 ) LIMIT 1   [ RunTime:0.0004s ]
SQL: SELECT * FROM `5000_info` WHERE ( info_type=2 ) ORDER BY info_id desc LIMIT 0,5   [ RunTime:0.0005s ]
SQL: SHOW COLUMNS FROM `5000_info_meta` [ RunTime:0.0062s ]
SQL: SELECT * FROM `5000_info_meta` WHERE ( info_id in (65,64,63,62,61) )  [ RunTime:0.0005s ]
INFO: [ view_parse ] --START--
INFO: [ template_filter ] --START--
INFO: Run Behavior\ContentReplaceBehavior [ RunTime:0.000105s ]
INFO: [ template_filter ] --END-- [ RunTime:0.000245s ]
SQL: SHOW COLUMNS FROM `5000_navbar` [ RunTime:0.0063s ]
SQL: SELECT * FROM `5000_navbar` WHERE ( nav_isshow=1 ) ORDER BY nav_index  [ RunTime:0.0004s ]
NOTIC: [8] Undefined variable: global_user C:\guyuan\guyuan\Runtime\Cache\Home\15a3d5e462efaaff0e2f792a24ec45f0.php 第 42 行.
SQL: SHOW COLUMNS FROM `5000_info_widget` [ RunTime:0.0066s ]
SQL: SELECT * FROM `5000_info_widget` WHERE ( wig_id=2 ) LIMIT 1   [ RunTime:0.0004s ]
SQL: SHOW COLUMNS FROM `5000_info` [ RunTime:0.0059s ]
SQL: SELECT * FROM `5000_info` WHERE ( info_type=2 ) ORDER BY info_id desc LIMIT 5   [ RunTime:0.0005s ]
INFO: [ view_parse ] --START--
INFO: [ template_filter ] --START--
INFO: Run Behavior\ContentReplaceBehavior [ RunTime:0.000082s ]
INFO: [ template_filter ] --END-- [ RunTime:-0.033909s ]
INFO: Run Behavior\ParseTemplateBehavior [ RunTime:0.005176s ]
INFO: [ view_parse ] --END-- [ RunTime:0.005370s ]
INFO: [ view_filter ] --START--
INFO: Run Behavior\WriteHtmlCacheBehavior [ RunTime:0.000582s ]
INFO: [ view_filter ] --END-- [ RunTime:0.000733s ]
INFO: Run Behavior\ParseTemplateBehavior [ RunTime:0.006310s ]
INFO: [ view_parse ] --END-- [ RunTime:0.005370s ]
INFO: [ view_filter ] --START--
INFO: Run Behavior\WriteHtmlCacheBehavior [ RunTime:0.000061s ]
INFO: [ view_filter ] --END-- [ RunTime:-0.000324s ]
INFO: [ app_end ] --START--
INFO: Run Behavior\ShowPageTraceBehavior [ RunTime:0.001164s ]
INFO: [ app_end ] --END-- [ RunTime:0.001284s ]

[ 2016-08-24T17:23:32+08:00 ] 127.0.0.1 /index.php/Home/Info/?type=1
INFO: [ app_init ] --START--
INFO: Run Behavior\BuildLiteBehavior [ RunTime:0.000027s ]
INFO: [ app_init ] --END-- [ RunTime:0.000565s ]
INFO: [ app_begin ] --START--
INFO: Run Behavior\ReadHtmlCacheBehavior [ RunTime:0.000712s ]
INFO: Run Home\Behaviors\NavBehavior [ RunTime:0.001276s ]
NOTIC: [8] Undefined index: userin C:\guyuan\guyuan\Home\API\UserAPI.class.php 第 73 行.
INFO: Run Home\Behaviors\UserBehavior [ RunTime:0.002283s ]
INFO: [ app_begin ] --END-- [ RunTime:0.004573s ]
SQL: SHOW COLUMNS FROM `5000_info` [ RunTime:0.0062s ]
SQL: SELECT COUNT(*) AS tp_count FROM `5000_info` WHERE ( info_type=1 ) LIMIT 1   [ RunTime:0.0005s ]
SQL: SELECT * FROM `5000_info` WHERE ( info_type=1 ) ORDER BY info_id desc LIMIT 0,5   [ RunTime:0.0005s ]
SQL: SHOW COLUMNS FROM `5000_info_meta` [ RunTime:0.0062s ]
SQL: SELECT * FROM `5000_info_meta` WHERE ( info_id in (59,58,57,56,55) )  [ RunTime:0.0005s ]
INFO: [ view_parse ] --START--
INFO: [ template_filter ] --START--
INFO: Run Behavior\ContentReplaceBehavior [ RunTime:0.000093s ]
INFO: [ template_filter ] --END-- [ RunTime:0.000249s ]
SQL: SHOW COLUMNS FROM `5000_navbar` [ RunTime:0.0070s ]
SQL: SELECT * FROM `5000_navbar` WHERE ( nav_isshow=1 ) ORDER BY nav_index  [ RunTime:0.0006s ]
NOTIC: [8] Undefined variable: global_user C:\guyuan\guyuan\Runtime\Cache\Home\dd91f665b84972ae5be7fe3e09d380b7.php 第 42 行.
SQL: SHOW COLUMNS FROM `5000_info_widget` [ RunTime:0.0059s ]
SQL: SELECT * FROM `5000_info_widget` WHERE ( wig_id=1 ) LIMIT 1   [ RunTime:0.0004s ]
SQL: SHOW COLUMNS FROM `5000_info` [ RunTime:0.0059s ]
SQL: SELECT * FROM `5000_info` WHERE ( info_type=1 ) ORDER BY info_id desc LIMIT 5   [ RunTime:0.0006s ]
INFO: [ view_parse ] --START--
INFO: [ template_filter ] --START--
INFO: Run Behavior\ContentReplaceBehavior [ RunTime:0.000083s ]
INFO: [ template_filter ] --END-- [ RunTime:-0.035189s ]
INFO: Run Behavior\ParseTemplateBehavior [ RunTime:0.005253s ]
INFO: [ view_parse ] --END-- [ RunTime:0.005393s ]
INFO: [ view_filter ] --START--
INFO: Run Behavior\WriteHtmlCacheBehavior [ RunTime:0.000456s ]
INFO: [ view_filter ] --END-- [ RunTime:0.000573s ]
INFO: Run Behavior\ParseTemplateBehavior [ RunTime:0.006106s ]
INFO: [ view_parse ] --END-- [ RunTime:0.005393s ]
INFO: [ view_filter ] --START--
INFO: Run Behavior\WriteHtmlCacheBehavior [ RunTime:0.000026s ]
INFO: [ view_filter ] --END-- [ RunTime:-0.000250s ]
INFO: [ app_end ] --START--
INFO: Run Behavior\ShowPageTraceBehavior [ RunTime:0.000792s ]
INFO: [ app_end ] --END-- [ RunTime:0.000911s ]

