[ 2016-08-30T10:12:25+08:00 ] 127.0.0.1 /
INFO: [ app_init ] --START--
INFO: Run Behavior\BuildLiteBehavior [ RunTime:0.000040s ]
INFO: [ app_init ] --END-- [ RunTime:0.003079s ]
INFO: [ app_begin ] --START--
INFO: Run Behavior\ReadHtmlCacheBehavior [ RunTime:0.001676s ]
INFO: Run Home\Behaviors\NavBehavior [ RunTime:0.003119s ]
NOTIC: [8] Undefined index: userin C:\guyuan\guyuan\Home\API\UserAPI.class.php 第 73 行.
INFO: Run Home\Behaviors\UserBehavior [ RunTime:0.003989s ]
INFO: [ app_begin ] --END-- [ RunTime:0.009175s ]
INFO: [ view_parse ] --START--
INFO: [ template_filter ] --START--
INFO: Run Behavior\ContentReplaceBehavior [ RunTime:0.000554s ]
INFO: [ template_filter ] --END-- [ RunTime:0.000696s ]
SQL: SHOW COLUMNS FROM `5000_navbar` [ RunTime:0.0092s ]
SQL: SELECT * FROM `5000_navbar` WHERE ( nav_isshow=1 ) ORDER BY nav_index  [ RunTime:0.0015s ]
NOTIC: [8] Undefined variable: global_user C:\guyuan\guyuan\Runtime\Cache\Home\4f764e6cb85686c14a44e2995f39ec3c.php 第 42 行.
INFO: Run Behavior\ParseTemplateBehavior [ RunTime:0.058060s ]
INFO: [ view_parse ] --END-- [ RunTime:0.058278s ]
INFO: [ view_filter ] --START--
INFO: Run Behavior\WriteHtmlCacheBehavior [ RunTime:0.001240s ]
INFO: [ view_filter ] --END-- [ RunTime:0.001370s ]
INFO: [ app_end ] --START--
INFO: Run Behavior\ShowPageTraceBehavior [ RunTime:0.001456s ]
INFO: [ app_end ] --END-- [ RunTime:0.001592s ]

[ 2016-08-30T10:12:28+08:00 ] 127.0.0.1 /index.php/Home/Info/?type=2
INFO: [ app_init ] --START--
INFO: Run Behavior\BuildLiteBehavior [ RunTime:0.000041s ]
INFO: [ app_init ] --END-- [ RunTime:0.000797s ]
INFO: [ app_begin ] --START--
INFO: Run Behavior\ReadHtmlCacheBehavior [ RunTime:0.000743s ]
INFO: Run Home\Behaviors\NavBehavior [ RunTime:0.000950s ]
NOTIC: [8] Undefined index: userin C:\guyuan\guyuan\Home\API\UserAPI.class.php 第 73 行.
INFO: Run Home\Behaviors\UserBehavior [ RunTime:0.002129s ]
INFO: [ app_begin ] --END-- [ RunTime:0.004094s ]
SQL: SHOW COLUMNS FROM `5000_info` [ RunTime:0.0071s ]
SQL: SELECT COUNT(*) AS tp_count FROM `5000_info` WHERE ( info_type=2 ) LIMIT 1   [ RunTime:0.0020s ]
SQL: SELECT * FROM `5000_info` WHERE ( info_type=2 ) ORDER BY info_id desc LIMIT 0,5   [ RunTime:0.0007s ]
SQL: SHOW COLUMNS FROM `5000_info_meta` [ RunTime:0.0061s ]
SQL: SELECT * FROM `5000_info_meta` WHERE ( info_id in (65,64,63,62,61) )  [ RunTime:0.0022s ]
INFO: [ view_parse ] --START--
INFO: [ template_filter ] --START--
INFO: Run Behavior\ContentReplaceBehavior [ RunTime:0.000135s ]
INFO: [ template_filter ] --END-- [ RunTime:0.000337s ]
SQL: SHOW COLUMNS FROM `5000_navbar` [ RunTime:0.0065s ]
SQL: SELECT * FROM `5000_navbar` WHERE ( nav_isshow=1 ) ORDER BY nav_index  [ RunTime:0.0006s ]
NOTIC: [8] Undefined variable: global_user C:\guyuan\guyuan\Runtime\Cache\Home\15a3d5e462efaaff0e2f792a24ec45f0.php 第 42 行.
SQL: SHOW COLUMNS FROM `5000_info_widget` [ RunTime:0.0068s ]
SQL: SELECT * FROM `5000_info_widget` WHERE ( wig_id=2 ) LIMIT 1   [ RunTime:0.0020s ]
SQL: SHOW COLUMNS FROM `5000_info` [ RunTime:0.0071s ]
SQL: SELECT * FROM `5000_info` WHERE ( info_type=2 ) ORDER BY info_id desc LIMIT 5   [ RunTime:0.0005s ]
INFO: [ view_parse ] --START--
INFO: [ template_filter ] --START--
INFO: Run Behavior\ContentReplaceBehavior [ RunTime:0.000073s ]
INFO: [ template_filter ] --END-- [ RunTime:-0.044483s ]
INFO: Run Behavior\ParseTemplateBehavior [ RunTime:0.006277s ]
INFO: [ view_parse ] --END-- [ RunTime:0.006465s ]
INFO: [ view_filter ] --START--
INFO: Run Behavior\WriteHtmlCacheBehavior [ RunTime:0.001429s ]
INFO: [ view_filter ] --END-- [ RunTime:0.001583s ]
INFO: Run Behavior\ParseTemplateBehavior [ RunTime:0.008179s ]
INFO: [ view_parse ] --END-- [ RunTime:0.006465s ]
INFO: [ view_filter ] --START--
INFO: Run Behavior\WriteHtmlCacheBehavior [ RunTime:0.000028s ]
INFO: [ view_filter ] --END-- [ RunTime:-0.000312s ]
INFO: [ app_end ] --START--
INFO: Run Behavior\ShowPageTraceBehavior [ RunTime:0.001308s ]
INFO: [ app_end ] --END-- [ RunTime:0.001429s ]

[ 2016-08-30T10:12:31+08:00 ] 127.0.0.1 /index.php/Home/Info/?type=2
INFO: [ app_init ] --START--
INFO: Run Behavior\BuildLiteBehavior [ RunTime:0.000039s ]
INFO: [ app_init ] --END-- [ RunTime:0.000849s ]
INFO: [ app_begin ] --START--
INFO: Run Behavior\ReadHtmlCacheBehavior [ RunTime:0.001053s ]
INFO: Run Home\Behaviors\NavBehavior [ RunTime:0.001853s ]
NOTIC: [8] Undefined index: userin C:\guyuan\guyuan\Home\API\UserAPI.class.php 第 73 行.
INFO: Run Home\Behaviors\UserBehavior [ RunTime:0.005365s ]
INFO: [ app_begin ] --END-- [ RunTime:0.008603s ]
SQL: SHOW COLUMNS FROM `5000_info` [ RunTime:0.0085s ]
SQL: SELECT COUNT(*) AS tp_count FROM `5000_info` WHERE ( info_type=2 ) LIMIT 1   [ RunTime:0.0006s ]
SQL: SELECT * FROM `5000_info` WHERE ( info_type=2 ) ORDER BY info_id desc LIMIT 0,5   [ RunTime:0.0006s ]
SQL: SHOW COLUMNS FROM `5000_info_meta` [ RunTime:0.0065s ]
SQL: SELECT * FROM `5000_info_meta` WHERE ( info_id in (65,64,63,62,61) )  [ RunTime:0.0010s ]
INFO: [ view_parse ] --START--
INFO: [ template_filter ] --START--
INFO: Run Behavior\ContentReplaceBehavior [ RunTime:0.000148s ]
INFO: [ template_filter ] --END-- [ RunTime:0.000370s ]
SQL: SHOW COLUMNS FROM `5000_navbar` [ RunTime:0.0068s ]
SQL: SELECT * FROM `5000_navbar` WHERE ( nav_isshow=1 ) ORDER BY nav_index  [ RunTime:0.0005s ]
NOTIC: [8] Undefined variable: global_user C:\guyuan\guyuan\Runtime\Cache\Home\15a3d5e462efaaff0e2f792a24ec45f0.php 第 42 行.
SQL: SHOW COLUMNS FROM `5000_info_widget` [ RunTime:0.0067s ]
SQL: SELECT * FROM `5000_info_widget` WHERE ( wig_id=2 ) LIMIT 1   [ RunTime:0.0005s ]
INFO: [ view_parse ] --START--
INFO: [ template_filter ] --START--
INFO: Run Behavior\ContentReplaceBehavior [ RunTime:0.000074s ]
INFO: [ template_filter ] --END-- [ RunTime:-0.032606s ]
INFO: Run Behavior\ParseTemplateBehavior [ RunTime:0.006286s ]
INFO: [ view_parse ] --END-- [ RunTime:0.006461s ]
INFO: [ view_filter ] --START--
INFO: Run Behavior\WriteHtmlCacheBehavior [ RunTime:0.000481s ]
INFO: [ view_filter ] --END-- [ RunTime:0.000614s ]
INFO: Run Behavior\ParseTemplateBehavior [ RunTime:0.007248s ]
INFO: [ view_parse ] --END-- [ RunTime:0.006461s ]
INFO: [ view_filter ] --START--
INFO: Run Behavior\WriteHtmlCacheBehavior [ RunTime:0.000045s ]
INFO: [ view_filter ] --END-- [ RunTime:-0.000388s ]
INFO: [ app_end ] --START--
INFO: Run Behavior\ShowPageTraceBehavior [ RunTime:0.001288s ]
INFO: [ app_end ] --END-- [ RunTime:0.001492s ]

[ 2016-08-30T10:12:52+08:00 ] 127.0.0.1 /index.php/Home/Info/pid/65
INFO: [ app_init ] --START--
INFO: Run Behavior\BuildLiteBehavior [ RunTime:0.000029s ]
INFO: [ app_init ] --END-- [ RunTime:0.000579s ]
INFO: [ app_begin ] --START--
INFO: Run Behavior\ReadHtmlCacheBehavior [ RunTime:0.000815s ]
INFO: Run Home\Behaviors\NavBehavior [ RunTime:0.001116s ]
NOTIC: [8] Undefined index: userin C:\guyuan\guyuan\Home\API\UserAPI.class.php 第 73 行.
INFO: Run Home\Behaviors\UserBehavior [ RunTime:0.002809s ]
INFO: [ app_begin ] --END-- [ RunTime:0.005048s ]
ERR: 非法操作:pid

[ 2016-08-30T10:13:03+08:00 ] 127.0.0.1 /index.php/Home/Info/detail/?type=2
INFO: [ app_init ] --START--
INFO: Run Behavior\BuildLiteBehavior [ RunTime:0.000030s ]
INFO: [ app_init ] --END-- [ RunTime:0.000591s ]
INFO: [ app_begin ] --START--
INFO: Run Behavior\ReadHtmlCacheBehavior [ RunTime:0.000770s ]
INFO: Run Home\Behaviors\NavBehavior [ RunTime:0.000973s ]
NOTIC: [8] Undefined index: userin C:\guyuan\guyuan\Home\API\UserAPI.class.php 第 73 行.
INFO: Run Home\Behaviors\UserBehavior [ RunTime:0.002229s ]
INFO: [ app_begin ] --END-- [ RunTime:0.004258s ]

[ 2016-08-30T10:13:08+08:00 ] 127.0.0.1 /index.php/Home/Info/detail/?type=65
INFO: [ app_init ] --START--
INFO: Run Behavior\BuildLiteBehavior [ RunTime:0.000029s ]
INFO: [ app_init ] --END-- [ RunTime:0.000564s ]
INFO: [ app_begin ] --START--
INFO: Run Behavior\ReadHtmlCacheBehavior [ RunTime:0.000743s ]
INFO: Run Home\Behaviors\NavBehavior [ RunTime:0.000957s ]
NOTIC: [8] Undefined index: userin C:\guyuan\guyuan\Home\API\UserAPI.class.php 第 73 行.
INFO: Run Home\Behaviors\UserBehavior [ RunTime:0.003450s ]
INFO: [ app_begin ] --END-- [ RunTime:0.005435s ]

[ 2016-08-30T10:13:14+08:00 ] 127.0.0.1 /index.php/Home/Info/detail/?type=65
INFO: [ app_init ] --START--
INFO: Run Behavior\BuildLiteBehavior [ RunTime:0.000029s ]
INFO: [ app_init ] --END-- [ RunTime:0.000614s ]
INFO: [ app_begin ] --START--
INFO: Run Behavior\ReadHtmlCacheBehavior [ RunTime:0.000769s ]
INFO: Run Home\Behaviors\NavBehavior [ RunTime:0.000970s ]
NOTIC: [8] Undefined index: userin C:\guyuan\guyuan\Home\API\UserAPI.class.php 第 73 行.
INFO: Run Home\Behaviors\UserBehavior [ RunTime:0.002209s ]
INFO: [ app_begin ] --END-- [ RunTime:0.004234s ]

[ 2016-08-30T10:14:51+08:00 ] 127.0.0.1 /index.php/Home/Info/detail/?type=2
INFO: [ app_init ] --START--
INFO: Run Behavior\BuildLiteBehavior [ RunTime:0.000049s ]
INFO: [ app_init ] --END-- [ RunTime:0.003924s ]
INFO: [ app_begin ] --START--
INFO: Run Behavior\ReadHtmlCacheBehavior [ RunTime:0.002382s ]
INFO: Run Home\Behaviors\NavBehavior [ RunTime:0.003202s ]
NOTIC: [8] Undefined index: userin C:\guyuan\guyuan\Home\API\UserAPI.class.php 第 73 行.
INFO: Run Home\Behaviors\UserBehavior [ RunTime:0.016143s ]
INFO: [ app_begin ] --END-- [ RunTime:0.022111s ]

[ 2016-08-30T10:19:59+08:00 ] 127.0.0.1 /index.php/Home/Info/detail
INFO: [ app_init ] --START--
INFO: Run Behavior\BuildLiteBehavior [ RunTime:0.000061s ]
INFO: [ app_init ] --END-- [ RunTime:0.001750s ]
INFO: [ app_begin ] --START--
INFO: Run Behavior\ReadHtmlCacheBehavior [ RunTime:0.001992s ]
INFO: Run Home\Behaviors\NavBehavior [ RunTime:0.004395s ]
NOTIC: [8] Undefined index: userin C:\guyuan\guyuan\Home\API\UserAPI.class.php 第 73 行.
INFO: Run Home\Behaviors\UserBehavior [ RunTime:0.006107s ]
INFO: [ app_begin ] --END-- [ RunTime:0.012935s ]

[ 2016-08-30T10:20:19+08:00 ] 127.0.0.1 /index.php/Home/Info/detail
INFO: [ app_init ] --START--
INFO: Run Behavior\BuildLiteBehavior [ RunTime:0.000028s ]
INFO: [ app_init ] --END-- [ RunTime:0.000582s ]
INFO: [ app_begin ] --START--
INFO: Run Behavior\ReadHtmlCacheBehavior [ RunTime:0.000750s ]
INFO: Run Home\Behaviors\NavBehavior [ RunTime:0.001049s ]
NOTIC: [8] Undefined index: userin C:\guyuan\guyuan\Home\API\UserAPI.class.php 第 73 行.
INFO: Run Home\Behaviors\UserBehavior [ RunTime:0.003745s ]
INFO: [ app_begin ] --END-- [ RunTime:0.005831s ]

[ 2016-08-30T10:22:38+08:00 ] 127.0.0.1 /index.php/Home/Info/detail
INFO: [ app_init ] --START--
INFO: Run Behavior\BuildLiteBehavior [ RunTime:0.000028s ]
INFO: [ app_init ] --END-- [ RunTime:0.001367s ]
INFO: [ app_begin ] --START--
INFO: Run Behavior\ReadHtmlCacheBehavior [ RunTime:0.001764s ]
INFO: Run Home\Behaviors\NavBehavior [ RunTime:0.002854s ]
NOTIC: [8] Undefined index: userin C:\guyuan\guyuan\Home\API\UserAPI.class.php 第 73 行.
INFO: Run Home\Behaviors\UserBehavior [ RunTime:0.004910s ]
INFO: [ app_begin ] --END-- [ RunTime:0.009854s ]

[ 2016-08-30T10:24:07+08:00 ] 127.0.0.1 /index.php/Home/Info/detail
INFO: [ app_init ] --START--
INFO: Run Behavior\BuildLiteBehavior [ RunTime:0.000053s ]
INFO: [ app_init ] --END-- [ RunTime:0.000947s ]
INFO: [ app_begin ] --START--
INFO: Run Behavior\ReadHtmlCacheBehavior [ RunTime:0.000806s ]
INFO: Run Home\Behaviors\NavBehavior [ RunTime:0.000952s ]
NOTIC: [8] Undefined index: userin C:\guyuan\guyuan\Home\API\UserAPI.class.php 第 73 行.
INFO: Run Home\Behaviors\UserBehavior [ RunTime:0.002443s ]
INFO: [ app_begin ] --END-- [ RunTime:0.004509s ]

[ 2016-08-30T10:27:56+08:00 ] 127.0.0.1 /index.php/Home/Info/detail
INFO: [ app_init ] --START--
INFO: Run Behavior\BuildLiteBehavior [ RunTime:0.000030s ]
INFO: [ app_init ] --END-- [ RunTime:0.000890s ]
INFO: [ app_begin ] --START--
INFO: Run Behavior\ReadHtmlCacheBehavior [ RunTime:0.001160s ]
INFO: Run Home\Behaviors\NavBehavior [ RunTime:0.001862s ]
NOTIC: [8] Undefined index: userin C:\guyuan\guyuan\Home\API\UserAPI.class.php 第 73 行.
INFO: Run Home\Behaviors\UserBehavior [ RunTime:0.003078s ]
INFO: [ app_begin ] --END-- [ RunTime:0.006385s ]

[ 2016-08-30T10:28:47+08:00 ] 127.0.0.1 /index.php/Home/Info/detail
INFO: [ app_init ] --START--
INFO: Run Behavior\BuildLiteBehavior [ RunTime:0.000027s ]
INFO: [ app_init ] --END-- [ RunTime:0.000630s ]
INFO: [ app_begin ] --START--
INFO: Run Behavior\ReadHtmlCacheBehavior [ RunTime:0.000843s ]
INFO: Run Home\Behaviors\NavBehavior [ RunTime:0.001624s ]
NOTIC: [8] Undefined index: userin C:\guyuan\guyuan\Home\API\UserAPI.class.php 第 73 行.
INFO: Run Home\Behaviors\UserBehavior [ RunTime:0.002783s ]
INFO: [ app_begin ] --END-- [ RunTime:0.005616s ]

[ 2016-08-30T10:29:38+08:00 ] 127.0.0.1 /index.php/Home/Info/detail
INFO: [ app_init ] --START--
INFO: Run Behavior\BuildLiteBehavior [ RunTime:0.000029s ]
INFO: [ app_init ] --END-- [ RunTime:0.000592s ]
INFO: [ app_begin ] --START--
INFO: Run Behavior\ReadHtmlCacheBehavior [ RunTime:0.001960s ]
INFO: Run Home\Behaviors\NavBehavior [ RunTime:0.003477s ]
NOTIC: [8] Undefined index: userin C:\guyuan\guyuan\Home\API\UserAPI.class.php 第 73 行.
INFO: Run Home\Behaviors\UserBehavior [ RunTime:0.002263s ]
INFO: [ app_begin ] --END-- [ RunTime:0.008132s ]

[ 2016-08-30T10:42:07+08:00 ] 127.0.0.1 /index.php/Home/Info/detail
INFO: [ app_init ] --START--
INFO: Run Behavior\BuildLiteBehavior [ RunTime:0.000046s ]
INFO: [ app_init ] --END-- [ RunTime:0.001125s ]
INFO: [ app_begin ] --START--
INFO: Run Behavior\ReadHtmlCacheBehavior [ RunTime:0.001109s ]
INFO: Run Home\Behaviors\NavBehavior [ RunTime:0.002365s ]
NOTIC: [8] Undefined index: userin C:\guyuan\guyuan\Home\API\UserAPI.class.php 第 73 行.
INFO: Run Home\Behaviors\UserBehavior [ RunTime:0.003889s ]
INFO: [ app_begin ] --END-- [ RunTime:0.007688s ]

[ 2016-08-30T10:45:08+08:00 ] 127.0.0.1 /index.php/Home/Info/detail
INFO: [ app_init ] --START--
INFO: Run Behavior\BuildLiteBehavior [ RunTime:0.000038s ]
INFO: [ app_init ] --END-- [ RunTime:0.000929s ]
INFO: [ app_begin ] --START--
INFO: Run Behavior\ReadHtmlCacheBehavior [ RunTime:0.001435s ]
INFO: Run Home\Behaviors\NavBehavior [ RunTime:0.003426s ]
NOTIC: [8] Undefined index: userin C:\guyuan\guyuan\Home\API\UserAPI.class.php 第 73 行.
INFO: Run Home\Behaviors\UserBehavior [ RunTime:0.003375s ]
INFO: [ app_begin ] --END-- [ RunTime:0.008584s ]

[ 2016-08-30T10:45:24+08:00 ] 127.0.0.1 /index.php/Home/Info/detail
INFO: [ app_init ] --START--
INFO: Run Behavior\BuildLiteBehavior [ RunTime:0.000028s ]
INFO: [ app_init ] --END-- [ RunTime:0.000566s ]
INFO: [ app_begin ] --START--
INFO: Run Behavior\ReadHtmlCacheBehavior [ RunTime:0.000892s ]
INFO: Run Home\Behaviors\NavBehavior [ RunTime:0.001052s ]
NOTIC: [8] Undefined index: userin C:\guyuan\guyuan\Home\API\UserAPI.class.php 第 73 行.
INFO: Run Home\Behaviors\UserBehavior [ RunTime:0.002164s ]
INFO: [ app_begin ] --END-- [ RunTime:0.004396s ]

[ 2016-08-30T10:45:24+08:00 ] 127.0.0.1 /index.php/Home/Info/detail
INFO: [ app_init ] --START--
INFO: Run Behavior\BuildLiteBehavior [ RunTime:0.000056s ]
INFO: [ app_init ] --END-- [ RunTime:0.001095s ]
INFO: [ app_begin ] --START--
INFO: Run Behavior\ReadHtmlCacheBehavior [ RunTime:0.000896s ]
INFO: Run Home\Behaviors\NavBehavior [ RunTime:0.001230s ]
NOTIC: [8] Undefined index: userin C:\guyuan\guyuan\Home\API\UserAPI.class.php 第 73 行.
INFO: Run Home\Behaviors\UserBehavior [ RunTime:0.003974s ]
INFO: [ app_begin ] --END-- [ RunTime:0.006431s ]

[ 2016-08-30T10:45:26+08:00 ] 127.0.0.1 /index.php/Home/Info/detail
INFO: [ app_init ] --START--
INFO: Run Behavior\BuildLiteBehavior [ RunTime:0.000030s ]
INFO: [ app_init ] --END-- [ RunTime:0.000676s ]
INFO: [ app_begin ] --START--
INFO: Run Behavior\ReadHtmlCacheBehavior [ RunTime:0.000772s ]
INFO: Run Home\Behaviors\NavBehavior [ RunTime:0.000977s ]
NOTIC: [8] Undefined index: userin C:\guyuan\guyuan\Home\API\UserAPI.class.php 第 73 行.
INFO: Run Home\Behaviors\UserBehavior [ RunTime:0.002743s ]
INFO: [ app_begin ] --END-- [ RunTime:0.004791s ]

[ 2016-08-30T10:50:36+08:00 ] 127.0.0.1 /index.php/Home/Info/detail/65
INFO: [ app_init ] --START--
INFO: Run Behavior\BuildLiteBehavior [ RunTime:0.000037s ]
INFO: [ app_init ] --END-- [ RunTime:0.000959s ]
INFO: [ app_begin ] --START--
INFO: Run Behavior\ReadHtmlCacheBehavior [ RunTime:0.001110s ]
INFO: Run Home\Behaviors\NavBehavior [ RunTime:0.001767s ]
NOTIC: [8] Undefined index: userin C:\guyuan\guyuan\Home\API\UserAPI.class.php 第 73 行.
INFO: Run Home\Behaviors\UserBehavior [ RunTime:0.004052s ]
INFO: [ app_begin ] --END-- [ RunTime:0.007214s ]

[ 2016-08-30T10:51:09+08:00 ] 127.0.0.1 /index.php/Home/Info/detail/pid/65
INFO: [ app_init ] --START--
INFO: Run Behavior\BuildLiteBehavior [ RunTime:0.000029s ]
INFO: [ app_init ] --END-- [ RunTime:0.000594s ]
INFO: [ app_begin ] --START--
INFO: Run Behavior\ReadHtmlCacheBehavior [ RunTime:0.001225s ]
INFO: Run Home\Behaviors\NavBehavior [ RunTime:0.000956s ]
NOTIC: [8] Undefined index: userin C:\guyuan\guyuan\Home\API\UserAPI.class.php 第 73 行.
INFO: Run Home\Behaviors\UserBehavior [ RunTime:0.002211s ]
INFO: [ app_begin ] --END-- [ RunTime:0.004674s ]
SQL: SHOW COLUMNS FROM `5000_info` [ RunTime:0.0092s ]
SQL: SELECT COUNT(*) AS tp_count FROM `5000_info` WHERE ( info_type=2 and  info_id=65 ) LIMIT 1   [ RunTime:0.0006s ]
SQL: SELECT * FROM `5000_info` WHERE ( info_type=2 and  info_id=65 ) ORDER BY info_id desc LIMIT 0,5   [ RunTime:0.0006s ]
SQL: SHOW COLUMNS FROM `5000_info_meta` [ RunTime:0.0083s ]
SQL: SELECT * FROM `5000_info_meta` WHERE ( info_id in (65) )  [ RunTime:0.0006s ]
INFO: [ view_parse ] --START--
INFO: [ template_filter ] --START--
INFO: Run Behavior\ContentReplaceBehavior [ RunTime:0.000115s ]
INFO: [ template_filter ] --END-- [ RunTime:0.000242s ]
SQL: SHOW COLUMNS FROM `5000_navbar` [ RunTime:0.0077s ]
SQL: SELECT * FROM `5000_navbar` WHERE ( nav_isshow=1 ) ORDER BY nav_index  [ RunTime:0.0005s ]
NOTIC: [8] Undefined variable: global_user C:\guyuan\guyuan\Runtime\Cache\Home\91c7f06e6b5e82d67e7fbee9e6c78672.php 第 42 行.
SQL: SHOW COLUMNS FROM `5000_info_widget` [ RunTime:0.0074s ]
SQL: SELECT * FROM `5000_info_widget` WHERE ( wig_id=2 ) LIMIT 1   [ RunTime:0.0004s ]
SQL: SHOW COLUMNS FROM `5000_info` [ RunTime:0.0067s ]
SQL: SELECT * FROM `5000_info` WHERE ( info_type=2 ) ORDER BY info_id desc LIMIT 5   [ RunTime:0.0005s ]
INFO: [ view_parse ] --START--
INFO: [ template_filter ] --START--
INFO: Run Behavior\ContentReplaceBehavior [ RunTime:0.000070s ]
INFO: [ template_filter ] --END-- [ RunTime:-0.043229s ]
INFO: Run Behavior\ParseTemplateBehavior [ RunTime:0.005404s ]
INFO: [ view_parse ] --END-- [ RunTime:0.005543s ]
INFO: [ view_filter ] --START--
INFO: Run Behavior\WriteHtmlCacheBehavior [ RunTime:0.001546s ]
INFO: [ view_filter ] --END-- [ RunTime:0.001661s ]
INFO: Run Behavior\ParseTemplateBehavior [ RunTime:0.007343s ]
INFO: [ view_parse ] --END-- [ RunTime:0.005543s ]
INFO: [ view_filter ] --START--
INFO: Run Behavior\WriteHtmlCacheBehavior [ RunTime:0.000026s ]
INFO: [ view_filter ] --END-- [ RunTime:-0.000252s ]
INFO: [ app_end ] --START--
INFO: Run Behavior\ShowPageTraceBehavior [ RunTime:0.001271s ]
INFO: [ app_end ] --END-- [ RunTime:0.001379s ]

