[ 2016-08-04T10:03:25+08:00 ] 127.0.0.1 /index.php/Home/Info/detail/pid/65
INFO: [ app_init ] --START--
INFO: Run Behavior\BuildLiteBehavior [ RunTime:0.000032s ]
INFO: [ app_init ] --END-- [ RunTime:0.000486s ]
INFO: [ app_begin ] --START--
INFO: Run Behavior\ReadHtmlCacheBehavior [ RunTime:0.000504s ]
INFO: Run Home\Behaviors\NavBehavior [ RunTime:0.000516s ]
NOTIC: [8] Undefined index: userin D:\thinkphp_3.2.3_full\guyuan\Home\API\UserAPI.class.php 第 73 行.
INFO: Run Home\Behaviors\UserBehavior [ RunTime:0.001259s ]
INFO: [ app_begin ] --END-- [ RunTime:0.002513s ]
SQL: SHOW COLUMNS FROM `5000_info` [ RunTime:0.0026s ]
SQL: SELECT COUNT(*) AS tp_count FROM `5000_info` WHERE ( info_type=2 and  info_id=65 ) LIMIT 1   [ RunTime:0.0003s ]
SQL: SELECT * FROM `5000_info` WHERE ( info_type=2 and  info_id=65 ) ORDER BY info_id desc LIMIT 0,5   [ RunTime:0.0002s ]
SQL: SHOW COLUMNS FROM `5000_info_meta` [ RunTime:0.0023s ]
SQL: SELECT * FROM `5000_info_meta` WHERE ( info_id in (65) )  [ RunTime:0.0003s ]
INFO: [ view_parse ] --START--
INFO: [ template_filter ] --START--
INFO: Run Behavior\ContentReplaceBehavior [ RunTime:0.000087s ]
INFO: [ template_filter ] --END-- [ RunTime:0.000190s ]
SQL: SHOW COLUMNS FROM `5000_navbar` [ RunTime:0.0028s ]
SQL: SELECT * FROM `5000_navbar` WHERE ( nav_isshow=1 ) ORDER BY nav_index  [ RunTime:0.0004s ]
NOTIC: [8] Undefined variable: global_user D:\thinkphp_3.2.3_full\guyuan\Runtime\Cache\Home\91c7f06e6b5e82d67e7fbee9e6c78672.php 第 42 行.
SQL: SHOW COLUMNS FROM `5000_info_widget` [ RunTime:0.0024s ]
SQL: SELECT * FROM `5000_info_widget` WHERE ( wig_id=2 ) LIMIT 1   [ RunTime:0.0002s ]
SQL: SHOW COLUMNS FROM `5000_info` [ RunTime:0.0023s ]
SQL: SELECT * FROM `5000_info` WHERE ( info_type=2 ) ORDER BY info_id desc LIMIT 5   [ RunTime:0.0003s ]
INFO: [ view_parse ] --START--
INFO: [ template_filter ] --START--
INFO: Run Behavior\ContentReplaceBehavior [ RunTime:0.000055s ]
INFO: [ template_filter ] --END-- [ RunTime:-0.044726s ]
INFO: Run Behavior\ParseTemplateBehavior [ RunTime:0.002852s ]
INFO: [ view_parse ] --END-- [ RunTime:0.002951s ]
INFO: [ view_filter ] --START--
INFO: Run Behavior\WriteHtmlCacheBehavior [ RunTime:0.000378s ]
INFO: [ view_filter ] --END-- [ RunTime:0.000464s ]
INFO: Run Behavior\ParseTemplateBehavior [ RunTime:0.003524s ]
INFO: [ view_parse ] --END-- [ RunTime:0.002951s ]
INFO: [ view_filter ] --START--
INFO: Run Behavior\WriteHtmlCacheBehavior [ RunTime:0.000021s ]
INFO: [ view_filter ] --END-- [ RunTime:-0.000194s ]
INFO: [ app_end ] --START--
INFO: Run Behavior\ShowPageTraceBehavior [ RunTime:0.000478s ]
INFO: [ app_end ] --END-- [ RunTime:0.000560s ]

[ 2016-08-04T10:14:28+08:00 ] 127.0.0.1 /index.php/Home/Info/detail/pid/65
INFO: [ app_init ] --START--
INFO: Run Behavior\BuildLiteBehavior [ RunTime:0.000023s ]
INFO: [ app_init ] --END-- [ RunTime:0.000407s ]
INFO: [ app_begin ] --START--
INFO: Run Behavior\ReadHtmlCacheBehavior [ RunTime:0.000777s ]
INFO: Run Home\Behaviors\NavBehavior [ RunTime:0.000836s ]
NOTIC: [8] Undefined index: userin D:\thinkphp_3.2.3_full\guyuan\Home\API\UserAPI.class.php 第 73 行.
INFO: Run Home\Behaviors\UserBehavior [ RunTime:0.003035s ]
INFO: [ app_begin ] --END-- [ RunTime:0.004998s ]
SQL: SHOW COLUMNS FROM `5000_info` [ RunTime:0.0052s ]
SQL: SELECT COUNT(*) AS tp_count FROM `5000_info` WHERE ( info_type=2 and  info_id=65 ) LIMIT 1   [ RunTime:0.0006s ]
SQL: SELECT * FROM `5000_info` WHERE ( info_type=2 and  info_id=65 ) ORDER BY info_id desc LIMIT 0,5   [ RunTime:0.0005s ]
SQL: SHOW COLUMNS FROM `5000_info_meta` [ RunTime:0.0045s ]
SQL: SELECT * FROM `5000_info_meta` WHERE ( info_id in (65) )  [ RunTime:0.0004s ]
INFO: [ view_parse ] --START--
INFO: [ template_filter ] --START--
INFO: Run Behavior\ContentReplaceBehavior [ RunTime:0.000179s ]
INFO: [ template_filter ] --END-- [ RunTime:0.000387s ]
SQL: SHOW COLUMNS FROM `5000_navbar` [ RunTime:0.0045s ]
SQL: SELECT * FROM `5000_navbar` WHERE ( nav_isshow=1 ) ORDER BY nav_index  [ RunTime:0.0005s ]
NOTIC: [8] Undefined variable: global_user D:\thinkphp_3.2.3_full\guyuan\Runtime\Cache\Home\91c7f06e6b5e82d67e7fbee9e6c78672.php 第 42 行.
SQL: SHOW COLUMNS FROM `5000_info_widget` [ RunTime:0.0040s ]
SQL: SELECT * FROM `5000_info_widget` WHERE ( wig_id=2 ) LIMIT 1   [ RunTime:0.0003s ]
SQL: SHOW COLUMNS FROM `5000_info` [ RunTime:0.0028s ]
SQL: SELECT * FROM `5000_info` WHERE ( info_type=2 ) ORDER BY info_id desc LIMIT 5   [ RunTime:0.0003s ]
INFO: [ view_parse ] --START--
INFO: [ template_filter ] --START--
INFO: Run Behavior\ContentReplaceBehavior [ RunTime:0.000069s ]
INFO: [ template_filter ] --END-- [ RunTime:-0.039101s ]
INFO: Run Behavior\ParseTemplateBehavior [ RunTime:0.003729s ]
INFO: [ view_parse ] --END-- [ RunTime:0.003862s ]
INFO: [ view_filter ] --START--
INFO: Run Behavior\WriteHtmlCacheBehavior [ RunTime:0.000478s ]
INFO: [ view_filter ] --END-- [ RunTime:0.000589s ]
INFO: Run Behavior\ParseTemplateBehavior [ RunTime:0.004584s ]
INFO: [ view_parse ] --END-- [ RunTime:0.003862s ]
INFO: [ view_filter ] --START--
INFO: Run Behavior\WriteHtmlCacheBehavior [ RunTime:0.000027s ]
INFO: [ view_filter ] --END-- [ RunTime:-0.000248s ]
INFO: [ app_end ] --START--
INFO: Run Behavior\ShowPageTraceBehavior [ RunTime:0.000614s ]
INFO: [ app_end ] --END-- [ RunTime:0.000721s ]

[ 2016-08-04T10:15:21+08:00 ] 127.0.0.1 /index.php/Home/Info/detail/pid/65
INFO: [ app_init ] --START--
INFO: Run Behavior\BuildLiteBehavior [ RunTime:0.000022s ]
INFO: [ app_init ] --END-- [ RunTime:0.000369s ]
INFO: [ app_begin ] --START--
INFO: Run Behavior\ReadHtmlCacheBehavior [ RunTime:0.000472s ]
INFO: Run Home\Behaviors\NavBehavior [ RunTime:0.000603s ]
NOTIC: [8] Undefined index: userin D:\thinkphp_3.2.3_full\guyuan\Home\API\UserAPI.class.php 第 73 行.
INFO: Run Home\Behaviors\UserBehavior [ RunTime:0.001236s ]
INFO: [ app_begin ] --END-- [ RunTime:0.002529s ]
SQL: SHOW COLUMNS FROM `5000_info` [ RunTime:0.0023s ]
SQL: SELECT COUNT(*) AS tp_count FROM `5000_info` WHERE ( info_type=2 and  info_id=65 ) LIMIT 1   [ RunTime:0.0003s ]
SQL: SELECT * FROM `5000_info` WHERE ( info_type=2 and  info_id=65 ) ORDER BY info_id desc LIMIT 0,5   [ RunTime:0.0002s ]
SQL: SHOW COLUMNS FROM `5000_info_meta` [ RunTime:0.0021s ]
SQL: SELECT * FROM `5000_info_meta` WHERE ( info_id in (65) )  [ RunTime:0.0002s ]
INFO: [ view_parse ] --START--
INFO: [ template_filter ] --START--
INFO: Run Behavior\ContentReplaceBehavior [ RunTime:0.000093s ]
INFO: [ template_filter ] --END-- [ RunTime:0.000197s ]
SQL: SHOW COLUMNS FROM `5000_navbar` [ RunTime:0.0022s ]
SQL: SELECT * FROM `5000_navbar` WHERE ( nav_isshow=1 ) ORDER BY nav_index  [ RunTime:0.0003s ]
NOTIC: [8] Undefined variable: global_user D:\thinkphp_3.2.3_full\guyuan\Runtime\Cache\Home\91c7f06e6b5e82d67e7fbee9e6c78672.php 第 42 行.
SQL: SHOW COLUMNS FROM `5000_info_widget` [ RunTime:0.0020s ]
SQL: SELECT * FROM `5000_info_widget` WHERE ( wig_id=2 ) LIMIT 1   [ RunTime:0.0002s ]
INFO: [ view_parse ] --START--
INFO: [ template_filter ] --START--
INFO: Run Behavior\ContentReplaceBehavior [ RunTime:0.000053s ]
INFO: [ template_filter ] --END-- [ RunTime:-0.012402s ]
INFO: Run Behavior\ParseTemplateBehavior [ RunTime:0.002739s ]
INFO: [ view_parse ] --END-- [ RunTime:0.002834s ]
INFO: [ view_filter ] --START--
INFO: Run Behavior\WriteHtmlCacheBehavior [ RunTime:0.000262s ]
INFO: [ view_filter ] --END-- [ RunTime:0.000344s ]
INFO: Run Behavior\ParseTemplateBehavior [ RunTime:0.003284s ]
INFO: [ view_parse ] --END-- [ RunTime:0.002834s ]
INFO: [ view_filter ] --START--
INFO: Run Behavior\WriteHtmlCacheBehavior [ RunTime:0.000020s ]
INFO: [ view_filter ] --END-- [ RunTime:-0.000189s ]
INFO: [ app_end ] --START--
INFO: Run Behavior\ShowPageTraceBehavior [ RunTime:0.000462s ]
INFO: [ app_end ] --END-- [ RunTime:0.000543s ]

[ 2016-08-04T10:18:51+08:00 ] 127.0.0.1 /index.php/Home/Info/detail/pid/65
INFO: [ app_init ] --START--
INFO: Run Behavior\BuildLiteBehavior [ RunTime:0.000029s ]
INFO: [ app_init ] --END-- [ RunTime:0.000564s ]
INFO: [ app_begin ] --START--
INFO: Run Behavior\ReadHtmlCacheBehavior [ RunTime:0.000825s ]
INFO: Run Home\Behaviors\NavBehavior [ RunTime:0.001126s ]
NOTIC: [8] Undefined index: userin D:\thinkphp_3.2.3_full\guyuan\Home\API\UserAPI.class.php 第 73 行.
INFO: Run Home\Behaviors\UserBehavior [ RunTime:0.001583s ]
INFO: [ app_begin ] --END-- [ RunTime:0.003841s ]
SQL: SHOW COLUMNS FROM `5000_info` [ RunTime:0.0023s ]
SQL: SELECT COUNT(*) AS tp_count FROM `5000_info` WHERE ( info_type=2 and  info_id=65 ) LIMIT 1   [ RunTime:0.0003s ]
SQL: SELECT * FROM `5000_info` WHERE ( info_type=2 and  info_id=65 ) ORDER BY info_id desc LIMIT 0,5   [ RunTime:0.0003s ]
SQL: SHOW COLUMNS FROM `5000_info_meta` [ RunTime:0.0021s ]
SQL: SELECT * FROM `5000_info_meta` WHERE ( info_id in (65) )  [ RunTime:0.0003s ]
INFO: [ view_parse ] --START--
INFO: [ template_filter ] --START--
INFO: Run Behavior\ContentReplaceBehavior [ RunTime:0.000090s ]
INFO: [ template_filter ] --END-- [ RunTime:0.000205s ]
SQL: SHOW COLUMNS FROM `5000_navbar` [ RunTime:0.0022s ]
SQL: SELECT * FROM `5000_navbar` WHERE ( nav_isshow=1 ) ORDER BY nav_index  [ RunTime:0.0003s ]
NOTIC: [8] Undefined variable: global_user D:\thinkphp_3.2.3_full\guyuan\Runtime\Cache\Home\91c7f06e6b5e82d67e7fbee9e6c78672.php 第 42 行.
SQL: SHOW COLUMNS FROM `5000_info_widget` [ RunTime:0.0022s ]
SQL: SELECT * FROM `5000_info_widget` WHERE ( wig_id=2 ) LIMIT 1   [ RunTime:0.0002s ]
INFO: [ view_parse ] --START--
INFO: [ template_filter ] --START--
INFO: Run Behavior\ContentReplaceBehavior [ RunTime:0.000054s ]
INFO: [ template_filter ] --END-- [ RunTime:-0.013032s ]
INFO: Run Behavior\ParseTemplateBehavior [ RunTime:0.002814s ]
INFO: [ view_parse ] --END-- [ RunTime:0.002916s ]
INFO: [ view_filter ] --START--
INFO: Run Behavior\WriteHtmlCacheBehavior [ RunTime:0.000266s ]
INFO: [ view_filter ] --END-- [ RunTime:0.000349s ]
INFO: Run Behavior\ParseTemplateBehavior [ RunTime:0.003365s ]
INFO: [ view_parse ] --END-- [ RunTime:0.002916s ]
INFO: [ view_filter ] --START--
INFO: Run Behavior\WriteHtmlCacheBehavior [ RunTime:0.000021s ]
INFO: [ view_filter ] --END-- [ RunTime:-0.000197s ]
INFO: [ app_end ] --START--
INFO: Run Behavior\ShowPageTraceBehavior [ RunTime:0.000471s ]
INFO: [ app_end ] --END-- [ RunTime:0.000560s ]

[ 2016-08-04T10:19:47+08:00 ] 127.0.0.1 /index.php/Home/Info/detail/pid/65
INFO: [ app_init ] --START--
INFO: Run Behavior\BuildLiteBehavior [ RunTime:0.000027s ]
INFO: [ app_init ] --END-- [ RunTime:0.000493s ]
INFO: [ app_begin ] --START--
INFO: Run Behavior\ReadHtmlCacheBehavior [ RunTime:0.000618s ]
INFO: Run Home\Behaviors\NavBehavior [ RunTime:0.000684s ]
NOTIC: [8] Undefined index: userin D:\thinkphp_3.2.3_full\guyuan\Home\API\UserAPI.class.php 第 73 行.
INFO: Run Home\Behaviors\UserBehavior [ RunTime:0.001546s ]
INFO: [ app_begin ] --END-- [ RunTime:0.003122s ]
SQL: SHOW COLUMNS FROM `5000_info` [ RunTime:0.0026s ]
SQL: SELECT COUNT(*) AS tp_count FROM `5000_info` WHERE ( info_type=2 and  info_id=65 ) LIMIT 1   [ RunTime:0.0003s ]
SQL: SELECT * FROM `5000_info` WHERE ( info_type=2 and  info_id=65 ) ORDER BY info_id desc LIMIT 0,5   [ RunTime:0.0003s ]
SQL: SHOW COLUMNS FROM `5000_info_meta` [ RunTime:0.0022s ]
SQL: SELECT * FROM `5000_info_meta` WHERE ( info_id in (65) )  [ RunTime:0.0003s ]
INFO: [ view_parse ] --START--
INFO: [ template_filter ] --START--
INFO: Run Behavior\ContentReplaceBehavior [ RunTime:0.000089s ]
INFO: [ template_filter ] --END-- [ RunTime:0.000200s ]
SQL: SHOW COLUMNS FROM `5000_navbar` [ RunTime:0.0026s ]
SQL: SELECT * FROM `5000_navbar` WHERE ( nav_isshow=1 ) ORDER BY nav_index  [ RunTime:0.0003s ]
NOTIC: [8] Undefined variable: global_user D:\thinkphp_3.2.3_full\guyuan\Runtime\Cache\Home\91c7f06e6b5e82d67e7fbee9e6c78672.php 第 42 行.
SQL: SHOW COLUMNS FROM `5000_info_widget` [ RunTime:0.0022s ]
SQL: SELECT * FROM `5000_info_widget` WHERE ( wig_id=2 ) LIMIT 1   [ RunTime:0.0002s ]
INFO: [ view_parse ] --START--
INFO: [ template_filter ] --START--
INFO: Run Behavior\ContentReplaceBehavior [ RunTime:0.000053s ]
INFO: [ template_filter ] --END-- [ RunTime:-0.012939s ]
INFO: Run Behavior\ParseTemplateBehavior [ RunTime:0.002761s ]
INFO: [ view_parse ] --END-- [ RunTime:0.002863s ]
INFO: [ view_filter ] --START--
INFO: Run Behavior\WriteHtmlCacheBehavior [ RunTime:0.000265s ]
INFO: [ view_filter ] --END-- [ RunTime:0.000347s ]
INFO: Run Behavior\ParseTemplateBehavior [ RunTime:0.003314s ]
INFO: [ view_parse ] --END-- [ RunTime:0.002863s ]
INFO: [ view_filter ] --START--
INFO: Run Behavior\WriteHtmlCacheBehavior [ RunTime:0.000020s ]
INFO: [ view_filter ] --END-- [ RunTime:-0.000186s ]
INFO: [ app_end ] --START--
INFO: Run Behavior\ShowPageTraceBehavior [ RunTime:0.000477s ]
INFO: [ app_end ] --END-- [ RunTime:0.000557s ]

[ 2016-08-04T10:20:23+08:00 ] 127.0.0.1 /index.php/Home/Info/detail/pid/65
INFO: [ app_init ] --START--
INFO: Run Behavior\BuildLiteBehavior [ RunTime:0.000041s ]
INFO: [ app_init ] --END-- [ RunTime:0.000745s ]
INFO: [ app_begin ] --START--
INFO: Run Behavior\ReadHtmlCacheBehavior [ RunTime:0.000547s ]
INFO: Run Home\Behaviors\NavBehavior [ RunTime:0.000592s ]
NOTIC: [8] Undefined index: userin D:\thinkphp_3.2.3_full\guyuan\Home\API\UserAPI.class.php 第 73 行.
INFO: Run Home\Behaviors\UserBehavior [ RunTime:0.001261s ]
INFO: [ app_begin ] --END-- [ RunTime:0.002627s ]
SQL: SHOW COLUMNS FROM `5000_info` [ RunTime:0.0023s ]
SQL: SELECT COUNT(*) AS tp_count FROM `5000_info` WHERE ( info_type=2 and  info_id=65 ) LIMIT 1   [ RunTime:0.0003s ]
SQL: SELECT * FROM `5000_info` WHERE ( info_type=2 and  info_id=65 ) ORDER BY info_id desc LIMIT 0,5   [ RunTime:0.0002s ]
SQL: SHOW COLUMNS FROM `5000_info_meta` [ RunTime:0.0021s ]
SQL: SELECT * FROM `5000_info_meta` WHERE ( info_id in (65) )  [ RunTime:0.0002s ]
INFO: [ view_parse ] --START--
INFO: [ template_filter ] --START--
INFO: Run Behavior\ContentReplaceBehavior [ RunTime:0.000088s ]
INFO: [ template_filter ] --END-- [ RunTime:0.000191s ]
SQL: SHOW COLUMNS FROM `5000_navbar` [ RunTime:0.0022s ]
SQL: SELECT * FROM `5000_navbar` WHERE ( nav_isshow=1 ) ORDER BY nav_index  [ RunTime:0.0003s ]
NOTIC: [8] Undefined variable: global_user D:\thinkphp_3.2.3_full\guyuan\Runtime\Cache\Home\91c7f06e6b5e82d67e7fbee9e6c78672.php 第 42 行.
SQL: SHOW COLUMNS FROM `5000_info_widget` [ RunTime:0.0021s ]
SQL: SELECT * FROM `5000_info_widget` WHERE ( wig_id=2 ) LIMIT 1   [ RunTime:0.0003s ]
INFO: [ view_parse ] --START--
INFO: [ template_filter ] --START--
INFO: Run Behavior\ContentReplaceBehavior [ RunTime:0.000051s ]
INFO: [ template_filter ] --END-- [ RunTime:-0.012382s ]
INFO: Run Behavior\ParseTemplateBehavior [ RunTime:0.002860s ]
INFO: [ view_parse ] --END-- [ RunTime:0.002954s ]
INFO: [ view_filter ] --START--
INFO: Run Behavior\WriteHtmlCacheBehavior [ RunTime:0.000299s ]
INFO: [ view_filter ] --END-- [ RunTime:0.000384s ]
INFO: Run Behavior\ParseTemplateBehavior [ RunTime:0.003449s ]
INFO: [ view_parse ] --END-- [ RunTime:0.002954s ]
INFO: [ view_filter ] --START--
INFO: Run Behavior\WriteHtmlCacheBehavior [ RunTime:0.000020s ]
INFO: [ view_filter ] --END-- [ RunTime:-0.000199s ]
INFO: [ app_end ] --START--
INFO: Run Behavior\ShowPageTraceBehavior [ RunTime:0.000475s ]
INFO: [ app_end ] --END-- [ RunTime:0.000556s ]

[ 2016-08-04T10:20:49+08:00 ] 127.0.0.1 /index.php/Home/Info/detail/pid/65
INFO: [ app_init ] --START--
INFO: Run Behavior\BuildLiteBehavior [ RunTime:0.000022s ]
INFO: [ app_init ] --END-- [ RunTime:0.000380s ]
INFO: [ app_begin ] --START--
INFO: Run Behavior\ReadHtmlCacheBehavior [ RunTime:0.000495s ]
INFO: Run Home\Behaviors\NavBehavior [ RunTime:0.000530s ]
NOTIC: [8] Undefined index: userin D:\thinkphp_3.2.3_full\guyuan\Home\API\UserAPI.class.php 第 73 行.
INFO: Run Home\Behaviors\UserBehavior [ RunTime:0.001329s ]
INFO: [ app_begin ] --END-- [ RunTime:0.002555s ]
SQL: SHOW COLUMNS FROM `5000_info` [ RunTime:0.0023s ]
SQL: SELECT COUNT(*) AS tp_count FROM `5000_info` WHERE ( info_type=2 and  info_id=65 ) LIMIT 1   [ RunTime:0.0003s ]
SQL: SELECT * FROM `5000_info` WHERE ( info_type=2 and  info_id=65 ) ORDER BY info_id desc LIMIT 0,5   [ RunTime:0.0002s ]
SQL: SHOW COLUMNS FROM `5000_info_meta` [ RunTime:0.0023s ]
SQL: SELECT * FROM `5000_info_meta` WHERE ( info_id in (65) )  [ RunTime:0.0003s ]
INFO: [ view_parse ] --START--
INFO: [ template_filter ] --START--
INFO: Run Behavior\ContentReplaceBehavior [ RunTime:0.000086s ]
INFO: [ template_filter ] --END-- [ RunTime:0.000189s ]
SQL: SHOW COLUMNS FROM `5000_navbar` [ RunTime:0.0030s ]
SQL: SELECT * FROM `5000_navbar` WHERE ( nav_isshow=1 ) ORDER BY nav_index  [ RunTime:0.0003s ]
NOTIC: [8] Undefined variable: global_user D:\thinkphp_3.2.3_full\guyuan\Runtime\Cache\Home\91c7f06e6b5e82d67e7fbee9e6c78672.php 第 42 行.
SQL: SHOW COLUMNS FROM `5000_info_widget` [ RunTime:0.0021s ]
SQL: SELECT * FROM `5000_info_widget` WHERE ( wig_id=2 ) LIMIT 1   [ RunTime:0.0002s ]
INFO: [ view_parse ] --START--
INFO: [ template_filter ] --START--
INFO: Run Behavior\ContentReplaceBehavior [ RunTime:0.000052s ]
INFO: [ template_filter ] --END-- [ RunTime:-0.013337s ]
INFO: Run Behavior\ParseTemplateBehavior [ RunTime:0.002752s ]
INFO: [ view_parse ] --END-- [ RunTime:0.002846s ]
INFO: [ view_filter ] --START--
INFO: Run Behavior\WriteHtmlCacheBehavior [ RunTime:0.000276s ]
INFO: [ view_filter ] --END-- [ RunTime:0.000380s ]
INFO: Run Behavior\ParseTemplateBehavior [ RunTime:0.003364s ]
INFO: [ view_parse ] --END-- [ RunTime:0.002846s ]
INFO: [ view_filter ] --START--
INFO: Run Behavior\WriteHtmlCacheBehavior [ RunTime:0.000021s ]
INFO: [ view_filter ] --END-- [ RunTime:-0.000191s ]
INFO: [ app_end ] --START--
INFO: Run Behavior\ShowPageTraceBehavior [ RunTime:0.000480s ]
INFO: [ app_end ] --END-- [ RunTime:0.000561s ]

[ 2016-08-04T16:25:29+08:00 ] 127.0.0.1 /index.php/Home/Info/detail/pid/65
INFO: [ app_init ] --START--
INFO: Run Behavior\BuildLiteBehavior [ RunTime:0.000055s ]
INFO: [ app_init ] --END-- [ RunTime:0.001221s ]
INFO: [ app_begin ] --START--
INFO: Run Behavior\ReadHtmlCacheBehavior [ RunTime:0.001268s ]
INFO: Run Home\Behaviors\NavBehavior [ RunTime:0.001560s ]
NOTIC: [8] Undefined index: userin D:\thinkphp_3.2.3_full\guyuan\Home\API\UserAPI.class.php 第 73 行.
INFO: Run Home\Behaviors\UserBehavior [ RunTime:0.009367s ]
INFO: [ app_begin ] --END-- [ RunTime:0.012679s ]
SQL: SHOW COLUMNS FROM `5000_info` [ RunTime:0.1062s ]
SQL: SELECT COUNT(*) AS tp_count FROM `5000_info` WHERE ( info_type=2 and  info_id=65 ) LIMIT 1   [ RunTime:0.0775s ]
SQL: SELECT * FROM `5000_info` WHERE ( info_type=2 and  info_id=65 ) ORDER BY info_id desc LIMIT 0,5   [ RunTime:0.0006s ]
SQL: SHOW COLUMNS FROM `5000_info_meta` [ RunTime:0.0046s ]
SQL: SELECT * FROM `5000_info_meta` WHERE ( info_id in (65) )  [ RunTime:0.0006s ]
INFO: [ view_parse ] --START--
INFO: [ template_filter ] --START--
INFO: Run Behavior\ContentReplaceBehavior [ RunTime:0.000177s ]
INFO: [ template_filter ] --END-- [ RunTime:0.000380s ]
SQL: SHOW COLUMNS FROM `5000_navbar` [ RunTime:0.0320s ]
SQL: SELECT * FROM `5000_navbar` WHERE ( nav_isshow=1 ) ORDER BY nav_index  [ RunTime:0.0086s ]
NOTIC: [8] Undefined variable: global_user D:\thinkphp_3.2.3_full\guyuan\Runtime\Cache\Home\91c7f06e6b5e82d67e7fbee9e6c78672.php 第 42 行.
SQL: SHOW COLUMNS FROM `5000_info_widget` [ RunTime:0.0260s ]
SQL: SELECT * FROM `5000_info_widget` WHERE ( wig_id=2 ) LIMIT 1   [ RunTime:0.0005s ]
SQL: SHOW COLUMNS FROM `5000_info` [ RunTime:0.0044s ]
SQL: SELECT * FROM `5000_info` WHERE ( info_type=2 ) ORDER BY info_id desc LIMIT 5   [ RunTime:0.0005s ]
INFO: [ view_parse ] --START--
INFO: [ template_filter ] --START--
INFO: Run Behavior\ContentReplaceBehavior [ RunTime:0.000108s ]
INFO: [ template_filter ] --END-- [ RunTime:-0.222941s ]
INFO: Run Behavior\ParseTemplateBehavior [ RunTime:0.005831s ]
INFO: [ view_parse ] --END-- [ RunTime:0.006037s ]
INFO: [ view_filter ] --START--
INFO: Run Behavior\WriteHtmlCacheBehavior [ RunTime:0.020139s ]
INFO: [ view_filter ] --END-- [ RunTime:0.020350s ]
INFO: Run Behavior\ParseTemplateBehavior [ RunTime:0.026609s ]
INFO: [ view_parse ] --END-- [ RunTime:0.006037s ]
INFO: [ view_filter ] --START--
INFO: Run Behavior\WriteHtmlCacheBehavior [ RunTime:0.000047s ]
INFO: [ view_filter ] --END-- [ RunTime:-0.000409s ]
INFO: [ app_end ] --START--
INFO: Run Behavior\ShowPageTraceBehavior [ RunTime:0.005892s ]
INFO: [ app_end ] --END-- [ RunTime:0.006089s ]

[ 2016-08-04T16:26:42+08:00 ] 127.0.0.1 /index.php/Home/Info/detail/pid/65
INFO: [ app_init ] --START--
INFO: Run Behavior\BuildLiteBehavior [ RunTime:0.000042s ]
INFO: [ app_init ] --END-- [ RunTime:0.000800s ]
INFO: [ app_begin ] --START--
INFO: Run Behavior\ReadHtmlCacheBehavior [ RunTime:0.001017s ]
INFO: Run Home\Behaviors\NavBehavior [ RunTime:0.001079s ]
NOTIC: [8] Undefined index: userin D:\thinkphp_3.2.3_full\guyuan\Home\API\UserAPI.class.php 第 73 行.
INFO: Run Home\Behaviors\UserBehavior [ RunTime:0.012791s ]
INFO: [ app_begin ] --END-- [ RunTime:0.015281s ]
SQL: SHOW COLUMNS FROM `5000_info` [ RunTime:0.0028s ]
SQL: SELECT COUNT(*) AS tp_count FROM `5000_info` WHERE ( info_type=2 and  info_id=65 ) LIMIT 1   [ RunTime:0.0003s ]
SQL: SELECT * FROM `5000_info` WHERE ( info_type=2 and  info_id=65 ) ORDER BY info_id desc LIMIT 0,5   [ RunTime:0.0037s ]
SQL: SHOW COLUMNS FROM `5000_info_meta` [ RunTime:0.0026s ]
SQL: SELECT * FROM `5000_info_meta` WHERE ( info_id in (65) )  [ RunTime:0.0003s ]
INFO: [ view_parse ] --START--
INFO: [ template_filter ] --START--
INFO: Run Behavior\ContentReplaceBehavior [ RunTime:0.000107s ]
INFO: [ template_filter ] --END-- [ RunTime:0.000224s ]
SQL: SHOW COLUMNS FROM `5000_navbar` [ RunTime:0.0026s ]
SQL: SELECT * FROM `5000_navbar` WHERE ( nav_isshow=1 ) ORDER BY nav_index  [ RunTime:0.0003s ]
NOTIC: [8] Undefined variable: global_user D:\thinkphp_3.2.3_full\guyuan\Runtime\Cache\Home\91c7f06e6b5e82d67e7fbee9e6c78672.php 第 42 行.
SQL: SHOW COLUMNS FROM `5000_info_widget` [ RunTime:0.0024s ]
SQL: SELECT * FROM `5000_info_widget` WHERE ( wig_id=2 ) LIMIT 1   [ RunTime:0.0004s ]
INFO: [ view_parse ] --START--
INFO: [ template_filter ] --START--
INFO: Run Behavior\ContentReplaceBehavior [ RunTime:0.000055s ]
INFO: [ template_filter ] --END-- [ RunTime:-0.015115s ]
INFO: Run Behavior\ParseTemplateBehavior [ RunTime:0.003412s ]
INFO: [ view_parse ] --END-- [ RunTime:0.003527s ]
INFO: [ view_filter ] --START--
INFO: Run Behavior\WriteHtmlCacheBehavior [ RunTime:0.000289s ]
INFO: [ view_filter ] --END-- [ RunTime:0.000377s ]
INFO: Run Behavior\ParseTemplateBehavior [ RunTime:0.004014s ]
INFO: [ view_parse ] --END-- [ RunTime:0.003527s ]
INFO: [ view_filter ] --START--
INFO: Run Behavior\WriteHtmlCacheBehavior [ RunTime:0.000023s ]
INFO: [ view_filter ] --END-- [ RunTime:-0.000222s ]
INFO: [ app_end ] --START--
INFO: Run Behavior\ShowPageTraceBehavior [ RunTime:0.000480s ]
INFO: [ app_end ] --END-- [ RunTime:0.000562s ]

[ 2016-08-04T16:27:12+08:00 ] 127.0.0.1 /index.php/Home/Info/detail/pid/65
INFO: [ app_init ] --START--
INFO: Run Behavior\BuildLiteBehavior [ RunTime:0.000027s ]
INFO: [ app_init ] --END-- [ RunTime:0.000470s ]
INFO: [ app_begin ] --START--
INFO: Run Behavior\ReadHtmlCacheBehavior [ RunTime:0.000556s ]
INFO: Run Home\Behaviors\NavBehavior [ RunTime:0.000631s ]
NOTIC: [8] Undefined index: userin D:\thinkphp_3.2.3_full\guyuan\Home\API\UserAPI.class.php 第 73 行.
INFO: Run Home\Behaviors\UserBehavior [ RunTime:0.001384s ]
INFO: [ app_begin ] --END-- [ RunTime:0.002821s ]
SQL: SHOW COLUMNS FROM `5000_info` [ RunTime:0.0027s ]
SQL: SELECT COUNT(*) AS tp_count FROM `5000_info` WHERE ( info_type=2 and  info_id=65 ) LIMIT 1   [ RunTime:0.0003s ]
SQL: SELECT * FROM `5000_info` WHERE ( info_type=2 and  info_id=65 ) ORDER BY info_id desc LIMIT 0,5   [ RunTime:0.0003s ]
SQL: SHOW COLUMNS FROM `5000_info_meta` [ RunTime:0.0023s ]
SQL: SELECT * FROM `5000_info_meta` WHERE ( info_id in (65) )  [ RunTime:0.0002s ]
INFO: [ view_parse ] --START--
INFO: [ template_filter ] --START--
INFO: Run Behavior\ContentReplaceBehavior [ RunTime:0.000090s ]
INFO: [ template_filter ] --END-- [ RunTime:0.000190s ]
SQL: SHOW COLUMNS FROM `5000_navbar` [ RunTime:0.0024s ]
SQL: SELECT * FROM `5000_navbar` WHERE ( nav_isshow=1 ) ORDER BY nav_index  [ RunTime:0.0003s ]
NOTIC: [8] Undefined variable: global_user D:\thinkphp_3.2.3_full\guyuan\Runtime\Cache\Home\91c7f06e6b5e82d67e7fbee9e6c78672.php 第 42 行.
SQL: SHOW COLUMNS FROM `5000_info_widget` [ RunTime:0.0023s ]
SQL: SELECT * FROM `5000_info_widget` WHERE ( wig_id=2 ) LIMIT 1   [ RunTime:0.0002s ]
INFO: [ view_parse ] --START--
INFO: [ template_filter ] --START--
INFO: Run Behavior\ContentReplaceBehavior [ RunTime:0.000056s ]
INFO: [ template_filter ] --END-- [ RunTime:-0.012787s ]
INFO: Run Behavior\ParseTemplateBehavior [ RunTime:0.002705s ]
INFO: [ view_parse ] --END-- [ RunTime:0.002805s ]
INFO: [ view_filter ] --START--
INFO: Run Behavior\WriteHtmlCacheBehavior [ RunTime:0.000203s ]
INFO: [ view_filter ] --END-- [ RunTime:0.000285s ]
INFO: Run Behavior\ParseTemplateBehavior [ RunTime:0.003217s ]
INFO: [ view_parse ] --END-- [ RunTime:0.002805s ]
INFO: [ view_filter ] --START--
INFO: Run Behavior\WriteHtmlCacheBehavior [ RunTime:0.000020s ]
INFO: [ view_filter ] --END-- [ RunTime:-0.000209s ]
INFO: [ app_end ] --START--
INFO: Run Behavior\ShowPageTraceBehavior [ RunTime:0.000405s ]
INFO: [ app_end ] --END-- [ RunTime:0.000486s ]

[ 2016-08-04T16:29:04+08:00 ] 127.0.0.1 /index.php/Home/Info/detail/pid/65
INFO: [ app_init ] --START--
INFO: Run Behavior\BuildLiteBehavior [ RunTime:0.000092s ]
INFO: [ app_init ] --END-- [ RunTime:0.000889s ]
INFO: [ app_begin ] --START--
INFO: Run Behavior\ReadHtmlCacheBehavior [ RunTime:0.000634s ]
INFO: Run Home\Behaviors\NavBehavior [ RunTime:0.000659s ]
NOTIC: [8] Undefined index: userin D:\thinkphp_3.2.3_full\guyuan\Home\API\UserAPI.class.php 第 73 行.
INFO: Run Home\Behaviors\UserBehavior [ RunTime:0.001515s ]
INFO: [ app_begin ] --END-- [ RunTime:0.003085s ]
SQL: SHOW COLUMNS FROM `5000_info` [ RunTime:0.0030s ]
SQL: SELECT COUNT(*) AS tp_count FROM `5000_info` WHERE ( info_type=2 and  info_id=65 ) LIMIT 1   [ RunTime:0.0003s ]
SQL: SELECT * FROM `5000_info` WHERE ( info_type=2 and  info_id=65 ) ORDER BY info_id desc LIMIT 0,5   [ RunTime:0.0003s ]
SQL: SHOW COLUMNS FROM `5000_info_meta` [ RunTime:0.0030s ]
SQL: SELECT * FROM `5000_info_meta` WHERE ( info_id in (65) )  [ RunTime:0.0003s ]
INFO: [ view_parse ] --START--
INFO: [ template_filter ] --START--
INFO: Run Behavior\ContentReplaceBehavior [ RunTime:0.000125s ]
INFO: [ template_filter ] --END-- [ RunTime:0.000261s ]
SQL: SHOW COLUMNS FROM `5000_navbar` [ RunTime:0.0032s ]
SQL: SELECT * FROM `5000_navbar` WHERE ( nav_isshow=1 ) ORDER BY nav_index  [ RunTime:0.0004s ]
NOTIC: [8] Undefined variable: global_user D:\thinkphp_3.2.3_full\guyuan\Runtime\Cache\Home\91c7f06e6b5e82d67e7fbee9e6c78672.php 第 42 行.
SQL: SHOW COLUMNS FROM `5000_info_widget` [ RunTime:0.0033s ]
SQL: SELECT * FROM `5000_info_widget` WHERE ( wig_id=2 ) LIMIT 1   [ RunTime:0.0003s ]
INFO: [ view_parse ] --START--
INFO: [ template_filter ] --START--
INFO: Run Behavior\ContentReplaceBehavior [ RunTime:0.000053s ]
INFO: [ template_filter ] --END-- [ RunTime:-0.027528s ]
INFO: Run Behavior\ParseTemplateBehavior [ RunTime:0.002759s ]
INFO: [ view_parse ] --END-- [ RunTime:0.002868s ]
INFO: [ view_filter ] --START--
INFO: Run Behavior\WriteHtmlCacheBehavior [ RunTime:0.000273s ]
INFO: [ view_filter ] --END-- [ RunTime:0.000361s ]
INFO: Run Behavior\ParseTemplateBehavior [ RunTime:0.003341s ]
INFO: [ view_parse ] --END-- [ RunTime:0.002868s ]
INFO: [ view_filter ] --START--
INFO: Run Behavior\WriteHtmlCacheBehavior [ RunTime:0.000021s ]
INFO: [ view_filter ] --END-- [ RunTime:-0.000200s ]
INFO: [ app_end ] --START--
INFO: Run Behavior\ShowPageTraceBehavior [ RunTime:0.000474s ]
INFO: [ app_end ] --END-- [ RunTime:0.000556s ]

[ 2016-08-04T16:29:10+08:00 ] 127.0.0.1 /index.php/Home/Info/detail/pid/65
INFO: [ app_init ] --START--
INFO: Run Behavior\BuildLiteBehavior [ RunTime:0.000021s ]
INFO: [ app_init ] --END-- [ RunTime:0.000359s ]
INFO: [ app_begin ] --START--
INFO: Run Behavior\ReadHtmlCacheBehavior [ RunTime:0.000541s ]
INFO: Run Home\Behaviors\NavBehavior [ RunTime:0.000699s ]
NOTIC: [8] Undefined index: userin D:\thinkphp_3.2.3_full\guyuan\Home\API\UserAPI.class.php 第 73 行.
INFO: Run Home\Behaviors\UserBehavior [ RunTime:0.001207s ]
INFO: [ app_begin ] --END-- [ RunTime:0.002683s ]
SQL: SHOW COLUMNS FROM `5000_info` [ RunTime:0.0023s ]
SQL: SELECT COUNT(*) AS tp_count FROM `5000_info` WHERE ( info_type=2 and  info_id=65 ) LIMIT 1   [ RunTime:0.0003s ]
SQL: SELECT * FROM `5000_info` WHERE ( info_type=2 and  info_id=65 ) ORDER BY info_id desc LIMIT 0,5   [ RunTime:0.0003s ]
SQL: SHOW COLUMNS FROM `5000_info_meta` [ RunTime:0.0021s ]
SQL: SELECT * FROM `5000_info_meta` WHERE ( info_id in (65) )  [ RunTime:0.0003s ]
INFO: [ view_parse ] --START--
INFO: [ template_filter ] --START--
INFO: Run Behavior\ContentReplaceBehavior [ RunTime:0.000089s ]
INFO: [ template_filter ] --END-- [ RunTime:0.000191s ]
SQL: SHOW COLUMNS FROM `5000_navbar` [ RunTime:0.0022s ]
SQL: SELECT * FROM `5000_navbar` WHERE ( nav_isshow=1 ) ORDER BY nav_index  [ RunTime:0.0003s ]
NOTIC: [8] Undefined variable: global_user D:\thinkphp_3.2.3_full\guyuan\Runtime\Cache\Home\91c7f06e6b5e82d67e7fbee9e6c78672.php 第 42 行.
SQL: SHOW COLUMNS FROM `5000_info_widget` [ RunTime:0.0021s ]
SQL: SELECT * FROM `5000_info_widget` WHERE ( wig_id=2 ) LIMIT 1   [ RunTime:0.0002s ]
INFO: [ view_parse ] --START--
INFO: [ template_filter ] --START--
INFO: Run Behavior\ContentReplaceBehavior [ RunTime:0.000054s ]
INFO: [ template_filter ] --END-- [ RunTime:-0.012736s ]
INFO: Run Behavior\ParseTemplateBehavior [ RunTime:0.002746s ]
INFO: [ view_parse ] --END-- [ RunTime:0.002843s ]
INFO: [ view_filter ] --START--
INFO: Run Behavior\WriteHtmlCacheBehavior [ RunTime:0.000262s ]
INFO: [ view_filter ] --END-- [ RunTime:0.000343s ]
INFO: Run Behavior\ParseTemplateBehavior [ RunTime:0.003290s ]
INFO: [ view_parse ] --END-- [ RunTime:0.002843s ]
INFO: [ view_filter ] --START--
INFO: Run Behavior\WriteHtmlCacheBehavior [ RunTime:0.000021s ]
INFO: [ view_filter ] --END-- [ RunTime:-0.000191s ]
INFO: [ app_end ] --START--
INFO: Run Behavior\ShowPageTraceBehavior [ RunTime:0.000481s ]
INFO: [ app_end ] --END-- [ RunTime:0.000572s ]

[ 2016-08-04T16:29:19+08:00 ] 127.0.0.1 /index.php/Home/Info/detail/pid/65
INFO: [ app_init ] --START--
INFO: Run Behavior\BuildLiteBehavior [ RunTime:0.000042s ]
INFO: [ app_init ] --END-- [ RunTime:0.000780s ]
INFO: [ app_begin ] --START--
INFO: Run Behavior\ReadHtmlCacheBehavior [ RunTime:0.000975s ]
INFO: Run Home\Behaviors\NavBehavior [ RunTime:0.001097s ]
NOTIC: [8] Undefined index: userin D:\thinkphp_3.2.3_full\guyuan\Home\API\UserAPI.class.php 第 73 行.
INFO: Run Home\Behaviors\UserBehavior [ RunTime:0.002411s ]
INFO: [ app_begin ] --END-- [ RunTime:0.004911s ]
SQL: SHOW COLUMNS FROM `5000_info` [ RunTime:0.0024s ]
SQL: SELECT COUNT(*) AS tp_count FROM `5000_info` WHERE ( info_type=2 and  info_id=65 ) LIMIT 1   [ RunTime:0.0003s ]
SQL: SELECT * FROM `5000_info` WHERE ( info_type=2 and  info_id=65 ) ORDER BY info_id desc LIMIT 0,5   [ RunTime:0.0003s ]
SQL: SHOW COLUMNS FROM `5000_info_meta` [ RunTime:0.0022s ]
SQL: SELECT * FROM `5000_info_meta` WHERE ( info_id in (65) )  [ RunTime:0.0002s ]
INFO: [ view_parse ] --START--
INFO: [ template_filter ] --START--
INFO: Run Behavior\ContentReplaceBehavior [ RunTime:0.000094s ]
INFO: [ template_filter ] --END-- [ RunTime:0.000200s ]
SQL: SHOW COLUMNS FROM `5000_navbar` [ RunTime:0.0026s ]
SQL: SELECT * FROM `5000_navbar` WHERE ( nav_isshow=1 ) ORDER BY nav_index  [ RunTime:0.0003s ]
NOTIC: [8] Undefined variable: global_user D:\thinkphp_3.2.3_full\guyuan\Runtime\Cache\Home\91c7f06e6b5e82d67e7fbee9e6c78672.php 第 42 行.
SQL: SHOW COLUMNS FROM `5000_info_widget` [ RunTime:0.0022s ]
SQL: SELECT * FROM `5000_info_widget` WHERE ( wig_id=2 ) LIMIT 1   [ RunTime:0.0002s ]
INFO: [ view_parse ] --START--
INFO: [ template_filter ] --START--
INFO: Run Behavior\ContentReplaceBehavior [ RunTime:0.000056s ]
INFO: [ template_filter ] --END-- [ RunTime:-0.013492s ]
INFO: Run Behavior\ParseTemplateBehavior [ RunTime:0.002904s ]
INFO: [ view_parse ] --END-- [ RunTime:0.003006s ]
INFO: [ view_filter ] --START--
INFO: Run Behavior\WriteHtmlCacheBehavior [ RunTime:0.000265s ]
INFO: [ view_filter ] --END-- [ RunTime:0.000350s ]
INFO: Run Behavior\ParseTemplateBehavior [ RunTime:0.003456s ]
INFO: [ view_parse ] --END-- [ RunTime:0.003006s ]
INFO: [ view_filter ] --START--
INFO: Run Behavior\WriteHtmlCacheBehavior [ RunTime:0.000020s ]
INFO: [ view_filter ] --END-- [ RunTime:-0.000188s ]
INFO: [ app_end ] --START--
INFO: Run Behavior\ShowPageTraceBehavior [ RunTime:0.000466s ]
INFO: [ app_end ] --END-- [ RunTime:0.000548s ]

[ 2016-08-04T16:33:56+08:00 ] 127.0.0.1 /index.php/Home/Info/detail/pid/65
INFO: [ app_init ] --START--
INFO: Run Behavior\BuildLiteBehavior [ RunTime:0.000066s ]
INFO: [ app_init ] --END-- [ RunTime:0.001081s ]
INFO: [ app_begin ] --START--
INFO: Run Behavior\ReadHtmlCacheBehavior [ RunTime:0.001006s ]
INFO: Run Home\Behaviors\NavBehavior [ RunTime:0.001100s ]
NOTIC: [8] Undefined index: userin D:\thinkphp_3.2.3_full\guyuan\Home\API\UserAPI.class.php 第 73 行.
INFO: Run Home\Behaviors\UserBehavior [ RunTime:0.003012s ]
INFO: [ app_begin ] --END-- [ RunTime:0.005544s ]
SQL: SHOW COLUMNS FROM `5000_info` [ RunTime:0.0025s ]
SQL: SELECT COUNT(*) AS tp_count FROM `5000_info` WHERE ( info_type=2 and  info_id=65 ) LIMIT 1   [ RunTime:0.0003s ]
SQL: SELECT * FROM `5000_info` WHERE ( info_type=2 and  info_id=65 ) ORDER BY info_id desc LIMIT 0,5   [ RunTime:0.0002s ]
SQL: SHOW COLUMNS FROM `5000_info_meta` [ RunTime:0.0022s ]
SQL: SELECT * FROM `5000_info_meta` WHERE ( info_id in (65) )  [ RunTime:0.0002s ]
INFO: [ view_parse ] --START--
INFO: [ template_filter ] --START--
INFO: Run Behavior\ContentReplaceBehavior [ RunTime:0.000093s ]
INFO: [ template_filter ] --END-- [ RunTime:0.000196s ]
SQL: SHOW COLUMNS FROM `5000_navbar` [ RunTime:0.0023s ]
SQL: SELECT * FROM `5000_navbar` WHERE ( nav_isshow=1 ) ORDER BY nav_index  [ RunTime:0.0003s ]
NOTIC: [8] Undefined variable: global_user D:\thinkphp_3.2.3_full\guyuan\Runtime\Cache\Home\91c7f06e6b5e82d67e7fbee9e6c78672.php 第 42 行.
SQL: SHOW COLUMNS FROM `5000_info_widget` [ RunTime:0.0024s ]
SQL: SELECT * FROM `5000_info_widget` WHERE ( wig_id=2 ) LIMIT 1   [ RunTime:0.0002s ]
INFO: [ view_parse ] --START--
INFO: [ template_filter ] --START--
INFO: Run Behavior\ContentReplaceBehavior [ RunTime:0.000057s ]
INFO: [ template_filter ] --END-- [ RunTime:-0.023543s ]
INFO: Run Behavior\ParseTemplateBehavior [ RunTime:0.013001s ]
INFO: [ view_parse ] --END-- [ RunTime:0.013103s ]
INFO: [ view_filter ] --START--
INFO: Run Behavior\WriteHtmlCacheBehavior [ RunTime:0.000282s ]
INFO: [ view_filter ] --END-- [ RunTime:0.000370s ]
INFO: Run Behavior\ParseTemplateBehavior [ RunTime:0.013598s ]
INFO: [ view_parse ] --END-- [ RunTime:0.013103s ]
INFO: [ view_filter ] --START--
INFO: Run Behavior\WriteHtmlCacheBehavior [ RunTime:0.000022s ]
INFO: [ view_filter ] --END-- [ RunTime:-0.000214s ]
INFO: [ app_end ] --START--
INFO: Run Behavior\ShowPageTraceBehavior [ RunTime:0.000496s ]
INFO: [ app_end ] --END-- [ RunTime:0.000582s ]

[ 2016-08-04T16:35:21+08:00 ] 127.0.0.1 /index.php/Home/Info/detail/pid/65
INFO: [ app_init ] --START--
INFO: Run Behavior\BuildLiteBehavior [ RunTime:0.000024s ]
INFO: [ app_init ] --END-- [ RunTime:0.000403s ]
INFO: [ app_begin ] --START--
INFO: Run Behavior\ReadHtmlCacheBehavior [ RunTime:0.000503s ]
INFO: Run Home\Behaviors\NavBehavior [ RunTime:0.000525s ]
NOTIC: [8] Undefined index: userin D:\thinkphp_3.2.3_full\guyuan\Home\API\UserAPI.class.php 第 73 行.
INFO: Run Home\Behaviors\UserBehavior [ RunTime:0.001170s ]
INFO: [ app_begin ] --END-- [ RunTime:0.002415s ]
SQL: SHOW COLUMNS FROM `5000_info` [ RunTime:0.0023s ]
SQL: SELECT COUNT(*) AS tp_count FROM `5000_info` WHERE ( info_type=2 and  info_id=65 ) LIMIT 1   [ RunTime:0.0003s ]
SQL: SELECT * FROM `5000_info` WHERE ( info_type=2 and  info_id=65 ) ORDER BY info_id desc LIMIT 0,5   [ RunTime:0.0003s ]
SQL: SHOW COLUMNS FROM `5000_info_meta` [ RunTime:0.0021s ]
SQL: SELECT * FROM `5000_info_meta` WHERE ( info_id in (65) )  [ RunTime:0.0002s ]
INFO: [ view_parse ] --START--
INFO: [ template_filter ] --START--
INFO: Run Behavior\ContentReplaceBehavior [ RunTime:0.000090s ]
INFO: [ template_filter ] --END-- [ RunTime:0.000190s ]
SQL: SHOW COLUMNS FROM `5000_navbar` [ RunTime:0.0022s ]
SQL: SELECT * FROM `5000_navbar` WHERE ( nav_isshow=1 ) ORDER BY nav_index  [ RunTime:0.0003s ]
NOTIC: [8] Undefined variable: global_user D:\thinkphp_3.2.3_full\guyuan\Runtime\Cache\Home\91c7f06e6b5e82d67e7fbee9e6c78672.php 第 42 行.
SQL: SHOW COLUMNS FROM `5000_info_widget` [ RunTime:0.0022s ]
SQL: SELECT * FROM `5000_info_widget` WHERE ( wig_id=2 ) LIMIT 1   [ RunTime:0.0002s ]
INFO: [ view_parse ] --START--
INFO: [ template_filter ] --START--
INFO: Run Behavior\ContentReplaceBehavior [ RunTime:0.000053s ]
INFO: [ template_filter ] --END-- [ RunTime:-0.012767s ]
INFO: Run Behavior\ParseTemplateBehavior [ RunTime:0.002764s ]
INFO: [ view_parse ] --END-- [ RunTime:0.002865s ]
INFO: [ view_filter ] --START--
INFO: Run Behavior\WriteHtmlCacheBehavior [ RunTime:0.000265s ]
INFO: [ view_filter ] --END-- [ RunTime:0.000354s ]
INFO: Run Behavior\ParseTemplateBehavior [ RunTime:0.003328s ]
INFO: [ view_parse ] --END-- [ RunTime:0.002865s ]
INFO: [ view_filter ] --START--
INFO: Run Behavior\WriteHtmlCacheBehavior [ RunTime:0.000020s ]
INFO: [ view_filter ] --END-- [ RunTime:-0.000191s ]
INFO: [ app_end ] --START--
INFO: Run Behavior\ShowPageTraceBehavior [ RunTime:0.000492s ]
INFO: [ app_end ] --END-- [ RunTime:0.000576s ]

[ 2016-08-04T16:44:50+08:00 ] 127.0.0.1 /index.php/Home/Info/detail/pid/65
INFO: [ app_init ] --START--
INFO: Run Behavior\BuildLiteBehavior [ RunTime:0.000067s ]
INFO: [ app_init ] --END-- [ RunTime:0.000738s ]
INFO: [ app_begin ] --START--
INFO: Run Behavior\ReadHtmlCacheBehavior [ RunTime:0.000740s ]
INFO: Run Home\Behaviors\NavBehavior [ RunTime:0.000816s ]
NOTIC: [8] Undefined index: userin D:\thinkphp_3.2.3_full\guyuan\Home\API\UserAPI.class.php 第 73 行.
INFO: Run Home\Behaviors\UserBehavior [ RunTime:0.002181s ]
INFO: [ app_begin ] --END-- [ RunTime:0.004143s ]
SQL: SHOW COLUMNS FROM `5000_info` [ RunTime:0.0025s ]
SQL: SELECT COUNT(*) AS tp_count FROM `5000_info` WHERE ( info_type=2 and  info_id=65 ) LIMIT 1   [ RunTime:0.0003s ]
SQL: SELECT * FROM `5000_info` WHERE ( info_type=2 and  info_id=65 ) ORDER BY info_id desc LIMIT 0,5   [ RunTime:0.0002s ]
SQL: SHOW COLUMNS FROM `5000_info_meta` [ RunTime:0.0022s ]
SQL: SELECT * FROM `5000_info_meta` WHERE ( info_id in (65) )  [ RunTime:0.0003s ]
INFO: [ view_parse ] --START--
INFO: [ template_filter ] --START--
INFO: Run Behavior\ContentReplaceBehavior [ RunTime:0.000090s ]
INFO: [ template_filter ] --END-- [ RunTime:0.000198s ]
SQL: SHOW COLUMNS FROM `5000_navbar` [ RunTime:0.0023s ]
SQL: SELECT * FROM `5000_navbar` WHERE ( nav_isshow=1 ) ORDER BY nav_index  [ RunTime:0.0003s ]
NOTIC: [8] Undefined variable: global_user D:\thinkphp_3.2.3_full\guyuan\Runtime\Cache\Home\91c7f06e6b5e82d67e7fbee9e6c78672.php 第 42 行.
SQL: SHOW COLUMNS FROM `5000_info_widget` [ RunTime:0.0024s ]
SQL: SELECT * FROM `5000_info_widget` WHERE ( wig_id=2 ) LIMIT 1   [ RunTime:0.0002s ]
SQL: SHOW COLUMNS FROM `5000_info` [ RunTime:0.0022s ]
SQL: SELECT * FROM `5000_info` WHERE ( info_type=2 ) ORDER BY info_id desc LIMIT 5   [ RunTime:0.0003s ]
INFO: [ view_parse ] --START--
INFO: [ template_filter ] --START--
INFO: Run Behavior\ContentReplaceBehavior [ RunTime:0.000054s ]
INFO: [ template_filter ] --END-- [ RunTime:-0.017014s ]
INFO: Run Behavior\ParseTemplateBehavior [ RunTime:0.002739s ]
INFO: [ view_parse ] --END-- [ RunTime:0.002852s ]
INFO: [ view_filter ] --START--
INFO: Run Behavior\WriteHtmlCacheBehavior [ RunTime:0.000391s ]
INFO: [ view_filter ] --END-- [ RunTime:0.000475s ]
INFO: Run Behavior\ParseTemplateBehavior [ RunTime:0.003440s ]
INFO: [ view_parse ] --END-- [ RunTime:0.002852s ]
INFO: [ view_filter ] --START--
INFO: Run Behavior\WriteHtmlCacheBehavior [ RunTime:0.000020s ]
INFO: [ view_filter ] --END-- [ RunTime:-0.000193s ]
INFO: [ app_end ] --START--
INFO: Run Behavior\ShowPageTraceBehavior [ RunTime:0.000475s ]
INFO: [ app_end ] --END-- [ RunTime:0.000556s ]

[ 2016-08-04T16:49:41+08:00 ] 127.0.0.1 /index.php/Home/Info/detail/pid/65
INFO: [ app_init ] --START--
INFO: Run Behavior\BuildLiteBehavior [ RunTime:0.000024s ]
INFO: [ app_init ] --END-- [ RunTime:0.000406s ]
INFO: [ app_begin ] --START--
INFO: Run Behavior\ReadHtmlCacheBehavior [ RunTime:0.000527s ]
INFO: Run Home\Behaviors\NavBehavior [ RunTime:0.000761s ]
NOTIC: [8] Undefined index: userin D:\thinkphp_3.2.3_full\guyuan\Home\API\UserAPI.class.php 第 73 行.
INFO: Run Home\Behaviors\UserBehavior [ RunTime:0.002090s ]
INFO: [ app_begin ] --END-- [ RunTime:0.003710s ]
SQL: SHOW COLUMNS FROM `5000_info` [ RunTime:0.0024s ]
SQL: SELECT COUNT(*) AS tp_count FROM `5000_info` WHERE ( info_type=2 and  info_id=65 ) LIMIT 1   [ RunTime:0.0296s ]
SQL: SELECT * FROM `5000_info` WHERE ( info_type=2 and  info_id=65 ) ORDER BY info_id desc LIMIT 0,5   [ RunTime:0.0003s ]
SQL: SHOW COLUMNS FROM `5000_info_meta` [ RunTime:0.0023s ]
SQL: SELECT * FROM `5000_info_meta` WHERE ( info_id in (65) )  [ RunTime:0.0003s ]
INFO: [ view_parse ] --START--
INFO: [ template_filter ] --START--
INFO: Run Behavior\ContentReplaceBehavior [ RunTime:0.000090s ]
INFO: [ template_filter ] --END-- [ RunTime:0.000192s ]
SQL: SHOW COLUMNS FROM `5000_navbar` [ RunTime:0.0023s ]
SQL: SELECT * FROM `5000_navbar` WHERE ( nav_isshow=1 ) ORDER BY nav_index  [ RunTime:0.0003s ]
NOTIC: [8] Undefined variable: global_user D:\thinkphp_3.2.3_full\guyuan\Runtime\Cache\Home\91c7f06e6b5e82d67e7fbee9e6c78672.php 第 42 行.
SQL: SHOW COLUMNS FROM `5000_info_widget` [ RunTime:0.0029s ]
SQL: SELECT * FROM `5000_info_widget` WHERE ( wig_id=2 ) LIMIT 1   [ RunTime:0.0002s ]
INFO: [ view_parse ] --START--
INFO: [ template_filter ] --START--
INFO: Run Behavior\ContentReplaceBehavior [ RunTime:0.000055s ]
INFO: [ template_filter ] --END-- [ RunTime:-0.014046s ]
INFO: Run Behavior\ParseTemplateBehavior [ RunTime:0.003119s ]
INFO: [ view_parse ] --END-- [ RunTime:0.003267s ]
INFO: [ view_filter ] --START--
INFO: Run Behavior\WriteHtmlCacheBehavior [ RunTime:0.000309s ]
INFO: [ view_filter ] --END-- [ RunTime:0.000399s ]
INFO: Run Behavior\ParseTemplateBehavior [ RunTime:0.003799s ]
INFO: [ view_parse ] --END-- [ RunTime:0.003267s ]
INFO: [ view_filter ] --START--
INFO: Run Behavior\WriteHtmlCacheBehavior [ RunTime:0.000021s ]
INFO: [ view_filter ] --END-- [ RunTime:-0.000202s ]
INFO: [ app_end ] --START--
INFO: Run Behavior\ShowPageTraceBehavior [ RunTime:0.000489s ]
INFO: [ app_end ] --END-- [ RunTime:0.000573s ]

[ 2016-08-04T16:50:30+08:00 ] 127.0.0.1 /index.php/Home/Info/detail/pid/65
INFO: [ app_init ] --START--
INFO: Run Behavior\BuildLiteBehavior [ RunTime:0.000021s ]
INFO: [ app_init ] --END-- [ RunTime:0.000356s ]
INFO: [ app_begin ] --START--
INFO: Run Behavior\ReadHtmlCacheBehavior [ RunTime:0.000862s ]
INFO: Run Home\Behaviors\NavBehavior [ RunTime:0.000622s ]
NOTIC: [8] Undefined index: userin D:\thinkphp_3.2.3_full\guyuan\Home\API\UserAPI.class.php 第 73 行.
INFO: Run Home\Behaviors\UserBehavior [ RunTime:0.001154s ]
INFO: [ app_begin ] --END-- [ RunTime:0.002920s ]
SQL: SHOW COLUMNS FROM `5000_info` [ RunTime:0.0144s ]
SQL: SELECT COUNT(*) AS tp_count FROM `5000_info` WHERE ( info_type=2 and  info_id=65 ) LIMIT 1   [ RunTime:0.0003s ]
SQL: SELECT * FROM `5000_info` WHERE ( info_type=2 and  info_id=65 ) ORDER BY info_id desc LIMIT 0,5   [ RunTime:0.0003s ]
SQL: SHOW COLUMNS FROM `5000_info_meta` [ RunTime:0.0023s ]
SQL: SELECT * FROM `5000_info_meta` WHERE ( info_id in (65) )  [ RunTime:0.0003s ]
INFO: [ view_parse ] --START--
INFO: [ template_filter ] --START--
INFO: Run Behavior\ContentReplaceBehavior [ RunTime:0.000093s ]
INFO: [ template_filter ] --END-- [ RunTime:0.000204s ]
SQL: SHOW COLUMNS FROM `5000_navbar` [ RunTime:0.0023s ]
SQL: SELECT * FROM `5000_navbar` WHERE ( nav_isshow=1 ) ORDER BY nav_index  [ RunTime:0.0003s ]
NOTIC: [8] Undefined variable: global_user D:\thinkphp_3.2.3_full\guyuan\Runtime\Cache\Home\91c7f06e6b5e82d67e7fbee9e6c78672.php 第 42 行.
SQL: SHOW COLUMNS FROM `5000_info_widget` [ RunTime:0.0022s ]
SQL: SELECT * FROM `5000_info_widget` WHERE ( wig_id=2 ) LIMIT 1   [ RunTime:0.0002s ]
INFO: [ view_parse ] --START--
INFO: [ template_filter ] --START--
INFO: Run Behavior\ContentReplaceBehavior [ RunTime:0.000054s ]
INFO: [ template_filter ] --END-- [ RunTime:-0.012907s ]
INFO: Run Behavior\ParseTemplateBehavior [ RunTime:0.002763s ]
INFO: [ view_parse ] --END-- [ RunTime:0.002870s ]
INFO: [ view_filter ] --START--
INFO: Run Behavior\WriteHtmlCacheBehavior [ RunTime:0.000266s ]
INFO: [ view_filter ] --END-- [ RunTime:0.000346s ]
INFO: Run Behavior\ParseTemplateBehavior [ RunTime:0.003319s ]
INFO: [ view_parse ] --END-- [ RunTime:0.002870s ]
INFO: [ view_filter ] --START--
INFO: Run Behavior\WriteHtmlCacheBehavior [ RunTime:0.000030s ]
INFO: [ view_filter ] --END-- [ RunTime:-0.000194s ]
INFO: [ app_end ] --START--
INFO: Run Behavior\ShowPageTraceBehavior [ RunTime:0.000494s ]
INFO: [ app_end ] --END-- [ RunTime:0.000578s ]

[ 2016-08-04T16:50:59+08:00 ] 127.0.0.1 /index.php/Home/Info/detail/pid/65
INFO: [ app_init ] --START--
INFO: Run Behavior\BuildLiteBehavior [ RunTime:0.000044s ]
INFO: [ app_init ] --END-- [ RunTime:0.000776s ]
INFO: [ app_begin ] --START--
INFO: Run Behavior\ReadHtmlCacheBehavior [ RunTime:0.001042s ]
INFO: Run Home\Behaviors\NavBehavior [ RunTime:0.001125s ]
NOTIC: [8] Undefined index: userin D:\thinkphp_3.2.3_full\guyuan\Home\API\UserAPI.class.php 第 73 行.
INFO: Run Home\Behaviors\UserBehavior [ RunTime:0.002238s ]
INFO: [ app_begin ] --END-- [ RunTime:0.004787s ]
SQL: SHOW COLUMNS FROM `5000_info` [ RunTime:0.0023s ]
SQL: SELECT COUNT(*) AS tp_count FROM `5000_info` WHERE ( info_type=2 and  info_id=65 ) LIMIT 1   [ RunTime:0.0002s ]
SQL: SELECT * FROM `5000_info` WHERE ( info_type=2 and  info_id=65 ) ORDER BY info_id desc LIMIT 0,5   [ RunTime:0.0002s ]
SQL: SHOW COLUMNS FROM `5000_info_meta` [ RunTime:0.0022s ]
SQL: SELECT * FROM `5000_info_meta` WHERE ( info_id in (65) )  [ RunTime:0.0003s ]
INFO: [ view_parse ] --START--
INFO: [ template_filter ] --START--
INFO: Run Behavior\ContentReplaceBehavior [ RunTime:0.000090s ]
INFO: [ template_filter ] --END-- [ RunTime:0.000188s ]
SQL: SHOW COLUMNS FROM `5000_navbar` [ RunTime:0.0024s ]
SQL: SELECT * FROM `5000_navbar` WHERE ( nav_isshow=1 ) ORDER BY nav_index  [ RunTime:0.0003s ]
NOTIC: [8] Undefined variable: global_user D:\thinkphp_3.2.3_full\guyuan\Runtime\Cache\Home\91c7f06e6b5e82d67e7fbee9e6c78672.php 第 42 行.
SQL: SHOW COLUMNS FROM `5000_info_widget` [ RunTime:0.0022s ]
SQL: SELECT * FROM `5000_info_widget` WHERE ( wig_id=2 ) LIMIT 1   [ RunTime:0.0002s ]
INFO: [ view_parse ] --START--
INFO: [ template_filter ] --START--
INFO: Run Behavior\ContentReplaceBehavior [ RunTime:0.000079s ]
INFO: [ template_filter ] --END-- [ RunTime:-0.013345s ]
INFO: Run Behavior\ParseTemplateBehavior [ RunTime:0.003155s ]
INFO: [ view_parse ] --END-- [ RunTime:0.003264s ]
INFO: [ view_filter ] --START--
INFO: Run Behavior\WriteHtmlCacheBehavior [ RunTime:0.000282s ]
INFO: [ view_filter ] --END-- [ RunTime:0.000366s ]
INFO: Run Behavior\ParseTemplateBehavior [ RunTime:0.003752s ]
INFO: [ view_parse ] --END-- [ RunTime:0.003264s ]
INFO: [ view_filter ] --START--
INFO: Run Behavior\WriteHtmlCacheBehavior [ RunTime:0.000020s ]
INFO: [ view_filter ] --END-- [ RunTime:-0.000191s ]
INFO: [ app_end ] --START--
INFO: Run Behavior\ShowPageTraceBehavior [ RunTime:0.000485s ]
INFO: [ app_end ] --END-- [ RunTime:0.000566s ]

[ 2016-08-04T16:51:28+08:00 ] 127.0.0.1 /index.php/Home/Info/detail/pid/65
INFO: [ app_init ] --START--
INFO: Run Behavior\BuildLiteBehavior [ RunTime:0.000023s ]
INFO: [ app_init ] --END-- [ RunTime:0.000351s ]
INFO: [ app_begin ] --START--
INFO: Run Behavior\ReadHtmlCacheBehavior [ RunTime:0.000414s ]
INFO: Run Home\Behaviors\NavBehavior [ RunTime:0.000333s ]
NOTIC: [8] Undefined index: userin D:\thinkphp_3.2.3_full\guyuan\Home\API\UserAPI.class.php 第 73 行.
INFO: Run Home\Behaviors\UserBehavior [ RunTime:0.000974s ]
INFO: [ app_begin ] --END-- [ RunTime:0.001931s ]
SQL: SHOW COLUMNS FROM `5000_info` [ RunTime:0.0023s ]
SQL: SELECT COUNT(*) AS tp_count FROM `5000_info` WHERE ( info_type=2 and  info_id=65 ) LIMIT 1   [ RunTime:0.0003s ]
SQL: SELECT * FROM `5000_info` WHERE ( info_type=2 and  info_id=65 ) ORDER BY info_id desc LIMIT 0,5   [ RunTime:0.0002s ]
SQL: SHOW COLUMNS FROM `5000_info_meta` [ RunTime:0.0023s ]
SQL: SELECT * FROM `5000_info_meta` WHERE ( info_id in (65) )  [ RunTime:0.0003s ]
INFO: [ view_parse ] --START--
INFO: [ template_filter ] --START--
INFO: Run Behavior\ContentReplaceBehavior [ RunTime:0.000091s ]
INFO: [ template_filter ] --END-- [ RunTime:0.000192s ]
SQL: SHOW COLUMNS FROM `5000_navbar` [ RunTime:0.0022s ]
SQL: SELECT * FROM `5000_navbar` WHERE ( nav_isshow=1 ) ORDER BY nav_index  [ RunTime:0.0003s ]
NOTIC: [8] Undefined variable: global_user D:\thinkphp_3.2.3_full\guyuan\Runtime\Cache\Home\91c7f06e6b5e82d67e7fbee9e6c78672.php 第 42 行.
SQL: SHOW COLUMNS FROM `5000_info_widget` [ RunTime:0.0021s ]
SQL: SELECT * FROM `5000_info_widget` WHERE ( wig_id=2 ) LIMIT 1   [ RunTime:0.0002s ]
INFO: [ view_parse ] --START--
INFO: [ template_filter ] --START--
INFO: Run Behavior\ContentReplaceBehavior [ RunTime:0.000055s ]
INFO: [ template_filter ] --END-- [ RunTime:-0.012780s ]
INFO: Run Behavior\ParseTemplateBehavior [ RunTime:0.002856s ]
INFO: [ view_parse ] --END-- [ RunTime:0.002965s ]
INFO: [ view_filter ] --START--
INFO: Run Behavior\WriteHtmlCacheBehavior [ RunTime:0.000222s ]
INFO: [ view_filter ] --END-- [ RunTime:0.000308s ]
INFO: Run Behavior\ParseTemplateBehavior [ RunTime:0.003395s ]
INFO: [ view_parse ] --END-- [ RunTime:0.002965s ]
INFO: [ view_filter ] --START--
INFO: Run Behavior\WriteHtmlCacheBehavior [ RunTime:0.000021s ]
INFO: [ view_filter ] --END-- [ RunTime:-0.000201s ]
INFO: [ app_end ] --START--
INFO: Run Behavior\ShowPageTraceBehavior [ RunTime:0.000465s ]
INFO: [ app_end ] --END-- [ RunTime:0.000561s ]

