[ 2016-08-01T10:12:23+08:00 ] 127.0.0.1 /index.php/Home/Info/index/p/3.html
INFO: [ app_init ] --START--
INFO: Run Behavior\BuildLiteBehavior [ RunTime:0.000023s ]
INFO: [ app_init ] --END-- [ RunTime:0.000385s ]
INFO: [ app_begin ] --START--
INFO: Run Behavior\ReadHtmlCacheBehavior [ RunTime:0.000516s ]
INFO: Run Home\Behaviors\NavBehavior [ RunTime:0.000631s ]
NOTIC: [8] Undefined index: userin D:\thinkphp_3.2.3_full\guyuan\Home\API\UserAPI.class.php 第 73 行.
INFO: Run Home\Behaviors\UserBehavior [ RunTime:0.001377s ]
INFO: [ app_begin ] --END-- [ RunTime:0.002734s ]
SQL: SHOW COLUMNS FROM `5000_info` [ RunTime:0.0245s ]
SQL: SELECT COUNT(*) AS tp_count FROM `5000_info` WHERE ( info_type=1 ) LIMIT 1   [ RunTime:0.0003s ]
SQL: SELECT * FROM `5000_info` WHERE ( info_type=1 ) ORDER BY info_id desc LIMIT 10,5   [ RunTime:0.0005s ]
SQL: SHOW COLUMNS FROM `5000_info_meta` [ RunTime:0.0045s ]
SQL: SELECT * FROM `5000_info_meta` WHERE ( info_id in (49,48,47,46,45) )  [ RunTime:0.0004s ]
INFO: [ view_parse ] --START--
INFO: [ template_filter ] --START--
INFO: Run Behavior\ContentReplaceBehavior [ RunTime:0.000133s ]
INFO: [ template_filter ] --END-- [ RunTime:0.000303s ]
SQL: SHOW COLUMNS FROM `5000_navbar` [ RunTime:0.0026s ]
SQL: SELECT * FROM `5000_navbar` WHERE ( nav_isshow=1 ) ORDER BY nav_index  [ RunTime:0.0003s ]
NOTIC: [8] Undefined variable: global_user D:\thinkphp_3.2.3_full\guyuan\Runtime\Cache\Home\dd91f665b84972ae5be7fe3e09d380b7.php 第 42 行.
INFO: Run Behavior\ParseTemplateBehavior [ RunTime:0.028687s ]
INFO: [ view_parse ] --END-- [ RunTime:0.028830s ]
INFO: [ view_filter ] --START--
INFO: Run Behavior\WriteHtmlCacheBehavior [ RunTime:0.000429s ]
INFO: [ view_filter ] --END-- [ RunTime:0.000530s ]
INFO: [ app_end ] --START--
INFO: Run Behavior\ShowPageTraceBehavior [ RunTime:0.000583s ]
INFO: [ app_end ] --END-- [ RunTime:0.000684s ]

[ 2016-08-01T10:12:24+08:00 ] 127.0.0.1 /index.php/Home/Info/index/p/3.html
INFO: [ app_init ] --START--
INFO: Run Behavior\BuildLiteBehavior [ RunTime:0.000023s ]
INFO: [ app_init ] --END-- [ RunTime:0.000403s ]
INFO: [ app_begin ] --START--
INFO: Run Behavior\ReadHtmlCacheBehavior [ RunTime:0.000489s ]
INFO: Run Home\Behaviors\NavBehavior [ RunTime:0.000539s ]
NOTIC: [8] Undefined index: userin D:\thinkphp_3.2.3_full\guyuan\Home\API\UserAPI.class.php 第 73 行.
INFO: Run Home\Behaviors\UserBehavior [ RunTime:0.001234s ]
INFO: [ app_begin ] --END-- [ RunTime:0.002475s ]
SQL: SHOW COLUMNS FROM `5000_info` [ RunTime:0.0024s ]
SQL: SELECT COUNT(*) AS tp_count FROM `5000_info` WHERE ( info_type=1 ) LIMIT 1   [ RunTime:0.0003s ]
SQL: SELECT * FROM `5000_info` WHERE ( info_type=1 ) ORDER BY info_id desc LIMIT 10,5   [ RunTime:0.0003s ]
SQL: SHOW COLUMNS FROM `5000_info_meta` [ RunTime:0.0023s ]
SQL: SELECT * FROM `5000_info_meta` WHERE ( info_id in (49,48,47,46,45) )  [ RunTime:0.0003s ]
INFO: [ view_parse ] --START--
INFO: [ template_filter ] --START--
INFO: Run Behavior\ContentReplaceBehavior [ RunTime:0.000071s ]
INFO: [ template_filter ] --END-- [ RunTime:0.000171s ]
SQL: SHOW COLUMNS FROM `5000_navbar` [ RunTime:0.0023s ]
SQL: SELECT * FROM `5000_navbar` WHERE ( nav_isshow=1 ) ORDER BY nav_index  [ RunTime:0.0003s ]
NOTIC: [8] Undefined variable: global_user D:\thinkphp_3.2.3_full\guyuan\Runtime\Cache\Home\dd91f665b84972ae5be7fe3e09d380b7.php 第 42 行.
INFO: Run Behavior\ParseTemplateBehavior [ RunTime:0.014589s ]
INFO: [ view_parse ] --END-- [ RunTime:0.014678s ]
INFO: [ view_filter ] --START--
INFO: Run Behavior\WriteHtmlCacheBehavior [ RunTime:0.000357s ]
INFO: [ view_filter ] --END-- [ RunTime:0.000441s ]
INFO: [ app_end ] --START--
INFO: Run Behavior\ShowPageTraceBehavior [ RunTime:0.000475s ]
INFO: [ app_end ] --END-- [ RunTime:0.000559s ]

[ 2016-08-01T10:12:24+08:00 ] 127.0.0.1 /index.php/Home/Info/index/p/3.html
INFO: [ app_init ] --START--
INFO: Run Behavior\BuildLiteBehavior [ RunTime:0.000042s ]
INFO: [ app_init ] --END-- [ RunTime:0.000678s ]
INFO: [ app_begin ] --START--
INFO: Run Behavior\ReadHtmlCacheBehavior [ RunTime:0.000722s ]
INFO: Run Home\Behaviors\NavBehavior [ RunTime:0.000824s ]
NOTIC: [8] Undefined index: userin D:\thinkphp_3.2.3_full\guyuan\Home\API\UserAPI.class.php 第 73 行.
INFO: Run Home\Behaviors\UserBehavior [ RunTime:0.001995s ]
INFO: [ app_begin ] --END-- [ RunTime:0.003920s ]
SQL: SHOW COLUMNS FROM `5000_info` [ RunTime:0.0023s ]
SQL: SELECT COUNT(*) AS tp_count FROM `5000_info` WHERE ( info_type=1 ) LIMIT 1   [ RunTime:0.0003s ]
SQL: SELECT * FROM `5000_info` WHERE ( info_type=1 ) ORDER BY info_id desc LIMIT 10,5   [ RunTime:0.0003s ]
SQL: SHOW COLUMNS FROM `5000_info_meta` [ RunTime:0.0020s ]
SQL: SELECT * FROM `5000_info_meta` WHERE ( info_id in (49,48,47,46,45) )  [ RunTime:0.0002s ]
INFO: [ view_parse ] --START--
INFO: [ template_filter ] --START--
INFO: Run Behavior\ContentReplaceBehavior [ RunTime:0.000072s ]
INFO: [ template_filter ] --END-- [ RunTime:0.000170s ]
SQL: SHOW COLUMNS FROM `5000_navbar` [ RunTime:0.0023s ]
SQL: SELECT * FROM `5000_navbar` WHERE ( nav_isshow=1 ) ORDER BY nav_index  [ RunTime:0.0003s ]
NOTIC: [8] Undefined variable: global_user D:\thinkphp_3.2.3_full\guyuan\Runtime\Cache\Home\dd91f665b84972ae5be7fe3e09d380b7.php 第 42 行.
INFO: Run Behavior\ParseTemplateBehavior [ RunTime:0.014256s ]
INFO: [ view_parse ] --END-- [ RunTime:0.014347s ]
INFO: [ view_filter ] --START--
INFO: Run Behavior\WriteHtmlCacheBehavior [ RunTime:0.000260s ]
INFO: [ view_filter ] --END-- [ RunTime:0.000342s ]
INFO: [ app_end ] --START--
INFO: Run Behavior\ShowPageTraceBehavior [ RunTime:0.000411s ]
INFO: [ app_end ] --END-- [ RunTime:0.000503s ]

[ 2016-08-01T10:12:26+08:00 ] 127.0.0.1 /index.php/Home/Info/index/p/3.html
INFO: [ app_init ] --START--
INFO: Run Behavior\BuildLiteBehavior [ RunTime:0.000022s ]
INFO: [ app_init ] --END-- [ RunTime:0.000357s ]
INFO: [ app_begin ] --START--
INFO: Run Behavior\ReadHtmlCacheBehavior [ RunTime:0.000459s ]
INFO: Run Home\Behaviors\NavBehavior [ RunTime:0.000505s ]
NOTIC: [8] Undefined index: userin D:\thinkphp_3.2.3_full\guyuan\Home\API\UserAPI.class.php 第 73 行.
INFO: Run Home\Behaviors\UserBehavior [ RunTime:0.001230s ]
INFO: [ app_begin ] --END-- [ RunTime:0.002390s ]
SQL: SHOW COLUMNS FROM `5000_info` [ RunTime:0.0024s ]
SQL: SELECT COUNT(*) AS tp_count FROM `5000_info` WHERE ( info_type=1 ) LIMIT 1   [ RunTime:0.0002s ]
SQL: SELECT * FROM `5000_info` WHERE ( info_type=1 ) ORDER BY info_id desc LIMIT 10,5   [ RunTime:0.0003s ]
SQL: SHOW COLUMNS FROM `5000_info_meta` [ RunTime:0.0021s ]
SQL: SELECT * FROM `5000_info_meta` WHERE ( info_id in (49,48,47,46,45) )  [ RunTime:0.0002s ]
INFO: [ view_parse ] --START--
INFO: [ template_filter ] --START--
INFO: Run Behavior\ContentReplaceBehavior [ RunTime:0.000080s ]
INFO: [ template_filter ] --END-- [ RunTime:0.000191s ]
SQL: SHOW COLUMNS FROM `5000_navbar` [ RunTime:0.0023s ]
SQL: SELECT * FROM `5000_navbar` WHERE ( nav_isshow=1 ) ORDER BY nav_index  [ RunTime:0.0003s ]
NOTIC: [8] Undefined variable: global_user D:\thinkphp_3.2.3_full\guyuan\Runtime\Cache\Home\dd91f665b84972ae5be7fe3e09d380b7.php 第 42 行.
INFO: Run Behavior\ParseTemplateBehavior [ RunTime:0.015055s ]
INFO: [ view_parse ] --END-- [ RunTime:0.015147s ]
INFO: [ view_filter ] --START--
INFO: Run Behavior\WriteHtmlCacheBehavior [ RunTime:0.000329s ]
INFO: [ view_filter ] --END-- [ RunTime:0.000426s ]
INFO: [ app_end ] --START--
INFO: Run Behavior\ShowPageTraceBehavior [ RunTime:0.000480s ]
INFO: [ app_end ] --END-- [ RunTime:0.000564s ]

[ 2016-08-01T10:12:27+08:00 ] 127.0.0.1 /index.php/Home/Info/index/p/4.html
INFO: [ app_init ] --START--
INFO: Run Behavior\BuildLiteBehavior [ RunTime:0.000027s ]
INFO: [ app_init ] --END-- [ RunTime:0.000429s ]
INFO: [ app_begin ] --START--
INFO: Run Behavior\ReadHtmlCacheBehavior [ RunTime:0.000524s ]
INFO: Run Home\Behaviors\NavBehavior [ RunTime:0.000668s ]
NOTIC: [8] Undefined index: userin D:\thinkphp_3.2.3_full\guyuan\Home\API\UserAPI.class.php 第 73 行.
INFO: Run Home\Behaviors\UserBehavior [ RunTime:0.001564s ]
INFO: [ app_begin ] --END-- [ RunTime:0.003011s ]
SQL: SHOW COLUMNS FROM `5000_info` [ RunTime:0.0025s ]
SQL: SELECT COUNT(*) AS tp_count FROM `5000_info` WHERE ( info_type=1 ) LIMIT 1   [ RunTime:0.0003s ]
SQL: SELECT * FROM `5000_info` WHERE ( info_type=1 ) ORDER BY info_id desc LIMIT 15,5   [ RunTime:0.0003s ]
SQL: SHOW COLUMNS FROM `5000_info_meta` [ RunTime:0.0019s ]
SQL: SELECT * FROM `5000_info_meta` WHERE ( info_id in (44,43,42,41,40) )  [ RunTime:0.0002s ]
INFO: [ view_parse ] --START--
INFO: [ template_filter ] --START--
INFO: Run Behavior\ContentReplaceBehavior [ RunTime:0.000070s ]
INFO: [ template_filter ] --END-- [ RunTime:0.000168s ]
SQL: SHOW COLUMNS FROM `5000_navbar` [ RunTime:0.0020s ]
SQL: SELECT * FROM `5000_navbar` WHERE ( nav_isshow=1 ) ORDER BY nav_index  [ RunTime:0.0003s ]
NOTIC: [8] Undefined variable: global_user D:\thinkphp_3.2.3_full\guyuan\Runtime\Cache\Home\dd91f665b84972ae5be7fe3e09d380b7.php 第 42 行.
INFO: Run Behavior\ParseTemplateBehavior [ RunTime:0.013558s ]
INFO: [ view_parse ] --END-- [ RunTime:0.013657s ]
INFO: [ view_filter ] --START--
INFO: Run Behavior\WriteHtmlCacheBehavior [ RunTime:0.000257s ]
INFO: [ view_filter ] --END-- [ RunTime:0.000354s ]
INFO: [ app_end ] --START--
INFO: Run Behavior\ShowPageTraceBehavior [ RunTime:0.000397s ]
INFO: [ app_end ] --END-- [ RunTime:0.000479s ]

[ 2016-08-01T10:18:01+08:00 ] 127.0.0.1 /index.php/Home/Info/index/p/4.html
INFO: [ app_init ] --START--
INFO: Run Behavior\BuildLiteBehavior [ RunTime:0.000034s ]
INFO: [ app_init ] --END-- [ RunTime:0.000544s ]
INFO: [ app_begin ] --START--
INFO: Run Behavior\ReadHtmlCacheBehavior [ RunTime:0.000698s ]
INFO: Run Home\Behaviors\NavBehavior [ RunTime:0.000776s ]
NOTIC: [8] Undefined index: userin D:\thinkphp_3.2.3_full\guyuan\Home\API\UserAPI.class.php 第 73 行.
INFO: Run Home\Behaviors\UserBehavior [ RunTime:0.001577s ]
INFO: [ app_begin ] --END-- [ RunTime:0.003326s ]
SQL: SHOW COLUMNS FROM `5000_info` [ RunTime:0.0026s ]
SQL: SELECT COUNT(*) AS tp_count FROM `5000_info` WHERE ( info_type=1 ) LIMIT 1   [ RunTime:0.0003s ]
SQL: SELECT * FROM `5000_info` WHERE ( info_type=1 ) ORDER BY info_id desc LIMIT 15,5   [ RunTime:0.0003s ]
SQL: SHOW COLUMNS FROM `5000_info_meta` [ RunTime:0.0021s ]
SQL: SELECT * FROM `5000_info_meta` WHERE ( info_id in (44,43,42,41,40) )  [ RunTime:0.0002s ]
INFO: [ view_parse ] --START--
INFO: [ template_filter ] --START--
INFO: Run Behavior\ContentReplaceBehavior [ RunTime:0.000071s ]
INFO: [ template_filter ] --END-- [ RunTime:0.000169s ]

[ 2016-08-01T10:18:14+08:00 ] 127.0.0.1 /index.php/Home/Info/index/p/4.html
INFO: [ app_init ] --START--
INFO: Run Behavior\BuildLiteBehavior [ RunTime:0.000065s ]
INFO: [ app_init ] --END-- [ RunTime:0.001352s ]
INFO: [ app_begin ] --START--
INFO: Run Behavior\ReadHtmlCacheBehavior [ RunTime:0.000734s ]
INFO: Run Home\Behaviors\NavBehavior [ RunTime:0.000886s ]
NOTIC: [8] Undefined index: userin D:\thinkphp_3.2.3_full\guyuan\Home\API\UserAPI.class.php 第 73 行.
INFO: Run Home\Behaviors\UserBehavior [ RunTime:0.002038s ]
INFO: [ app_begin ] --END-- [ RunTime:0.004066s ]
SQL: SHOW COLUMNS FROM `5000_info` [ RunTime:0.0048s ]
SQL: SELECT COUNT(*) AS tp_count FROM `5000_info` WHERE ( info_type=1 ) LIMIT 1   [ RunTime:0.0007s ]
SQL: SELECT * FROM `5000_info` WHERE ( info_type=1 ) ORDER BY info_id desc LIMIT 15,5   [ RunTime:0.0007s ]
SQL: SHOW COLUMNS FROM `5000_info_meta` [ RunTime:0.0031s ]
SQL: SELECT * FROM `5000_info_meta` WHERE ( info_id in (44,43,42,41,40) )  [ RunTime:0.0003s ]
INFO: [ view_parse ] --START--
INFO: [ template_filter ] --START--
INFO: Run Behavior\ContentReplaceBehavior [ RunTime:0.000081s ]
INFO: [ template_filter ] --END-- [ RunTime:0.000202s ]

[ 2016-08-01T10:18:37+08:00 ] 127.0.0.1 /Home/Info/index
INFO: [ app_init ] --START--
INFO: Run Behavior\BuildLiteBehavior [ RunTime:0.000023s ]
INFO: [ app_init ] --END-- [ RunTime:0.000375s ]
INFO: [ app_begin ] --START--
INFO: Run Behavior\ReadHtmlCacheBehavior [ RunTime:0.000405s ]
INFO: Run Home\Behaviors\NavBehavior [ RunTime:0.000477s ]
NOTIC: [8] Undefined index: userin D:\thinkphp_3.2.3_full\guyuan\Home\API\UserAPI.class.php 第 73 行.
INFO: Run Home\Behaviors\UserBehavior [ RunTime:0.001239s ]
INFO: [ app_begin ] --END-- [ RunTime:0.002321s ]
SQL: SHOW COLUMNS FROM `5000_info` [ RunTime:0.0023s ]
SQL: SELECT COUNT(*) AS tp_count FROM `5000_info` WHERE ( info_type=1 ) LIMIT 1   [ RunTime:0.0002s ]
SQL: SELECT * FROM `5000_info` WHERE ( info_type=1 ) ORDER BY info_id desc LIMIT 0,5   [ RunTime:0.0002s ]
SQL: SHOW COLUMNS FROM `5000_info_meta` [ RunTime:0.0026s ]
SQL: SELECT * FROM `5000_info_meta` WHERE ( info_id in (59,58,57,56,55) )  [ RunTime:0.0002s ]
INFO: [ view_parse ] --START--
INFO: [ template_filter ] --START--
INFO: Run Behavior\ContentReplaceBehavior [ RunTime:0.000079s ]
INFO: [ template_filter ] --END-- [ RunTime:0.000202s ]

[ 2016-08-01T10:18:41+08:00 ] 127.0.0.1 /Home/Info/index
INFO: [ app_init ] --START--
INFO: Run Behavior\BuildLiteBehavior [ RunTime:0.000039s ]
INFO: [ app_init ] --END-- [ RunTime:0.000646s ]
INFO: [ app_begin ] --START--
INFO: Run Behavior\ReadHtmlCacheBehavior [ RunTime:0.001410s ]
INFO: Run Home\Behaviors\NavBehavior [ RunTime:0.001381s ]
NOTIC: [8] Undefined index: userin D:\thinkphp_3.2.3_full\guyuan\Home\API\UserAPI.class.php 第 73 行.
INFO: Run Home\Behaviors\UserBehavior [ RunTime:0.002074s ]
INFO: [ app_begin ] --END-- [ RunTime:0.005318s ]
SQL: SHOW COLUMNS FROM `5000_info` [ RunTime:0.0037s ]
SQL: SELECT COUNT(*) AS tp_count FROM `5000_info` WHERE ( info_type=1 ) LIMIT 1   [ RunTime:0.0003s ]
SQL: SELECT * FROM `5000_info` WHERE ( info_type=1 ) ORDER BY info_id desc LIMIT 0,5   [ RunTime:0.0004s ]
SQL: SHOW COLUMNS FROM `5000_info_meta` [ RunTime:0.0040s ]
SQL: SELECT * FROM `5000_info_meta` WHERE ( info_id in (59,58,57,56,55) )  [ RunTime:0.0006s ]
INFO: [ view_parse ] --START--
INFO: [ template_filter ] --START--
INFO: Run Behavior\ContentReplaceBehavior [ RunTime:0.000077s ]
INFO: [ template_filter ] --END-- [ RunTime:0.000215s ]

[ 2016-08-01T10:23:33+08:00 ] 127.0.0.1 /Home/Info/index
INFO: [ app_init ] --START--
INFO: Run Behavior\BuildLiteBehavior [ RunTime:0.000038s ]
INFO: [ app_init ] --END-- [ RunTime:0.000400s ]
INFO: [ app_begin ] --START--
INFO: Run Behavior\ReadHtmlCacheBehavior [ RunTime:0.000467s ]
INFO: Run Home\Behaviors\NavBehavior [ RunTime:0.000589s ]
NOTIC: [8] Undefined index: userin D:\thinkphp_3.2.3_full\guyuan\Home\API\UserAPI.class.php 第 73 行.
INFO: Run Home\Behaviors\UserBehavior [ RunTime:0.001355s ]
INFO: [ app_begin ] --END-- [ RunTime:0.002614s ]
SQL: SHOW COLUMNS FROM `5000_info` [ RunTime:0.0088s ]
SQL: SELECT COUNT(*) AS tp_count FROM `5000_info` WHERE ( info_type=1 ) LIMIT 1   [ RunTime:0.0003s ]
SQL: SELECT * FROM `5000_info` WHERE ( info_type=1 ) ORDER BY info_id desc LIMIT 0,5   [ RunTime:0.0003s ]
SQL: SHOW COLUMNS FROM `5000_info_meta` [ RunTime:0.0022s ]
SQL: SELECT * FROM `5000_info_meta` WHERE ( info_id in (59,58,57,56,55) )  [ RunTime:0.0002s ]
INFO: [ view_parse ] --START--
INFO: [ template_filter ] --START--
INFO: Run Behavior\ContentReplaceBehavior [ RunTime:0.000071s ]
INFO: [ template_filter ] --END-- [ RunTime:0.000170s ]

[ 2016-08-01T10:23:46+08:00 ] 127.0.0.1 /index.php/Home/Info/index/p/4.html
INFO: [ app_init ] --START--
INFO: Run Behavior\BuildLiteBehavior [ RunTime:0.000042s ]
INFO: [ app_init ] --END-- [ RunTime:0.000668s ]
INFO: [ app_begin ] --START--
INFO: Run Behavior\ReadHtmlCacheBehavior [ RunTime:0.000829s ]
INFO: Run Home\Behaviors\NavBehavior [ RunTime:0.001011s ]
NOTIC: [8] Undefined index: userin D:\thinkphp_3.2.3_full\guyuan\Home\API\UserAPI.class.php 第 73 行.
INFO: Run Home\Behaviors\UserBehavior [ RunTime:0.001640s ]
INFO: [ app_begin ] --END-- [ RunTime:0.003852s ]
SQL: SHOW COLUMNS FROM `5000_info` [ RunTime:0.0023s ]
SQL: SELECT COUNT(*) AS tp_count FROM `5000_info` WHERE ( info_type=1 ) LIMIT 1   [ RunTime:0.0003s ]
SQL: SELECT * FROM `5000_info` WHERE ( info_type=1 ) ORDER BY info_id desc LIMIT 15,5   [ RunTime:0.0005s ]
SQL: SHOW COLUMNS FROM `5000_info_meta` [ RunTime:0.0023s ]
SQL: SELECT * FROM `5000_info_meta` WHERE ( info_id in (44,43,42,41,40) )  [ RunTime:0.0002s ]
INFO: [ view_parse ] --START--
INFO: [ template_filter ] --START--
INFO: Run Behavior\ContentReplaceBehavior [ RunTime:0.000072s ]
INFO: [ template_filter ] --END-- [ RunTime:0.000169s ]

[ 2016-08-01T10:23:47+08:00 ] 127.0.0.1 /index.php/Home/Info/index/p/4.html
INFO: [ app_init ] --START--
INFO: Run Behavior\BuildLiteBehavior [ RunTime:0.000042s ]
INFO: [ app_init ] --END-- [ RunTime:0.000714s ]
INFO: [ app_begin ] --START--
INFO: Run Behavior\ReadHtmlCacheBehavior [ RunTime:0.000391s ]
INFO: Run Home\Behaviors\NavBehavior [ RunTime:0.000482s ]
NOTIC: [8] Undefined index: userin D:\thinkphp_3.2.3_full\guyuan\Home\API\UserAPI.class.php 第 73 行.
INFO: Run Home\Behaviors\UserBehavior [ RunTime:0.001255s ]
INFO: [ app_begin ] --END-- [ RunTime:0.002338s ]
SQL: SHOW COLUMNS FROM `5000_info` [ RunTime:0.0023s ]
SQL: SELECT COUNT(*) AS tp_count FROM `5000_info` WHERE ( info_type=1 ) LIMIT 1   [ RunTime:0.0003s ]
SQL: SELECT * FROM `5000_info` WHERE ( info_type=1 ) ORDER BY info_id desc LIMIT 15,5   [ RunTime:0.0003s ]
SQL: SHOW COLUMNS FROM `5000_info_meta` [ RunTime:0.0025s ]
SQL: SELECT * FROM `5000_info_meta` WHERE ( info_id in (44,43,42,41,40) )  [ RunTime:0.0002s ]
INFO: [ view_parse ] --START--
INFO: [ template_filter ] --START--
INFO: Run Behavior\ContentReplaceBehavior [ RunTime:0.000085s ]
INFO: [ template_filter ] --END-- [ RunTime:0.000213s ]

[ 2016-08-01T10:23:48+08:00 ] 127.0.0.1 /index.php/Home/Info/index/p/4.html
INFO: [ app_init ] --START--
INFO: Run Behavior\BuildLiteBehavior [ RunTime:0.000038s ]
INFO: [ app_init ] --END-- [ RunTime:0.000629s ]
INFO: [ app_begin ] --START--
INFO: Run Behavior\ReadHtmlCacheBehavior [ RunTime:0.000710s ]
INFO: Run Home\Behaviors\NavBehavior [ RunTime:0.000882s ]
NOTIC: [8] Undefined index: userin D:\thinkphp_3.2.3_full\guyuan\Home\API\UserAPI.class.php 第 73 行.
INFO: Run Home\Behaviors\UserBehavior [ RunTime:0.002285s ]
INFO: [ app_begin ] --END-- [ RunTime:0.004265s ]
SQL: SHOW COLUMNS FROM `5000_info` [ RunTime:0.0023s ]
SQL: SELECT COUNT(*) AS tp_count FROM `5000_info` WHERE ( info_type=1 ) LIMIT 1   [ RunTime:0.0005s ]
SQL: SELECT * FROM `5000_info` WHERE ( info_type=1 ) ORDER BY info_id desc LIMIT 15,5   [ RunTime:0.0003s ]
SQL: SHOW COLUMNS FROM `5000_info_meta` [ RunTime:0.0024s ]
SQL: SELECT * FROM `5000_info_meta` WHERE ( info_id in (44,43,42,41,40) )  [ RunTime:0.0002s ]
INFO: [ view_parse ] --START--
INFO: [ template_filter ] --START--
INFO: Run Behavior\ContentReplaceBehavior [ RunTime:0.000072s ]
INFO: [ template_filter ] --END-- [ RunTime:0.000175s ]

[ 2016-08-01T10:23:48+08:00 ] 127.0.0.1 /index.php/Home/Info/index/p/4.html
INFO: [ app_init ] --START--
INFO: Run Behavior\BuildLiteBehavior [ RunTime:0.000036s ]
INFO: [ app_init ] --END-- [ RunTime:0.000498s ]
INFO: [ app_begin ] --START--
INFO: Run Behavior\ReadHtmlCacheBehavior [ RunTime:0.000591s ]
INFO: Run Home\Behaviors\NavBehavior [ RunTime:0.000735s ]
NOTIC: [8] Undefined index: userin D:\thinkphp_3.2.3_full\guyuan\Home\API\UserAPI.class.php 第 73 行.
INFO: Run Home\Behaviors\UserBehavior [ RunTime:0.001593s ]
INFO: [ app_begin ] --END-- [ RunTime:0.003241s ]
SQL: SHOW COLUMNS FROM `5000_info` [ RunTime:0.0023s ]
SQL: SELECT COUNT(*) AS tp_count FROM `5000_info` WHERE ( info_type=1 ) LIMIT 1   [ RunTime:0.0002s ]
SQL: SELECT * FROM `5000_info` WHERE ( info_type=1 ) ORDER BY info_id desc LIMIT 15,5   [ RunTime:0.0003s ]
SQL: SHOW COLUMNS FROM `5000_info_meta` [ RunTime:0.0021s ]
SQL: SELECT * FROM `5000_info_meta` WHERE ( info_id in (44,43,42,41,40) )  [ RunTime:0.0002s ]
INFO: [ view_parse ] --START--
INFO: [ template_filter ] --START--
INFO: Run Behavior\ContentReplaceBehavior [ RunTime:0.000072s ]
INFO: [ template_filter ] --END-- [ RunTime:0.000173s ]

[ 2016-08-01T10:23:48+08:00 ] 127.0.0.1 /index.php/Home/Info/index/p/4.html
INFO: [ app_init ] --START--
INFO: Run Behavior\BuildLiteBehavior [ RunTime:0.000043s ]
INFO: [ app_init ] --END-- [ RunTime:0.000704s ]
INFO: [ app_begin ] --START--
INFO: Run Behavior\ReadHtmlCacheBehavior [ RunTime:0.001164s ]
INFO: Run Home\Behaviors\NavBehavior [ RunTime:0.001365s ]
NOTIC: [8] Undefined index: userin D:\thinkphp_3.2.3_full\guyuan\Home\API\UserAPI.class.php 第 73 行.
INFO: Run Home\Behaviors\UserBehavior [ RunTime:0.002658s ]
INFO: [ app_begin ] --END-- [ RunTime:0.005690s ]
SQL: SHOW COLUMNS FROM `5000_info` [ RunTime:0.0028s ]
SQL: SELECT COUNT(*) AS tp_count FROM `5000_info` WHERE ( info_type=1 ) LIMIT 1   [ RunTime:0.0003s ]
SQL: SELECT * FROM `5000_info` WHERE ( info_type=1 ) ORDER BY info_id desc LIMIT 15,5   [ RunTime:0.0004s ]
SQL: SHOW COLUMNS FROM `5000_info_meta` [ RunTime:0.0029s ]
SQL: SELECT * FROM `5000_info_meta` WHERE ( info_id in (44,43,42,41,40) )  [ RunTime:0.0003s ]
INFO: [ view_parse ] --START--
INFO: [ template_filter ] --START--
INFO: Run Behavior\ContentReplaceBehavior [ RunTime:0.000087s ]
INFO: [ template_filter ] --END-- [ RunTime:0.000227s ]

[ 2016-08-01T10:26:21+08:00 ] 127.0.0.1 /index.php/Home/Info/index/p/4.html
INFO: [ app_init ] --START--
INFO: Run Behavior\BuildLiteBehavior [ RunTime:0.000033s ]
INFO: [ app_init ] --END-- [ RunTime:0.000504s ]
INFO: [ app_begin ] --START--
INFO: Run Behavior\ReadHtmlCacheBehavior [ RunTime:0.000473s ]
INFO: Run Home\Behaviors\NavBehavior [ RunTime:0.000596s ]
NOTIC: [8] Undefined index: userin D:\thinkphp_3.2.3_full\guyuan\Home\API\UserAPI.class.php 第 73 行.
INFO: Run Home\Behaviors\UserBehavior [ RunTime:0.001366s ]
INFO: [ app_begin ] --END-- [ RunTime:0.002646s ]
SQL: SHOW COLUMNS FROM `5000_info` [ RunTime:0.0024s ]
SQL: SELECT COUNT(*) AS tp_count FROM `5000_info` WHERE ( info_type=1 ) LIMIT 1   [ RunTime:0.0003s ]
SQL: SELECT * FROM `5000_info` WHERE ( info_type=1 ) ORDER BY info_id desc LIMIT 15,5   [ RunTime:0.0003s ]
SQL: SHOW COLUMNS FROM `5000_info_meta` [ RunTime:0.0023s ]
SQL: SELECT * FROM `5000_info_meta` WHERE ( info_id in (44,43,42,41,40) )  [ RunTime:0.0002s ]
INFO: [ view_parse ] --START--
INFO: [ template_filter ] --START--
INFO: Run Behavior\ContentReplaceBehavior [ RunTime:0.000071s ]
INFO: [ template_filter ] --END-- [ RunTime:0.000172s ]

[ 2016-08-01T10:26:22+08:00 ] 127.0.0.1 /index.php/Home/Info/index/p/4.html
INFO: [ app_init ] --START--
INFO: Run Behavior\BuildLiteBehavior [ RunTime:0.000028s ]
INFO: [ app_init ] --END-- [ RunTime:0.000461s ]
INFO: [ app_begin ] --START--
INFO: Run Behavior\ReadHtmlCacheBehavior [ RunTime:0.000497s ]
INFO: Run Home\Behaviors\NavBehavior [ RunTime:0.000657s ]
NOTIC: [8] Undefined index: userin D:\thinkphp_3.2.3_full\guyuan\Home\API\UserAPI.class.php 第 73 行.
INFO: Run Home\Behaviors\UserBehavior [ RunTime:0.001616s ]
INFO: [ app_begin ] --END-- [ RunTime:0.003033s ]
SQL: SHOW COLUMNS FROM `5000_info` [ RunTime:0.0028s ]
SQL: SELECT COUNT(*) AS tp_count FROM `5000_info` WHERE ( info_type=1 ) LIMIT 1   [ RunTime:0.0003s ]
SQL: SELECT * FROM `5000_info` WHERE ( info_type=1 ) ORDER BY info_id desc LIMIT 15,5   [ RunTime:0.0004s ]
SQL: SHOW COLUMNS FROM `5000_info_meta` [ RunTime:0.0024s ]
SQL: SELECT * FROM `5000_info_meta` WHERE ( info_id in (44,43,42,41,40) )  [ RunTime:0.0003s ]
INFO: [ view_parse ] --START--
INFO: [ template_filter ] --START--
INFO: Run Behavior\ContentReplaceBehavior [ RunTime:0.000072s ]
INFO: [ template_filter ] --END-- [ RunTime:0.000174s ]

[ 2016-08-01T10:27:28+08:00 ] 127.0.0.1 /index.php/Home/Info/index/p/4.html
INFO: [ app_init ] --START--
INFO: Run Behavior\BuildLiteBehavior [ RunTime:0.000024s ]
INFO: [ app_init ] --END-- [ RunTime:0.000426s ]
INFO: [ app_begin ] --START--
INFO: Run Behavior\ReadHtmlCacheBehavior [ RunTime:0.000408s ]
INFO: Run Home\Behaviors\NavBehavior [ RunTime:0.000577s ]
NOTIC: [8] Undefined index: userin D:\thinkphp_3.2.3_full\guyuan\Home\API\UserAPI.class.php 第 73 行.
INFO: Run Home\Behaviors\UserBehavior [ RunTime:0.001340s ]
INFO: [ app_begin ] --END-- [ RunTime:0.002593s ]
SQL: SHOW COLUMNS FROM `5000_info` [ RunTime:0.0022s ]
SQL: SELECT COUNT(*) AS tp_count FROM `5000_info` WHERE ( info_type=1 ) LIMIT 1   [ RunTime:0.0003s ]
SQL: SELECT * FROM `5000_info` WHERE ( info_type=1 ) ORDER BY info_id desc LIMIT 15,5   [ RunTime:0.0003s ]
SQL: SHOW COLUMNS FROM `5000_info_meta` [ RunTime:0.0021s ]
SQL: SELECT * FROM `5000_info_meta` WHERE ( info_id in (44,43,42,41,40) )  [ RunTime:0.0002s ]
INFO: [ view_parse ] --START--
INFO: [ template_filter ] --START--
INFO: Run Behavior\ContentReplaceBehavior [ RunTime:0.000072s ]
INFO: [ template_filter ] --END-- [ RunTime:0.000171s ]
SQL: SHOW COLUMNS FROM `5000_navbar` [ RunTime:0.0023s ]
SQL: SELECT * FROM `5000_navbar` WHERE ( nav_isshow=1 ) ORDER BY nav_index  [ RunTime:0.0003s ]
NOTIC: [8] Undefined variable: global_user D:\thinkphp_3.2.3_full\guyuan\Runtime\Cache\Home\dd91f665b84972ae5be7fe3e09d380b7.php 第 42 行.
INFO: [ view_parse ] --START--
INFO: [ template_filter ] --START--
INFO: Run Behavior\ContentReplaceBehavior [ RunTime:0.000052s ]
INFO: [ template_filter ] --END-- [ RunTime:-0.007004s ]
INFO: Run Behavior\ParseTemplateBehavior [ RunTime:0.001758s ]
INFO: [ view_parse ] --END-- [ RunTime:0.001853s ]
INFO: [ view_filter ] --START--
INFO: Run Behavior\WriteHtmlCacheBehavior [ RunTime:0.000332s ]
INFO: [ view_filter ] --END-- [ RunTime:0.000428s ]
INFO: Run Behavior\ParseTemplateBehavior [ RunTime:0.002385s ]
INFO: [ view_parse ] --END-- [ RunTime:0.001853s ]
INFO: [ view_filter ] --START--
INFO: Run Behavior\WriteHtmlCacheBehavior [ RunTime:0.000021s ]
INFO: [ view_filter ] --END-- [ RunTime:-0.000192s ]
INFO: [ app_end ] --START--
INFO: Run Behavior\ShowPageTraceBehavior [ RunTime:0.000547s ]
INFO: [ app_end ] --END-- [ RunTime:0.000677s ]

[ 2016-08-01T10:30:01+08:00 ] 127.0.0.1 /index.php/Home/Info/index/p/4.html
INFO: [ app_init ] --START--
INFO: Run Behavior\BuildLiteBehavior [ RunTime:0.000023s ]
INFO: [ app_init ] --END-- [ RunTime:0.000388s ]
INFO: [ app_begin ] --START--
INFO: Run Behavior\ReadHtmlCacheBehavior [ RunTime:0.000543s ]
INFO: Run Home\Behaviors\NavBehavior [ RunTime:0.000543s ]
NOTIC: [8] Undefined index: userin D:\thinkphp_3.2.3_full\guyuan\Home\API\UserAPI.class.php 第 73 行.
INFO: Run Home\Behaviors\UserBehavior [ RunTime:0.001634s ]
INFO: [ app_begin ] --END-- [ RunTime:0.002949s ]
SQL: SHOW COLUMNS FROM `5000_info` [ RunTime:0.0023s ]
SQL: SELECT COUNT(*) AS tp_count FROM `5000_info` WHERE ( info_type=1 ) LIMIT 1   [ RunTime:0.0003s ]
SQL: SELECT * FROM `5000_info` WHERE ( info_type=1 ) ORDER BY info_id desc LIMIT 15,5   [ RunTime:0.0003s ]
SQL: SHOW COLUMNS FROM `5000_info_meta` [ RunTime:0.0021s ]
SQL: SELECT * FROM `5000_info_meta` WHERE ( info_id in (44,43,42,41,40) )  [ RunTime:0.0003s ]
INFO: [ view_parse ] --START--
INFO: [ template_filter ] --START--
INFO: Run Behavior\ContentReplaceBehavior [ RunTime:0.000072s ]
INFO: [ template_filter ] --END-- [ RunTime:0.000175s ]
SQL: SHOW COLUMNS FROM `5000_navbar` [ RunTime:0.0023s ]
SQL: SELECT * FROM `5000_navbar` WHERE ( nav_isshow=1 ) ORDER BY nav_index  [ RunTime:0.0003s ]
NOTIC: [8] Undefined variable: global_user D:\thinkphp_3.2.3_full\guyuan\Runtime\Cache\Home\dd91f665b84972ae5be7fe3e09d380b7.php 第 42 行.
INFO: [ view_parse ] --START--
INFO: [ template_filter ] --START--
INFO: Run Behavior\ContentReplaceBehavior [ RunTime:0.000057s ]
INFO: [ template_filter ] --END-- [ RunTime:-0.007469s ]
INFO: Run Behavior\ParseTemplateBehavior [ RunTime:0.001883s ]
INFO: [ view_parse ] --END-- [ RunTime:0.001988s ]
INFO: [ view_filter ] --START--
INFO: Run Behavior\WriteHtmlCacheBehavior [ RunTime:0.000269s ]
INFO: [ view_filter ] --END-- [ RunTime:0.000356s ]
INFO: Run Behavior\ParseTemplateBehavior [ RunTime:0.002448s ]
INFO: [ view_parse ] --END-- [ RunTime:0.001988s ]
INFO: [ view_filter ] --START--
INFO: Run Behavior\WriteHtmlCacheBehavior [ RunTime:0.000022s ]
INFO: [ view_filter ] --END-- [ RunTime:-0.000191s ]
INFO: [ app_end ] --START--
INFO: Run Behavior\ShowPageTraceBehavior [ RunTime:0.000514s ]
INFO: [ app_end ] --END-- [ RunTime:0.000604s ]

[ 2016-08-01T14:42:35+08:00 ] 127.0.0.1 /index.php/Home/Info/index/p/4.html
INFO: [ app_init ] --START--
INFO: Run Behavior\BuildLiteBehavior [ RunTime:0.000025s ]
INFO: [ app_init ] --END-- [ RunTime:0.000419s ]
INFO: [ app_begin ] --START--
INFO: Run Behavior\ReadHtmlCacheBehavior [ RunTime:0.000549s ]
INFO: Run Home\Behaviors\NavBehavior [ RunTime:0.000625s ]
NOTIC: [8] Undefined index: userin D:\thinkphp_3.2.3_full\guyuan\Home\API\UserAPI.class.php 第 73 行.
INFO: Run Home\Behaviors\UserBehavior [ RunTime:0.001386s ]
INFO: [ app_begin ] --END-- [ RunTime:0.002796s ]
SQL: SHOW COLUMNS FROM `5000_info` [ RunTime:0.0027s ]
SQL: SELECT COUNT(*) AS tp_count FROM `5000_info` WHERE ( info_type=1 ) LIMIT 1   [ RunTime:0.0003s ]
SQL: SELECT * FROM `5000_info` WHERE ( info_type=1 ) ORDER BY info_id desc LIMIT 15,5   [ RunTime:0.0003s ]
SQL: SHOW COLUMNS FROM `5000_info_meta` [ RunTime:0.0023s ]
SQL: SELECT * FROM `5000_info_meta` WHERE ( info_id in (44,43,42,41,40) )  [ RunTime:0.0002s ]
INFO: [ view_parse ] --START--
INFO: [ template_filter ] --START--
INFO: Run Behavior\ContentReplaceBehavior [ RunTime:0.000072s ]
INFO: [ template_filter ] --END-- [ RunTime:0.000170s ]
SQL: SHOW COLUMNS FROM `5000_navbar` [ RunTime:0.0023s ]
SQL: SELECT * FROM `5000_navbar` WHERE ( nav_isshow=1 ) ORDER BY nav_index  [ RunTime:0.0003s ]
NOTIC: [8] Undefined variable: global_user D:\thinkphp_3.2.3_full\guyuan\Runtime\Cache\Home\dd91f665b84972ae5be7fe3e09d380b7.php 第 42 行.
NOTIC: [2] Missing argument 1 for Home\Widget\InfoWidget::load() D:\thinkphp_3.2.3_full\guyuan\Home\Widget\InfoWidget.class.php 第 8 行.
SQL: SHOW COLUMNS FROM `5000_info_widget` [ RunTime:0.0079s ]
NOTIC: [8] Undefined variable: id D:\thinkphp_3.2.3_full\guyuan\Home\Widget\InfoWidget.class.php 第 10 行.
ERR: 1064:You have an error in your SQL syntax; check the manual that corresponds to your MySQL server version for the right syntax to use near ') LIMIT 1' at line 1
 [ SQL语句 ] : SELECT * FROM `5000_info_widget` WHERE ( wig_id= ) LIMIT 1  
ERR: 1064:You have an error in your SQL syntax; check the manual that corresponds to your MySQL server version for the right syntax to use near ') LIMIT 1' at line 1
 [ SQL语句 ] : SELECT * FROM `5000_info_widget` WHERE ( wig_id= ) LIMIT 1  

[ 2016-08-01T14:43:17+08:00 ] 127.0.0.1 /index.php/Home/Info/index/p/4.html
INFO: [ app_init ] --START--
INFO: Run Behavior\BuildLiteBehavior [ RunTime:0.000043s ]
INFO: [ app_init ] --END-- [ RunTime:0.000728s ]
INFO: [ app_begin ] --START--
INFO: Run Behavior\ReadHtmlCacheBehavior [ RunTime:0.000990s ]
INFO: Run Home\Behaviors\NavBehavior [ RunTime:0.001058s ]
NOTIC: [8] Undefined index: userin D:\thinkphp_3.2.3_full\guyuan\Home\API\UserAPI.class.php 第 73 行.
INFO: Run Home\Behaviors\UserBehavior [ RunTime:0.002385s ]
INFO: [ app_begin ] --END-- [ RunTime:0.004874s ]
SQL: SHOW COLUMNS FROM `5000_info` [ RunTime:0.0025s ]
SQL: SELECT COUNT(*) AS tp_count FROM `5000_info` WHERE ( info_type=1 ) LIMIT 1   [ RunTime:0.0003s ]
SQL: SELECT * FROM `5000_info` WHERE ( info_type=1 ) ORDER BY info_id desc LIMIT 15,5   [ RunTime:0.0003s ]
SQL: SHOW COLUMNS FROM `5000_info_meta` [ RunTime:0.0023s ]
SQL: SELECT * FROM `5000_info_meta` WHERE ( info_id in (44,43,42,41,40) )  [ RunTime:0.0002s ]
INFO: [ view_parse ] --START--
INFO: [ template_filter ] --START--
INFO: Run Behavior\ContentReplaceBehavior [ RunTime:0.000071s ]
INFO: [ template_filter ] --END-- [ RunTime:0.000179s ]
SQL: SHOW COLUMNS FROM `5000_navbar` [ RunTime:0.0023s ]
SQL: SELECT * FROM `5000_navbar` WHERE ( nav_isshow=1 ) ORDER BY nav_index  [ RunTime:0.0003s ]
NOTIC: [8] Undefined variable: global_user D:\thinkphp_3.2.3_full\guyuan\Runtime\Cache\Home\dd91f665b84972ae5be7fe3e09d380b7.php 第 42 行.
SQL: SHOW COLUMNS FROM `5000_info_widget` [ RunTime:0.0021s ]
SQL: SELECT * FROM `5000_info_widget` WHERE ( wig_id=1 ) LIMIT 1   [ RunTime:0.0002s ]
ERR: Think\Model:limt方法不存在！

[ 2016-08-01T14:44:42+08:00 ] 127.0.0.1 /index.php/Home/Info/index/p/4.html
INFO: [ app_init ] --START--
INFO: Run Behavior\BuildLiteBehavior [ RunTime:0.000025s ]
INFO: [ app_init ] --END-- [ RunTime:0.000521s ]
INFO: [ app_begin ] --START--
INFO: Run Behavior\ReadHtmlCacheBehavior [ RunTime:0.000493s ]
INFO: Run Home\Behaviors\NavBehavior [ RunTime:0.000597s ]
NOTIC: [8] Undefined index: userin D:\thinkphp_3.2.3_full\guyuan\Home\API\UserAPI.class.php 第 73 行.
INFO: Run Home\Behaviors\UserBehavior [ RunTime:0.001401s ]
INFO: [ app_begin ] --END-- [ RunTime:0.002698s ]
SQL: SHOW COLUMNS FROM `5000_info` [ RunTime:0.0026s ]
SQL: SELECT COUNT(*) AS tp_count FROM `5000_info` WHERE ( info_type=1 ) LIMIT 1   [ RunTime:0.0003s ]
SQL: SELECT * FROM `5000_info` WHERE ( info_type=1 ) ORDER BY info_id desc LIMIT 15,5   [ RunTime:0.0003s ]
SQL: SHOW COLUMNS FROM `5000_info_meta` [ RunTime:0.0021s ]
SQL: SELECT * FROM `5000_info_meta` WHERE ( info_id in (44,43,42,41,40) )  [ RunTime:0.0002s ]
INFO: [ view_parse ] --START--
INFO: [ template_filter ] --START--
INFO: Run Behavior\ContentReplaceBehavior [ RunTime:0.000072s ]
INFO: [ template_filter ] --END-- [ RunTime:0.000172s ]
SQL: SHOW COLUMNS FROM `5000_navbar` [ RunTime:0.0022s ]
SQL: SELECT * FROM `5000_navbar` WHERE ( nav_isshow=1 ) ORDER BY nav_index  [ RunTime:0.0003s ]
NOTIC: [8] Undefined variable: global_user D:\thinkphp_3.2.3_full\guyuan\Runtime\Cache\Home\dd91f665b84972ae5be7fe3e09d380b7.php 第 42 行.
SQL: SHOW COLUMNS FROM `5000_info_widget` [ RunTime:0.0023s ]
SQL: SELECT * FROM `5000_info_widget` WHERE ( wig_id=1 ) LIMIT 1   [ RunTime:0.0002s ]

[ 2016-08-01T14:45:50+08:00 ] 127.0.0.1 /index.php/Home/Info/index/p/4.html
INFO: [ app_init ] --START--
INFO: Run Behavior\BuildLiteBehavior [ RunTime:0.000022s ]
INFO: [ app_init ] --END-- [ RunTime:0.000371s ]
INFO: [ app_begin ] --START--
INFO: Run Behavior\ReadHtmlCacheBehavior [ RunTime:0.000600s ]
INFO: Run Home\Behaviors\NavBehavior [ RunTime:0.000656s ]
NOTIC: [8] Undefined index: userin D:\thinkphp_3.2.3_full\guyuan\Home\API\UserAPI.class.php 第 73 行.
INFO: Run Home\Behaviors\UserBehavior [ RunTime:0.001452s ]
INFO: [ app_begin ] --END-- [ RunTime:0.002942s ]
SQL: SHOW COLUMNS FROM `5000_info` [ RunTime:0.0024s ]
SQL: SELECT COUNT(*) AS tp_count FROM `5000_info` WHERE ( info_type=1 ) LIMIT 1   [ RunTime:0.0003s ]
SQL: SELECT * FROM `5000_info` WHERE ( info_type=1 ) ORDER BY info_id desc LIMIT 15,5   [ RunTime:0.0003s ]
SQL: SHOW COLUMNS FROM `5000_info_meta` [ RunTime:0.0023s ]
SQL: SELECT * FROM `5000_info_meta` WHERE ( info_id in (44,43,42,41,40) )  [ RunTime:0.0002s ]
INFO: [ view_parse ] --START--
INFO: [ template_filter ] --START--
INFO: Run Behavior\ContentReplaceBehavior [ RunTime:0.000074s ]
INFO: [ template_filter ] --END-- [ RunTime:0.000178s ]
SQL: SHOW COLUMNS FROM `5000_navbar` [ RunTime:0.0024s ]
SQL: SELECT * FROM `5000_navbar` WHERE ( nav_isshow=1 ) ORDER BY nav_index  [ RunTime:0.0003s ]
NOTIC: [8] Undefined variable: global_user D:\thinkphp_3.2.3_full\guyuan\Runtime\Cache\Home\dd91f665b84972ae5be7fe3e09d380b7.php 第 42 行.
SQL: SHOW COLUMNS FROM `5000_info_widget` [ RunTime:0.0022s ]
SQL: SELECT * FROM `5000_info_widget` WHERE ( wig_id=1 ) LIMIT 1   [ RunTime:0.0007s ]

[ 2016-08-01T14:45:59+08:00 ] 127.0.0.1 /index.php/Home/Info/index/p/4.html
INFO: [ app_init ] --START--
INFO: Run Behavior\BuildLiteBehavior [ RunTime:0.000034s ]
INFO: [ app_init ] --END-- [ RunTime:0.000584s ]
INFO: [ app_begin ] --START--
INFO: Run Behavior\ReadHtmlCacheBehavior [ RunTime:0.000772s ]
INFO: Run Home\Behaviors\NavBehavior [ RunTime:0.000889s ]
NOTIC: [8] Undefined index: userin D:\thinkphp_3.2.3_full\guyuan\Home\API\UserAPI.class.php 第 73 行.
INFO: Run Home\Behaviors\UserBehavior [ RunTime:0.002171s ]
INFO: [ app_begin ] --END-- [ RunTime:0.004190s ]
SQL: SHOW COLUMNS FROM `5000_info` [ RunTime:0.0024s ]
SQL: SELECT COUNT(*) AS tp_count FROM `5000_info` WHERE ( info_type=1 ) LIMIT 1   [ RunTime:0.0003s ]
SQL: SELECT * FROM `5000_info` WHERE ( info_type=1 ) ORDER BY info_id desc LIMIT 15,5   [ RunTime:0.0003s ]
SQL: SHOW COLUMNS FROM `5000_info_meta` [ RunTime:0.0024s ]
SQL: SELECT * FROM `5000_info_meta` WHERE ( info_id in (44,43,42,41,40) )  [ RunTime:0.0002s ]
INFO: [ view_parse ] --START--
INFO: [ template_filter ] --START--
INFO: Run Behavior\ContentReplaceBehavior [ RunTime:0.000071s ]
INFO: [ template_filter ] --END-- [ RunTime:0.000168s ]
SQL: SHOW COLUMNS FROM `5000_navbar` [ RunTime:0.0024s ]
SQL: SELECT * FROM `5000_navbar` WHERE ( nav_isshow=1 ) ORDER BY nav_index  [ RunTime:0.0004s ]
NOTIC: [8] Undefined variable: global_user D:\thinkphp_3.2.3_full\guyuan\Runtime\Cache\Home\dd91f665b84972ae5be7fe3e09d380b7.php 第 42 行.
SQL: SHOW COLUMNS FROM `5000_info_widget` [ RunTime:0.0023s ]
SQL: SELECT * FROM `5000_info_widget` WHERE ( wig_id=1 ) LIMIT 1   [ RunTime:0.0003s ]
ERR: Think\Model:limt方法不存在！

[ 2016-08-01T14:47:36+08:00 ] 127.0.0.1 /index.php/Home/Info/index/p/4.html
INFO: [ app_init ] --START--
INFO: Run Behavior\BuildLiteBehavior [ RunTime:0.000023s ]
INFO: [ app_init ] --END-- [ RunTime:0.000376s ]
INFO: [ app_begin ] --START--
INFO: Run Behavior\ReadHtmlCacheBehavior [ RunTime:0.000733s ]
INFO: Run Home\Behaviors\NavBehavior [ RunTime:0.000719s ]
NOTIC: [8] Undefined index: userin D:\thinkphp_3.2.3_full\guyuan\Home\API\UserAPI.class.php 第 73 行.
INFO: Run Home\Behaviors\UserBehavior [ RunTime:0.001590s ]
INFO: [ app_begin ] --END-- [ RunTime:0.003343s ]
SQL: SHOW COLUMNS FROM `5000_info` [ RunTime:0.0022s ]
SQL: SELECT COUNT(*) AS tp_count FROM `5000_info` WHERE ( info_type=1 ) LIMIT 1   [ RunTime:0.0002s ]
SQL: SELECT * FROM `5000_info` WHERE ( info_type=1 ) ORDER BY info_id desc LIMIT 15,5   [ RunTime:0.0003s ]
SQL: SHOW COLUMNS FROM `5000_info_meta` [ RunTime:0.0021s ]
SQL: SELECT * FROM `5000_info_meta` WHERE ( info_id in (44,43,42,41,40) )  [ RunTime:0.0003s ]
INFO: [ view_parse ] --START--
INFO: [ template_filter ] --START--
INFO: Run Behavior\ContentReplaceBehavior [ RunTime:0.000072s ]
INFO: [ template_filter ] --END-- [ RunTime:0.000172s ]
SQL: SHOW COLUMNS FROM `5000_navbar` [ RunTime:0.0022s ]
SQL: SELECT * FROM `5000_navbar` WHERE ( nav_isshow=1 ) ORDER BY nav_index  [ RunTime:0.0003s ]
NOTIC: [8] Undefined variable: global_user D:\thinkphp_3.2.3_full\guyuan\Runtime\Cache\Home\dd91f665b84972ae5be7fe3e09d380b7.php 第 42 行.
SQL: SHOW COLUMNS FROM `5000_info_widget` [ RunTime:0.0025s ]
SQL: SELECT * FROM `5000_info_widget` WHERE ( wig_id=1 ) LIMIT 1   [ RunTime:0.0003s ]
SQL: SHOW COLUMNS FROM `5000_info` [ RunTime:0.0022s ]
SQL: SELECT * FROM `5000_info` WHERE ( info_type=1 ) ORDER BY info_id desc LIMIT 5   [ RunTime:0.0003s ]
NOTIC: [8] Undefined index: wid_title D:\thinkphp_3.2.3_full\guyuan\Home\Widget\InfoWidget.class.php 第 21 行.
INFO: [ view_parse ] --START--
INFO: [ template_filter ] --START--
INFO: Run Behavior\ContentReplaceBehavior [ RunTime:0.000054s ]
INFO: [ template_filter ] --END-- [ RunTime:-0.014390s ]
INFO: Run Behavior\ParseTemplateBehavior [ RunTime:0.002851s ]
INFO: [ view_parse ] --END-- [ RunTime:0.002948s ]
INFO: [ view_filter ] --START--
INFO: Run Behavior\WriteHtmlCacheBehavior [ RunTime:0.000262s ]
INFO: [ view_filter ] --END-- [ RunTime:0.000346s ]
INFO: Run Behavior\ParseTemplateBehavior [ RunTime:0.003397s ]
INFO: [ view_parse ] --END-- [ RunTime:0.002948s ]
INFO: [ view_filter ] --START--
INFO: Run Behavior\WriteHtmlCacheBehavior [ RunTime:0.000021s ]
INFO: [ view_filter ] --END-- [ RunTime:-0.000184s ]
INFO: [ app_end ] --START--
INFO: Run Behavior\ShowPageTraceBehavior [ RunTime:0.000469s ]
INFO: [ app_end ] --END-- [ RunTime:0.000554s ]

[ 2016-08-01T14:49:20+08:00 ] 127.0.0.1 /index.php/Home/Info/index/p/4.html
INFO: [ app_init ] --START--
INFO: Run Behavior\BuildLiteBehavior [ RunTime:0.000029s ]
INFO: [ app_init ] --END-- [ RunTime:0.000558s ]
INFO: [ app_begin ] --START--
INFO: Run Behavior\ReadHtmlCacheBehavior [ RunTime:0.000710s ]
INFO: Run Home\Behaviors\NavBehavior [ RunTime:0.000570s ]
NOTIC: [8] Undefined index: userin D:\thinkphp_3.2.3_full\guyuan\Home\API\UserAPI.class.php 第 73 行.
INFO: Run Home\Behaviors\UserBehavior [ RunTime:0.001682s ]
INFO: [ app_begin ] --END-- [ RunTime:0.003214s ]
SQL: SHOW COLUMNS FROM `5000_info` [ RunTime:0.0025s ]
SQL: SELECT COUNT(*) AS tp_count FROM `5000_info` WHERE ( info_type=1 ) LIMIT 1   [ RunTime:0.0003s ]
SQL: SELECT * FROM `5000_info` WHERE ( info_type=1 ) ORDER BY info_id desc LIMIT 15,5   [ RunTime:0.0004s ]
SQL: SHOW COLUMNS FROM `5000_info_meta` [ RunTime:0.0023s ]
SQL: SELECT * FROM `5000_info_meta` WHERE ( info_id in (44,43,42,41,40) )  [ RunTime:0.0003s ]
INFO: [ view_parse ] --START--
INFO: [ template_filter ] --START--
INFO: Run Behavior\ContentReplaceBehavior [ RunTime:0.000072s ]
INFO: [ template_filter ] --END-- [ RunTime:0.000175s ]
SQL: SHOW COLUMNS FROM `5000_navbar` [ RunTime:0.0023s ]
SQL: SELECT * FROM `5000_navbar` WHERE ( nav_isshow=1 ) ORDER BY nav_index  [ RunTime:0.0003s ]
NOTIC: [8] Undefined variable: global_user D:\thinkphp_3.2.3_full\guyuan\Runtime\Cache\Home\dd91f665b84972ae5be7fe3e09d380b7.php 第 42 行.
SQL: SHOW COLUMNS FROM `5000_info_widget` [ RunTime:0.0026s ]
SQL: SELECT * FROM `5000_info_widget` WHERE ( wig_id=1 ) LIMIT 1   [ RunTime:0.0003s ]
SQL: SHOW COLUMNS FROM `5000_info` [ RunTime:0.0030s ]
SQL: SELECT * FROM `5000_info` WHERE ( info_type=1 ) ORDER BY info_id desc LIMIT 5   [ RunTime:0.0003s ]
NOTIC: [8] Undefined index: wid_title D:\thinkphp_3.2.3_full\guyuan\Home\Widget\InfoWidget.class.php 第 21 行.
INFO: [ view_parse ] --START--
INFO: [ template_filter ] --START--
INFO: Run Behavior\ContentReplaceBehavior [ RunTime:0.000056s ]
INFO: [ template_filter ] --END-- [ RunTime:-0.028032s ]
INFO: Run Behavior\ParseTemplateBehavior [ RunTime:0.015040s ]
INFO: [ view_parse ] --END-- [ RunTime:0.015169s ]
INFO: [ view_filter ] --START--
INFO: Run Behavior\WriteHtmlCacheBehavior [ RunTime:0.000298s ]
INFO: [ view_filter ] --END-- [ RunTime:0.000385s ]
INFO: Run Behavior\ParseTemplateBehavior [ RunTime:0.015629s ]
INFO: [ view_parse ] --END-- [ RunTime:0.015169s ]
INFO: [ view_filter ] --START--
INFO: Run Behavior\WriteHtmlCacheBehavior [ RunTime:0.000021s ]
INFO: [ view_filter ] --END-- [ RunTime:-0.000189s ]
INFO: [ app_end ] --START--
INFO: Run Behavior\ShowPageTraceBehavior [ RunTime:0.000489s ]
INFO: [ app_end ] --END-- [ RunTime:0.000575s ]

[ 2016-08-01T14:49:54+08:00 ] 127.0.0.1 /index.php/Home/Info/index/p/4.html
INFO: [ app_init ] --START--
INFO: Run Behavior\BuildLiteBehavior [ RunTime:0.000024s ]
INFO: [ app_init ] --END-- [ RunTime:0.000393s ]
INFO: [ app_begin ] --START--
INFO: Run Behavior\ReadHtmlCacheBehavior [ RunTime:0.000703s ]
INFO: Run Home\Behaviors\NavBehavior [ RunTime:0.000774s ]
NOTIC: [8] Undefined index: userin D:\thinkphp_3.2.3_full\guyuan\Home\API\UserAPI.class.php 第 73 行.
INFO: Run Home\Behaviors\UserBehavior [ RunTime:0.001594s ]
INFO: [ app_begin ] --END-- [ RunTime:0.003409s ]
SQL: SHOW COLUMNS FROM `5000_info` [ RunTime:0.0023s ]
SQL: SELECT COUNT(*) AS tp_count FROM `5000_info` WHERE ( info_type=1 ) LIMIT 1   [ RunTime:0.0002s ]
SQL: SELECT * FROM `5000_info` WHERE ( info_type=1 ) ORDER BY info_id desc LIMIT 15,5   [ RunTime:0.0003s ]
SQL: SHOW COLUMNS FROM `5000_info_meta` [ RunTime:0.0021s ]
SQL: SELECT * FROM `5000_info_meta` WHERE ( info_id in (44,43,42,41,40) )  [ RunTime:0.0002s ]
INFO: [ view_parse ] --START--
INFO: [ template_filter ] --START--
INFO: Run Behavior\ContentReplaceBehavior [ RunTime:0.000070s ]
INFO: [ template_filter ] --END-- [ RunTime:0.000169s ]
SQL: SHOW COLUMNS FROM `5000_navbar` [ RunTime:0.0021s ]
SQL: SELECT * FROM `5000_navbar` WHERE ( nav_isshow=1 ) ORDER BY nav_index  [ RunTime:0.0003s ]
NOTIC: [8] Undefined variable: global_user D:\thinkphp_3.2.3_full\guyuan\Runtime\Cache\Home\dd91f665b84972ae5be7fe3e09d380b7.php 第 42 行.
SQL: SHOW COLUMNS FROM `5000_info_widget` [ RunTime:0.0020s ]
SQL: SELECT * FROM `5000_info_widget` WHERE ( wig_id=1 ) LIMIT 1   [ RunTime:0.0002s ]
SQL: SHOW COLUMNS FROM `5000_info` [ RunTime:0.0022s ]
SQL: SELECT * FROM `5000_info` WHERE ( info_type=1 ) ORDER BY info_id desc LIMIT 5   [ RunTime:0.0003s ]
NOTIC: [8] Undefined index: wid_title D:\thinkphp_3.2.3_full\guyuan\Home\Widget\InfoWidget.class.php 第 21 行.
INFO: [ view_parse ] --START--
INFO: [ template_filter ] --START--
INFO: Run Behavior\ContentReplaceBehavior [ RunTime:0.000054s ]
INFO: [ template_filter ] --END-- [ RunTime:-0.026243s ]
INFO: Run Behavior\ParseTemplateBehavior [ RunTime:0.003058s ]
INFO: [ view_parse ] --END-- [ RunTime:0.003153s ]
INFO: [ view_filter ] --START--
INFO: Run Behavior\WriteHtmlCacheBehavior [ RunTime:0.000270s ]
INFO: [ view_filter ] --END-- [ RunTime:0.000353s ]
INFO: Run Behavior\ParseTemplateBehavior [ RunTime:0.003612s ]
INFO: [ view_parse ] --END-- [ RunTime:0.003153s ]
INFO: [ view_filter ] --START--
INFO: Run Behavior\WriteHtmlCacheBehavior [ RunTime:0.000021s ]
INFO: [ view_filter ] --END-- [ RunTime:-0.000186s ]
INFO: [ app_end ] --START--
INFO: Run Behavior\ShowPageTraceBehavior [ RunTime:0.000500s ]
INFO: [ app_end ] --END-- [ RunTime:0.000594s ]

[ 2016-08-01T14:50:18+08:00 ] 127.0.0.1 /index.php/Home/Info/index/p/4.html
INFO: [ app_init ] --START--
INFO: Run Behavior\BuildLiteBehavior [ RunTime:0.000042s ]
INFO: [ app_init ] --END-- [ RunTime:0.000660s ]
INFO: [ app_begin ] --START--
INFO: Run Behavior\ReadHtmlCacheBehavior [ RunTime:0.000804s ]
INFO: Run Home\Behaviors\NavBehavior [ RunTime:0.000715s ]
NOTIC: [8] Undefined index: userin D:\thinkphp_3.2.3_full\guyuan\Home\API\UserAPI.class.php 第 73 行.
INFO: Run Home\Behaviors\UserBehavior [ RunTime:0.002286s ]
INFO: [ app_begin ] --END-- [ RunTime:0.004247s ]
SQL: SHOW COLUMNS FROM `5000_info` [ RunTime:0.0025s ]
SQL: SELECT COUNT(*) AS tp_count FROM `5000_info` WHERE ( info_type=1 ) LIMIT 1   [ RunTime:0.0003s ]
SQL: SELECT * FROM `5000_info` WHERE ( info_type=1 ) ORDER BY info_id desc LIMIT 15,5   [ RunTime:0.0003s ]
SQL: SHOW COLUMNS FROM `5000_info_meta` [ RunTime:0.0021s ]
SQL: SELECT * FROM `5000_info_meta` WHERE ( info_id in (44,43,42,41,40) )  [ RunTime:0.0003s ]
INFO: [ view_parse ] --START--
INFO: [ template_filter ] --START--
INFO: Run Behavior\ContentReplaceBehavior [ RunTime:0.000074s ]
INFO: [ template_filter ] --END-- [ RunTime:0.000173s ]
SQL: SHOW COLUMNS FROM `5000_navbar` [ RunTime:0.0023s ]
SQL: SELECT * FROM `5000_navbar` WHERE ( nav_isshow=1 ) ORDER BY nav_index  [ RunTime:0.0003s ]
NOTIC: [8] Undefined variable: global_user D:\thinkphp_3.2.3_full\guyuan\Runtime\Cache\Home\dd91f665b84972ae5be7fe3e09d380b7.php 第 42 行.
SQL: SHOW COLUMNS FROM `5000_info_widget` [ RunTime:0.0021s ]
SQL: SELECT * FROM `5000_info_widget` WHERE ( wig_id=1 ) LIMIT 1   [ RunTime:0.0002s ]
SQL: SHOW COLUMNS FROM `5000_info` [ RunTime:0.0023s ]
SQL: SELECT * FROM `5000_info` WHERE ( info_type=1 ) ORDER BY info_id desc LIMIT 5   [ RunTime:0.0003s ]
INFO: [ view_parse ] --START--
INFO: [ template_filter ] --START--
INFO: Run Behavior\ContentReplaceBehavior [ RunTime:0.000058s ]
INFO: [ template_filter ] --END-- [ RunTime:-0.014313s ]
INFO: Run Behavior\ParseTemplateBehavior [ RunTime:0.002852s ]
INFO: [ view_parse ] --END-- [ RunTime:0.002952s ]
INFO: [ view_filter ] --START--
INFO: Run Behavior\WriteHtmlCacheBehavior [ RunTime:0.000293s ]
INFO: [ view_filter ] --END-- [ RunTime:0.000414s ]
INFO: Run Behavior\ParseTemplateBehavior [ RunTime:0.003479s ]
INFO: [ view_parse ] --END-- [ RunTime:0.002952s ]
INFO: [ view_filter ] --START--
INFO: Run Behavior\WriteHtmlCacheBehavior [ RunTime:0.000020s ]
INFO: [ view_filter ] --END-- [ RunTime:-0.000187s ]
INFO: [ app_end ] --START--
INFO: Run Behavior\ShowPageTraceBehavior [ RunTime:0.000436s ]
INFO: [ app_end ] --END-- [ RunTime:0.000517s ]

[ 2016-08-01T15:54:16+08:00 ] 127.0.0.1 /index.php/Home/Info/index/p/4.html
INFO: [ app_init ] --START--
INFO: Run Behavior\BuildLiteBehavior [ RunTime:0.000042s ]
INFO: [ app_init ] --END-- [ RunTime:0.001131s ]
INFO: [ app_begin ] --START--
INFO: Run Behavior\ReadHtmlCacheBehavior [ RunTime:0.001004s ]
INFO: Run Home\Behaviors\NavBehavior [ RunTime:0.001420s ]
NOTIC: [8] Undefined index: userin D:\thinkphp_3.2.3_full\guyuan\Home\API\UserAPI.class.php 第 73 行.
INFO: Run Home\Behaviors\UserBehavior [ RunTime:0.001395s ]
INFO: [ app_begin ] --END-- [ RunTime:0.004150s ]
SQL: SHOW COLUMNS FROM `5000_info` [ RunTime:0.0023s ]
SQL: SELECT COUNT(*) AS tp_count FROM `5000_info` WHERE ( info_type=1 ) LIMIT 1   [ RunTime:0.0003s ]
SQL: SELECT * FROM `5000_info` WHERE ( info_type=1 ) ORDER BY info_id desc LIMIT 15,5   [ RunTime:0.0003s ]
SQL: SHOW COLUMNS FROM `5000_info_meta` [ RunTime:0.0021s ]
SQL: SELECT * FROM `5000_info_meta` WHERE ( info_id in (44,43,42,41,40) )  [ RunTime:0.0002s ]
INFO: [ view_parse ] --START--
INFO: [ template_filter ] --START--
INFO: Run Behavior\ContentReplaceBehavior [ RunTime:0.000073s ]
INFO: [ template_filter ] --END-- [ RunTime:0.000172s ]
SQL: SHOW COLUMNS FROM `5000_navbar` [ RunTime:0.0022s ]
SQL: SELECT * FROM `5000_navbar` WHERE ( nav_isshow=1 ) ORDER BY nav_index  [ RunTime:0.0003s ]
NOTIC: [8] Undefined variable: global_user D:\thinkphp_3.2.3_full\guyuan\Runtime\Cache\Home\dd91f665b84972ae5be7fe3e09d380b7.php 第 42 行.
SQL: SHOW COLUMNS FROM `5000_info_widget` [ RunTime:0.0044s ]
SQL: SELECT * FROM `5000_info_widget` WHERE ( wig_id=1 ) LIMIT 1   [ RunTime:0.0004s ]
SQL: SHOW COLUMNS FROM `5000_info` [ RunTime:0.0046s ]
SQL: SELECT * FROM `5000_info` WHERE ( info_type=1 ) ORDER BY info_id desc LIMIT 5   [ RunTime:0.0006s ]
INFO: [ view_parse ] --START--
INFO: [ template_filter ] --START--
INFO: Run Behavior\ContentReplaceBehavior [ RunTime:0.000108s ]
INFO: [ template_filter ] --END-- [ RunTime:-0.129029s ]
INFO: Run Behavior\ParseTemplateBehavior [ RunTime:0.006049s ]
INFO: [ view_parse ] --END-- [ RunTime:0.006261s ]
INFO: [ view_filter ] --START--
INFO: Run Behavior\WriteHtmlCacheBehavior [ RunTime:0.000908s ]
INFO: [ view_filter ] --END-- [ RunTime:0.001096s ]
INFO: Run Behavior\ParseTemplateBehavior [ RunTime:0.007585s ]
INFO: [ view_parse ] --END-- [ RunTime:0.006261s ]
INFO: [ view_filter ] --START--
INFO: Run Behavior\WriteHtmlCacheBehavior [ RunTime:0.000046s ]
INFO: [ view_filter ] --END-- [ RunTime:-0.000419s ]
INFO: [ app_end ] --START--
INFO: Run Behavior\ShowPageTraceBehavior [ RunTime:0.001045s ]
INFO: [ app_end ] --END-- [ RunTime:0.001222s ]

[ 2016-08-01T16:02:44+08:00 ] 127.0.0.1 /index.php/Home/Info/index/p/4.html
INFO: [ app_init ] --START--
INFO: Run Behavior\BuildLiteBehavior [ RunTime:0.000025s ]
INFO: [ app_init ] --END-- [ RunTime:0.000470s ]
INFO: [ app_begin ] --START--
INFO: Run Behavior\ReadHtmlCacheBehavior [ RunTime:0.000507s ]
INFO: Run Home\Behaviors\NavBehavior [ RunTime:0.000541s ]
NOTIC: [8] Undefined index: userin D:\thinkphp_3.2.3_full\guyuan\Home\API\UserAPI.class.php 第 73 行.
INFO: Run Home\Behaviors\UserBehavior [ RunTime:0.001197s ]
INFO: [ app_begin ] --END-- [ RunTime:0.002467s ]
SQL: SHOW COLUMNS FROM `5000_info` [ RunTime:0.0024s ]
SQL: SELECT COUNT(*) AS tp_count FROM `5000_info` WHERE ( info_type=1 ) LIMIT 1   [ RunTime:0.0003s ]
SQL: SELECT * FROM `5000_info` WHERE ( info_type=1 ) ORDER BY info_id desc LIMIT 15,5   [ RunTime:0.0003s ]
SQL: SHOW COLUMNS FROM `5000_info_meta` [ RunTime:0.0022s ]
SQL: SELECT * FROM `5000_info_meta` WHERE ( info_id in (44,43,42,41,40) )  [ RunTime:0.0002s ]
INFO: [ view_parse ] --START--
INFO: [ template_filter ] --START--
INFO: Run Behavior\ContentReplaceBehavior [ RunTime:0.000071s ]
INFO: [ template_filter ] --END-- [ RunTime:0.000168s ]
SQL: SHOW COLUMNS FROM `5000_navbar` [ RunTime:0.0022s ]
SQL: SELECT * FROM `5000_navbar` WHERE ( nav_isshow=1 ) ORDER BY nav_index  [ RunTime:0.0003s ]
NOTIC: [8] Undefined variable: global_user D:\thinkphp_3.2.3_full\guyuan\Runtime\Cache\Home\dd91f665b84972ae5be7fe3e09d380b7.php 第 42 行.
SQL: SHOW COLUMNS FROM `5000_info_widget` [ RunTime:0.0022s ]
SQL: SELECT * FROM `5000_info_widget` WHERE ( wig_id=1 ) LIMIT 1   [ RunTime:0.0002s ]
SQL: SHOW COLUMNS FROM `5000_info` [ RunTime:0.0022s ]
SQL: SELECT * FROM `5000_info` WHERE ( info_type=1 ) ORDER BY info_id desc LIMIT 5   [ RunTime:0.0003s ]
INFO: [ view_parse ] --START--
INFO: [ template_filter ] --START--
INFO: Run Behavior\ContentReplaceBehavior [ RunTime:0.000059s ]
INFO: [ template_filter ] --END-- [ RunTime:-0.016516s ]
INFO: Run Behavior\ParseTemplateBehavior [ RunTime:0.002809s ]
INFO: [ view_parse ] --END-- [ RunTime:0.002914s ]
INFO: [ view_filter ] --START--
INFO: Run Behavior\WriteHtmlCacheBehavior [ RunTime:0.000268s ]
INFO: [ view_filter ] --END-- [ RunTime:0.000352s ]
INFO: Run Behavior\ParseTemplateBehavior [ RunTime:0.003362s ]
INFO: [ view_parse ] --END-- [ RunTime:0.002914s ]
INFO: [ view_filter ] --START--
INFO: Run Behavior\WriteHtmlCacheBehavior [ RunTime:0.000020s ]
INFO: [ view_filter ] --END-- [ RunTime:-0.000191s ]
INFO: [ app_end ] --START--
INFO: Run Behavior\ShowPageTraceBehavior [ RunTime:0.000458s ]
INFO: [ app_end ] --END-- [ RunTime:0.000538s ]

[ 2016-08-01T16:03:24+08:00 ] 127.0.0.1 /index.php/Home/Info/index/p/4.html
INFO: [ app_init ] --START--
INFO: Run Behavior\BuildLiteBehavior [ RunTime:0.000025s ]
INFO: [ app_init ] --END-- [ RunTime:0.000431s ]
INFO: [ app_begin ] --START--
INFO: Run Behavior\ReadHtmlCacheBehavior [ RunTime:0.000522s ]
INFO: Run Home\Behaviors\NavBehavior [ RunTime:0.000627s ]
NOTIC: [8] Undefined index: userin D:\thinkphp_3.2.3_full\guyuan\Home\API\UserAPI.class.php 第 73 行.
INFO: Run Home\Behaviors\UserBehavior [ RunTime:0.001921s ]
INFO: [ app_begin ] --END-- [ RunTime:0.003318s ]
SQL: SHOW COLUMNS FROM `5000_info` [ RunTime:0.0024s ]
SQL: SELECT COUNT(*) AS tp_count FROM `5000_info` WHERE ( info_type=1 ) LIMIT 1   [ RunTime:0.0003s ]
SQL: SELECT * FROM `5000_info` WHERE ( info_type=1 ) ORDER BY info_id desc LIMIT 15,5   [ RunTime:0.0003s ]
SQL: SHOW COLUMNS FROM `5000_info_meta` [ RunTime:0.0022s ]
SQL: SELECT * FROM `5000_info_meta` WHERE ( info_id in (44,43,42,41,40) )  [ RunTime:0.0002s ]
INFO: [ view_parse ] --START--
INFO: [ template_filter ] --START--
INFO: Run Behavior\ContentReplaceBehavior [ RunTime:0.000072s ]
INFO: [ template_filter ] --END-- [ RunTime:0.000176s ]
SQL: SHOW COLUMNS FROM `5000_navbar` [ RunTime:0.0022s ]
SQL: SELECT * FROM `5000_navbar` WHERE ( nav_isshow=1 ) ORDER BY nav_index  [ RunTime:0.0003s ]
NOTIC: [8] Undefined variable: global_user D:\thinkphp_3.2.3_full\guyuan\Runtime\Cache\Home\dd91f665b84972ae5be7fe3e09d380b7.php 第 42 行.
SQL: SHOW COLUMNS FROM `5000_info_widget` [ RunTime:0.0024s ]
SQL: SELECT * FROM `5000_info_widget` WHERE ( wig_id=1 ) LIMIT 1   [ RunTime:0.0002s ]
INFO: [ view_parse ] --START--
INFO: [ template_filter ] --START--
INFO: Run Behavior\ContentReplaceBehavior [ RunTime:0.000055s ]
INFO: [ template_filter ] --END-- [ RunTime:-0.012665s ]
INFO: Run Behavior\ParseTemplateBehavior [ RunTime:0.003029s ]
INFO: [ view_parse ] --END-- [ RunTime:0.003134s ]
INFO: [ view_filter ] --START--
INFO: Run Behavior\WriteHtmlCacheBehavior [ RunTime:0.000266s ]
INFO: [ view_filter ] --END-- [ RunTime:0.000349s ]
INFO: Run Behavior\ParseTemplateBehavior [ RunTime:0.003612s ]
INFO: [ view_parse ] --END-- [ RunTime:0.003134s ]
INFO: [ view_filter ] --START--
INFO: Run Behavior\WriteHtmlCacheBehavior [ RunTime:0.000021s ]
INFO: [ view_filter ] --END-- [ RunTime:-0.000193s ]
INFO: [ app_end ] --START--
INFO: Run Behavior\ShowPageTraceBehavior [ RunTime:0.000462s ]
INFO: [ app_end ] --END-- [ RunTime:0.000544s ]

[ 2016-08-01T16:03:25+08:00 ] 127.0.0.1 /index.php/Home/Info/index/p/4.html
INFO: [ app_init ] --START--
INFO: Run Behavior\BuildLiteBehavior [ RunTime:0.000043s ]
INFO: [ app_init ] --END-- [ RunTime:0.000747s ]
INFO: [ app_begin ] --START--
INFO: Run Behavior\ReadHtmlCacheBehavior [ RunTime:0.000500s ]
INFO: Run Home\Behaviors\NavBehavior [ RunTime:0.000636s ]
NOTIC: [8] Undefined index: userin D:\thinkphp_3.2.3_full\guyuan\Home\API\UserAPI.class.php 第 73 行.
INFO: Run Home\Behaviors\UserBehavior [ RunTime:0.001463s ]
INFO: [ app_begin ] --END-- [ RunTime:0.002827s ]
SQL: SHOW COLUMNS FROM `5000_info` [ RunTime:0.0026s ]
SQL: SELECT COUNT(*) AS tp_count FROM `5000_info` WHERE ( info_type=1 ) LIMIT 1   [ RunTime:0.0005s ]
SQL: SELECT * FROM `5000_info` WHERE ( info_type=1 ) ORDER BY info_id desc LIMIT 15,5   [ RunTime:0.0004s ]
SQL: SHOW COLUMNS FROM `5000_info_meta` [ RunTime:0.0023s ]
SQL: SELECT * FROM `5000_info_meta` WHERE ( info_id in (44,43,42,41,40) )  [ RunTime:0.0003s ]
INFO: [ view_parse ] --START--
INFO: [ template_filter ] --START--
INFO: Run Behavior\ContentReplaceBehavior [ RunTime:0.000075s ]
INFO: [ template_filter ] --END-- [ RunTime:0.000238s ]
SQL: SHOW COLUMNS FROM `5000_navbar` [ RunTime:0.0025s ]
SQL: SELECT * FROM `5000_navbar` WHERE ( nav_isshow=1 ) ORDER BY nav_index  [ RunTime:0.0003s ]
NOTIC: [8] Undefined variable: global_user D:\thinkphp_3.2.3_full\guyuan\Runtime\Cache\Home\dd91f665b84972ae5be7fe3e09d380b7.php 第 42 行.
SQL: SHOW COLUMNS FROM `5000_info_widget` [ RunTime:0.0023s ]
SQL: SELECT * FROM `5000_info_widget` WHERE ( wig_id=1 ) LIMIT 1   [ RunTime:0.0002s ]
INFO: [ view_parse ] --START--
INFO: [ template_filter ] --START--
INFO: Run Behavior\ContentReplaceBehavior [ RunTime:0.000055s ]
INFO: [ template_filter ] --END-- [ RunTime:-0.013155s ]
INFO: Run Behavior\ParseTemplateBehavior [ RunTime:0.002933s ]
INFO: [ view_parse ] --END-- [ RunTime:0.003031s ]
INFO: [ view_filter ] --START--
INFO: Run Behavior\WriteHtmlCacheBehavior [ RunTime:0.000313s ]
INFO: [ view_filter ] --END-- [ RunTime:0.000394s ]
INFO: Run Behavior\ParseTemplateBehavior [ RunTime:0.003533s ]
INFO: [ view_parse ] --END-- [ RunTime:0.003031s ]
INFO: [ view_filter ] --START--
INFO: Run Behavior\WriteHtmlCacheBehavior [ RunTime:0.000021s ]
INFO: [ view_filter ] --END-- [ RunTime:-0.000197s ]
INFO: [ app_end ] --START--
INFO: Run Behavior\ShowPageTraceBehavior [ RunTime:0.000529s ]
INFO: [ app_end ] --END-- [ RunTime:0.000610s ]

[ 2016-08-01T16:09:36+08:00 ] 127.0.0.1 /index.php/Home/Info/index/p/2.html
INFO: [ app_init ] --START--
INFO: Run Behavior\BuildLiteBehavior [ RunTime:0.000025s ]
INFO: [ app_init ] --END-- [ RunTime:0.000425s ]
INFO: [ app_begin ] --START--
INFO: Run Behavior\ReadHtmlCacheBehavior [ RunTime:0.000553s ]
INFO: Run Home\Behaviors\NavBehavior [ RunTime:0.000602s ]
NOTIC: [8] Undefined index: userin D:\thinkphp_3.2.3_full\guyuan\Home\API\UserAPI.class.php 第 73 行.
INFO: Run Home\Behaviors\UserBehavior [ RunTime:0.001421s ]
INFO: [ app_begin ] --END-- [ RunTime:0.002813s ]
SQL: SHOW COLUMNS FROM `5000_info` [ RunTime:0.0023s ]
SQL: SELECT COUNT(*) AS tp_count FROM `5000_info` WHERE ( info_type=1 ) LIMIT 1   [ RunTime:0.0003s ]
SQL: SELECT * FROM `5000_info` WHERE ( info_type=1 ) ORDER BY info_id desc LIMIT 5,5   [ RunTime:0.0003s ]
SQL: SHOW COLUMNS FROM `5000_info_meta` [ RunTime:0.0021s ]
SQL: SELECT * FROM `5000_info_meta` WHERE ( info_id in (54,53,52,51,50) )  [ RunTime:0.0002s ]
INFO: [ view_parse ] --START--
INFO: [ template_filter ] --START--
INFO: Run Behavior\ContentReplaceBehavior [ RunTime:0.000071s ]
INFO: [ template_filter ] --END-- [ RunTime:0.000170s ]
SQL: SHOW COLUMNS FROM `5000_navbar` [ RunTime:0.0021s ]
SQL: SELECT * FROM `5000_navbar` WHERE ( nav_isshow=1 ) ORDER BY nav_index  [ RunTime:0.0003s ]
NOTIC: [8] Undefined variable: global_user D:\thinkphp_3.2.3_full\guyuan\Runtime\Cache\Home\dd91f665b84972ae5be7fe3e09d380b7.php 第 42 行.
SQL: SHOW COLUMNS FROM `5000_info_widget` [ RunTime:0.0021s ]
SQL: SELECT * FROM `5000_info_widget` WHERE ( wig_id=1 ) LIMIT 1   [ RunTime:0.0002s ]
INFO: [ view_parse ] --START--
INFO: [ template_filter ] --START--
INFO: Run Behavior\ContentReplaceBehavior [ RunTime:0.000052s ]
INFO: [ template_filter ] --END-- [ RunTime:-0.012230s ]
INFO: Run Behavior\ParseTemplateBehavior [ RunTime:0.002811s ]
INFO: [ view_parse ] --END-- [ RunTime:0.002910s ]
INFO: [ view_filter ] --START--
INFO: Run Behavior\WriteHtmlCacheBehavior [ RunTime:0.000276s ]
INFO: [ view_filter ] --END-- [ RunTime:0.000359s ]
INFO: Run Behavior\ParseTemplateBehavior [ RunTime:0.003374s ]
INFO: [ view_parse ] --END-- [ RunTime:0.002910s ]
INFO: [ view_filter ] --START--
INFO: Run Behavior\WriteHtmlCacheBehavior [ RunTime:0.000021s ]
INFO: [ view_filter ] --END-- [ RunTime:-0.000191s ]
INFO: [ app_end ] --START--
INFO: Run Behavior\ShowPageTraceBehavior [ RunTime:0.000453s ]
INFO: [ app_end ] --END-- [ RunTime:0.000539s ]

[ 2016-08-01T16:09:37+08:00 ] 127.0.0.1 /index.php/Home/Info/index/p/1.html
INFO: [ app_init ] --START--
INFO: Run Behavior\BuildLiteBehavior [ RunTime:0.000041s ]
INFO: [ app_init ] --END-- [ RunTime:0.000668s ]
INFO: [ app_begin ] --START--
INFO: Run Behavior\ReadHtmlCacheBehavior [ RunTime:0.000418s ]
INFO: Run Home\Behaviors\NavBehavior [ RunTime:0.000346s ]
NOTIC: [8] Undefined index: userin D:\thinkphp_3.2.3_full\guyuan\Home\API\UserAPI.class.php 第 73 行.
INFO: Run Home\Behaviors\UserBehavior [ RunTime:0.001118s ]
INFO: [ app_begin ] --END-- [ RunTime:0.002112s ]
SQL: SHOW COLUMNS FROM `5000_info` [ RunTime:0.0024s ]
SQL: SELECT COUNT(*) AS tp_count FROM `5000_info` WHERE ( info_type=1 ) LIMIT 1   [ RunTime:0.0003s ]
SQL: SELECT * FROM `5000_info` WHERE ( info_type=1 ) ORDER BY info_id desc LIMIT 0,5   [ RunTime:0.0003s ]
SQL: SHOW COLUMNS FROM `5000_info_meta` [ RunTime:0.0023s ]
SQL: SELECT * FROM `5000_info_meta` WHERE ( info_id in (59,58,57,56,55) )  [ RunTime:0.0002s ]
INFO: [ view_parse ] --START--
INFO: [ template_filter ] --START--
INFO: Run Behavior\ContentReplaceBehavior [ RunTime:0.000082s ]
INFO: [ template_filter ] --END-- [ RunTime:0.000182s ]
SQL: SHOW COLUMNS FROM `5000_navbar` [ RunTime:0.0022s ]
SQL: SELECT * FROM `5000_navbar` WHERE ( nav_isshow=1 ) ORDER BY nav_index  [ RunTime:0.0003s ]
NOTIC: [8] Undefined variable: global_user D:\thinkphp_3.2.3_full\guyuan\Runtime\Cache\Home\dd91f665b84972ae5be7fe3e09d380b7.php 第 42 行.
SQL: SHOW COLUMNS FROM `5000_info_widget` [ RunTime:0.0022s ]
SQL: SELECT * FROM `5000_info_widget` WHERE ( wig_id=1 ) LIMIT 1   [ RunTime:0.0003s ]
INFO: [ view_parse ] --START--
INFO: [ template_filter ] --START--
INFO: Run Behavior\ContentReplaceBehavior [ RunTime:0.000052s ]
INFO: [ template_filter ] --END-- [ RunTime:-0.012477s ]
INFO: Run Behavior\ParseTemplateBehavior [ RunTime:0.002864s ]
INFO: [ view_parse ] --END-- [ RunTime:0.002966s ]
INFO: [ view_filter ] --START--
INFO: Run Behavior\WriteHtmlCacheBehavior [ RunTime:0.000199s ]
INFO: [ view_filter ] --END-- [ RunTime:0.000281s ]
INFO: Run Behavior\ParseTemplateBehavior [ RunTime:0.003373s ]
INFO: [ view_parse ] --END-- [ RunTime:0.002966s ]
INFO: [ view_filter ] --START--
INFO: Run Behavior\WriteHtmlCacheBehavior [ RunTime:0.000021s ]
INFO: [ view_filter ] --END-- [ RunTime:-0.000217s ]
INFO: [ app_end ] --START--
INFO: Run Behavior\ShowPageTraceBehavior [ RunTime:0.000435s ]
INFO: [ app_end ] --END-- [ RunTime:0.000515s ]

[ 2016-08-01T16:56:19+08:00 ] 127.0.0.1 /index.php/Home/Info/index/p/1.html
INFO: [ app_init ] --START--
INFO: Run Behavior\BuildLiteBehavior [ RunTime:0.000025s ]
INFO: [ app_init ] --END-- [ RunTime:0.000424s ]
INFO: [ app_begin ] --START--
INFO: Run Behavior\ReadHtmlCacheBehavior [ RunTime:0.000708s ]
INFO: Run Home\Behaviors\NavBehavior [ RunTime:0.000767s ]
NOTIC: [8] Undefined index: userin D:\thinkphp_3.2.3_full\guyuan\Home\API\UserAPI.class.php 第 73 行.
INFO: Run Home\Behaviors\UserBehavior [ RunTime:0.001685s ]
INFO: [ app_begin ] --END-- [ RunTime:0.003438s ]
SQL: SHOW COLUMNS FROM `5000_info` [ RunTime:0.0238s ]
SQL: SELECT COUNT(*) AS tp_count FROM `5000_info` WHERE ( info_type=1 ) LIMIT 1   [ RunTime:0.0003s ]
SQL: SELECT * FROM `5000_info` WHERE ( info_type=1 ) ORDER BY info_id desc LIMIT 0,5   [ RunTime:0.0003s ]
SQL: SHOW COLUMNS FROM `5000_info_meta` [ RunTime:0.0022s ]
SQL: SELECT * FROM `5000_info_meta` WHERE ( info_id in (59,58,57,56,55) )  [ RunTime:0.0002s ]
INFO: [ view_parse ] --START--
INFO: [ template_filter ] --START--
INFO: Run Behavior\ContentReplaceBehavior [ RunTime:0.000073s ]
INFO: [ template_filter ] --END-- [ RunTime:0.000176s ]
SQL: SHOW COLUMNS FROM `5000_navbar` [ RunTime:0.0023s ]
SQL: SELECT * FROM `5000_navbar` WHERE ( nav_isshow=1 ) ORDER BY nav_index  [ RunTime:0.0003s ]
NOTIC: [8] Undefined variable: global_user D:\thinkphp_3.2.3_full\guyuan\Runtime\Cache\Home\dd91f665b84972ae5be7fe3e09d380b7.php 第 42 行.
SQL: SHOW COLUMNS FROM `5000_info_widget` [ RunTime:0.0022s ]
SQL: SELECT * FROM `5000_info_widget` WHERE ( wig_id=1 ) LIMIT 1   [ RunTime:0.0002s ]
SQL: SHOW COLUMNS FROM `5000_info` [ RunTime:0.0023s ]
SQL: SELECT * FROM `5000_info` WHERE ( info_type=1 ) ORDER BY info_id desc LIMIT 5   [ RunTime:0.0003s ]
INFO: [ view_parse ] --START--
INFO: [ template_filter ] --START--
INFO: Run Behavior\ContentReplaceBehavior [ RunTime:0.000055s ]
INFO: [ template_filter ] --END-- [ RunTime:-0.065976s ]
INFO: Run Behavior\ParseTemplateBehavior [ RunTime:0.002864s ]
INFO: [ view_parse ] --END-- [ RunTime:0.002974s ]
INFO: [ view_filter ] --START--
INFO: Run Behavior\WriteHtmlCacheBehavior [ RunTime:0.000372s ]
INFO: [ view_filter ] --END-- [ RunTime:0.000456s ]
INFO: Run Behavior\ParseTemplateBehavior [ RunTime:0.003533s ]
INFO: [ view_parse ] --END-- [ RunTime:0.002974s ]
INFO: [ view_filter ] --START--
INFO: Run Behavior\WriteHtmlCacheBehavior [ RunTime:0.000022s ]
INFO: [ view_filter ] --END-- [ RunTime:-0.000199s ]
INFO: [ app_end ] --START--
INFO: Run Behavior\ShowPageTraceBehavior [ RunTime:0.000482s ]
INFO: [ app_end ] --END-- [ RunTime:0.000566s ]

[ 2016-08-01T16:58:13+08:00 ] 127.0.0.1 /index.php/Home/Info/index/p/1.html
INFO: [ app_init ] --START--
INFO: Run Behavior\BuildLiteBehavior [ RunTime:0.000041s ]
INFO: [ app_init ] --END-- [ RunTime:0.000711s ]
INFO: [ app_begin ] --START--
INFO: Run Behavior\ReadHtmlCacheBehavior [ RunTime:0.000947s ]
INFO: Run Home\Behaviors\NavBehavior [ RunTime:0.001061s ]
NOTIC: [8] Undefined index: userin D:\thinkphp_3.2.3_full\guyuan\Home\API\UserAPI.class.php 第 73 行.
INFO: Run Home\Behaviors\UserBehavior [ RunTime:0.002292s ]
INFO: [ app_begin ] --END-- [ RunTime:0.004708s ]
SQL: SHOW COLUMNS FROM `5000_info` [ RunTime:0.0024s ]
SQL: SELECT COUNT(*) AS tp_count FROM `5000_info` WHERE ( info_type=1 ) LIMIT 1   [ RunTime:0.0002s ]
SQL: SELECT * FROM `5000_info` WHERE ( info_type=1 ) ORDER BY info_id desc LIMIT 0,5   [ RunTime:0.0003s ]
SQL: SHOW COLUMNS FROM `5000_info_meta` [ RunTime:0.0024s ]
SQL: SELECT * FROM `5000_info_meta` WHERE ( info_id in (59,58,57,56,55) )  [ RunTime:0.0002s ]
INFO: [ view_parse ] --START--
INFO: [ template_filter ] --START--
INFO: Run Behavior\ContentReplaceBehavior [ RunTime:0.000075s ]
INFO: [ template_filter ] --END-- [ RunTime:0.000178s ]
SQL: SHOW COLUMNS FROM `5000_navbar` [ RunTime:0.0026s ]
SQL: SELECT * FROM `5000_navbar` WHERE ( nav_isshow=1 ) ORDER BY nav_index  [ RunTime:0.0003s ]
NOTIC: [8] Undefined variable: global_user D:\thinkphp_3.2.3_full\guyuan\Runtime\Cache\Home\dd91f665b84972ae5be7fe3e09d380b7.php 第 42 行.
SQL: SHOW COLUMNS FROM `5000_info_widget` [ RunTime:0.0021s ]
SQL: SELECT * FROM `5000_info_widget` WHERE ( wig_id=1 ) LIMIT 1   [ RunTime:0.0003s ]
INFO: [ view_parse ] --START--
INFO: [ template_filter ] --START--
INFO: Run Behavior\ContentReplaceBehavior [ RunTime:0.000056s ]
INFO: [ template_filter ] --END-- [ RunTime:-0.022010s ]
INFO: Run Behavior\ParseTemplateBehavior [ RunTime:0.002944s ]
INFO: [ view_parse ] --END-- [ RunTime:0.003050s ]
INFO: [ view_filter ] --START--
INFO: Run Behavior\WriteHtmlCacheBehavior [ RunTime:0.000264s ]
INFO: [ view_filter ] --END-- [ RunTime:0.000345s ]
INFO: Run Behavior\ParseTemplateBehavior [ RunTime:0.003489s ]
INFO: [ view_parse ] --END-- [ RunTime:0.003050s ]
INFO: [ view_filter ] --START--
INFO: Run Behavior\WriteHtmlCacheBehavior [ RunTime:0.000032s ]
INFO: [ view_filter ] --END-- [ RunTime:-0.000189s ]
INFO: [ app_end ] --START--
INFO: Run Behavior\ShowPageTraceBehavior [ RunTime:0.000464s ]
INFO: [ app_end ] --END-- [ RunTime:0.000545s ]

[ 2016-08-01T17:16:58+08:00 ] 127.0.0.1 /index.php/Home/Info/index/p/1.html
INFO: [ app_init ] --START--
INFO: Run Behavior\BuildLiteBehavior [ RunTime:0.000025s ]
INFO: [ app_init ] --END-- [ RunTime:0.000433s ]
INFO: [ app_begin ] --START--
INFO: Run Behavior\ReadHtmlCacheBehavior [ RunTime:0.000555s ]
INFO: Run Home\Behaviors\NavBehavior [ RunTime:0.000702s ]
NOTIC: [8] Undefined index: userin D:\thinkphp_3.2.3_full\guyuan\Home\API\UserAPI.class.php 第 73 行.
INFO: Run Home\Behaviors\UserBehavior [ RunTime:0.001709s ]
INFO: [ app_begin ] --END-- [ RunTime:0.003213s ]
SQL: SHOW COLUMNS FROM `5000_info` [ RunTime:0.0129s ]
SQL: SELECT COUNT(*) AS tp_count FROM `5000_info` WHERE ( info_type=1 ) LIMIT 1   [ RunTime:0.0005s ]
SQL: SELECT * FROM `5000_info` WHERE ( info_type=1 ) ORDER BY info_id desc LIMIT 0,5   [ RunTime:0.0005s ]
SQL: SHOW COLUMNS FROM `5000_info_meta` [ RunTime:0.0045s ]
SQL: SELECT * FROM `5000_info_meta` WHERE ( info_id in (59,58,57,56,55) )  [ RunTime:0.0004s ]
INFO: [ view_parse ] --START--
INFO: [ template_filter ] --START--
INFO: Run Behavior\ContentReplaceBehavior [ RunTime:0.000147s ]
INFO: [ template_filter ] --END-- [ RunTime:0.000362s ]
SQL: SHOW COLUMNS FROM `5000_navbar` [ RunTime:0.0054s ]
SQL: SELECT * FROM `5000_navbar` WHERE ( nav_isshow=1 ) ORDER BY nav_index  [ RunTime:0.0005s ]
NOTIC: [8] Undefined variable: global_user D:\thinkphp_3.2.3_full\guyuan\Runtime\Cache\Home\dd91f665b84972ae5be7fe3e09d380b7.php 第 42 行.
SQL: SHOW COLUMNS FROM `5000_info_widget` [ RunTime:0.0045s ]
SQL: SELECT * FROM `5000_info_widget` WHERE ( wig_id=1 ) LIMIT 1   [ RunTime:0.0004s ]
SQL: SHOW COLUMNS FROM `5000_info` [ RunTime:0.0040s ]
SQL: SELECT * FROM `5000_info` WHERE ( info_type=1 ) ORDER BY info_id desc LIMIT 5   [ RunTime:0.0003s ]
INFO: [ view_parse ] --START--
INFO: [ template_filter ] --START--
INFO: Run Behavior\ContentReplaceBehavior [ RunTime:0.000061s ]
INFO: [ template_filter ] --END-- [ RunTime:-0.031838s ]
INFO: Run Behavior\ParseTemplateBehavior [ RunTime:0.003261s ]
INFO: [ view_parse ] --END-- [ RunTime:0.003379s ]
INFO: [ view_filter ] --START--
INFO: Run Behavior\WriteHtmlCacheBehavior [ RunTime:0.000420s ]
INFO: [ view_filter ] --END-- [ RunTime:0.000519s ]
INFO: Run Behavior\ParseTemplateBehavior [ RunTime:0.004015s ]
INFO: [ view_parse ] --END-- [ RunTime:0.003379s ]
INFO: [ view_filter ] --START--
INFO: Run Behavior\WriteHtmlCacheBehavior [ RunTime:0.000024s ]
INFO: [ view_filter ] --END-- [ RunTime:-0.000221s ]
INFO: [ app_end ] --START--
INFO: Run Behavior\ShowPageTraceBehavior [ RunTime:0.000545s ]
INFO: [ app_end ] --END-- [ RunTime:0.000643s ]

[ 2016-08-01T17:16:59+08:00 ] 127.0.0.1 /index.php/Home/Info/index/p/1.html
INFO: [ app_init ] --START--
INFO: Run Behavior\BuildLiteBehavior [ RunTime:0.000035s ]
INFO: [ app_init ] --END-- [ RunTime:0.000584s ]
INFO: [ app_begin ] --START--
INFO: Run Behavior\ReadHtmlCacheBehavior [ RunTime:0.000732s ]
INFO: Run Home\Behaviors\NavBehavior [ RunTime:0.000788s ]
NOTIC: [8] Undefined index: userin D:\thinkphp_3.2.3_full\guyuan\Home\API\UserAPI.class.php 第 73 行.
INFO: Run Home\Behaviors\UserBehavior [ RunTime:0.001699s ]
INFO: [ app_begin ] --END-- [ RunTime:0.003530s ]
SQL: SHOW COLUMNS FROM `5000_info` [ RunTime:0.0023s ]
SQL: SELECT COUNT(*) AS tp_count FROM `5000_info` WHERE ( info_type=1 ) LIMIT 1   [ RunTime:0.0002s ]
SQL: SELECT * FROM `5000_info` WHERE ( info_type=1 ) ORDER BY info_id desc LIMIT 0,5   [ RunTime:0.0003s ]
SQL: SHOW COLUMNS FROM `5000_info_meta` [ RunTime:0.0022s ]
SQL: SELECT * FROM `5000_info_meta` WHERE ( info_id in (59,58,57,56,55) )  [ RunTime:0.0002s ]
INFO: [ view_parse ] --START--
INFO: [ template_filter ] --START--
INFO: Run Behavior\ContentReplaceBehavior [ RunTime:0.000072s ]
INFO: [ template_filter ] --END-- [ RunTime:0.000185s ]
SQL: SHOW COLUMNS FROM `5000_navbar` [ RunTime:0.0023s ]
SQL: SELECT * FROM `5000_navbar` WHERE ( nav_isshow=1 ) ORDER BY nav_index  [ RunTime:0.0003s ]
NOTIC: [8] Undefined variable: global_user D:\thinkphp_3.2.3_full\guyuan\Runtime\Cache\Home\dd91f665b84972ae5be7fe3e09d380b7.php 第 42 行.
SQL: SHOW COLUMNS FROM `5000_info_widget` [ RunTime:0.0024s ]
SQL: SELECT * FROM `5000_info_widget` WHERE ( wig_id=1 ) LIMIT 1   [ RunTime:0.0002s ]
INFO: [ view_parse ] --START--
INFO: [ template_filter ] --START--
INFO: Run Behavior\ContentReplaceBehavior [ RunTime:0.000055s ]
INFO: [ template_filter ] --END-- [ RunTime:-0.012973s ]
INFO: Run Behavior\ParseTemplateBehavior [ RunTime:0.002874s ]
INFO: [ view_parse ] --END-- [ RunTime:0.002969s ]
INFO: [ view_filter ] --START--
INFO: Run Behavior\WriteHtmlCacheBehavior [ RunTime:0.000261s ]
INFO: [ view_filter ] --END-- [ RunTime:0.000341s ]
INFO: Run Behavior\ParseTemplateBehavior [ RunTime:0.003415s ]
INFO: [ view_parse ] --END-- [ RunTime:0.002969s ]
INFO: [ view_filter ] --START--
INFO: Run Behavior\WriteHtmlCacheBehavior [ RunTime:0.000020s ]
INFO: [ view_filter ] --END-- [ RunTime:-0.000188s ]
INFO: [ app_end ] --START--
INFO: Run Behavior\ShowPageTraceBehavior [ RunTime:0.000465s ]
INFO: [ app_end ] --END-- [ RunTime:0.000556s ]

[ 2016-08-01T17:17:00+08:00 ] 127.0.0.1 /index.php/Home/Info/index/p/1.html
INFO: [ app_init ] --START--
INFO: Run Behavior\BuildLiteBehavior [ RunTime:0.000023s ]
INFO: [ app_init ] --END-- [ RunTime:0.000400s ]
INFO: [ app_begin ] --START--
INFO: Run Behavior\ReadHtmlCacheBehavior [ RunTime:0.000486s ]
INFO: Run Home\Behaviors\NavBehavior [ RunTime:0.000546s ]
NOTIC: [8] Undefined index: userin D:\thinkphp_3.2.3_full\guyuan\Home\API\UserAPI.class.php 第 73 行.
INFO: Run Home\Behaviors\UserBehavior [ RunTime:0.001341s ]
INFO: [ app_begin ] --END-- [ RunTime:0.002728s ]
SQL: SHOW COLUMNS FROM `5000_info` [ RunTime:0.0023s ]
SQL: SELECT COUNT(*) AS tp_count FROM `5000_info` WHERE ( info_type=1 ) LIMIT 1   [ RunTime:0.0003s ]
SQL: SELECT * FROM `5000_info` WHERE ( info_type=1 ) ORDER BY info_id desc LIMIT 0,5   [ RunTime:0.0003s ]
SQL: SHOW COLUMNS FROM `5000_info_meta` [ RunTime:0.0022s ]
SQL: SELECT * FROM `5000_info_meta` WHERE ( info_id in (59,58,57,56,55) )  [ RunTime:0.0002s ]
INFO: [ view_parse ] --START--
INFO: [ template_filter ] --START--
INFO: Run Behavior\ContentReplaceBehavior [ RunTime:0.000071s ]
INFO: [ template_filter ] --END-- [ RunTime:0.000171s ]
SQL: SHOW COLUMNS FROM `5000_navbar` [ RunTime:0.0022s ]
SQL: SELECT * FROM `5000_navbar` WHERE ( nav_isshow=1 ) ORDER BY nav_index  [ RunTime:0.0003s ]
NOTIC: [8] Undefined variable: global_user D:\thinkphp_3.2.3_full\guyuan\Runtime\Cache\Home\dd91f665b84972ae5be7fe3e09d380b7.php 第 42 行.
SQL: SHOW COLUMNS FROM `5000_info_widget` [ RunTime:0.0022s ]
SQL: SELECT * FROM `5000_info_widget` WHERE ( wig_id=1 ) LIMIT 1   [ RunTime:0.0002s ]
INFO: [ view_parse ] --START--
INFO: [ template_filter ] --START--
INFO: Run Behavior\ContentReplaceBehavior [ RunTime:0.000054s ]
INFO: [ template_filter ] --END-- [ RunTime:-0.012051s ]
INFO: Run Behavior\ParseTemplateBehavior [ RunTime:0.002744s ]
INFO: [ view_parse ] --END-- [ RunTime:0.002839s ]
INFO: [ view_filter ] --START--
INFO: Run Behavior\WriteHtmlCacheBehavior [ RunTime:0.000196s ]
INFO: [ view_filter ] --END-- [ RunTime:0.000278s ]
INFO: Run Behavior\ParseTemplateBehavior [ RunTime:0.003221s ]
INFO: [ view_parse ] --END-- [ RunTime:0.002839s ]
INFO: [ view_filter ] --START--
INFO: Run Behavior\WriteHtmlCacheBehavior [ RunTime:0.000020s ]
INFO: [ view_filter ] --END-- [ RunTime:-0.000187s ]
INFO: [ app_end ] --START--
INFO: Run Behavior\ShowPageTraceBehavior [ RunTime:0.000386s ]
INFO: [ app_end ] --END-- [ RunTime:0.000468s ]

[ 2016-08-01T17:17:01+08:00 ] 127.0.0.1 /index.php/Home/Info/index/p/1.html
INFO: [ app_init ] --START--
INFO: Run Behavior\BuildLiteBehavior [ RunTime:0.000043s ]
INFO: [ app_init ] --END-- [ RunTime:0.000742s ]
INFO: [ app_begin ] --START--
INFO: Run Behavior\ReadHtmlCacheBehavior [ RunTime:0.000483s ]
INFO: Run Home\Behaviors\NavBehavior [ RunTime:0.000507s ]
NOTIC: [8] Undefined index: userin D:\thinkphp_3.2.3_full\guyuan\Home\API\UserAPI.class.php 第 73 行.
INFO: Run Home\Behaviors\UserBehavior [ RunTime:0.001527s ]
INFO: [ app_begin ] --END-- [ RunTime:0.002736s ]
SQL: SHOW COLUMNS FROM `5000_info` [ RunTime:0.0023s ]
SQL: SELECT COUNT(*) AS tp_count FROM `5000_info` WHERE ( info_type=1 ) LIMIT 1   [ RunTime:0.0003s ]
SQL: SELECT * FROM `5000_info` WHERE ( info_type=1 ) ORDER BY info_id desc LIMIT 0,5   [ RunTime:0.0003s ]
SQL: SHOW COLUMNS FROM `5000_info_meta` [ RunTime:0.0024s ]
SQL: SELECT * FROM `5000_info_meta` WHERE ( info_id in (59,58,57,56,55) )  [ RunTime:0.0002s ]
INFO: [ view_parse ] --START--
INFO: [ template_filter ] --START--
INFO: Run Behavior\ContentReplaceBehavior [ RunTime:0.000071s ]
INFO: [ template_filter ] --END-- [ RunTime:0.000166s ]
SQL: SHOW COLUMNS FROM `5000_navbar` [ RunTime:0.0022s ]
SQL: SELECT * FROM `5000_navbar` WHERE ( nav_isshow=1 ) ORDER BY nav_index  [ RunTime:0.0003s ]
NOTIC: [8] Undefined variable: global_user D:\thinkphp_3.2.3_full\guyuan\Runtime\Cache\Home\dd91f665b84972ae5be7fe3e09d380b7.php 第 42 行.
SQL: SHOW COLUMNS FROM `5000_info_widget` [ RunTime:0.0022s ]
SQL: SELECT * FROM `5000_info_widget` WHERE ( wig_id=1 ) LIMIT 1   [ RunTime:0.0002s ]
INFO: [ view_parse ] --START--
INFO: [ template_filter ] --START--
INFO: Run Behavior\ContentReplaceBehavior [ RunTime:0.000056s ]
INFO: [ template_filter ] --END-- [ RunTime:-0.012443s ]
INFO: Run Behavior\ParseTemplateBehavior [ RunTime:0.002849s ]
INFO: [ view_parse ] --END-- [ RunTime:0.002948s ]
INFO: [ view_filter ] --START--
INFO: Run Behavior\WriteHtmlCacheBehavior [ RunTime:0.000262s ]
INFO: [ view_filter ] --END-- [ RunTime:0.000343s ]
INFO: Run Behavior\ParseTemplateBehavior [ RunTime:0.003396s ]
INFO: [ view_parse ] --END-- [ RunTime:0.002948s ]
INFO: [ view_filter ] --START--
INFO: Run Behavior\WriteHtmlCacheBehavior [ RunTime:0.000020s ]
INFO: [ view_filter ] --END-- [ RunTime:-0.000188s ]
INFO: [ app_end ] --START--
INFO: Run Behavior\ShowPageTraceBehavior [ RunTime:0.000449s ]
INFO: [ app_end ] --END-- [ RunTime:0.000532s ]

[ 2016-08-01T17:17:01+08:00 ] 127.0.0.1 /index.php/Home/Info/index/p/1.html
INFO: [ app_init ] --START--
INFO: Run Behavior\BuildLiteBehavior [ RunTime:0.000023s ]
INFO: [ app_init ] --END-- [ RunTime:0.000354s ]
INFO: [ app_begin ] --START--
INFO: Run Behavior\ReadHtmlCacheBehavior [ RunTime:0.000402s ]
INFO: Run Home\Behaviors\NavBehavior [ RunTime:0.000332s ]
NOTIC: [8] Undefined index: userin D:\thinkphp_3.2.3_full\guyuan\Home\API\UserAPI.class.php 第 73 行.
INFO: Run Home\Behaviors\UserBehavior [ RunTime:0.000954s ]
INFO: [ app_begin ] --END-- [ RunTime:0.001896s ]
SQL: SHOW COLUMNS FROM `5000_info` [ RunTime:0.0024s ]
SQL: SELECT COUNT(*) AS tp_count FROM `5000_info` WHERE ( info_type=1 ) LIMIT 1   [ RunTime:0.0002s ]
SQL: SELECT * FROM `5000_info` WHERE ( info_type=1 ) ORDER BY info_id desc LIMIT 0,5   [ RunTime:0.0003s ]
SQL: SHOW COLUMNS FROM `5000_info_meta` [ RunTime:0.0022s ]
SQL: SELECT * FROM `5000_info_meta` WHERE ( info_id in (59,58,57,56,55) )  [ RunTime:0.0002s ]
INFO: [ view_parse ] --START--
INFO: [ template_filter ] --START--
INFO: Run Behavior\ContentReplaceBehavior [ RunTime:0.000071s ]
INFO: [ template_filter ] --END-- [ RunTime:0.000172s ]
SQL: SHOW COLUMNS FROM `5000_navbar` [ RunTime:0.0023s ]
SQL: SELECT * FROM `5000_navbar` WHERE ( nav_isshow=1 ) ORDER BY nav_index  [ RunTime:0.0003s ]
NOTIC: [8] Undefined variable: global_user D:\thinkphp_3.2.3_full\guyuan\Runtime\Cache\Home\dd91f665b84972ae5be7fe3e09d380b7.php 第 42 行.
SQL: SHOW COLUMNS FROM `5000_info_widget` [ RunTime:0.0022s ]
SQL: SELECT * FROM `5000_info_widget` WHERE ( wig_id=1 ) LIMIT 1   [ RunTime:0.0003s ]
INFO: [ view_parse ] --START--
INFO: [ template_filter ] --START--
INFO: Run Behavior\ContentReplaceBehavior [ RunTime:0.000065s ]
INFO: [ template_filter ] --END-- [ RunTime:-0.012515s ]
INFO: Run Behavior\ParseTemplateBehavior [ RunTime:0.002883s ]
INFO: [ view_parse ] --END-- [ RunTime:0.002976s ]
INFO: [ view_filter ] --START--
INFO: Run Behavior\WriteHtmlCacheBehavior [ RunTime:0.000198s ]
INFO: [ view_filter ] --END-- [ RunTime:0.000287s ]
INFO: Run Behavior\ParseTemplateBehavior [ RunTime:0.003370s ]
INFO: [ view_parse ] --END-- [ RunTime:0.002976s ]
INFO: [ view_filter ] --START--
INFO: Run Behavior\WriteHtmlCacheBehavior [ RunTime:0.000021s ]
INFO: [ view_filter ] --END-- [ RunTime:-0.000189s ]
INFO: [ app_end ] --START--
INFO: Run Behavior\ShowPageTraceBehavior [ RunTime:0.000395s ]
INFO: [ app_end ] --END-- [ RunTime:0.000478s ]

[ 2016-08-01T17:17:46+08:00 ] 127.0.0.1 /index.php/Home/Info/index/p/1.html
INFO: [ app_init ] --START--
INFO: Run Behavior\BuildLiteBehavior [ RunTime:0.000043s ]
INFO: [ app_init ] --END-- [ RunTime:0.000684s ]
INFO: [ app_begin ] --START--
INFO: Run Behavior\ReadHtmlCacheBehavior [ RunTime:0.000812s ]
INFO: Run Home\Behaviors\NavBehavior [ RunTime:0.000680s ]
NOTIC: [8] Undefined index: userin D:\thinkphp_3.2.3_full\guyuan\Home\API\UserAPI.class.php 第 73 行.
INFO: Run Home\Behaviors\UserBehavior [ RunTime:0.002163s ]
INFO: [ app_begin ] --END-- [ RunTime:0.004078s ]
SQL: SHOW COLUMNS FROM `5000_info` [ RunTime:0.0024s ]
SQL: SELECT COUNT(*) AS tp_count FROM `5000_info` WHERE ( info_type=1 ) LIMIT 1   [ RunTime:0.0002s ]
SQL: SELECT * FROM `5000_info` WHERE ( info_type=1 ) ORDER BY info_id desc LIMIT 0,5   [ RunTime:0.0003s ]
SQL: SHOW COLUMNS FROM `5000_info_meta` [ RunTime:0.0022s ]
SQL: SELECT * FROM `5000_info_meta` WHERE ( info_id in (59,58,57,56,55) )  [ RunTime:0.0002s ]
INFO: [ view_parse ] --START--
INFO: [ template_filter ] --START--
INFO: Run Behavior\ContentReplaceBehavior [ RunTime:0.000080s ]
INFO: [ template_filter ] --END-- [ RunTime:0.000193s ]
SQL: SHOW COLUMNS FROM `5000_navbar` [ RunTime:0.0025s ]
SQL: SELECT * FROM `5000_navbar` WHERE ( nav_isshow=1 ) ORDER BY nav_index  [ RunTime:0.0003s ]
NOTIC: [8] Undefined variable: global_user D:\thinkphp_3.2.3_full\guyuan\Runtime\Cache\Home\dd91f665b84972ae5be7fe3e09d380b7.php 第 42 行.
SQL: SHOW COLUMNS FROM `5000_info_widget` [ RunTime:0.0023s ]
SQL: SELECT * FROM `5000_info_widget` WHERE ( wig_id=1 ) LIMIT 1   [ RunTime:0.0002s ]
INFO: [ view_parse ] --START--
INFO: [ template_filter ] --START--
INFO: Run Behavior\ContentReplaceBehavior [ RunTime:0.000054s ]
INFO: [ template_filter ] --END-- [ RunTime:-0.012970s ]
INFO: Run Behavior\ParseTemplateBehavior [ RunTime:0.003004s ]
INFO: [ view_parse ] --END-- [ RunTime:0.003108s ]
INFO: [ view_filter ] --START--
INFO: Run Behavior\WriteHtmlCacheBehavior [ RunTime:0.000200s ]
INFO: [ view_filter ] --END-- [ RunTime:0.000282s ]
INFO: Run Behavior\ParseTemplateBehavior [ RunTime:0.003492s ]
INFO: [ view_parse ] --END-- [ RunTime:0.003108s ]
INFO: [ view_filter ] --START--
INFO: Run Behavior\WriteHtmlCacheBehavior [ RunTime:0.000021s ]
INFO: [ view_filter ] --END-- [ RunTime:-0.000189s ]
INFO: [ app_end ] --START--
INFO: Run Behavior\ShowPageTraceBehavior [ RunTime:0.000445s ]
INFO: [ app_end ] --END-- [ RunTime:0.000528s ]

[ 2016-08-01T17:17:52+08:00 ] 127.0.0.1 /index.php/Home/Info/index/p/2.html
INFO: [ app_init ] --START--
INFO: Run Behavior\BuildLiteBehavior [ RunTime:0.000043s ]
INFO: [ app_init ] --END-- [ RunTime:0.000695s ]
INFO: [ app_begin ] --START--
INFO: Run Behavior\ReadHtmlCacheBehavior [ RunTime:0.000822s ]
INFO: Run Home\Behaviors\NavBehavior [ RunTime:0.000670s ]
NOTIC: [8] Undefined index: userin D:\thinkphp_3.2.3_full\guyuan\Home\API\UserAPI.class.php 第 73 行.
INFO: Run Home\Behaviors\UserBehavior [ RunTime:0.002225s ]
INFO: [ app_begin ] --END-- [ RunTime:0.004136s ]
SQL: SHOW COLUMNS FROM `5000_info` [ RunTime:0.0028s ]
SQL: SELECT COUNT(*) AS tp_count FROM `5000_info` WHERE ( info_type=1 ) LIMIT 1   [ RunTime:0.0003s ]
SQL: SELECT * FROM `5000_info` WHERE ( info_type=1 ) ORDER BY info_id desc LIMIT 5,5   [ RunTime:0.0003s ]
SQL: SHOW COLUMNS FROM `5000_info_meta` [ RunTime:0.0023s ]
SQL: SELECT * FROM `5000_info_meta` WHERE ( info_id in (54,53,52,51,50) )  [ RunTime:0.0002s ]
INFO: [ view_parse ] --START--
INFO: [ template_filter ] --START--
INFO: Run Behavior\ContentReplaceBehavior [ RunTime:0.000072s ]
INFO: [ template_filter ] --END-- [ RunTime:0.000172s ]
SQL: SHOW COLUMNS FROM `5000_navbar` [ RunTime:0.0023s ]
SQL: SELECT * FROM `5000_navbar` WHERE ( nav_isshow=1 ) ORDER BY nav_index  [ RunTime:0.0003s ]
NOTIC: [8] Undefined variable: global_user D:\thinkphp_3.2.3_full\guyuan\Runtime\Cache\Home\dd91f665b84972ae5be7fe3e09d380b7.php 第 42 行.
SQL: SHOW COLUMNS FROM `5000_info_widget` [ RunTime:0.0026s ]
SQL: SELECT * FROM `5000_info_widget` WHERE ( wig_id=1 ) LIMIT 1   [ RunTime:0.0002s ]
INFO: [ view_parse ] --START--
INFO: [ template_filter ] --START--
INFO: Run Behavior\ContentReplaceBehavior [ RunTime:0.000054s ]
INFO: [ template_filter ] --END-- [ RunTime:-0.013104s ]
INFO: Run Behavior\ParseTemplateBehavior [ RunTime:0.002881s ]
INFO: [ view_parse ] --END-- [ RunTime:0.002988s ]
INFO: [ view_filter ] --START--
INFO: Run Behavior\WriteHtmlCacheBehavior [ RunTime:0.000223s ]
INFO: [ view_filter ] --END-- [ RunTime:0.000310s ]
INFO: Run Behavior\ParseTemplateBehavior [ RunTime:0.003431s ]
INFO: [ view_parse ] --END-- [ RunTime:0.002988s ]
INFO: [ view_filter ] --START--
INFO: Run Behavior\WriteHtmlCacheBehavior [ RunTime:0.000020s ]
INFO: [ view_filter ] --END-- [ RunTime:-0.000188s ]
INFO: [ app_end ] --START--
INFO: Run Behavior\ShowPageTraceBehavior [ RunTime:0.000437s ]
INFO: [ app_end ] --END-- [ RunTime:0.000524s ]

[ 2016-08-01T17:17:54+08:00 ] 127.0.0.1 /index.php/Home/Info/index/p/1.html
INFO: [ app_init ] --START--
INFO: Run Behavior\BuildLiteBehavior [ RunTime:0.000041s ]
INFO: [ app_init ] --END-- [ RunTime:0.000667s ]
INFO: [ app_begin ] --START--
INFO: Run Behavior\ReadHtmlCacheBehavior [ RunTime:0.000797s ]
INFO: Run Home\Behaviors\NavBehavior [ RunTime:0.000709s ]
NOTIC: [8] Undefined index: userin D:\thinkphp_3.2.3_full\guyuan\Home\API\UserAPI.class.php 第 73 行.
INFO: Run Home\Behaviors\UserBehavior [ RunTime:0.002135s ]
INFO: [ app_begin ] --END-- [ RunTime:0.004227s ]
SQL: SHOW COLUMNS FROM `5000_info` [ RunTime:0.0029s ]
SQL: SELECT COUNT(*) AS tp_count FROM `5000_info` WHERE ( info_type=1 ) LIMIT 1   [ RunTime:0.0003s ]
SQL: SELECT * FROM `5000_info` WHERE ( info_type=1 ) ORDER BY info_id desc LIMIT 0,5   [ RunTime:0.0003s ]
SQL: SHOW COLUMNS FROM `5000_info_meta` [ RunTime:0.0022s ]
SQL: SELECT * FROM `5000_info_meta` WHERE ( info_id in (59,58,57,56,55) )  [ RunTime:0.0002s ]
INFO: [ view_parse ] --START--
INFO: [ template_filter ] --START--
INFO: Run Behavior\ContentReplaceBehavior [ RunTime:0.000072s ]
INFO: [ template_filter ] --END-- [ RunTime:0.000175s ]
SQL: SHOW COLUMNS FROM `5000_navbar` [ RunTime:0.0023s ]
SQL: SELECT * FROM `5000_navbar` WHERE ( nav_isshow=1 ) ORDER BY nav_index  [ RunTime:0.0003s ]
NOTIC: [8] Undefined variable: global_user D:\thinkphp_3.2.3_full\guyuan\Runtime\Cache\Home\dd91f665b84972ae5be7fe3e09d380b7.php 第 42 行.
SQL: SHOW COLUMNS FROM `5000_info_widget` [ RunTime:0.0022s ]
SQL: SELECT * FROM `5000_info_widget` WHERE ( wig_id=1 ) LIMIT 1   [ RunTime:0.0002s ]
INFO: [ view_parse ] --START--
INFO: [ template_filter ] --START--
INFO: Run Behavior\ContentReplaceBehavior [ RunTime:0.000053s ]
INFO: [ template_filter ] --END-- [ RunTime:-0.012972s ]
INFO: Run Behavior\ParseTemplateBehavior [ RunTime:0.002971s ]
INFO: [ view_parse ] --END-- [ RunTime:0.003070s ]
INFO: [ view_filter ] --START--
INFO: Run Behavior\WriteHtmlCacheBehavior [ RunTime:0.000197s ]
INFO: [ view_filter ] --END-- [ RunTime:0.000279s ]
INFO: Run Behavior\ParseTemplateBehavior [ RunTime:0.003469s ]
INFO: [ view_parse ] --END-- [ RunTime:0.003070s ]
INFO: [ view_filter ] --START--
INFO: Run Behavior\WriteHtmlCacheBehavior [ RunTime:0.000021s ]
INFO: [ view_filter ] --END-- [ RunTime:-0.000204s ]
INFO: [ app_end ] --START--
INFO: Run Behavior\ShowPageTraceBehavior [ RunTime:0.000421s ]
INFO: [ app_end ] --END-- [ RunTime:0.000503s ]

[ 2016-08-01T17:19:10+08:00 ] 127.0.0.1 /index.php/Home/Info/index/p/1.html
INFO: [ app_init ] --START--
INFO: Run Behavior\BuildLiteBehavior [ RunTime:0.000022s ]
INFO: [ app_init ] --END-- [ RunTime:0.000370s ]
INFO: [ app_begin ] --START--
INFO: Run Behavior\ReadHtmlCacheBehavior [ RunTime:0.000455s ]
INFO: Run Home\Behaviors\NavBehavior [ RunTime:0.000505s ]
NOTIC: [8] Undefined index: userin D:\thinkphp_3.2.3_full\guyuan\Home\API\UserAPI.class.php 第 73 行.
INFO: Run Home\Behaviors\UserBehavior [ RunTime:0.001257s ]
INFO: [ app_begin ] --END-- [ RunTime:0.002423s ]
SQL: SHOW COLUMNS FROM `5000_info` [ RunTime:0.0025s ]
SQL: SELECT COUNT(*) AS tp_count FROM `5000_info` WHERE ( info_type=1 ) LIMIT 1   [ RunTime:0.0003s ]
SQL: SELECT * FROM `5000_info` WHERE ( info_type=1 ) ORDER BY info_id desc LIMIT 0,5   [ RunTime:0.0003s ]
SQL: SHOW COLUMNS FROM `5000_info_meta` [ RunTime:0.0024s ]
SQL: SELECT * FROM `5000_info_meta` WHERE ( info_id in (59,58,57,56,55) )  [ RunTime:0.0003s ]
INFO: [ view_parse ] --START--
INFO: [ template_filter ] --START--
INFO: Run Behavior\ContentReplaceBehavior [ RunTime:0.000072s ]
INFO: [ template_filter ] --END-- [ RunTime:0.000174s ]
SQL: SHOW COLUMNS FROM `5000_navbar` [ RunTime:0.0023s ]
SQL: SELECT * FROM `5000_navbar` WHERE ( nav_isshow=1 ) ORDER BY nav_index  [ RunTime:0.0003s ]
NOTIC: [8] Undefined variable: global_user D:\thinkphp_3.2.3_full\guyuan\Runtime\Cache\Home\dd91f665b84972ae5be7fe3e09d380b7.php 第 42 行.
SQL: SHOW COLUMNS FROM `5000_info_widget` [ RunTime:0.0024s ]
SQL: SELECT * FROM `5000_info_widget` WHERE ( wig_id=1 ) LIMIT 1   [ RunTime:0.0002s ]
INFO: [ view_parse ] --START--
INFO: [ template_filter ] --START--
INFO: Run Behavior\ContentReplaceBehavior [ RunTime:0.000053s ]
INFO: [ template_filter ] --END-- [ RunTime:-0.012784s ]
INFO: Run Behavior\ParseTemplateBehavior [ RunTime:0.002886s ]
INFO: [ view_parse ] --END-- [ RunTime:0.002983s ]
INFO: [ view_filter ] --START--
INFO: Run Behavior\WriteHtmlCacheBehavior [ RunTime:0.000305s ]
INFO: [ view_filter ] --END-- [ RunTime:0.000393s ]
INFO: Run Behavior\ParseTemplateBehavior [ RunTime:0.003483s ]
INFO: [ view_parse ] --END-- [ RunTime:0.002983s ]
INFO: [ view_filter ] --START--
INFO: Run Behavior\WriteHtmlCacheBehavior [ RunTime:0.000021s ]
INFO: [ view_filter ] --END-- [ RunTime:-0.000192s ]
INFO: [ app_end ] --START--
INFO: Run Behavior\ShowPageTraceBehavior [ RunTime:0.000467s ]
INFO: [ app_end ] --END-- [ RunTime:0.000555s ]

[ 2016-08-01T17:19:23+08:00 ] 127.0.0.1 /index.php/Home/Info/index/p/1.html
INFO: [ app_init ] --START--
INFO: Run Behavior\BuildLiteBehavior [ RunTime:0.000059s ]
INFO: [ app_init ] --END-- [ RunTime:0.000522s ]
INFO: [ app_begin ] --START--
INFO: Run Behavior\ReadHtmlCacheBehavior [ RunTime:0.000669s ]
INFO: Run Home\Behaviors\NavBehavior [ RunTime:0.000701s ]
NOTIC: [8] Undefined index: userin D:\thinkphp_3.2.3_full\guyuan\Home\API\UserAPI.class.php 第 73 行.
INFO: Run Home\Behaviors\UserBehavior [ RunTime:0.001482s ]
INFO: [ app_begin ] --END-- [ RunTime:0.003127s ]
SQL: SHOW COLUMNS FROM `5000_info` [ RunTime:0.0025s ]
SQL: SELECT COUNT(*) AS tp_count FROM `5000_info` WHERE ( info_type=1 ) LIMIT 1   [ RunTime:0.0003s ]
SQL: SELECT * FROM `5000_info` WHERE ( info_type=1 ) ORDER BY info_id desc LIMIT 0,5   [ RunTime:0.0004s ]
SQL: SHOW COLUMNS FROM `5000_info_meta` [ RunTime:0.0023s ]
SQL: SELECT * FROM `5000_info_meta` WHERE ( info_id in (59,58,57,56,55) )  [ RunTime:0.0003s ]
INFO: [ view_parse ] --START--
INFO: [ template_filter ] --START--
INFO: Run Behavior\ContentReplaceBehavior [ RunTime:0.000070s ]
INFO: [ template_filter ] --END-- [ RunTime:0.000193s ]
SQL: SHOW COLUMNS FROM `5000_navbar` [ RunTime:0.0022s ]
SQL: SELECT * FROM `5000_navbar` WHERE ( nav_isshow=1 ) ORDER BY nav_index  [ RunTime:0.0003s ]
NOTIC: [8] Undefined variable: global_user D:\thinkphp_3.2.3_full\guyuan\Runtime\Cache\Home\dd91f665b84972ae5be7fe3e09d380b7.php 第 42 行.
SQL: SHOW COLUMNS FROM `5000_info_widget` [ RunTime:0.0023s ]
SQL: SELECT * FROM `5000_info_widget` WHERE ( wig_id=1 ) LIMIT 1   [ RunTime:0.0002s ]
INFO: [ view_parse ] --START--
INFO: [ template_filter ] --START--
INFO: Run Behavior\ContentReplaceBehavior [ RunTime:0.000054s ]
INFO: [ template_filter ] --END-- [ RunTime:-0.013010s ]
INFO: Run Behavior\ParseTemplateBehavior [ RunTime:0.002965s ]
INFO: [ view_parse ] --END-- [ RunTime:0.003069s ]
INFO: [ view_filter ] --START--
INFO: Run Behavior\WriteHtmlCacheBehavior [ RunTime:0.000261s ]
INFO: [ view_filter ] --END-- [ RunTime:0.000341s ]
INFO: Run Behavior\ParseTemplateBehavior [ RunTime:0.003521s ]
INFO: [ view_parse ] --END-- [ RunTime:0.003069s ]
INFO: [ view_filter ] --START--
INFO: Run Behavior\WriteHtmlCacheBehavior [ RunTime:0.000022s ]
INFO: [ view_filter ] --END-- [ RunTime:-0.000220s ]
INFO: [ app_end ] --START--
INFO: Run Behavior\ShowPageTraceBehavior [ RunTime:0.000561s ]
INFO: [ app_end ] --END-- [ RunTime:0.000688s ]

