[ 2016-08-03T16:17:47+08:00 ] 127.0.0.1 /index.php/Home/Info/detail/pid/65
INFO: [ app_init ] --START--
INFO: Run Behavior\BuildLiteBehavior [ RunTime:0.000025s ]
INFO: [ app_init ] --END-- [ RunTime:0.000413s ]
INFO: [ app_begin ] --START--
INFO: Run Behavior\ReadHtmlCacheBehavior [ RunTime:0.000571s ]
INFO: Run Home\Behaviors\NavBehavior [ RunTime:0.000699s ]
NOTIC: [8] Undefined index: userin D:\thinkphp_3.2.3_full\guyuan\Home\API\UserAPI.class.php 第 73 行.
INFO: Run Home\Behaviors\UserBehavior [ RunTime:0.001341s ]
INFO: [ app_begin ] --END-- [ RunTime:0.002876s ]
SQL: SHOW COLUMNS FROM `5000_info` [ RunTime:0.0304s ]
SQL: SELECT COUNT(*) AS tp_count FROM `5000_info` WHERE ( info_type=2 and  info_id=65 ) LIMIT 1   [ RunTime:0.0211s ]
SQL: SELECT * FROM `5000_info` WHERE ( info_type=2 and  info_id=65 ) ORDER BY info_id desc LIMIT 0,5   [ RunTime:0.0005s ]
SQL: SHOW COLUMNS FROM `5000_info_meta` [ RunTime:0.0150s ]
SQL: SELECT * FROM `5000_info_meta` WHERE ( info_id in (65) )  [ RunTime:0.0187s ]
INFO: [ view_parse ] --START--
INFO: [ template_filter ] --START--
INFO: Run Behavior\ContentReplaceBehavior [ RunTime:0.000133s ]
INFO: [ template_filter ] --END-- [ RunTime:0.000306s ]
SQL: SHOW COLUMNS FROM `5000_navbar` [ RunTime:0.0066s ]
SQL: SELECT * FROM `5000_navbar` WHERE ( nav_isshow=1 ) ORDER BY nav_index  [ RunTime:0.0186s ]
NOTIC: [8] Undefined variable: global_user D:\thinkphp_3.2.3_full\guyuan\Runtime\Cache\Home\91c7f06e6b5e82d67e7fbee9e6c78672.php 第 42 行.
SQL: SHOW COLUMNS FROM `5000_info_widget` [ RunTime:0.0264s ]
SQL: SELECT * FROM `5000_info_widget` WHERE ( wig_id=2 ) LIMIT 1   [ RunTime:0.0004s ]
SQL: SHOW COLUMNS FROM `5000_info` [ RunTime:0.0301s ]
SQL: SELECT * FROM `5000_info` WHERE ( info_type=2 ) ORDER BY info_id desc LIMIT 5   [ RunTime:0.0007s ]
INFO: [ view_parse ] --START--
INFO: [ template_filter ] --START--
INFO: Run Behavior\ContentReplaceBehavior [ RunTime:0.000093s ]
INFO: [ template_filter ] --END-- [ RunTime:-0.120899s ]
INFO: Run Behavior\ParseTemplateBehavior [ RunTime:0.005207s ]
INFO: [ view_parse ] --END-- [ RunTime:0.005418s ]
INFO: [ view_filter ] --START--
INFO: Run Behavior\WriteHtmlCacheBehavior [ RunTime:0.000641s ]
INFO: [ view_filter ] --END-- [ RunTime:0.000809s ]
INFO: Run Behavior\ParseTemplateBehavior [ RunTime:0.006430s ]
INFO: [ view_parse ] --END-- [ RunTime:0.005418s ]
INFO: [ view_filter ] --START--
INFO: Run Behavior\WriteHtmlCacheBehavior [ RunTime:0.000044s ]
INFO: [ view_filter ] --END-- [ RunTime:-0.000369s ]
INFO: [ app_end ] --START--
INFO: Run Behavior\ShowPageTraceBehavior [ RunTime:0.000863s ]
INFO: [ app_end ] --END-- [ RunTime:0.001032s ]

[ 2016-08-03T16:21:11+08:00 ] 127.0.0.1 /index.php/Home/Info/detail/pid/65
INFO: [ app_init ] --START--
INFO: Run Behavior\BuildLiteBehavior [ RunTime:0.000023s ]
INFO: [ app_init ] --END-- [ RunTime:0.000379s ]
INFO: [ app_begin ] --START--
INFO: Run Behavior\ReadHtmlCacheBehavior [ RunTime:0.000465s ]
INFO: Run Home\Behaviors\NavBehavior [ RunTime:0.000509s ]
NOTIC: [8] Undefined index: userin D:\thinkphp_3.2.3_full\guyuan\Home\API\UserAPI.class.php 第 73 行.
INFO: Run Home\Behaviors\UserBehavior [ RunTime:0.001138s ]
INFO: [ app_begin ] --END-- [ RunTime:0.002312s ]
SQL: SHOW COLUMNS FROM `5000_info` [ RunTime:0.0026s ]
SQL: SELECT COUNT(*) AS tp_count FROM `5000_info` WHERE ( info_type=2 and  info_id=65 ) LIMIT 1   [ RunTime:0.0134s ]
SQL: SELECT * FROM `5000_info` WHERE ( info_type=2 and  info_id=65 ) ORDER BY info_id desc LIMIT 0,5   [ RunTime:0.0003s ]
SQL: SHOW COLUMNS FROM `5000_info_meta` [ RunTime:0.0022s ]
SQL: SELECT * FROM `5000_info_meta` WHERE ( info_id in (65) )  [ RunTime:0.0002s ]
INFO: [ view_parse ] --START--
INFO: [ template_filter ] --START--
INFO: Run Behavior\ContentReplaceBehavior [ RunTime:0.000083s ]
INFO: [ template_filter ] --END-- [ RunTime:0.000182s ]
SQL: SHOW COLUMNS FROM `5000_navbar` [ RunTime:0.0024s ]
SQL: SELECT * FROM `5000_navbar` WHERE ( nav_isshow=1 ) ORDER BY nav_index  [ RunTime:0.0003s ]
NOTIC: [8] Undefined variable: global_user D:\thinkphp_3.2.3_full\guyuan\Runtime\Cache\Home\91c7f06e6b5e82d67e7fbee9e6c78672.php 第 42 行.
SQL: SHOW COLUMNS FROM `5000_info_widget` [ RunTime:0.0023s ]
SQL: SELECT * FROM `5000_info_widget` WHERE ( wig_id=2 ) LIMIT 1   [ RunTime:0.0002s ]
INFO: [ view_parse ] --START--
INFO: [ template_filter ] --START--
INFO: Run Behavior\ContentReplaceBehavior [ RunTime:0.000091s ]
INFO: [ template_filter ] --END-- [ RunTime:-0.029458s ]
INFO: Run Behavior\ParseTemplateBehavior [ RunTime:0.005325s ]
INFO: [ view_parse ] --END-- [ RunTime:0.005521s ]
INFO: [ view_filter ] --START--
INFO: Run Behavior\WriteHtmlCacheBehavior [ RunTime:0.000328s ]
INFO: [ view_filter ] --END-- [ RunTime:0.000446s ]
INFO: Run Behavior\ParseTemplateBehavior [ RunTime:0.006069s ]
INFO: [ view_parse ] --END-- [ RunTime:0.005521s ]
INFO: [ view_filter ] --START--
INFO: Run Behavior\WriteHtmlCacheBehavior [ RunTime:0.000021s ]
INFO: [ view_filter ] --END-- [ RunTime:-0.000203s ]
INFO: [ app_end ] --START--
INFO: Run Behavior\ShowPageTraceBehavior [ RunTime:0.000508s ]
INFO: [ app_end ] --END-- [ RunTime:0.000591s ]

[ 2016-08-03T16:23:00+08:00 ] 127.0.0.1 /index.php/Home/Info/detail/pid/65
INFO: [ app_init ] --START--
INFO: Run Behavior\BuildLiteBehavior [ RunTime:0.000022s ]
INFO: [ app_init ] --END-- [ RunTime:0.000386s ]
INFO: [ app_begin ] --START--
INFO: Run Behavior\ReadHtmlCacheBehavior [ RunTime:0.000496s ]
INFO: Run Home\Behaviors\NavBehavior [ RunTime:0.000516s ]
NOTIC: [8] Undefined index: userin D:\thinkphp_3.2.3_full\guyuan\Home\API\UserAPI.class.php 第 73 行.
INFO: Run Home\Behaviors\UserBehavior [ RunTime:0.001247s ]
INFO: [ app_begin ] --END-- [ RunTime:0.002479s ]
SQL: SHOW COLUMNS FROM `5000_info` [ RunTime:0.0023s ]
SQL: SELECT COUNT(*) AS tp_count FROM `5000_info` WHERE ( info_type=2 and  info_id=65 ) LIMIT 1   [ RunTime:0.0003s ]
SQL: SELECT * FROM `5000_info` WHERE ( info_type=2 and  info_id=65 ) ORDER BY info_id desc LIMIT 0,5   [ RunTime:0.0002s ]
SQL: SHOW COLUMNS FROM `5000_info_meta` [ RunTime:0.0021s ]
SQL: SELECT * FROM `5000_info_meta` WHERE ( info_id in (65) )  [ RunTime:0.0002s ]
INFO: [ view_parse ] --START--
INFO: [ template_filter ] --START--
INFO: Run Behavior\ContentReplaceBehavior [ RunTime:0.000089s ]
INFO: [ template_filter ] --END-- [ RunTime:0.000199s ]
SQL: SHOW COLUMNS FROM `5000_navbar` [ RunTime:0.0025s ]
SQL: SELECT * FROM `5000_navbar` WHERE ( nav_isshow=1 ) ORDER BY nav_index  [ RunTime:0.0003s ]
NOTIC: [8] Undefined variable: global_user D:\thinkphp_3.2.3_full\guyuan\Runtime\Cache\Home\91c7f06e6b5e82d67e7fbee9e6c78672.php 第 42 行.
SQL: SHOW COLUMNS FROM `5000_info_widget` [ RunTime:0.0027s ]
SQL: SELECT * FROM `5000_info_widget` WHERE ( wig_id=2 ) LIMIT 1   [ RunTime:0.0003s ]
INFO: [ view_parse ] --START--
INFO: [ template_filter ] --START--
INFO: Run Behavior\ContentReplaceBehavior [ RunTime:0.000055s ]
INFO: [ template_filter ] --END-- [ RunTime:-0.013916s ]
INFO: Run Behavior\ParseTemplateBehavior [ RunTime:0.003462s ]
INFO: [ view_parse ] --END-- [ RunTime:0.003702s ]
INFO: [ view_filter ] --START--
INFO: Run Behavior\WriteHtmlCacheBehavior [ RunTime:0.000322s ]
INFO: [ view_filter ] --END-- [ RunTime:0.000412s ]
INFO: Run Behavior\ParseTemplateBehavior [ RunTime:0.004244s ]
INFO: [ view_parse ] --END-- [ RunTime:0.003702s ]
INFO: [ view_filter ] --START--
INFO: Run Behavior\WriteHtmlCacheBehavior [ RunTime:0.000022s ]
INFO: [ view_filter ] --END-- [ RunTime:-0.000214s ]
INFO: [ app_end ] --START--
INFO: Run Behavior\ShowPageTraceBehavior [ RunTime:0.000545s ]
INFO: [ app_end ] --END-- [ RunTime:0.000640s ]

[ 2016-08-03T16:23:24+08:00 ] 127.0.0.1 /index.php/Home/Info/detail/pid/65
INFO: [ app_init ] --START--
INFO: Run Behavior\BuildLiteBehavior [ RunTime:0.000038s ]
INFO: [ app_init ] --END-- [ RunTime:0.000633s ]
INFO: [ app_begin ] --START--
INFO: Run Behavior\ReadHtmlCacheBehavior [ RunTime:0.000521s ]
INFO: Run Home\Behaviors\NavBehavior [ RunTime:0.000586s ]
NOTIC: [8] Undefined index: userin D:\thinkphp_3.2.3_full\guyuan\Home\API\UserAPI.class.php 第 73 行.
INFO: Run Home\Behaviors\UserBehavior [ RunTime:0.001212s ]
INFO: [ app_begin ] --END-- [ RunTime:0.002544s ]
SQL: SHOW COLUMNS FROM `5000_info` [ RunTime:0.0025s ]
SQL: SELECT COUNT(*) AS tp_count FROM `5000_info` WHERE ( info_type=2 and  info_id=65 ) LIMIT 1   [ RunTime:0.0002s ]
SQL: SELECT * FROM `5000_info` WHERE ( info_type=2 and  info_id=65 ) ORDER BY info_id desc LIMIT 0,5   [ RunTime:0.0002s ]
SQL: SHOW COLUMNS FROM `5000_info_meta` [ RunTime:0.0021s ]
SQL: SELECT * FROM `5000_info_meta` WHERE ( info_id in (65) )  [ RunTime:0.0002s ]
INFO: [ view_parse ] --START--
INFO: [ template_filter ] --START--
INFO: Run Behavior\ContentReplaceBehavior [ RunTime:0.000084s ]
INFO: [ template_filter ] --END-- [ RunTime:0.000184s ]
SQL: SHOW COLUMNS FROM `5000_navbar` [ RunTime:0.0025s ]
SQL: SELECT * FROM `5000_navbar` WHERE ( nav_isshow=1 ) ORDER BY nav_index  [ RunTime:0.0003s ]
NOTIC: [8] Undefined variable: global_user D:\thinkphp_3.2.3_full\guyuan\Runtime\Cache\Home\91c7f06e6b5e82d67e7fbee9e6c78672.php 第 42 行.
SQL: SHOW COLUMNS FROM `5000_info_widget` [ RunTime:0.0023s ]
SQL: SELECT * FROM `5000_info_widget` WHERE ( wig_id=2 ) LIMIT 1   [ RunTime:0.0002s ]
INFO: [ view_parse ] --START--
INFO: [ template_filter ] --START--
INFO: Run Behavior\ContentReplaceBehavior [ RunTime:0.000061s ]
INFO: [ template_filter ] --END-- [ RunTime:-0.012936s ]
INFO: Run Behavior\ParseTemplateBehavior [ RunTime:0.003049s ]
INFO: [ view_parse ] --END-- [ RunTime:0.003166s ]
INFO: [ view_filter ] --START--
INFO: Run Behavior\WriteHtmlCacheBehavior [ RunTime:0.000284s ]
INFO: [ view_filter ] --END-- [ RunTime:0.000379s ]
INFO: Run Behavior\ParseTemplateBehavior [ RunTime:0.003661s ]
INFO: [ view_parse ] --END-- [ RunTime:0.003166s ]
INFO: [ view_filter ] --START--
INFO: Run Behavior\WriteHtmlCacheBehavior [ RunTime:0.000022s ]
INFO: [ view_filter ] --END-- [ RunTime:-0.000200s ]
INFO: [ app_end ] --START--
INFO: Run Behavior\ShowPageTraceBehavior [ RunTime:0.000500s ]
INFO: [ app_end ] --END-- [ RunTime:0.000585s ]

[ 2016-08-03T16:27:35+08:00 ] 127.0.0.1 /index.php/Home/Info/detail/pid/65
INFO: [ app_init ] --START--
INFO: Run Behavior\BuildLiteBehavior [ RunTime:0.000020s ]
INFO: [ app_init ] --END-- [ RunTime:0.000359s ]
INFO: [ app_begin ] --START--
INFO: Run Behavior\ReadHtmlCacheBehavior [ RunTime:0.000503s ]
INFO: Run Home\Behaviors\NavBehavior [ RunTime:0.000508s ]
NOTIC: [8] Undefined index: userin D:\thinkphp_3.2.3_full\guyuan\Home\API\UserAPI.class.php 第 73 行.
INFO: Run Home\Behaviors\UserBehavior [ RunTime:0.001144s ]
INFO: [ app_begin ] --END-- [ RunTime:0.002356s ]
SQL: SHOW COLUMNS FROM `5000_info` [ RunTime:0.0024s ]
SQL: SELECT COUNT(*) AS tp_count FROM `5000_info` WHERE ( info_type=2 and  info_id=65 ) LIMIT 1   [ RunTime:0.0003s ]
SQL: SELECT * FROM `5000_info` WHERE ( info_type=2 and  info_id=65 ) ORDER BY info_id desc LIMIT 0,5   [ RunTime:0.0003s ]
SQL: SHOW COLUMNS FROM `5000_info_meta` [ RunTime:0.0021s ]
SQL: SELECT * FROM `5000_info_meta` WHERE ( info_id in (65) )  [ RunTime:0.0002s ]
INFO: [ view_parse ] --START--
INFO: [ template_filter ] --START--
INFO: Run Behavior\ContentReplaceBehavior [ RunTime:0.000090s ]
INFO: [ template_filter ] --END-- [ RunTime:0.000191s ]
SQL: SHOW COLUMNS FROM `5000_navbar` [ RunTime:0.0022s ]
SQL: SELECT * FROM `5000_navbar` WHERE ( nav_isshow=1 ) ORDER BY nav_index  [ RunTime:0.0003s ]
NOTIC: [8] Undefined variable: global_user D:\thinkphp_3.2.3_full\guyuan\Runtime\Cache\Home\91c7f06e6b5e82d67e7fbee9e6c78672.php 第 42 行.
SQL: SHOW COLUMNS FROM `5000_info_widget` [ RunTime:0.0020s ]
SQL: SELECT * FROM `5000_info_widget` WHERE ( wig_id=2 ) LIMIT 1   [ RunTime:0.0002s ]
INFO: [ view_parse ] --START--
INFO: [ template_filter ] --START--
INFO: Run Behavior\ContentReplaceBehavior [ RunTime:0.000052s ]
INFO: [ template_filter ] --END-- [ RunTime:-0.012432s ]
INFO: Run Behavior\ParseTemplateBehavior [ RunTime:0.002773s ]
INFO: [ view_parse ] --END-- [ RunTime:0.002874s ]
INFO: [ view_filter ] --START--
INFO: Run Behavior\WriteHtmlCacheBehavior [ RunTime:0.000275s ]
INFO: [ view_filter ] --END-- [ RunTime:0.000355s ]
INFO: Run Behavior\ParseTemplateBehavior [ RunTime:0.003340s ]
INFO: [ view_parse ] --END-- [ RunTime:0.002874s ]
INFO: [ view_filter ] --START--
INFO: Run Behavior\WriteHtmlCacheBehavior [ RunTime:0.000020s ]
INFO: [ view_filter ] --END-- [ RunTime:-0.000195s ]
INFO: [ app_end ] --START--
INFO: Run Behavior\ShowPageTraceBehavior [ RunTime:0.000481s ]
INFO: [ app_end ] --END-- [ RunTime:0.000561s ]

[ 2016-08-03T16:29:22+08:00 ] 127.0.0.1 /index.php/Home/Info/detail/pid/65
INFO: [ app_init ] --START--
INFO: Run Behavior\BuildLiteBehavior [ RunTime:0.000022s ]
INFO: [ app_init ] --END-- [ RunTime:0.000407s ]
INFO: [ app_begin ] --START--
INFO: Run Behavior\ReadHtmlCacheBehavior [ RunTime:0.000489s ]
INFO: Run Home\Behaviors\NavBehavior [ RunTime:0.000528s ]
NOTIC: [8] Undefined index: userin D:\thinkphp_3.2.3_full\guyuan\Home\API\UserAPI.class.php 第 73 行.
INFO: Run Home\Behaviors\UserBehavior [ RunTime:0.001194s ]
INFO: [ app_begin ] --END-- [ RunTime:0.002422s ]
SQL: SHOW COLUMNS FROM `5000_info` [ RunTime:0.0025s ]
SQL: SELECT COUNT(*) AS tp_count FROM `5000_info` WHERE ( info_type=2 and  info_id=65 ) LIMIT 1   [ RunTime:0.0004s ]
SQL: SELECT * FROM `5000_info` WHERE ( info_type=2 and  info_id=65 ) ORDER BY info_id desc LIMIT 0,5   [ RunTime:0.0004s ]
SQL: SHOW COLUMNS FROM `5000_info_meta` [ RunTime:0.0024s ]
SQL: SELECT * FROM `5000_info_meta` WHERE ( info_id in (65) )  [ RunTime:0.0003s ]
INFO: [ view_parse ] --START--
INFO: [ template_filter ] --START--
INFO: Run Behavior\ContentReplaceBehavior [ RunTime:0.000082s ]
INFO: [ template_filter ] --END-- [ RunTime:0.000187s ]
SQL: SHOW COLUMNS FROM `5000_navbar` [ RunTime:0.0023s ]
SQL: SELECT * FROM `5000_navbar` WHERE ( nav_isshow=1 ) ORDER BY nav_index  [ RunTime:0.0003s ]
NOTIC: [8] Undefined variable: global_user D:\thinkphp_3.2.3_full\guyuan\Runtime\Cache\Home\91c7f06e6b5e82d67e7fbee9e6c78672.php 第 42 行.
SQL: SHOW COLUMNS FROM `5000_info_widget` [ RunTime:0.0023s ]
SQL: SELECT * FROM `5000_info_widget` WHERE ( wig_id=2 ) LIMIT 1   [ RunTime:0.0002s ]
SQL: SHOW COLUMNS FROM `5000_info` [ RunTime:0.0024s ]
SQL: SELECT * FROM `5000_info` WHERE ( info_type=2 ) ORDER BY info_id desc LIMIT 5   [ RunTime:0.0003s ]
INFO: [ view_parse ] --START--
INFO: [ template_filter ] --START--
INFO: Run Behavior\ContentReplaceBehavior [ RunTime:0.000052s ]
INFO: [ template_filter ] --END-- [ RunTime:-0.017091s ]
INFO: Run Behavior\ParseTemplateBehavior [ RunTime:0.002810s ]
INFO: [ view_parse ] --END-- [ RunTime:0.002913s ]
INFO: [ view_filter ] --START--
INFO: Run Behavior\WriteHtmlCacheBehavior [ RunTime:0.000380s ]
INFO: [ view_filter ] --END-- [ RunTime:0.000466s ]
INFO: Run Behavior\ParseTemplateBehavior [ RunTime:0.003485s ]
INFO: [ view_parse ] --END-- [ RunTime:0.002913s ]
INFO: [ view_filter ] --START--
INFO: Run Behavior\WriteHtmlCacheBehavior [ RunTime:0.000021s ]
INFO: [ view_filter ] --END-- [ RunTime:-0.000194s ]
INFO: [ app_end ] --START--
INFO: Run Behavior\ShowPageTraceBehavior [ RunTime:0.000492s ]
INFO: [ app_end ] --END-- [ RunTime:0.000576s ]

[ 2016-08-03T16:30:04+08:00 ] 127.0.0.1 /index.php/Home/Info/detail/pid/65
INFO: [ app_init ] --START--
INFO: Run Behavior\BuildLiteBehavior [ RunTime:0.000035s ]
INFO: [ app_init ] --END-- [ RunTime:0.000448s ]
INFO: [ app_begin ] --START--
INFO: Run Behavior\ReadHtmlCacheBehavior [ RunTime:0.000621s ]
INFO: Run Home\Behaviors\NavBehavior [ RunTime:0.000546s ]
NOTIC: [8] Undefined index: userin D:\thinkphp_3.2.3_full\guyuan\Home\API\UserAPI.class.php 第 73 行.
INFO: Run Home\Behaviors\UserBehavior [ RunTime:0.001168s ]
INFO: [ app_begin ] --END-- [ RunTime:0.002582s ]
SQL: SHOW COLUMNS FROM `5000_info` [ RunTime:0.0024s ]
SQL: SELECT COUNT(*) AS tp_count FROM `5000_info` WHERE ( info_type=2 and  info_id=65 ) LIMIT 1   [ RunTime:0.0003s ]
SQL: SELECT * FROM `5000_info` WHERE ( info_type=2 and  info_id=65 ) ORDER BY info_id desc LIMIT 0,5   [ RunTime:0.0003s ]
SQL: SHOW COLUMNS FROM `5000_info_meta` [ RunTime:0.0023s ]
SQL: SELECT * FROM `5000_info_meta` WHERE ( info_id in (65) )  [ RunTime:0.0002s ]
INFO: [ view_parse ] --START--
INFO: [ template_filter ] --START--
INFO: Run Behavior\ContentReplaceBehavior [ RunTime:0.000100s ]
INFO: [ template_filter ] --END-- [ RunTime:0.000246s ]
SQL: SHOW COLUMNS FROM `5000_navbar` [ RunTime:0.0023s ]
SQL: SELECT * FROM `5000_navbar` WHERE ( nav_isshow=1 ) ORDER BY nav_index  [ RunTime:0.0002s ]
NOTIC: [8] Undefined variable: global_user D:\thinkphp_3.2.3_full\guyuan\Runtime\Cache\Home\91c7f06e6b5e82d67e7fbee9e6c78672.php 第 42 行.
SQL: SHOW COLUMNS FROM `5000_info_widget` [ RunTime:0.0023s ]
SQL: SELECT * FROM `5000_info_widget` WHERE ( wig_id=2 ) LIMIT 1   [ RunTime:0.0002s ]
INFO: [ view_parse ] --START--
INFO: [ template_filter ] --START--
INFO: Run Behavior\ContentReplaceBehavior [ RunTime:0.000055s ]
INFO: [ template_filter ] --END-- [ RunTime:-0.013018s ]
INFO: Run Behavior\ParseTemplateBehavior [ RunTime:0.002983s ]
INFO: [ view_parse ] --END-- [ RunTime:0.003078s ]
INFO: [ view_filter ] --START--
INFO: Run Behavior\WriteHtmlCacheBehavior [ RunTime:0.000264s ]
INFO: [ view_filter ] --END-- [ RunTime:0.000344s ]
INFO: Run Behavior\ParseTemplateBehavior [ RunTime:0.003533s ]
INFO: [ view_parse ] --END-- [ RunTime:0.003078s ]
INFO: [ view_filter ] --START--
INFO: Run Behavior\WriteHtmlCacheBehavior [ RunTime:0.000021s ]
INFO: [ view_filter ] --END-- [ RunTime:-0.000197s ]
INFO: [ app_end ] --START--
INFO: Run Behavior\ShowPageTraceBehavior [ RunTime:0.000517s ]
INFO: [ app_end ] --END-- [ RunTime:0.000608s ]

[ 2016-08-03T16:30:36+08:00 ] 127.0.0.1 /index.php/Home/Info/detail/pid/65
INFO: [ app_init ] --START--
INFO: Run Behavior\BuildLiteBehavior [ RunTime:0.000022s ]
INFO: [ app_init ] --END-- [ RunTime:0.000372s ]
INFO: [ app_begin ] --START--
INFO: Run Behavior\ReadHtmlCacheBehavior [ RunTime:0.000659s ]
INFO: Run Home\Behaviors\NavBehavior [ RunTime:0.000769s ]
NOTIC: [8] Undefined index: userin D:\thinkphp_3.2.3_full\guyuan\Home\API\UserAPI.class.php 第 73 行.
INFO: Run Home\Behaviors\UserBehavior [ RunTime:0.001192s ]
INFO: [ app_begin ] --END-- [ RunTime:0.002877s ]
SQL: SHOW COLUMNS FROM `5000_info` [ RunTime:0.0024s ]
SQL: SELECT COUNT(*) AS tp_count FROM `5000_info` WHERE ( info_type=2 and  info_id=65 ) LIMIT 1   [ RunTime:0.0002s ]
SQL: SELECT * FROM `5000_info` WHERE ( info_type=2 and  info_id=65 ) ORDER BY info_id desc LIMIT 0,5   [ RunTime:0.0002s ]
SQL: SHOW COLUMNS FROM `5000_info_meta` [ RunTime:0.0021s ]
SQL: SELECT * FROM `5000_info_meta` WHERE ( info_id in (65) )  [ RunTime:0.0002s ]
INFO: [ view_parse ] --START--
INFO: [ template_filter ] --START--
INFO: Run Behavior\ContentReplaceBehavior [ RunTime:0.000081s ]
INFO: [ template_filter ] --END-- [ RunTime:0.000177s ]
SQL: SHOW COLUMNS FROM `5000_navbar` [ RunTime:0.0022s ]
SQL: SELECT * FROM `5000_navbar` WHERE ( nav_isshow=1 ) ORDER BY nav_index  [ RunTime:0.0003s ]
NOTIC: [8] Undefined variable: global_user D:\thinkphp_3.2.3_full\guyuan\Runtime\Cache\Home\91c7f06e6b5e82d67e7fbee9e6c78672.php 第 42 行.
SQL: SHOW COLUMNS FROM `5000_info_widget` [ RunTime:0.0021s ]
SQL: SELECT * FROM `5000_info_widget` WHERE ( wig_id=2 ) LIMIT 1   [ RunTime:0.0002s ]
INFO: [ view_parse ] --START--
INFO: [ template_filter ] --START--
INFO: Run Behavior\ContentReplaceBehavior [ RunTime:0.000054s ]
INFO: [ template_filter ] --END-- [ RunTime:-0.012408s ]
INFO: Run Behavior\ParseTemplateBehavior [ RunTime:0.002821s ]
INFO: [ view_parse ] --END-- [ RunTime:0.002932s ]
INFO: [ view_filter ] --START--
INFO: Run Behavior\WriteHtmlCacheBehavior [ RunTime:0.000277s ]
INFO: [ view_filter ] --END-- [ RunTime:0.000381s ]
INFO: Run Behavior\ParseTemplateBehavior [ RunTime:0.003467s ]
INFO: [ view_parse ] --END-- [ RunTime:0.002932s ]
INFO: [ view_filter ] --START--
INFO: Run Behavior\WriteHtmlCacheBehavior [ RunTime:0.000021s ]
INFO: [ view_filter ] --END-- [ RunTime:-0.000196s ]
INFO: [ app_end ] --START--
INFO: Run Behavior\ShowPageTraceBehavior [ RunTime:0.000474s ]
INFO: [ app_end ] --END-- [ RunTime:0.000557s ]

[ 2016-08-03T16:32:32+08:00 ] 127.0.0.1 /index.php/Home/Info/detail/pid/65
INFO: [ app_init ] --START--
INFO: Run Behavior\BuildLiteBehavior [ RunTime:0.000030s ]
INFO: [ app_init ] --END-- [ RunTime:0.000518s ]
INFO: [ app_begin ] --START--
INFO: Run Behavior\ReadHtmlCacheBehavior [ RunTime:0.002125s ]
INFO: Run Home\Behaviors\NavBehavior [ RunTime:0.000599s ]
NOTIC: [8] Undefined index: userin D:\thinkphp_3.2.3_full\guyuan\Home\API\UserAPI.class.php 第 73 行.
INFO: Run Home\Behaviors\UserBehavior [ RunTime:0.001380s ]
INFO: [ app_begin ] --END-- [ RunTime:0.004371s ]
SQL: SHOW COLUMNS FROM `5000_info` [ RunTime:0.0028s ]
SQL: SELECT COUNT(*) AS tp_count FROM `5000_info` WHERE ( info_type=2 and  info_id=65 ) LIMIT 1   [ RunTime:0.0004s ]
SQL: SELECT * FROM `5000_info` WHERE ( info_type=2 and  info_id=65 ) ORDER BY info_id desc LIMIT 0,5   [ RunTime:0.0004s ]
SQL: SHOW COLUMNS FROM `5000_info_meta` [ RunTime:0.0030s ]
SQL: SELECT * FROM `5000_info_meta` WHERE ( info_id in (65) )  [ RunTime:0.0003s ]
INFO: [ view_parse ] --START--
INFO: [ template_filter ] --START--
INFO: Run Behavior\ContentReplaceBehavior [ RunTime:0.000085s ]
INFO: [ template_filter ] --END-- [ RunTime:0.000188s ]
SQL: SHOW COLUMNS FROM `5000_navbar` [ RunTime:0.0023s ]
SQL: SELECT * FROM `5000_navbar` WHERE ( nav_isshow=1 ) ORDER BY nav_index  [ RunTime:0.0003s ]
NOTIC: [8] Undefined variable: global_user D:\thinkphp_3.2.3_full\guyuan\Runtime\Cache\Home\91c7f06e6b5e82d67e7fbee9e6c78672.php 第 42 行.
SQL: SHOW COLUMNS FROM `5000_info_widget` [ RunTime:0.0021s ]
SQL: SELECT * FROM `5000_info_widget` WHERE ( wig_id=2 ) LIMIT 1   [ RunTime:0.0002s ]
INFO: [ view_parse ] --START--
INFO: [ template_filter ] --START--
INFO: Run Behavior\ContentReplaceBehavior [ RunTime:0.000072s ]
INFO: [ template_filter ] --END-- [ RunTime:-0.012832s ]
INFO: Run Behavior\ParseTemplateBehavior [ RunTime:0.003165s ]
INFO: [ view_parse ] --END-- [ RunTime:0.003288s ]
INFO: [ view_filter ] --START--
INFO: Run Behavior\WriteHtmlCacheBehavior [ RunTime:0.000293s ]
INFO: [ view_filter ] --END-- [ RunTime:0.000373s ]
INFO: Run Behavior\ParseTemplateBehavior [ RunTime:0.003771s ]
INFO: [ view_parse ] --END-- [ RunTime:0.003288s ]
INFO: [ view_filter ] --START--
INFO: Run Behavior\WriteHtmlCacheBehavior [ RunTime:0.000020s ]
INFO: [ view_filter ] --END-- [ RunTime:-0.000190s ]
INFO: [ app_end ] --START--
INFO: Run Behavior\ShowPageTraceBehavior [ RunTime:0.000482s ]
INFO: [ app_end ] --END-- [ RunTime:0.000563s ]

[ 2016-08-03T16:33:18+08:00 ] 127.0.0.1 /index.php/Home/Info/detail/pid/65
INFO: [ app_init ] --START--
INFO: Run Behavior\BuildLiteBehavior [ RunTime:0.000024s ]
INFO: [ app_init ] --END-- [ RunTime:0.000383s ]
INFO: [ app_begin ] --START--
INFO: Run Behavior\ReadHtmlCacheBehavior [ RunTime:0.000474s ]
INFO: Run Home\Behaviors\NavBehavior [ RunTime:0.000519s ]
NOTIC: [8] Undefined index: userin D:\thinkphp_3.2.3_full\guyuan\Home\API\UserAPI.class.php 第 73 行.
INFO: Run Home\Behaviors\UserBehavior [ RunTime:0.001246s ]
INFO: [ app_begin ] --END-- [ RunTime:0.002462s ]
SQL: SHOW COLUMNS FROM `5000_info` [ RunTime:0.0026s ]
SQL: SELECT COUNT(*) AS tp_count FROM `5000_info` WHERE ( info_type=2 and  info_id=65 ) LIMIT 1   [ RunTime:0.0003s ]
SQL: SELECT * FROM `5000_info` WHERE ( info_type=2 and  info_id=65 ) ORDER BY info_id desc LIMIT 0,5   [ RunTime:0.0003s ]
SQL: SHOW COLUMNS FROM `5000_info_meta` [ RunTime:0.0026s ]
SQL: SELECT * FROM `5000_info_meta` WHERE ( info_id in (65) )  [ RunTime:0.0003s ]
INFO: [ view_parse ] --START--
INFO: [ template_filter ] --START--
INFO: Run Behavior\ContentReplaceBehavior [ RunTime:0.000082s ]
INFO: [ template_filter ] --END-- [ RunTime:0.000183s ]
SQL: SHOW COLUMNS FROM `5000_navbar` [ RunTime:0.0026s ]
SQL: SELECT * FROM `5000_navbar` WHERE ( nav_isshow=1 ) ORDER BY nav_index  [ RunTime:0.0003s ]
NOTIC: [8] Undefined variable: global_user D:\thinkphp_3.2.3_full\guyuan\Runtime\Cache\Home\91c7f06e6b5e82d67e7fbee9e6c78672.php 第 42 行.
SQL: SHOW COLUMNS FROM `5000_info_widget` [ RunTime:0.0022s ]
SQL: SELECT * FROM `5000_info_widget` WHERE ( wig_id=2 ) LIMIT 1   [ RunTime:0.0002s ]
INFO: [ view_parse ] --START--
INFO: [ template_filter ] --START--
INFO: Run Behavior\ContentReplaceBehavior [ RunTime:0.000053s ]
INFO: [ template_filter ] --END-- [ RunTime:-0.013238s ]
INFO: Run Behavior\ParseTemplateBehavior [ RunTime:0.002845s ]
INFO: [ view_parse ] --END-- [ RunTime:0.002948s ]
INFO: [ view_filter ] --START--
INFO: Run Behavior\WriteHtmlCacheBehavior [ RunTime:0.000274s ]
INFO: [ view_filter ] --END-- [ RunTime:0.000357s ]
INFO: Run Behavior\ParseTemplateBehavior [ RunTime:0.003411s ]
INFO: [ view_parse ] --END-- [ RunTime:0.002948s ]
INFO: [ view_filter ] --START--
INFO: Run Behavior\WriteHtmlCacheBehavior [ RunTime:0.000020s ]
INFO: [ view_filter ] --END-- [ RunTime:-0.000195s ]
INFO: [ app_end ] --START--
INFO: Run Behavior\ShowPageTraceBehavior [ RunTime:0.000499s ]
INFO: [ app_end ] --END-- [ RunTime:0.000582s ]

[ 2016-08-03T16:34:25+08:00 ] 127.0.0.1 /index.php/Home/Info/detail/pid/65
INFO: [ app_init ] --START--
INFO: Run Behavior\BuildLiteBehavior [ RunTime:0.000028s ]
INFO: [ app_init ] --END-- [ RunTime:0.000437s ]
INFO: [ app_begin ] --START--
INFO: Run Behavior\ReadHtmlCacheBehavior [ RunTime:0.000601s ]
INFO: Run Home\Behaviors\NavBehavior [ RunTime:0.000457s ]
NOTIC: [8] Undefined index: userin D:\thinkphp_3.2.3_full\guyuan\Home\API\UserAPI.class.php 第 73 行.
INFO: Run Home\Behaviors\UserBehavior [ RunTime:0.001237s ]
INFO: [ app_begin ] --END-- [ RunTime:0.002576s ]
SQL: SHOW COLUMNS FROM `5000_info` [ RunTime:0.0024s ]
SQL: SELECT COUNT(*) AS tp_count FROM `5000_info` WHERE ( info_type=2 and  info_id=65 ) LIMIT 1   [ RunTime:0.0003s ]
SQL: SELECT * FROM `5000_info` WHERE ( info_type=2 and  info_id=65 ) ORDER BY info_id desc LIMIT 0,5   [ RunTime:0.0002s ]
SQL: SHOW COLUMNS FROM `5000_info_meta` [ RunTime:0.0023s ]
SQL: SELECT * FROM `5000_info_meta` WHERE ( info_id in (65) )  [ RunTime:0.0002s ]
INFO: [ view_parse ] --START--
INFO: [ template_filter ] --START--
INFO: Run Behavior\ContentReplaceBehavior [ RunTime:0.000083s ]
INFO: [ template_filter ] --END-- [ RunTime:0.000185s ]
SQL: SHOW COLUMNS FROM `5000_navbar` [ RunTime:0.0022s ]
SQL: SELECT * FROM `5000_navbar` WHERE ( nav_isshow=1 ) ORDER BY nav_index  [ RunTime:0.0003s ]
NOTIC: [8] Undefined variable: global_user D:\thinkphp_3.2.3_full\guyuan\Runtime\Cache\Home\91c7f06e6b5e82d67e7fbee9e6c78672.php 第 42 行.
SQL: SHOW COLUMNS FROM `5000_info_widget` [ RunTime:0.0022s ]
SQL: SELECT * FROM `5000_info_widget` WHERE ( wig_id=2 ) LIMIT 1   [ RunTime:0.0002s ]
INFO: [ view_parse ] --START--
INFO: [ template_filter ] --START--
INFO: Run Behavior\ContentReplaceBehavior [ RunTime:0.000053s ]
INFO: [ template_filter ] --END-- [ RunTime:-0.012575s ]
INFO: Run Behavior\ParseTemplateBehavior [ RunTime:0.002875s ]
INFO: [ view_parse ] --END-- [ RunTime:0.002983s ]
INFO: [ view_filter ] --START--
INFO: Run Behavior\WriteHtmlCacheBehavior [ RunTime:0.000223s ]
INFO: [ view_filter ] --END-- [ RunTime:0.000304s ]
INFO: Run Behavior\ParseTemplateBehavior [ RunTime:0.003394s ]
INFO: [ view_parse ] --END-- [ RunTime:0.002983s ]
INFO: [ view_filter ] --START--
INFO: Run Behavior\WriteHtmlCacheBehavior [ RunTime:0.000021s ]
INFO: [ view_filter ] --END-- [ RunTime:-0.000196s ]
INFO: [ app_end ] --START--
INFO: Run Behavior\ShowPageTraceBehavior [ RunTime:0.000446s ]
INFO: [ app_end ] --END-- [ RunTime:0.000530s ]

[ 2016-08-03T16:34:43+08:00 ] 127.0.0.1 /index.php/Home/Info/detail/pid/65
INFO: [ app_init ] --START--
INFO: Run Behavior\BuildLiteBehavior [ RunTime:0.000023s ]
INFO: [ app_init ] --END-- [ RunTime:0.000376s ]
INFO: [ app_begin ] --START--
INFO: Run Behavior\ReadHtmlCacheBehavior [ RunTime:0.000474s ]
INFO: Run Home\Behaviors\NavBehavior [ RunTime:0.000335s ]
NOTIC: [8] Undefined index: userin D:\thinkphp_3.2.3_full\guyuan\Home\API\UserAPI.class.php 第 73 行.
INFO: Run Home\Behaviors\UserBehavior [ RunTime:0.000972s ]
INFO: [ app_begin ] --END-- [ RunTime:0.001988s ]
SQL: SHOW COLUMNS FROM `5000_info` [ RunTime:0.0023s ]
SQL: SELECT COUNT(*) AS tp_count FROM `5000_info` WHERE ( info_type=2 and  info_id=65 ) LIMIT 1   [ RunTime:0.0003s ]
SQL: SELECT * FROM `5000_info` WHERE ( info_type=2 and  info_id=65 ) ORDER BY info_id desc LIMIT 0,5   [ RunTime:0.0002s ]
SQL: SHOW COLUMNS FROM `5000_info_meta` [ RunTime:0.0022s ]
SQL: SELECT * FROM `5000_info_meta` WHERE ( info_id in (65) )  [ RunTime:0.0003s ]
INFO: [ view_parse ] --START--
INFO: [ template_filter ] --START--
INFO: Run Behavior\ContentReplaceBehavior [ RunTime:0.000082s ]
INFO: [ template_filter ] --END-- [ RunTime:0.000180s ]
SQL: SHOW COLUMNS FROM `5000_navbar` [ RunTime:0.0022s ]
SQL: SELECT * FROM `5000_navbar` WHERE ( nav_isshow=1 ) ORDER BY nav_index  [ RunTime:0.0003s ]
NOTIC: [8] Undefined variable: global_user D:\thinkphp_3.2.3_full\guyuan\Runtime\Cache\Home\91c7f06e6b5e82d67e7fbee9e6c78672.php 第 42 行.
SQL: SHOW COLUMNS FROM `5000_info_widget` [ RunTime:0.0022s ]
SQL: SELECT * FROM `5000_info_widget` WHERE ( wig_id=2 ) LIMIT 1   [ RunTime:0.0002s ]
INFO: [ view_parse ] --START--
INFO: [ template_filter ] --START--
INFO: Run Behavior\ContentReplaceBehavior [ RunTime:0.000054s ]
INFO: [ template_filter ] --END-- [ RunTime:-0.012411s ]
INFO: Run Behavior\ParseTemplateBehavior [ RunTime:0.002941s ]
INFO: [ view_parse ] --END-- [ RunTime:0.003041s ]
INFO: [ view_filter ] --START--
INFO: Run Behavior\WriteHtmlCacheBehavior [ RunTime:0.000207s ]
INFO: [ view_filter ] --END-- [ RunTime:0.000288s ]
INFO: Run Behavior\ParseTemplateBehavior [ RunTime:0.003443s ]
INFO: [ view_parse ] --END-- [ RunTime:0.003041s ]
INFO: [ view_filter ] --START--
INFO: Run Behavior\WriteHtmlCacheBehavior [ RunTime:0.000029s ]
INFO: [ view_filter ] --END-- [ RunTime:-0.000193s ]
INFO: [ app_end ] --START--
INFO: Run Behavior\ShowPageTraceBehavior [ RunTime:0.000439s ]
INFO: [ app_end ] --END-- [ RunTime:0.000521s ]

[ 2016-08-03T16:36:32+08:00 ] 127.0.0.1 /index.php/Home/Info/detail/pid/65
INFO: [ app_init ] --START--
INFO: Run Behavior\BuildLiteBehavior [ RunTime:0.000027s ]
INFO: [ app_init ] --END-- [ RunTime:0.000444s ]
INFO: [ app_begin ] --START--
INFO: Run Behavior\ReadHtmlCacheBehavior [ RunTime:0.000574s ]
INFO: Run Home\Behaviors\NavBehavior [ RunTime:0.000726s ]
NOTIC: [8] Undefined index: userin D:\thinkphp_3.2.3_full\guyuan\Home\API\UserAPI.class.php 第 73 行.
INFO: Run Home\Behaviors\UserBehavior [ RunTime:0.001669s ]
INFO: [ app_begin ] --END-- [ RunTime:0.003221s ]
SQL: SHOW COLUMNS FROM `5000_info` [ RunTime:0.0025s ]
SQL: SELECT COUNT(*) AS tp_count FROM `5000_info` WHERE ( info_type=2 and  info_id=65 ) LIMIT 1   [ RunTime:0.0003s ]
SQL: SELECT * FROM `5000_info` WHERE ( info_type=2 and  info_id=65 ) ORDER BY info_id desc LIMIT 0,5   [ RunTime:0.0003s ]
SQL: SHOW COLUMNS FROM `5000_info_meta` [ RunTime:0.0022s ]
SQL: SELECT * FROM `5000_info_meta` WHERE ( info_id in (65) )  [ RunTime:0.0002s ]
INFO: [ view_parse ] --START--
INFO: [ template_filter ] --START--
INFO: Run Behavior\ContentReplaceBehavior [ RunTime:0.000083s ]
INFO: [ template_filter ] --END-- [ RunTime:0.000182s ]
SQL: SHOW COLUMNS FROM `5000_navbar` [ RunTime:0.0023s ]
SQL: SELECT * FROM `5000_navbar` WHERE ( nav_isshow=1 ) ORDER BY nav_index  [ RunTime:0.0003s ]
NOTIC: [8] Undefined variable: global_user D:\thinkphp_3.2.3_full\guyuan\Runtime\Cache\Home\91c7f06e6b5e82d67e7fbee9e6c78672.php 第 42 行.
SQL: SHOW COLUMNS FROM `5000_info_widget` [ RunTime:0.0023s ]
SQL: SELECT * FROM `5000_info_widget` WHERE ( wig_id=2 ) LIMIT 1   [ RunTime:0.0002s ]
INFO: [ view_parse ] --START--
INFO: [ template_filter ] --START--
INFO: Run Behavior\ContentReplaceBehavior [ RunTime:0.000052s ]
INFO: [ template_filter ] --END-- [ RunTime:-0.012999s ]
INFO: Run Behavior\ParseTemplateBehavior [ RunTime:0.002751s ]
INFO: [ view_parse ] --END-- [ RunTime:0.002846s ]
INFO: [ view_filter ] --START--
INFO: Run Behavior\WriteHtmlCacheBehavior [ RunTime:0.000261s ]
INFO: [ view_filter ] --END-- [ RunTime:0.000341s ]
INFO: Run Behavior\ParseTemplateBehavior [ RunTime:0.003331s ]
INFO: [ view_parse ] --END-- [ RunTime:0.002846s ]
INFO: [ view_filter ] --START--
INFO: Run Behavior\WriteHtmlCacheBehavior [ RunTime:0.000021s ]
INFO: [ view_filter ] --END-- [ RunTime:-0.000235s ]
INFO: [ app_end ] --START--
INFO: Run Behavior\ShowPageTraceBehavior [ RunTime:0.000485s ]
INFO: [ app_end ] --END-- [ RunTime:0.000568s ]

[ 2016-08-03T16:39:27+08:00 ] 127.0.0.1 /index.php/Home/Info/detail/pid/65
INFO: [ app_init ] --START--
INFO: Run Behavior\BuildLiteBehavior [ RunTime:0.000022s ]
INFO: [ app_init ] --END-- [ RunTime:0.000373s ]
INFO: [ app_begin ] --START--
INFO: Run Behavior\ReadHtmlCacheBehavior [ RunTime:0.000557s ]
INFO: Run Home\Behaviors\NavBehavior [ RunTime:0.000581s ]
NOTIC: [8] Undefined index: userin D:\thinkphp_3.2.3_full\guyuan\Home\API\UserAPI.class.php 第 73 行.
INFO: Run Home\Behaviors\UserBehavior [ RunTime:0.001235s ]
INFO: [ app_begin ] --END-- [ RunTime:0.002592s ]
SQL: SHOW COLUMNS FROM `5000_info` [ RunTime:0.0023s ]
SQL: SELECT COUNT(*) AS tp_count FROM `5000_info` WHERE ( info_type=2 and  info_id=65 ) LIMIT 1   [ RunTime:0.0003s ]
SQL: SELECT * FROM `5000_info` WHERE ( info_type=2 and  info_id=65 ) ORDER BY info_id desc LIMIT 0,5   [ RunTime:0.0003s ]
SQL: SHOW COLUMNS FROM `5000_info_meta` [ RunTime:0.0023s ]
SQL: SELECT * FROM `5000_info_meta` WHERE ( info_id in (65) )  [ RunTime:0.0003s ]
INFO: [ view_parse ] --START--
INFO: [ template_filter ] --START--
INFO: Run Behavior\ContentReplaceBehavior [ RunTime:0.000082s ]
INFO: [ template_filter ] --END-- [ RunTime:0.000178s ]
SQL: SHOW COLUMNS FROM `5000_navbar` [ RunTime:0.0026s ]
SQL: SELECT * FROM `5000_navbar` WHERE ( nav_isshow=1 ) ORDER BY nav_index  [ RunTime:0.0003s ]
NOTIC: [8] Undefined variable: global_user D:\thinkphp_3.2.3_full\guyuan\Runtime\Cache\Home\91c7f06e6b5e82d67e7fbee9e6c78672.php 第 42 行.
SQL: SHOW COLUMNS FROM `5000_info_widget` [ RunTime:0.0024s ]
SQL: SELECT * FROM `5000_info_widget` WHERE ( wig_id=2 ) LIMIT 1   [ RunTime:0.0003s ]
SQL: SHOW COLUMNS FROM `5000_info` [ RunTime:0.0022s ]
SQL: SELECT * FROM `5000_info` WHERE ( info_type=2 ) ORDER BY info_id desc LIMIT 5   [ RunTime:0.0003s ]
INFO: [ view_parse ] --START--
INFO: [ template_filter ] --START--
INFO: Run Behavior\ContentReplaceBehavior [ RunTime:0.000052s ]
INFO: [ template_filter ] --END-- [ RunTime:-0.017486s ]
INFO: Run Behavior\ParseTemplateBehavior [ RunTime:0.002882s ]
INFO: [ view_parse ] --END-- [ RunTime:0.002982s ]
INFO: [ view_filter ] --START--
INFO: Run Behavior\WriteHtmlCacheBehavior [ RunTime:0.000359s ]
INFO: [ view_filter ] --END-- [ RunTime:0.000442s ]
INFO: Run Behavior\ParseTemplateBehavior [ RunTime:0.003532s ]
INFO: [ view_parse ] --END-- [ RunTime:0.002982s ]
INFO: [ view_filter ] --START--
INFO: Run Behavior\WriteHtmlCacheBehavior [ RunTime:0.000021s ]
INFO: [ view_filter ] --END-- [ RunTime:-0.000196s ]
INFO: [ app_end ] --START--
INFO: Run Behavior\ShowPageTraceBehavior [ RunTime:0.000462s ]
INFO: [ app_end ] --END-- [ RunTime:0.000544s ]

[ 2016-08-03T16:41:45+08:00 ] 127.0.0.1 /index.php/Home/Info/detail/pid/65
INFO: [ app_init ] --START--
INFO: Run Behavior\BuildLiteBehavior [ RunTime:0.000022s ]
INFO: [ app_init ] --END-- [ RunTime:0.000382s ]
INFO: [ app_begin ] --START--
INFO: Run Behavior\ReadHtmlCacheBehavior [ RunTime:0.000552s ]
INFO: Run Home\Behaviors\NavBehavior [ RunTime:0.000836s ]
NOTIC: [8] Undefined index: userin D:\thinkphp_3.2.3_full\guyuan\Home\API\UserAPI.class.php 第 73 行.
INFO: Run Home\Behaviors\UserBehavior [ RunTime:0.001222s ]
INFO: [ app_begin ] --END-- [ RunTime:0.002844s ]
SQL: SHOW COLUMNS FROM `5000_info` [ RunTime:0.0029s ]
SQL: SELECT COUNT(*) AS tp_count FROM `5000_info` WHERE ( info_type=2 and  info_id=65 ) LIMIT 1   [ RunTime:0.0004s ]
SQL: SELECT * FROM `5000_info` WHERE ( info_type=2 and  info_id=65 ) ORDER BY info_id desc LIMIT 0,5   [ RunTime:0.0003s ]
SQL: SHOW COLUMNS FROM `5000_info_meta` [ RunTime:0.0022s ]
SQL: SELECT * FROM `5000_info_meta` WHERE ( info_id in (65) )  [ RunTime:0.0003s ]
INFO: [ view_parse ] --START--
INFO: [ template_filter ] --START--
INFO: Run Behavior\ContentReplaceBehavior [ RunTime:0.000082s ]
INFO: [ template_filter ] --END-- [ RunTime:0.000182s ]
SQL: SHOW COLUMNS FROM `5000_navbar` [ RunTime:0.0027s ]
SQL: SELECT * FROM `5000_navbar` WHERE ( nav_isshow=1 ) ORDER BY nav_index  [ RunTime:0.0004s ]
NOTIC: [8] Undefined variable: global_user D:\thinkphp_3.2.3_full\guyuan\Runtime\Cache\Home\91c7f06e6b5e82d67e7fbee9e6c78672.php 第 42 行.
SQL: SHOW COLUMNS FROM `5000_info_widget` [ RunTime:0.0024s ]
SQL: SELECT * FROM `5000_info_widget` WHERE ( wig_id=2 ) LIMIT 1   [ RunTime:0.0002s ]
INFO: [ view_parse ] --START--
INFO: [ template_filter ] --START--
INFO: Run Behavior\ContentReplaceBehavior [ RunTime:0.000053s ]
INFO: [ template_filter ] --END-- [ RunTime:-0.015077s ]
INFO: Run Behavior\ParseTemplateBehavior [ RunTime:0.002847s ]
INFO: [ view_parse ] --END-- [ RunTime:0.002942s ]
INFO: [ view_filter ] --START--
INFO: Run Behavior\WriteHtmlCacheBehavior [ RunTime:0.000274s ]
INFO: [ view_filter ] --END-- [ RunTime:0.000361s ]
INFO: Run Behavior\ParseTemplateBehavior [ RunTime:0.003409s ]
INFO: [ view_parse ] --END-- [ RunTime:0.002942s ]
INFO: [ view_filter ] --START--
INFO: Run Behavior\WriteHtmlCacheBehavior [ RunTime:0.000021s ]
INFO: [ view_filter ] --END-- [ RunTime:-0.000190s ]
INFO: [ app_end ] --START--
INFO: Run Behavior\ShowPageTraceBehavior [ RunTime:0.000468s ]
INFO: [ app_end ] --END-- [ RunTime:0.000548s ]

[ 2016-08-03T16:41:55+08:00 ] 127.0.0.1 /index.php/Home/Info/detail/pid/65
INFO: [ app_init ] --START--
INFO: Run Behavior\BuildLiteBehavior [ RunTime:0.000024s ]
INFO: [ app_init ] --END-- [ RunTime:0.000444s ]
INFO: [ app_begin ] --START--
INFO: Run Behavior\ReadHtmlCacheBehavior [ RunTime:0.000501s ]
INFO: Run Home\Behaviors\NavBehavior [ RunTime:0.000546s ]
NOTIC: [8] Undefined index: userin D:\thinkphp_3.2.3_full\guyuan\Home\API\UserAPI.class.php 第 73 行.
INFO: Run Home\Behaviors\UserBehavior [ RunTime:0.001195s ]
INFO: [ app_begin ] --END-- [ RunTime:0.002461s ]
SQL: SHOW COLUMNS FROM `5000_info` [ RunTime:0.0024s ]
SQL: SELECT COUNT(*) AS tp_count FROM `5000_info` WHERE ( info_type=2 and  info_id=65 ) LIMIT 1   [ RunTime:0.0003s ]
SQL: SELECT * FROM `5000_info` WHERE ( info_type=2 and  info_id=65 ) ORDER BY info_id desc LIMIT 0,5   [ RunTime:0.0002s ]
SQL: SHOW COLUMNS FROM `5000_info_meta` [ RunTime:0.0021s ]
SQL: SELECT * FROM `5000_info_meta` WHERE ( info_id in (65) )  [ RunTime:0.0002s ]
INFO: [ view_parse ] --START--
INFO: [ template_filter ] --START--
INFO: Run Behavior\ContentReplaceBehavior [ RunTime:0.000082s ]
INFO: [ template_filter ] --END-- [ RunTime:0.000201s ]
SQL: SHOW COLUMNS FROM `5000_navbar` [ RunTime:0.0022s ]
SQL: SELECT * FROM `5000_navbar` WHERE ( nav_isshow=1 ) ORDER BY nav_index  [ RunTime:0.0003s ]
NOTIC: [8] Undefined variable: global_user D:\thinkphp_3.2.3_full\guyuan\Runtime\Cache\Home\91c7f06e6b5e82d67e7fbee9e6c78672.php 第 42 行.
SQL: SHOW COLUMNS FROM `5000_info_widget` [ RunTime:0.0021s ]
SQL: SELECT * FROM `5000_info_widget` WHERE ( wig_id=2 ) LIMIT 1   [ RunTime:0.0002s ]
INFO: [ view_parse ] --START--
INFO: [ template_filter ] --START--
INFO: Run Behavior\ContentReplaceBehavior [ RunTime:0.000051s ]
INFO: [ template_filter ] --END-- [ RunTime:-0.012293s ]
INFO: Run Behavior\ParseTemplateBehavior [ RunTime:0.002732s ]
INFO: [ view_parse ] --END-- [ RunTime:0.002830s ]
INFO: [ view_filter ] --START--
INFO: Run Behavior\WriteHtmlCacheBehavior [ RunTime:0.000274s ]
INFO: [ view_filter ] --END-- [ RunTime:0.000355s ]
INFO: Run Behavior\ParseTemplateBehavior [ RunTime:0.003289s ]
INFO: [ view_parse ] --END-- [ RunTime:0.002830s ]
INFO: [ view_filter ] --START--
INFO: Run Behavior\WriteHtmlCacheBehavior [ RunTime:0.000021s ]
INFO: [ view_filter ] --END-- [ RunTime:-0.000190s ]
INFO: [ app_end ] --START--
INFO: Run Behavior\ShowPageTraceBehavior [ RunTime:0.000480s ]
INFO: [ app_end ] --END-- [ RunTime:0.000562s ]

[ 2016-08-03T16:43:14+08:00 ] 127.0.0.1 /index.php/Home/Info/detail/pid/65
INFO: [ app_init ] --START--
INFO: Run Behavior\BuildLiteBehavior [ RunTime:0.000023s ]
INFO: [ app_init ] --END-- [ RunTime:0.000369s ]
INFO: [ app_begin ] --START--
INFO: Run Behavior\ReadHtmlCacheBehavior [ RunTime:0.000425s ]
INFO: Run Home\Behaviors\NavBehavior [ RunTime:0.000349s ]
NOTIC: [8] Undefined index: userin D:\thinkphp_3.2.3_full\guyuan\Home\API\UserAPI.class.php 第 73 行.
INFO: Run Home\Behaviors\UserBehavior [ RunTime:0.000947s ]
INFO: [ app_begin ] --END-- [ RunTime:0.001924s ]
SQL: SHOW COLUMNS FROM `5000_info` [ RunTime:0.0025s ]
SQL: SELECT COUNT(*) AS tp_count FROM `5000_info` WHERE ( info_type=2 and  info_id=65 ) LIMIT 1   [ RunTime:0.0003s ]
SQL: SELECT * FROM `5000_info` WHERE ( info_type=2 and  info_id=65 ) ORDER BY info_id desc LIMIT 0,5   [ RunTime:0.0002s ]
SQL: SHOW COLUMNS FROM `5000_info_meta` [ RunTime:0.0023s ]
SQL: SELECT * FROM `5000_info_meta` WHERE ( info_id in (65) )  [ RunTime:0.0002s ]
INFO: [ view_parse ] --START--
INFO: [ template_filter ] --START--
INFO: Run Behavior\ContentReplaceBehavior [ RunTime:0.000110s ]
INFO: [ template_filter ] --END-- [ RunTime:0.000210s ]
SQL: SHOW COLUMNS FROM `5000_navbar` [ RunTime:0.0024s ]
SQL: SELECT * FROM `5000_navbar` WHERE ( nav_isshow=1 ) ORDER BY nav_index  [ RunTime:0.0003s ]
NOTIC: [8] Undefined variable: global_user D:\thinkphp_3.2.3_full\guyuan\Runtime\Cache\Home\91c7f06e6b5e82d67e7fbee9e6c78672.php 第 42 行.
SQL: SHOW COLUMNS FROM `5000_info_widget` [ RunTime:0.0022s ]
SQL: SELECT * FROM `5000_info_widget` WHERE ( wig_id=2 ) LIMIT 1   [ RunTime:0.0003s ]
INFO: [ view_parse ] --START--
INFO: [ template_filter ] --START--
INFO: Run Behavior\ContentReplaceBehavior [ RunTime:0.000059s ]
INFO: [ template_filter ] --END-- [ RunTime:-0.012874s ]
INFO: Run Behavior\ParseTemplateBehavior [ RunTime:0.002968s ]
INFO: [ view_parse ] --END-- [ RunTime:0.003074s ]
INFO: [ view_filter ] --START--
INFO: Run Behavior\WriteHtmlCacheBehavior [ RunTime:0.000204s ]
INFO: [ view_filter ] --END-- [ RunTime:0.000285s ]
INFO: Run Behavior\ParseTemplateBehavior [ RunTime:0.003482s ]
INFO: [ view_parse ] --END-- [ RunTime:0.003074s ]
INFO: [ view_filter ] --START--
INFO: Run Behavior\WriteHtmlCacheBehavior [ RunTime:0.000020s ]
INFO: [ view_filter ] --END-- [ RunTime:-0.000192s ]
INFO: [ app_end ] --START--
INFO: Run Behavior\ShowPageTraceBehavior [ RunTime:0.000427s ]
INFO: [ app_end ] --END-- [ RunTime:0.000509s ]

[ 2016-08-03T16:48:54+08:00 ] 127.0.0.1 /index.php/Home/Info/detail/pid/65
INFO: [ app_init ] --START--
INFO: Run Behavior\BuildLiteBehavior [ RunTime:0.000023s ]
INFO: [ app_init ] --END-- [ RunTime:0.000386s ]
INFO: [ app_begin ] --START--
INFO: Run Behavior\ReadHtmlCacheBehavior [ RunTime:0.000528s ]
INFO: Run Home\Behaviors\NavBehavior [ RunTime:0.000529s ]
NOTIC: [8] Undefined index: userin D:\thinkphp_3.2.3_full\guyuan\Home\API\UserAPI.class.php 第 73 行.
INFO: Run Home\Behaviors\UserBehavior [ RunTime:0.001213s ]
INFO: [ app_begin ] --END-- [ RunTime:0.002491s ]
SQL: SHOW COLUMNS FROM `5000_info` [ RunTime:0.0106s ]
SQL: SELECT COUNT(*) AS tp_count FROM `5000_info` WHERE ( info_type=2 and  info_id=65 ) LIMIT 1   [ RunTime:0.0003s ]
SQL: SELECT * FROM `5000_info` WHERE ( info_type=2 and  info_id=65 ) ORDER BY info_id desc LIMIT 0,5   [ RunTime:0.0003s ]
SQL: SHOW COLUMNS FROM `5000_info_meta` [ RunTime:0.0023s ]
SQL: SELECT * FROM `5000_info_meta` WHERE ( info_id in (65) )  [ RunTime:0.0003s ]
INFO: [ view_parse ] --START--
INFO: [ template_filter ] --START--
INFO: Run Behavior\ContentReplaceBehavior [ RunTime:0.000084s ]
INFO: [ template_filter ] --END-- [ RunTime:0.000185s ]
SQL: SHOW COLUMNS FROM `5000_navbar` [ RunTime:0.0022s ]
SQL: SELECT * FROM `5000_navbar` WHERE ( nav_isshow=1 ) ORDER BY nav_index  [ RunTime:0.0003s ]
NOTIC: [8] Undefined variable: global_user D:\thinkphp_3.2.3_full\guyuan\Runtime\Cache\Home\91c7f06e6b5e82d67e7fbee9e6c78672.php 第 42 行.
SQL: SHOW COLUMNS FROM `5000_info_widget` [ RunTime:0.0022s ]
SQL: SELECT * FROM `5000_info_widget` WHERE ( wig_id=2 ) LIMIT 1   [ RunTime:0.0002s ]
INFO: [ view_parse ] --START--
INFO: [ template_filter ] --START--
INFO: Run Behavior\ContentReplaceBehavior [ RunTime:0.000057s ]
INFO: [ template_filter ] --END-- [ RunTime:-0.012726s ]
INFO: Run Behavior\ParseTemplateBehavior [ RunTime:0.003114s ]
INFO: [ view_parse ] --END-- [ RunTime:0.003232s ]
INFO: [ view_filter ] --START--
INFO: Run Behavior\WriteHtmlCacheBehavior [ RunTime:0.000290s ]
INFO: [ view_filter ] --END-- [ RunTime:0.000378s ]
INFO: Run Behavior\ParseTemplateBehavior [ RunTime:0.003712s ]
INFO: [ view_parse ] --END-- [ RunTime:0.003232s ]
INFO: [ view_filter ] --START--
INFO: Run Behavior\WriteHtmlCacheBehavior [ RunTime:0.000020s ]
INFO: [ view_filter ] --END-- [ RunTime:-0.000194s ]
INFO: [ app_end ] --START--
INFO: Run Behavior\ShowPageTraceBehavior [ RunTime:0.000465s ]
INFO: [ app_end ] --END-- [ RunTime:0.000545s ]

[ 2016-08-03T16:48:56+08:00 ] 127.0.0.1 /index.php/Home/Info/detail/pid/65
INFO: [ app_init ] --START--
INFO: Run Behavior\BuildLiteBehavior [ RunTime:0.000022s ]
INFO: [ app_init ] --END-- [ RunTime:0.000383s ]
INFO: [ app_begin ] --START--
INFO: Run Behavior\ReadHtmlCacheBehavior [ RunTime:0.000505s ]
INFO: Run Home\Behaviors\NavBehavior [ RunTime:0.000540s ]
NOTIC: [8] Undefined index: userin D:\thinkphp_3.2.3_full\guyuan\Home\API\UserAPI.class.php 第 73 行.
INFO: Run Home\Behaviors\UserBehavior [ RunTime:0.001217s ]
INFO: [ app_begin ] --END-- [ RunTime:0.002482s ]
SQL: SHOW COLUMNS FROM `5000_info` [ RunTime:0.0029s ]
SQL: SELECT COUNT(*) AS tp_count FROM `5000_info` WHERE ( info_type=2 and  info_id=65 ) LIMIT 1   [ RunTime:0.0003s ]
SQL: SELECT * FROM `5000_info` WHERE ( info_type=2 and  info_id=65 ) ORDER BY info_id desc LIMIT 0,5   [ RunTime:0.0003s ]
SQL: SHOW COLUMNS FROM `5000_info_meta` [ RunTime:0.0023s ]
SQL: SELECT * FROM `5000_info_meta` WHERE ( info_id in (65) )  [ RunTime:0.0003s ]
INFO: [ view_parse ] --START--
INFO: [ template_filter ] --START--
INFO: Run Behavior\ContentReplaceBehavior [ RunTime:0.000083s ]
INFO: [ template_filter ] --END-- [ RunTime:0.000185s ]
SQL: SHOW COLUMNS FROM `5000_navbar` [ RunTime:0.0023s ]
SQL: SELECT * FROM `5000_navbar` WHERE ( nav_isshow=1 ) ORDER BY nav_index  [ RunTime:0.0003s ]
NOTIC: [8] Undefined variable: global_user D:\thinkphp_3.2.3_full\guyuan\Runtime\Cache\Home\91c7f06e6b5e82d67e7fbee9e6c78672.php 第 42 行.
SQL: SHOW COLUMNS FROM `5000_info_widget` [ RunTime:0.0021s ]
SQL: SELECT * FROM `5000_info_widget` WHERE ( wig_id=2 ) LIMIT 1   [ RunTime:0.0003s ]
INFO: [ view_parse ] --START--
INFO: [ template_filter ] --START--
INFO: Run Behavior\ContentReplaceBehavior [ RunTime:0.000053s ]
INFO: [ template_filter ] --END-- [ RunTime:-0.012801s ]
INFO: Run Behavior\ParseTemplateBehavior [ RunTime:0.002832s ]
INFO: [ view_parse ] --END-- [ RunTime:0.002930s ]
INFO: [ view_filter ] --START--
INFO: Run Behavior\WriteHtmlCacheBehavior [ RunTime:0.000266s ]
INFO: [ view_filter ] --END-- [ RunTime:0.000347s ]
INFO: Run Behavior\ParseTemplateBehavior [ RunTime:0.003381s ]
INFO: [ view_parse ] --END-- [ RunTime:0.002930s ]
INFO: [ view_filter ] --START--
INFO: Run Behavior\WriteHtmlCacheBehavior [ RunTime:0.000020s ]
INFO: [ view_filter ] --END-- [ RunTime:-0.000192s ]
INFO: [ app_end ] --START--
INFO: Run Behavior\ShowPageTraceBehavior [ RunTime:0.000467s ]
INFO: [ app_end ] --END-- [ RunTime:0.000551s ]

[ 2016-08-03T16:51:03+08:00 ] 127.0.0.1 /index.php/Home/Info/detail/pid/65
INFO: [ app_init ] --START--
INFO: Run Behavior\BuildLiteBehavior [ RunTime:0.000025s ]
INFO: [ app_init ] --END-- [ RunTime:0.000416s ]
INFO: [ app_begin ] --START--
INFO: Run Behavior\ReadHtmlCacheBehavior [ RunTime:0.000582s ]
INFO: Run Home\Behaviors\NavBehavior [ RunTime:0.000635s ]
NOTIC: [8] Undefined index: userin D:\thinkphp_3.2.3_full\guyuan\Home\API\UserAPI.class.php 第 73 行.
INFO: Run Home\Behaviors\UserBehavior [ RunTime:0.001195s ]
INFO: [ app_begin ] --END-- [ RunTime:0.002626s ]
SQL: SHOW COLUMNS FROM `5000_info` [ RunTime:0.0024s ]
SQL: SELECT COUNT(*) AS tp_count FROM `5000_info` WHERE ( info_type=2 and  info_id=65 ) LIMIT 1   [ RunTime:0.0003s ]
SQL: SELECT * FROM `5000_info` WHERE ( info_type=2 and  info_id=65 ) ORDER BY info_id desc LIMIT 0,5   [ RunTime:0.0003s ]
SQL: SHOW COLUMNS FROM `5000_info_meta` [ RunTime:0.0021s ]
SQL: SELECT * FROM `5000_info_meta` WHERE ( info_id in (65) )  [ RunTime:0.0002s ]
INFO: [ view_parse ] --START--
INFO: [ template_filter ] --START--
INFO: Run Behavior\ContentReplaceBehavior [ RunTime:0.000083s ]
INFO: [ template_filter ] --END-- [ RunTime:0.000183s ]
SQL: SHOW COLUMNS FROM `5000_navbar` [ RunTime:0.0022s ]
SQL: SELECT * FROM `5000_navbar` WHERE ( nav_isshow=1 ) ORDER BY nav_index  [ RunTime:0.0003s ]
NOTIC: [8] Undefined variable: global_user D:\thinkphp_3.2.3_full\guyuan\Runtime\Cache\Home\91c7f06e6b5e82d67e7fbee9e6c78672.php 第 42 行.
SQL: SHOW COLUMNS FROM `5000_info_widget` [ RunTime:0.0021s ]
SQL: SELECT * FROM `5000_info_widget` WHERE ( wig_id=2 ) LIMIT 1   [ RunTime:0.0002s ]
SQL: SHOW COLUMNS FROM `5000_info` [ RunTime:0.0022s ]
SQL: SELECT * FROM `5000_info` WHERE ( info_type=2 ) ORDER BY info_id desc LIMIT 5   [ RunTime:0.0003s ]
INFO: [ view_parse ] --START--
INFO: [ template_filter ] --START--
INFO: Run Behavior\ContentReplaceBehavior [ RunTime:0.000053s ]
INFO: [ template_filter ] --END-- [ RunTime:-0.016387s ]
INFO: Run Behavior\ParseTemplateBehavior [ RunTime:0.002812s ]
INFO: [ view_parse ] --END-- [ RunTime:0.002908s ]
INFO: [ view_filter ] --START--
INFO: Run Behavior\WriteHtmlCacheBehavior [ RunTime:0.000359s ]
INFO: [ view_filter ] --END-- [ RunTime:0.000441s ]
INFO: Run Behavior\ParseTemplateBehavior [ RunTime:0.003461s ]
INFO: [ view_parse ] --END-- [ RunTime:0.002908s ]
INFO: [ view_filter ] --START--
INFO: Run Behavior\WriteHtmlCacheBehavior [ RunTime:0.000021s ]
INFO: [ view_filter ] --END-- [ RunTime:-0.000198s ]
INFO: [ app_end ] --START--
INFO: Run Behavior\ShowPageTraceBehavior [ RunTime:0.000509s ]
INFO: [ app_end ] --END-- [ RunTime:0.000592s ]

[ 2016-08-03T16:54:14+08:00 ] 127.0.0.1 /index.php/Home/Info/detail/pid/65
INFO: [ app_init ] --START--
INFO: Run Behavior\BuildLiteBehavior [ RunTime:0.000023s ]
INFO: [ app_init ] --END-- [ RunTime:0.000374s ]
INFO: [ app_begin ] --START--
INFO: Run Behavior\ReadHtmlCacheBehavior [ RunTime:0.000479s ]
INFO: Run Home\Behaviors\NavBehavior [ RunTime:0.000512s ]
NOTIC: [8] Undefined index: userin D:\thinkphp_3.2.3_full\guyuan\Home\API\UserAPI.class.php 第 73 行.
INFO: Run Home\Behaviors\UserBehavior [ RunTime:0.001160s ]
INFO: [ app_begin ] --END-- [ RunTime:0.002358s ]
SQL: SHOW COLUMNS FROM `5000_info` [ RunTime:0.0024s ]
SQL: SELECT COUNT(*) AS tp_count FROM `5000_info` WHERE ( info_type=2 and  info_id=65 ) LIMIT 1   [ RunTime:0.0003s ]
SQL: SELECT * FROM `5000_info` WHERE ( info_type=2 and  info_id=65 ) ORDER BY info_id desc LIMIT 0,5   [ RunTime:0.0002s ]
SQL: SHOW COLUMNS FROM `5000_info_meta` [ RunTime:0.0023s ]
SQL: SELECT * FROM `5000_info_meta` WHERE ( info_id in (65) )  [ RunTime:0.0003s ]
INFO: [ view_parse ] --START--
INFO: [ template_filter ] --START--
INFO: Run Behavior\ContentReplaceBehavior [ RunTime:0.000084s ]
INFO: [ template_filter ] --END-- [ RunTime:0.000184s ]
SQL: SHOW COLUMNS FROM `5000_navbar` [ RunTime:0.0024s ]
SQL: SELECT * FROM `5000_navbar` WHERE ( nav_isshow=1 ) ORDER BY nav_index  [ RunTime:0.0003s ]
NOTIC: [8] Undefined variable: global_user D:\thinkphp_3.2.3_full\guyuan\Runtime\Cache\Home\91c7f06e6b5e82d67e7fbee9e6c78672.php 第 42 行.
SQL: SHOW COLUMNS FROM `5000_info_widget` [ RunTime:0.0022s ]
SQL: SELECT * FROM `5000_info_widget` WHERE ( wig_id=2 ) LIMIT 1   [ RunTime:0.0002s ]
INFO: [ view_parse ] --START--
INFO: [ template_filter ] --START--
INFO: Run Behavior\ContentReplaceBehavior [ RunTime:0.000055s ]
INFO: [ template_filter ] --END-- [ RunTime:-0.012721s ]
INFO: Run Behavior\ParseTemplateBehavior [ RunTime:0.002891s ]
INFO: [ view_parse ] --END-- [ RunTime:0.002989s ]
INFO: [ view_filter ] --START--
INFO: Run Behavior\WriteHtmlCacheBehavior [ RunTime:0.000264s ]
INFO: [ view_filter ] --END-- [ RunTime:0.000344s ]
INFO: Run Behavior\ParseTemplateBehavior [ RunTime:0.003441s ]
INFO: [ view_parse ] --END-- [ RunTime:0.002989s ]
INFO: [ view_filter ] --START--
INFO: Run Behavior\WriteHtmlCacheBehavior [ RunTime:0.000024s ]
INFO: [ view_filter ] --END-- [ RunTime:-0.000189s ]
INFO: [ app_end ] --START--
INFO: Run Behavior\ShowPageTraceBehavior [ RunTime:0.000465s ]
INFO: [ app_end ] --END-- [ RunTime:0.000546s ]

[ 2016-08-03T17:00:00+08:00 ] 127.0.0.1 /index.php/Home/Info/detail/pid/65
INFO: [ app_init ] --START--
INFO: Run Behavior\BuildLiteBehavior [ RunTime:0.000056s ]
INFO: [ app_init ] --END-- [ RunTime:0.000728s ]
INFO: [ app_begin ] --START--
INFO: Run Behavior\ReadHtmlCacheBehavior [ RunTime:0.000476s ]
INFO: Run Home\Behaviors\NavBehavior [ RunTime:0.000503s ]
NOTIC: [8] Undefined index: userin D:\thinkphp_3.2.3_full\guyuan\Home\API\UserAPI.class.php 第 73 行.
INFO: Run Home\Behaviors\UserBehavior [ RunTime:0.001143s ]
INFO: [ app_begin ] --END-- [ RunTime:0.002323s ]
SQL: SHOW COLUMNS FROM `5000_info` [ RunTime:0.0024s ]
SQL: SELECT COUNT(*) AS tp_count FROM `5000_info` WHERE ( info_type=2 and  info_id=65 ) LIMIT 1   [ RunTime:0.0003s ]
SQL: SELECT * FROM `5000_info` WHERE ( info_type=2 and  info_id=65 ) ORDER BY info_id desc LIMIT 0,5   [ RunTime:0.0002s ]
SQL: SHOW COLUMNS FROM `5000_info_meta` [ RunTime:0.0020s ]
SQL: SELECT * FROM `5000_info_meta` WHERE ( info_id in (65) )  [ RunTime:0.0002s ]
INFO: [ view_parse ] --START--
INFO: [ template_filter ] --START--
INFO: Run Behavior\ContentReplaceBehavior [ RunTime:0.000083s ]
INFO: [ template_filter ] --END-- [ RunTime:0.000186s ]
SQL: SHOW COLUMNS FROM `5000_navbar` [ RunTime:0.0022s ]
SQL: SELECT * FROM `5000_navbar` WHERE ( nav_isshow=1 ) ORDER BY nav_index  [ RunTime:0.0003s ]
NOTIC: [8] Undefined variable: global_user D:\thinkphp_3.2.3_full\guyuan\Runtime\Cache\Home\91c7f06e6b5e82d67e7fbee9e6c78672.php 第 42 行.
SQL: SHOW COLUMNS FROM `5000_info_widget` [ RunTime:0.0021s ]
SQL: SELECT * FROM `5000_info_widget` WHERE ( wig_id=2 ) LIMIT 1   [ RunTime:0.0003s ]
INFO: [ view_parse ] --START--
INFO: [ template_filter ] --START--
INFO: Run Behavior\ContentReplaceBehavior [ RunTime:0.000054s ]
INFO: [ template_filter ] --END-- [ RunTime:-0.012550s ]
INFO: Run Behavior\ParseTemplateBehavior [ RunTime:0.002775s ]
INFO: [ view_parse ] --END-- [ RunTime:0.002872s ]
INFO: [ view_filter ] --START--
INFO: Run Behavior\WriteHtmlCacheBehavior [ RunTime:0.000264s ]
INFO: [ view_filter ] --END-- [ RunTime:0.000346s ]
INFO: Run Behavior\ParseTemplateBehavior [ RunTime:0.003324s ]
INFO: [ view_parse ] --END-- [ RunTime:0.002872s ]
INFO: [ view_filter ] --START--
INFO: Run Behavior\WriteHtmlCacheBehavior [ RunTime:0.000021s ]
INFO: [ view_filter ] --END-- [ RunTime:-0.000189s ]
INFO: [ app_end ] --START--
INFO: Run Behavior\ShowPageTraceBehavior [ RunTime:0.000515s ]
INFO: [ app_end ] --END-- [ RunTime:0.000599s ]

[ 2016-08-03T17:13:24+08:00 ] 127.0.0.1 /index.php/Home/Info/detail/pid/65
INFO: [ app_init ] --START--
INFO: Run Behavior\BuildLiteBehavior [ RunTime:0.000023s ]
INFO: [ app_init ] --END-- [ RunTime:0.000383s ]
INFO: [ app_begin ] --START--
INFO: Run Behavior\ReadHtmlCacheBehavior [ RunTime:0.000665s ]
INFO: Run Home\Behaviors\NavBehavior [ RunTime:0.000538s ]
NOTIC: [8] Undefined index: userin D:\thinkphp_3.2.3_full\guyuan\Home\API\UserAPI.class.php 第 73 行.
INFO: Run Home\Behaviors\UserBehavior [ RunTime:0.001172s ]
INFO: [ app_begin ] --END-- [ RunTime:0.002606s ]
SQL: SHOW COLUMNS FROM `5000_info` [ RunTime:0.0023s ]
SQL: SELECT COUNT(*) AS tp_count FROM `5000_info` WHERE ( info_type=2 and  info_id=65 ) LIMIT 1   [ RunTime:0.0003s ]
SQL: SELECT * FROM `5000_info` WHERE ( info_type=2 and  info_id=65 ) ORDER BY info_id desc LIMIT 0,5   [ RunTime:0.0002s ]
SQL: SHOW COLUMNS FROM `5000_info_meta` [ RunTime:0.0022s ]
SQL: SELECT * FROM `5000_info_meta` WHERE ( info_id in (65) )  [ RunTime:0.0002s ]
INFO: [ view_parse ] --START--
INFO: [ template_filter ] --START--
INFO: Run Behavior\ContentReplaceBehavior [ RunTime:0.000087s ]
INFO: [ template_filter ] --END-- [ RunTime:0.000187s ]
SQL: SHOW COLUMNS FROM `5000_navbar` [ RunTime:0.0028s ]
SQL: SELECT * FROM `5000_navbar` WHERE ( nav_isshow=1 ) ORDER BY nav_index  [ RunTime:0.0004s ]
NOTIC: [8] Undefined variable: global_user D:\thinkphp_3.2.3_full\guyuan\Runtime\Cache\Home\91c7f06e6b5e82d67e7fbee9e6c78672.php 第 42 行.
SQL: SHOW COLUMNS FROM `5000_info_widget` [ RunTime:0.0024s ]
SQL: SELECT * FROM `5000_info_widget` WHERE ( wig_id=2 ) LIMIT 1   [ RunTime:0.0002s ]
SQL: SHOW COLUMNS FROM `5000_info` [ RunTime:0.0022s ]
SQL: SELECT * FROM `5000_info` WHERE ( info_type=2 ) ORDER BY info_id desc LIMIT 5   [ RunTime:0.0003s ]
INFO: [ view_parse ] --START--
INFO: [ template_filter ] --START--
INFO: Run Behavior\ContentReplaceBehavior [ RunTime:0.000059s ]
INFO: [ template_filter ] --END-- [ RunTime:-0.017997s ]
INFO: Run Behavior\ParseTemplateBehavior [ RunTime:0.002806s ]
INFO: [ view_parse ] --END-- [ RunTime:0.002904s ]
INFO: [ view_filter ] --START--
INFO: Run Behavior\WriteHtmlCacheBehavior [ RunTime:0.000357s ]
INFO: [ view_filter ] --END-- [ RunTime:0.000442s ]
INFO: Run Behavior\ParseTemplateBehavior [ RunTime:0.003469s ]
INFO: [ view_parse ] --END-- [ RunTime:0.002904s ]
INFO: [ view_filter ] --START--
INFO: Run Behavior\WriteHtmlCacheBehavior [ RunTime:0.000020s ]
INFO: [ view_filter ] --END-- [ RunTime:-0.000190s ]
INFO: [ app_end ] --START--
INFO: Run Behavior\ShowPageTraceBehavior [ RunTime:0.000466s ]
INFO: [ app_end ] --END-- [ RunTime:0.000548s ]

[ 2016-08-03T17:20:43+08:00 ] 127.0.0.1 /index.php/Home/Info/detail/pid/65
INFO: [ app_init ] --START--
INFO: Run Behavior\BuildLiteBehavior [ RunTime:0.000021s ]
INFO: [ app_init ] --END-- [ RunTime:0.000376s ]
INFO: [ app_begin ] --START--
INFO: Run Behavior\ReadHtmlCacheBehavior [ RunTime:0.000579s ]
INFO: Run Home\Behaviors\NavBehavior [ RunTime:0.000521s ]
NOTIC: [8] Undefined index: userin D:\thinkphp_3.2.3_full\guyuan\Home\API\UserAPI.class.php 第 73 行.
INFO: Run Home\Behaviors\UserBehavior [ RunTime:0.001279s ]
INFO: [ app_begin ] --END-- [ RunTime:0.002628s ]
SQL: SHOW COLUMNS FROM `5000_info` [ RunTime:0.0023s ]
SQL: SELECT COUNT(*) AS tp_count FROM `5000_info` WHERE ( info_type=2 and  info_id=65 ) LIMIT 1   [ RunTime:0.0003s ]
SQL: SELECT * FROM `5000_info` WHERE ( info_type=2 and  info_id=65 ) ORDER BY info_id desc LIMIT 0,5   [ RunTime:0.0002s ]
SQL: SHOW COLUMNS FROM `5000_info_meta` [ RunTime:0.0022s ]
SQL: SELECT * FROM `5000_info_meta` WHERE ( info_id in (65) )  [ RunTime:0.0002s ]
INFO: [ view_parse ] --START--
INFO: [ template_filter ] --START--
INFO: Run Behavior\ContentReplaceBehavior [ RunTime:0.000086s ]
INFO: [ template_filter ] --END-- [ RunTime:0.000187s ]
SQL: SHOW COLUMNS FROM `5000_navbar` [ RunTime:0.0024s ]
SQL: SELECT * FROM `5000_navbar` WHERE ( nav_isshow=1 ) ORDER BY nav_index  [ RunTime:0.0003s ]
NOTIC: [8] Undefined variable: global_user D:\thinkphp_3.2.3_full\guyuan\Runtime\Cache\Home\91c7f06e6b5e82d67e7fbee9e6c78672.php 第 42 行.
SQL: SHOW COLUMNS FROM `5000_info_widget` [ RunTime:0.0021s ]
SQL: SELECT * FROM `5000_info_widget` WHERE ( wig_id=2 ) LIMIT 1   [ RunTime:0.0002s ]
INFO: [ view_parse ] --START--
INFO: [ template_filter ] --START--
INFO: Run Behavior\ContentReplaceBehavior [ RunTime:0.000053s ]
INFO: [ template_filter ] --END-- [ RunTime:-0.012788s ]
INFO: Run Behavior\ParseTemplateBehavior [ RunTime:0.002896s ]
INFO: [ view_parse ] --END-- [ RunTime:0.002994s ]
INFO: [ view_filter ] --START--
INFO: Run Behavior\WriteHtmlCacheBehavior [ RunTime:0.000295s ]
INFO: [ view_filter ] --END-- [ RunTime:0.000378s ]
INFO: Run Behavior\ParseTemplateBehavior [ RunTime:0.003479s ]
INFO: [ view_parse ] --END-- [ RunTime:0.002994s ]
INFO: [ view_filter ] --START--
INFO: Run Behavior\WriteHtmlCacheBehavior [ RunTime:0.000021s ]
INFO: [ view_filter ] --END-- [ RunTime:-0.000191s ]
INFO: [ app_end ] --START--
INFO: Run Behavior\ShowPageTraceBehavior [ RunTime:0.000465s ]
INFO: [ app_end ] --END-- [ RunTime:0.000548s ]

[ 2016-08-03T17:22:02+08:00 ] 127.0.0.1 /index.php/Home/Info/detail/pid/65
INFO: [ app_init ] --START--
INFO: Run Behavior\BuildLiteBehavior [ RunTime:0.000021s ]
INFO: [ app_init ] --END-- [ RunTime:0.000341s ]
INFO: [ app_begin ] --START--
INFO: Run Behavior\ReadHtmlCacheBehavior [ RunTime:0.000407s ]
INFO: Run Home\Behaviors\NavBehavior [ RunTime:0.000333s ]
NOTIC: [8] Undefined index: userin D:\thinkphp_3.2.3_full\guyuan\Home\API\UserAPI.class.php 第 73 行.
INFO: Run Home\Behaviors\UserBehavior [ RunTime:0.001259s ]
INFO: [ app_begin ] --END-- [ RunTime:0.002241s ]
SQL: SHOW COLUMNS FROM `5000_info` [ RunTime:0.0030s ]
SQL: SELECT COUNT(*) AS tp_count FROM `5000_info` WHERE ( info_type=2 and  info_id=65 ) LIMIT 1   [ RunTime:0.0003s ]
SQL: SELECT * FROM `5000_info` WHERE ( info_type=2 and  info_id=65 ) ORDER BY info_id desc LIMIT 0,5   [ RunTime:0.0002s ]
SQL: SHOW COLUMNS FROM `5000_info_meta` [ RunTime:0.0021s ]
SQL: SELECT * FROM `5000_info_meta` WHERE ( info_id in (65) )  [ RunTime:0.0003s ]
INFO: [ view_parse ] --START--
INFO: [ template_filter ] --START--
INFO: Run Behavior\ContentReplaceBehavior [ RunTime:0.000087s ]
INFO: [ template_filter ] --END-- [ RunTime:0.000200s ]
SQL: SHOW COLUMNS FROM `5000_navbar` [ RunTime:0.0023s ]
SQL: SELECT * FROM `5000_navbar` WHERE ( nav_isshow=1 ) ORDER BY nav_index  [ RunTime:0.0003s ]
NOTIC: [8] Undefined variable: global_user D:\thinkphp_3.2.3_full\guyuan\Runtime\Cache\Home\91c7f06e6b5e82d67e7fbee9e6c78672.php 第 42 行.
SQL: SHOW COLUMNS FROM `5000_info_widget` [ RunTime:0.0023s ]
SQL: SELECT * FROM `5000_info_widget` WHERE ( wig_id=2 ) LIMIT 1   [ RunTime:0.0002s ]
INFO: [ view_parse ] --START--
INFO: [ template_filter ] --START--
INFO: Run Behavior\ContentReplaceBehavior [ RunTime:0.000054s ]
INFO: [ template_filter ] --END-- [ RunTime:-0.012799s ]
INFO: Run Behavior\ParseTemplateBehavior [ RunTime:0.002771s ]
INFO: [ view_parse ] --END-- [ RunTime:0.002865s ]
INFO: [ view_filter ] --START--
INFO: Run Behavior\WriteHtmlCacheBehavior [ RunTime:0.000201s ]
INFO: [ view_filter ] --END-- [ RunTime:0.000290s ]
INFO: Run Behavior\ParseTemplateBehavior [ RunTime:0.003272s ]
INFO: [ view_parse ] --END-- [ RunTime:0.002865s ]
INFO: [ view_filter ] --START--
INFO: Run Behavior\WriteHtmlCacheBehavior [ RunTime:0.000021s ]
INFO: [ view_filter ] --END-- [ RunTime:-0.000188s ]
INFO: [ app_end ] --START--
INFO: Run Behavior\ShowPageTraceBehavior [ RunTime:0.000414s ]
INFO: [ app_end ] --END-- [ RunTime:0.000495s ]

