[ 2016-07-28T10:35:12+08:00 ] 127.0.0.1 /Home/index
INFO: [ app_init ] --START--
INFO: Run Behavior\BuildLiteBehavior [ RunTime:0.000022s ]
INFO: [ app_init ] --END-- [ RunTime:0.000363s ]
INFO: [ app_begin ] --START--
INFO: Run Behavior\ReadHtmlCacheBehavior [ RunTime:0.000476s ]
INFO: Run Home\Behaviors\NavBehavior [ RunTime:0.000562s ]
NOTIC: [8] Undefined index: userin D:\thinkphp_3.2.3_full\guyuan\Home\API\UserAPI.class.php 第 73 行.
INFO: Run Home\Behaviors\UserBehavior [ RunTime:0.001215s ]
INFO: [ app_begin ] --END-- [ RunTime:0.002481s ]
INFO: [ view_parse ] --START--
INFO: [ template_filter ] --START--
INFO: Run Behavior\ContentReplaceBehavior [ RunTime:0.000062s ]
INFO: [ template_filter ] --END-- [ RunTime:0.000179s ]
SQL: SHOW COLUMNS FROM `5000_navbar` [ RunTime:0.0121s ]
SQL: SELECT * FROM `5000_navbar` WHERE ( nav_isshow=1 ) ORDER BY nav_index  [ RunTime:0.0003s ]
NOTIC: [8] Undefined variable: global_user D:\thinkphp_3.2.3_full\guyuan\Runtime\Cache\Home\4f764e6cb85686c14a44e2995f39ec3c.php 第 42 行.
INFO: Run Behavior\ParseTemplateBehavior [ RunTime:0.037822s ]
INFO: [ view_parse ] --END-- [ RunTime:0.037917s ]
INFO: [ view_filter ] --START--
INFO: Run Behavior\WriteHtmlCacheBehavior [ RunTime:0.000341s ]
INFO: [ view_filter ] --END-- [ RunTime:0.000429s ]
INFO: [ app_end ] --START--
INFO: Run Behavior\ShowPageTraceBehavior [ RunTime:0.000463s ]
INFO: [ app_end ] --END-- [ RunTime:0.000559s ]

[ 2016-07-28T10:35:34+08:00 ] 127.0.0.1 /Home/index
INFO: [ app_init ] --START--
INFO: Run Behavior\BuildLiteBehavior [ RunTime:0.000027s ]
INFO: [ app_init ] --END-- [ RunTime:0.000455s ]
INFO: [ app_begin ] --START--
INFO: Run Behavior\ReadHtmlCacheBehavior [ RunTime:0.000619s ]
INFO: Run Home\Behaviors\NavBehavior [ RunTime:0.000651s ]
NOTIC: [8] Undefined index: userin D:\thinkphp_3.2.3_full\guyuan\Home\API\UserAPI.class.php 第 73 行.
INFO: Run Home\Behaviors\UserBehavior [ RunTime:0.001607s ]
INFO: [ app_begin ] --END-- [ RunTime:0.003170s ]
INFO: [ view_parse ] --START--
INFO: [ template_filter ] --START--
INFO: Run Behavior\ContentReplaceBehavior [ RunTime:0.000079s ]
INFO: [ template_filter ] --END-- [ RunTime:0.000204s ]
SQL: SHOW COLUMNS FROM `5000_navbar` [ RunTime:0.0023s ]
SQL: SELECT * FROM `5000_navbar` WHERE ( nav_isshow=1 ) ORDER BY nav_index  [ RunTime:0.0003s ]
NOTIC: [8] Undefined variable: global_user D:\thinkphp_3.2.3_full\guyuan\Runtime\Cache\Home\4f764e6cb85686c14a44e2995f39ec3c.php 第 42 行.
INFO: Run Behavior\ParseTemplateBehavior [ RunTime:0.023943s ]
INFO: [ view_parse ] --END-- [ RunTime:0.024043s ]
INFO: [ view_filter ] --START--
INFO: Run Behavior\WriteHtmlCacheBehavior [ RunTime:0.000336s ]
INFO: [ view_filter ] --END-- [ RunTime:0.000417s ]
INFO: [ app_end ] --START--
INFO: Run Behavior\ShowPageTraceBehavior [ RunTime:0.000486s ]
INFO: [ app_end ] --END-- [ RunTime:0.000570s ]

[ 2016-07-28T10:35:39+08:00 ] 127.0.0.1 /Home/index
INFO: [ app_init ] --START--
INFO: Run Behavior\BuildLiteBehavior [ RunTime:0.000042s ]
INFO: [ app_init ] --END-- [ RunTime:0.000703s ]
INFO: [ app_begin ] --START--
INFO: Run Behavior\ReadHtmlCacheBehavior [ RunTime:0.000905s ]
INFO: Run Home\Behaviors\NavBehavior [ RunTime:0.000711s ]
NOTIC: [8] Undefined index: userin D:\thinkphp_3.2.3_full\guyuan\Home\API\UserAPI.class.php 第 73 行.
INFO: Run Home\Behaviors\UserBehavior [ RunTime:0.001952s ]
INFO: [ app_begin ] --END-- [ RunTime:0.003941s ]
INFO: [ view_parse ] --START--
INFO: [ template_filter ] --START--
INFO: Run Behavior\ContentReplaceBehavior [ RunTime:0.000060s ]
INFO: [ template_filter ] --END-- [ RunTime:0.000162s ]
SQL: SHOW COLUMNS FROM `5000_navbar` [ RunTime:0.0023s ]
SQL: SELECT * FROM `5000_navbar` WHERE ( nav_isshow=1 ) ORDER BY nav_index  [ RunTime:0.0003s ]
NOTIC: [8] Undefined variable: global_user D:\thinkphp_3.2.3_full\guyuan\Runtime\Cache\Home\4f764e6cb85686c14a44e2995f39ec3c.php 第 42 行.
INFO: Run Behavior\ParseTemplateBehavior [ RunTime:0.027410s ]
INFO: [ view_parse ] --END-- [ RunTime:0.027497s ]
INFO: [ view_filter ] --START--
INFO: Run Behavior\WriteHtmlCacheBehavior [ RunTime:0.000281s ]
INFO: [ view_filter ] --END-- [ RunTime:0.000364s ]
INFO: [ app_end ] --START--
INFO: Run Behavior\ShowPageTraceBehavior [ RunTime:0.000402s ]
INFO: [ app_end ] --END-- [ RunTime:0.000497s ]

[ 2016-07-28T11:15:42+08:00 ] 127.0.0.1 /Home/Temp/test
INFO: [ app_init ] --START--
INFO: Run Behavior\BuildLiteBehavior [ RunTime:0.000051s ]
INFO: [ app_init ] --END-- [ RunTime:0.000627s ]
INFO: [ app_begin ] --START--
INFO: Run Behavior\ReadHtmlCacheBehavior [ RunTime:0.000597s ]
INFO: Run Home\Behaviors\NavBehavior [ RunTime:0.000835s ]
NOTIC: [8] Undefined index: userin D:\thinkphp_3.2.3_full\guyuan\Home\API\UserAPI.class.php 第 73 行.
INFO: Run Home\Behaviors\UserBehavior [ RunTime:0.001602s ]
INFO: [ app_begin ] --END-- [ RunTime:0.003307s ]
SQL: SHOW COLUMNS FROM `5000_info` [ RunTime:0.0036s ]
ERR: 1146:Table 'tp.5000_info_mata' doesn't exist
 [ SQL语句 ] : SELECT * FROM 5000_info a left JOIN 5000_info_mata b on a.info_id=b.info_id  WHERE ( a.info_type=1 ) ORDER BY a.info_id desc 
ERR: 1146:Table 'tp.5000_info_mata' doesn't exist
 [ SQL语句 ] : SELECT * FROM 5000_info a left JOIN 5000_info_mata b on a.info_id=b.info_id  WHERE ( a.info_type=1 ) ORDER BY a.info_id desc 

[ 2016-07-28T11:19:19+08:00 ] 127.0.0.1 /Home/Temp/test
INFO: [ app_init ] --START--
INFO: Run Behavior\BuildLiteBehavior [ RunTime:0.000043s ]
INFO: [ app_init ] --END-- [ RunTime:0.000787s ]
INFO: [ app_begin ] --START--
INFO: Run Behavior\ReadHtmlCacheBehavior [ RunTime:0.000506s ]
INFO: Run Home\Behaviors\NavBehavior [ RunTime:0.000592s ]
NOTIC: [8] Undefined index: userin D:\thinkphp_3.2.3_full\guyuan\Home\API\UserAPI.class.php 第 73 行.
INFO: Run Home\Behaviors\UserBehavior [ RunTime:0.001709s ]
INFO: [ app_begin ] --END-- [ RunTime:0.003033s ]
SQL: SHOW COLUMNS FROM `5000_info` [ RunTime:0.0024s ]
SQL: SELECT * FROM 5000_info a left JOIN 5000_info_meta b on a.info_id=b.info_id  WHERE ( a.info_type=1 ) ORDER BY a.info_id desc  [ RunTime:0.0023s ]
INFO: [ app_end ] --START--
INFO: Run Behavior\ShowPageTraceBehavior [ RunTime:0.000639s ]
INFO: [ app_end ] --END-- [ RunTime:0.000734s ]

[ 2016-07-28T11:19:19+08:00 ] 127.0.0.1 /Home/Temp/test
INFO: [ app_init ] --START--
INFO: Run Behavior\BuildLiteBehavior [ RunTime:0.000023s ]
INFO: [ app_init ] --END-- [ RunTime:0.000385s ]
INFO: [ app_begin ] --START--
INFO: Run Behavior\ReadHtmlCacheBehavior [ RunTime:0.000421s ]
INFO: Run Home\Behaviors\NavBehavior [ RunTime:0.000438s ]
NOTIC: [8] Undefined index: userin D:\thinkphp_3.2.3_full\guyuan\Home\API\UserAPI.class.php 第 73 行.
INFO: Run Home\Behaviors\UserBehavior [ RunTime:0.001092s ]
INFO: [ app_begin ] --END-- [ RunTime:0.002208s ]
SQL: SHOW COLUMNS FROM `5000_info` [ RunTime:0.0026s ]
SQL: SELECT * FROM 5000_info a left JOIN 5000_info_meta b on a.info_id=b.info_id  WHERE ( a.info_type=1 ) ORDER BY a.info_id desc  [ RunTime:0.0028s ]
INFO: [ app_end ] --START--
INFO: Run Behavior\ShowPageTraceBehavior [ RunTime:0.000615s ]
INFO: [ app_end ] --END-- [ RunTime:0.000725s ]

[ 2016-07-28T13:32:18+08:00 ] 127.0.0.1 /Home/Temp/test
INFO: [ app_init ] --START--
INFO: Run Behavior\BuildLiteBehavior [ RunTime:0.000022s ]
INFO: [ app_init ] --END-- [ RunTime:0.000415s ]
INFO: [ app_begin ] --START--
INFO: Run Behavior\ReadHtmlCacheBehavior [ RunTime:0.000543s ]
INFO: Run Home\Behaviors\NavBehavior [ RunTime:0.000578s ]
NOTIC: [8] Undefined index: userin D:\thinkphp_3.2.3_full\guyuan\Home\API\UserAPI.class.php 第 73 行.
INFO: Run Home\Behaviors\UserBehavior [ RunTime:0.001559s ]
INFO: [ app_begin ] --END-- [ RunTime:0.002921s ]
SQL: SHOW COLUMNS FROM `5000_info` [ RunTime:0.0026s ]
SQL: SELECT a.* FROM 5000_info a left JOIN 5000_info_meta b on a.info_id=b.info_id  WHERE ( a.info_type=1 ) ORDER BY a.info_id desc  [ RunTime:0.0396s ]
INFO: [ app_end ] --START--
INFO: Run Behavior\ShowPageTraceBehavior [ RunTime:0.000656s ]
INFO: [ app_end ] --END-- [ RunTime:0.000804s ]

[ 2016-07-28T13:33:01+08:00 ] 127.0.0.1 /Home/Temp/test
INFO: [ app_init ] --START--
INFO: Run Behavior\BuildLiteBehavior [ RunTime:0.000026s ]
INFO: [ app_init ] --END-- [ RunTime:0.000526s ]
INFO: [ app_begin ] --START--
INFO: Run Behavior\ReadHtmlCacheBehavior [ RunTime:0.000548s ]
INFO: Run Home\Behaviors\NavBehavior [ RunTime:0.000452s ]
NOTIC: [8] Undefined index: userin D:\thinkphp_3.2.3_full\guyuan\Home\API\UserAPI.class.php 第 73 行.
INFO: Run Home\Behaviors\UserBehavior [ RunTime:0.001045s ]
INFO: [ app_begin ] --END-- [ RunTime:0.002271s ]
SQL: SHOW COLUMNS FROM `5000_info` [ RunTime:0.0553s ]
SQL: SELECT * FROM 5000_info a left JOIN 5000_info_meta b on a.info_id=b.info_id  WHERE ( a.info_type=1 ) ORDER BY a.info_id desc  [ RunTime:0.0145s ]
INFO: [ app_end ] --START--
INFO: Run Behavior\ShowPageTraceBehavior [ RunTime:0.001175s ]
INFO: [ app_end ] --END-- [ RunTime:0.001376s ]

[ 2016-07-28T13:33:05+08:00 ] 127.0.0.1 /Home/Temp/test
INFO: [ app_init ] --START--
INFO: Run Behavior\BuildLiteBehavior [ RunTime:0.000027s ]
INFO: [ app_init ] --END-- [ RunTime:0.000363s ]
INFO: [ app_begin ] --START--
INFO: Run Behavior\ReadHtmlCacheBehavior [ RunTime:0.000470s ]
INFO: Run Home\Behaviors\NavBehavior [ RunTime:0.000469s ]
NOTIC: [8] Undefined index: userin D:\thinkphp_3.2.3_full\guyuan\Home\API\UserAPI.class.php 第 73 行.
INFO: Run Home\Behaviors\UserBehavior [ RunTime:0.001316s ]
INFO: [ app_begin ] --END-- [ RunTime:0.002531s ]
SQL: SHOW COLUMNS FROM `5000_info` [ RunTime:0.0030s ]
SQL: SELECT * FROM 5000_info a left JOIN 5000_info_meta b on a.info_id=b.info_id  WHERE ( a.info_type=1 ) ORDER BY a.info_id desc  [ RunTime:0.0033s ]
INFO: [ app_end ] --START--
INFO: Run Behavior\ShowPageTraceBehavior [ RunTime:0.000799s ]
INFO: [ app_end ] --END-- [ RunTime:0.000992s ]

[ 2016-07-28T13:38:56+08:00 ] 127.0.0.1 /Home/Temp/test
INFO: [ app_init ] --START--
INFO: Run Behavior\BuildLiteBehavior [ RunTime:0.000045s ]
INFO: [ app_init ] --END-- [ RunTime:0.000756s ]
INFO: [ app_begin ] --START--
INFO: Run Behavior\ReadHtmlCacheBehavior [ RunTime:0.000769s ]
INFO: Run Home\Behaviors\NavBehavior [ RunTime:0.000895s ]
NOTIC: [8] Undefined index: userin D:\thinkphp_3.2.3_full\guyuan\Home\API\UserAPI.class.php 第 73 行.
INFO: Run Home\Behaviors\UserBehavior [ RunTime:0.001246s ]
INFO: [ app_begin ] --END-- [ RunTime:0.003223s ]
SQL: SHOW COLUMNS FROM `5000_info` [ RunTime:0.0025s ]
SQL: SELECT a.*,b.im_key,b.im_value FROM 5000_info a left JOIN 5000_info_meta b on a.info_id=b.info_id  WHERE ( a.info_type=1 ) ORDER BY a.info_id desc  [ RunTime:0.0024s ]
INFO: [ app_end ] --START--
INFO: Run Behavior\ShowPageTraceBehavior [ RunTime:0.000579s ]
INFO: [ app_end ] --END-- [ RunTime:0.000675s ]

[ 2016-07-28T13:45:29+08:00 ] 127.0.0.1 /Home/Temp/test
INFO: [ app_init ] --START--
INFO: Run Behavior\BuildLiteBehavior [ RunTime:0.000023s ]
INFO: [ app_init ] --END-- [ RunTime:0.000369s ]
INFO: [ app_begin ] --START--
INFO: Run Behavior\ReadHtmlCacheBehavior [ RunTime:0.000468s ]
INFO: Run Home\Behaviors\NavBehavior [ RunTime:0.000579s ]
NOTIC: [8] Undefined index: userin D:\thinkphp_3.2.3_full\guyuan\Home\API\UserAPI.class.php 第 73 行.
INFO: Run Home\Behaviors\UserBehavior [ RunTime:0.001199s ]
INFO: [ app_begin ] --END-- [ RunTime:0.002450s ]
SQL: SELECT * FROM 5000_info a left JOIN 5000_info_meta b on a.info_id=b.info_id 
                        WHERE ( a.info_type=1 ) ORDER BY a.info_id desc [ RunTime:0.0025s ]
INFO: [ app_end ] --START--
INFO: Run Behavior\ShowPageTraceBehavior [ RunTime:0.000561s ]
INFO: [ app_end ] --END-- [ RunTime:0.000656s ]

[ 2016-07-28T13:45:33+08:00 ] 127.0.0.1 /Home/Temp/test
INFO: [ app_init ] --START--
INFO: Run Behavior\BuildLiteBehavior [ RunTime:0.000074s ]
INFO: [ app_init ] --END-- [ RunTime:0.001149s ]
INFO: [ app_begin ] --START--
INFO: Run Behavior\ReadHtmlCacheBehavior [ RunTime:0.000907s ]
INFO: Run Home\Behaviors\NavBehavior [ RunTime:0.000918s ]
NOTIC: [8] Undefined index: userin D:\thinkphp_3.2.3_full\guyuan\Home\API\UserAPI.class.php 第 73 行.
INFO: Run Home\Behaviors\UserBehavior [ RunTime:0.003095s ]
INFO: [ app_begin ] --END-- [ RunTime:0.005428s ]
SQL: SELECT * FROM 5000_info a left JOIN 5000_info_meta b on a.info_id=b.info_id 
                        WHERE ( a.info_type=1 ) ORDER BY a.info_id desc [ RunTime:0.0025s ]
INFO: [ app_end ] --START--
INFO: Run Behavior\ShowPageTraceBehavior [ RunTime:0.000561s ]
INFO: [ app_end ] --END-- [ RunTime:0.000663s ]

[ 2016-07-28T13:45:41+08:00 ] 127.0.0.1 /Home/Temp/test
INFO: [ app_init ] --START--
INFO: Run Behavior\BuildLiteBehavior [ RunTime:0.000035s ]
INFO: [ app_init ] --END-- [ RunTime:0.000544s ]
INFO: [ app_begin ] --START--
INFO: Run Behavior\ReadHtmlCacheBehavior [ RunTime:0.000723s ]
INFO: Run Home\Behaviors\NavBehavior [ RunTime:0.000694s ]
NOTIC: [8] Undefined index: userin D:\thinkphp_3.2.3_full\guyuan\Home\API\UserAPI.class.php 第 73 行.
INFO: Run Home\Behaviors\UserBehavior [ RunTime:0.001708s ]
INFO: [ app_begin ] --END-- [ RunTime:0.003492s ]
SQL: SELECT * FROM 5000_info a left JOIN 5000_info_meta b on a.info_id=b.info_id 
                        WHERE ( a.info_type=1 ) ORDER BY a.info_id desc [ RunTime:0.0027s ]
INFO: [ app_end ] --START--
INFO: Run Behavior\ShowPageTraceBehavior [ RunTime:0.000506s ]
INFO: [ app_end ] --END-- [ RunTime:0.000599s ]

[ 2016-07-28T13:45:42+08:00 ] 127.0.0.1 /Home/Temp/test
INFO: [ app_init ] --START--
INFO: Run Behavior\BuildLiteBehavior [ RunTime:0.000022s ]
INFO: [ app_init ] --END-- [ RunTime:0.000330s ]
INFO: [ app_begin ] --START--
INFO: Run Behavior\ReadHtmlCacheBehavior [ RunTime:0.000467s ]
INFO: Run Home\Behaviors\NavBehavior [ RunTime:0.000465s ]
NOTIC: [8] Undefined index: userin D:\thinkphp_3.2.3_full\guyuan\Home\API\UserAPI.class.php 第 73 行.
INFO: Run Home\Behaviors\UserBehavior [ RunTime:0.001039s ]
INFO: [ app_begin ] --END-- [ RunTime:0.002191s ]
SQL: SELECT * FROM 5000_info a left JOIN 5000_info_meta b on a.info_id=b.info_id 
                        WHERE ( a.info_type=1 ) ORDER BY a.info_id desc [ RunTime:0.0023s ]
INFO: [ app_end ] --START--
INFO: Run Behavior\ShowPageTraceBehavior [ RunTime:0.000512s ]
INFO: [ app_end ] --END-- [ RunTime:0.000610s ]

[ 2016-07-28T13:45:43+08:00 ] 127.0.0.1 /Home/Temp/test
INFO: [ app_init ] --START--
INFO: Run Behavior\BuildLiteBehavior [ RunTime:0.000035s ]
INFO: [ app_init ] --END-- [ RunTime:0.000538s ]
INFO: [ app_begin ] --START--
INFO: Run Behavior\ReadHtmlCacheBehavior [ RunTime:0.000639s ]
INFO: Run Home\Behaviors\NavBehavior [ RunTime:0.000682s ]
NOTIC: [8] Undefined index: userin D:\thinkphp_3.2.3_full\guyuan\Home\API\UserAPI.class.php 第 73 行.
INFO: Run Home\Behaviors\UserBehavior [ RunTime:0.001700s ]
INFO: [ app_begin ] --END-- [ RunTime:0.003376s ]
SQL: SELECT * FROM 5000_info a left JOIN 5000_info_meta b on a.info_id=b.info_id 
                        WHERE ( a.info_type=1 ) ORDER BY a.info_id desc [ RunTime:0.0024s ]
INFO: [ app_end ] --START--
INFO: Run Behavior\ShowPageTraceBehavior [ RunTime:0.000498s ]
INFO: [ app_end ] --END-- [ RunTime:0.000593s ]

[ 2016-07-28T13:45:44+08:00 ] 127.0.0.1 /Home/Temp/test
INFO: [ app_init ] --START--
INFO: Run Behavior\BuildLiteBehavior [ RunTime:0.000042s ]
INFO: [ app_init ] --END-- [ RunTime:0.000680s ]
INFO: [ app_begin ] --START--
INFO: Run Behavior\ReadHtmlCacheBehavior [ RunTime:0.000563s ]
INFO: Run Home\Behaviors\NavBehavior [ RunTime:0.000592s ]
NOTIC: [8] Undefined index: userin D:\thinkphp_3.2.3_full\guyuan\Home\API\UserAPI.class.php 第 73 行.
INFO: Run Home\Behaviors\UserBehavior [ RunTime:0.001501s ]
INFO: [ app_begin ] --END-- [ RunTime:0.002992s ]
SQL: SELECT * FROM 5000_info a left JOIN 5000_info_meta b on a.info_id=b.info_id 
                        WHERE ( a.info_type=1 ) ORDER BY a.info_id desc [ RunTime:0.0025s ]
INFO: [ app_end ] --START--
INFO: Run Behavior\ShowPageTraceBehavior [ RunTime:0.000499s ]
INFO: [ app_end ] --END-- [ RunTime:0.000594s ]

[ 2016-07-28T13:47:40+08:00 ] 127.0.0.1 /Home/Temp/test
INFO: [ app_init ] --START--
INFO: Run Behavior\BuildLiteBehavior [ RunTime:0.000026s ]
INFO: [ app_init ] --END-- [ RunTime:0.000438s ]
INFO: [ app_begin ] --START--
INFO: Run Behavior\ReadHtmlCacheBehavior [ RunTime:0.000746s ]
INFO: Run Home\Behaviors\NavBehavior [ RunTime:0.000800s ]
NOTIC: [8] Undefined index: userin D:\thinkphp_3.2.3_full\guyuan\Home\API\UserAPI.class.php 第 73 行.
INFO: Run Home\Behaviors\UserBehavior [ RunTime:0.001636s ]
INFO: [ app_begin ] --END-- [ RunTime:0.003455s ]
SQL: SELECT * FROM 5000_info a, 5000_info_meta b WHERE a.info_id=b.info_id [ RunTime:0.0004s ]
INFO: [ app_end ] --START--
INFO: Run Behavior\ShowPageTraceBehavior [ RunTime:0.000604s ]
INFO: [ app_end ] --END-- [ RunTime:0.000699s ]

[ 2016-07-28T13:47:43+08:00 ] 127.0.0.1 /Home/Temp/test
INFO: [ app_init ] --START--
INFO: Run Behavior\BuildLiteBehavior [ RunTime:0.000026s ]
INFO: [ app_init ] --END-- [ RunTime:0.000393s ]
INFO: [ app_begin ] --START--
INFO: Run Behavior\ReadHtmlCacheBehavior [ RunTime:0.000522s ]
INFO: Run Home\Behaviors\NavBehavior [ RunTime:0.000549s ]
NOTIC: [8] Undefined index: userin D:\thinkphp_3.2.3_full\guyuan\Home\API\UserAPI.class.php 第 73 行.
INFO: Run Home\Behaviors\UserBehavior [ RunTime:0.001290s ]
INFO: [ app_begin ] --END-- [ RunTime:0.002638s ]
SQL: SELECT * FROM 5000_info a, 5000_info_meta b WHERE a.info_id=b.info_id [ RunTime:0.0004s ]
INFO: [ app_end ] --START--
INFO: Run Behavior\ShowPageTraceBehavior [ RunTime:0.000607s ]
INFO: [ app_end ] --END-- [ RunTime:0.000719s ]

[ 2016-07-28T13:49:02+08:00 ] 127.0.0.1 /Home/Temp/test
INFO: [ app_init ] --START--
INFO: Run Behavior\BuildLiteBehavior [ RunTime:0.000026s ]
INFO: [ app_init ] --END-- [ RunTime:0.000420s ]
INFO: [ app_begin ] --START--
INFO: Run Behavior\ReadHtmlCacheBehavior [ RunTime:0.000505s ]
INFO: Run Home\Behaviors\NavBehavior [ RunTime:0.000489s ]
NOTIC: [8] Undefined index: userin D:\thinkphp_3.2.3_full\guyuan\Home\API\UserAPI.class.php 第 73 行.
INFO: Run Home\Behaviors\UserBehavior [ RunTime:0.001704s ]
INFO: [ app_begin ] --END-- [ RunTime:0.002956s ]
SQL: SHOW COLUMNS FROM `5000_info` [ RunTime:0.0025s ]
SQL: SELECT a.*,b.im_key,b.im_value FROM 5000_info a left JOIN 5000_info_meta b on a.info_id=b.info_id  WHERE ( a.info_type=1 ) ORDER BY a.info_id desc  [ RunTime:0.0023s ]
INFO: [ app_end ] --START--
INFO: Run Behavior\ShowPageTraceBehavior [ RunTime:0.000504s ]
INFO: [ app_end ] --END-- [ RunTime:0.000620s ]

[ 2016-07-28T13:58:23+08:00 ] 127.0.0.1 /Home/Temp/test
INFO: [ app_init ] --START--
INFO: Run Behavior\BuildLiteBehavior [ RunTime:0.000029s ]
INFO: [ app_init ] --END-- [ RunTime:0.000480s ]
INFO: [ app_begin ] --START--
INFO: Run Behavior\ReadHtmlCacheBehavior [ RunTime:0.000664s ]
INFO: Run Home\Behaviors\NavBehavior [ RunTime:0.000737s ]
NOTIC: [8] Undefined index: userin D:\thinkphp_3.2.3_full\guyuan\Home\API\UserAPI.class.php 第 73 行.
INFO: Run Home\Behaviors\UserBehavior [ RunTime:0.001527s ]
INFO: [ app_begin ] --END-- [ RunTime:0.003204s ]
SQL: SHOW COLUMNS FROM `5000_info` [ RunTime:0.0353s ]
SQL: SELECT COUNT(*) AS tp_count FROM 5000_info a left JOIN 5000_info_meta b on a.info_id=b.info_id  WHERE ( a.info_type=1 ) ORDER BY a.info_id desc LIMIT 1   [ RunTime:0.0141s ]
INFO: [ app_end ] --START--
INFO: Run Behavior\ShowPageTraceBehavior [ RunTime:0.001291s ]
INFO: [ app_end ] --END-- [ RunTime:0.001542s ]

[ 2016-07-28T15:21:14+08:00 ] 127.0.0.1 /Home/Temp/test
INFO: [ app_init ] --START--
INFO: Run Behavior\BuildLiteBehavior [ RunTime:0.000023s ]
INFO: [ app_init ] --END-- [ RunTime:0.000409s ]
INFO: [ app_begin ] --START--
INFO: Run Behavior\ReadHtmlCacheBehavior [ RunTime:0.000502s ]
INFO: Run Home\Behaviors\NavBehavior [ RunTime:0.000584s ]
NOTIC: [8] Undefined index: userin D:\thinkphp_3.2.3_full\guyuan\Home\API\UserAPI.class.php 第 73 行.
INFO: Run Home\Behaviors\UserBehavior [ RunTime:0.001272s ]
INFO: [ app_begin ] --END-- [ RunTime:0.002578s ]
SQL: SHOW COLUMNS FROM `5000_info` [ RunTime:0.0024s ]
SQL: SELECT COUNT(*) AS tp_count FROM 5000_info a left JOIN 5000_info_meta b on a.info_id=b.info_id  WHERE ( a.info_type=1 ) ORDER BY a.info_id desc LIMIT 1   [ RunTime:0.0004s ]
INFO: [ app_end ] --START--
INFO: Run Behavior\ShowPageTraceBehavior [ RunTime:0.000602s ]
INFO: [ app_end ] --END-- [ RunTime:0.000698s ]

[ 2016-07-28T15:22:39+08:00 ] 127.0.0.1 /Home/Temp/test
INFO: [ app_init ] --START--
INFO: Run Behavior\BuildLiteBehavior [ RunTime:0.000031s ]
INFO: [ app_init ] --END-- [ RunTime:0.000693s ]
INFO: [ app_begin ] --START--
INFO: Run Behavior\ReadHtmlCacheBehavior [ RunTime:0.000855s ]
INFO: Run Home\Behaviors\NavBehavior [ RunTime:0.000902s ]
NOTIC: [8] Undefined index: userin D:\thinkphp_3.2.3_full\guyuan\Home\API\UserAPI.class.php 第 73 行.
INFO: Run Home\Behaviors\UserBehavior [ RunTime:0.001537s ]
INFO: [ app_begin ] --END-- [ RunTime:0.003694s ]
SQL: SHOW COLUMNS FROM `5000_info` [ RunTime:0.0027s ]
SQL: SELECT COUNT(*) AS tp_count FROM 5000_info a left JOIN 5000_info_meta b on a.info_id=b.info_id  WHERE ( a.info_type=1 ) ORDER BY a.info_id desc LIMIT 1   [ RunTime:0.0004s ]
INFO: [ app_end ] --START--
INFO: Run Behavior\ShowPageTraceBehavior [ RunTime:0.000575s ]
INFO: [ app_end ] --END-- [ RunTime:0.000694s ]

[ 2016-07-28T15:23:10+08:00 ] 127.0.0.1 /index.php/Home/Temp/test/p/2.html
INFO: [ app_init ] --START--
INFO: Run Behavior\BuildLiteBehavior [ RunTime:0.000023s ]
INFO: [ app_init ] --END-- [ RunTime:0.000358s ]
INFO: [ app_begin ] --START--
INFO: Run Behavior\ReadHtmlCacheBehavior [ RunTime:0.000402s ]
INFO: Run Home\Behaviors\NavBehavior [ RunTime:0.000413s ]
NOTIC: [8] Undefined index: userin D:\thinkphp_3.2.3_full\guyuan\Home\API\UserAPI.class.php 第 73 行.
INFO: Run Home\Behaviors\UserBehavior [ RunTime:0.001094s ]
INFO: [ app_begin ] --END-- [ RunTime:0.002113s ]
SQL: SHOW COLUMNS FROM `5000_info` [ RunTime:0.0024s ]
SQL: SELECT COUNT(*) AS tp_count FROM 5000_info a left JOIN 5000_info_meta b on a.info_id=b.info_id  WHERE ( a.info_type=1 ) ORDER BY a.info_id desc LIMIT 1   [ RunTime:0.0004s ]
INFO: [ app_end ] --START--
INFO: Run Behavior\ShowPageTraceBehavior [ RunTime:0.000463s ]
INFO: [ app_end ] --END-- [ RunTime:0.000582s ]

[ 2016-07-28T15:23:11+08:00 ] 127.0.0.1 /index.php/Home/Temp/test/p/7.html
INFO: [ app_init ] --START--
INFO: Run Behavior\BuildLiteBehavior [ RunTime:0.000041s ]
INFO: [ app_init ] --END-- [ RunTime:0.000667s ]
INFO: [ app_begin ] --START--
INFO: Run Behavior\ReadHtmlCacheBehavior [ RunTime:0.001020s ]
INFO: Run Home\Behaviors\NavBehavior [ RunTime:0.000943s ]
NOTIC: [8] Undefined index: userin D:\thinkphp_3.2.3_full\guyuan\Home\API\UserAPI.class.php 第 73 行.
INFO: Run Home\Behaviors\UserBehavior [ RunTime:0.002325s ]
INFO: [ app_begin ] --END-- [ RunTime:0.004663s ]
SQL: SHOW COLUMNS FROM `5000_info` [ RunTime:0.0025s ]
SQL: SELECT COUNT(*) AS tp_count FROM 5000_info a left JOIN 5000_info_meta b on a.info_id=b.info_id  WHERE ( a.info_type=1 ) ORDER BY a.info_id desc LIMIT 1   [ RunTime:0.0003s ]
INFO: [ app_end ] --START--
INFO: Run Behavior\ShowPageTraceBehavior [ RunTime:0.000467s ]
INFO: [ app_end ] --END-- [ RunTime:0.000573s ]

[ 2016-07-28T15:25:33+08:00 ] 127.0.0.1 /index.php/Home/Temp/test/p/7.html
INFO: [ app_init ] --START--
INFO: Run Behavior\BuildLiteBehavior [ RunTime:0.000022s ]
INFO: [ app_init ] --END-- [ RunTime:0.000381s ]
INFO: [ app_begin ] --START--
INFO: Run Behavior\ReadHtmlCacheBehavior [ RunTime:0.000483s ]
INFO: Run Home\Behaviors\NavBehavior [ RunTime:0.000564s ]
NOTIC: [8] Undefined index: userin D:\thinkphp_3.2.3_full\guyuan\Home\API\UserAPI.class.php 第 73 行.
INFO: Run Home\Behaviors\UserBehavior [ RunTime:0.001265s ]
INFO: [ app_begin ] --END-- [ RunTime:0.002534s ]
SQL: SHOW COLUMNS FROM `5000_info` [ RunTime:0.0029s ]
SQL: SELECT COUNT(*) AS tp_count FROM 5000_info a left JOIN 5000_info_meta b on a.info_id=b.info_id  WHERE ( a.info_type=1 ) ORDER BY a.info_id desc LIMIT 1   [ RunTime:0.0004s ]
INFO: [ app_end ] --START--
INFO: Run Behavior\ShowPageTraceBehavior [ RunTime:0.000503s ]
INFO: [ app_end ] --END-- [ RunTime:0.000609s ]

[ 2016-07-28T15:25:34+08:00 ] 127.0.0.1 /index.php/Home/Temp/test/p/7.html
INFO: [ app_init ] --START--
INFO: Run Behavior\BuildLiteBehavior [ RunTime:0.000041s ]
INFO: [ app_init ] --END-- [ RunTime:0.000706s ]
INFO: [ app_begin ] --START--
INFO: Run Behavior\ReadHtmlCacheBehavior [ RunTime:0.000823s ]
INFO: Run Home\Behaviors\NavBehavior [ RunTime:0.000913s ]
NOTIC: [8] Undefined index: userin D:\thinkphp_3.2.3_full\guyuan\Home\API\UserAPI.class.php 第 73 行.
INFO: Run Home\Behaviors\UserBehavior [ RunTime:0.002348s ]
INFO: [ app_begin ] --END-- [ RunTime:0.004508s ]
SQL: SHOW COLUMNS FROM `5000_info` [ RunTime:0.0024s ]
SQL: SELECT COUNT(*) AS tp_count FROM 5000_info a left JOIN 5000_info_meta b on a.info_id=b.info_id  WHERE ( a.info_type=1 ) ORDER BY a.info_id desc LIMIT 1   [ RunTime:0.0003s ]
INFO: [ app_end ] --START--
INFO: Run Behavior\ShowPageTraceBehavior [ RunTime:0.000396s ]
INFO: [ app_end ] --END-- [ RunTime:0.000490s ]

[ 2016-07-28T15:26:03+08:00 ] 127.0.0.1 /Home/Temp/test
INFO: [ app_init ] --START--
INFO: Run Behavior\BuildLiteBehavior [ RunTime:0.000045s ]
INFO: [ app_init ] --END-- [ RunTime:0.000658s ]
INFO: [ app_begin ] --START--
INFO: Run Behavior\ReadHtmlCacheBehavior [ RunTime:0.001125s ]
INFO: Run Home\Behaviors\NavBehavior [ RunTime:0.001153s ]
NOTIC: [8] Undefined index: userin D:\thinkphp_3.2.3_full\guyuan\Home\API\UserAPI.class.php 第 73 行.
INFO: Run Home\Behaviors\UserBehavior [ RunTime:0.004979s ]
INFO: [ app_begin ] --END-- [ RunTime:0.007711s ]
SQL: SHOW COLUMNS FROM `5000_info` [ RunTime:0.0024s ]
SQL: SELECT COUNT(*) AS tp_count FROM 5000_info a left JOIN 5000_info_meta b on a.info_id=b.info_id  WHERE ( a.info_type=1 ) ORDER BY a.info_id desc LIMIT 1   [ RunTime:0.0005s ]
INFO: [ app_end ] --START--
INFO: Run Behavior\ShowPageTraceBehavior [ RunTime:0.000819s ]
INFO: [ app_end ] --END-- [ RunTime:0.001007s ]

[ 2016-07-28T15:26:05+08:00 ] 127.0.0.1 /index.php/Home/Temp/test/p/2.html
INFO: [ app_init ] --START--
INFO: Run Behavior\BuildLiteBehavior [ RunTime:0.000042s ]
INFO: [ app_init ] --END-- [ RunTime:0.000707s ]
INFO: [ app_begin ] --START--
INFO: Run Behavior\ReadHtmlCacheBehavior [ RunTime:0.000508s ]
INFO: Run Home\Behaviors\NavBehavior [ RunTime:0.000410s ]
NOTIC: [8] Undefined index: userin D:\thinkphp_3.2.3_full\guyuan\Home\API\UserAPI.class.php 第 73 行.
INFO: Run Home\Behaviors\UserBehavior [ RunTime:0.001122s ]
INFO: [ app_begin ] --END-- [ RunTime:0.002248s ]
SQL: SHOW COLUMNS FROM `5000_info` [ RunTime:0.0025s ]
SQL: SELECT COUNT(*) AS tp_count FROM 5000_info a left JOIN 5000_info_meta b on a.info_id=b.info_id  WHERE ( a.info_type=1 ) ORDER BY a.info_id desc LIMIT 1   [ RunTime:0.0004s ]
INFO: [ app_end ] --START--
INFO: Run Behavior\ShowPageTraceBehavior [ RunTime:0.000611s ]
INFO: [ app_end ] --END-- [ RunTime:0.000761s ]

[ 2016-07-28T15:26:06+08:00 ] 127.0.0.1 /index.php/Home/Temp/test/p/3.html
INFO: [ app_init ] --START--
INFO: Run Behavior\BuildLiteBehavior [ RunTime:0.000021s ]
INFO: [ app_init ] --END-- [ RunTime:0.000483s ]
INFO: [ app_begin ] --START--
INFO: Run Behavior\ReadHtmlCacheBehavior [ RunTime:0.000449s ]
INFO: Run Home\Behaviors\NavBehavior [ RunTime:0.000402s ]
NOTIC: [8] Undefined index: userin D:\thinkphp_3.2.3_full\guyuan\Home\API\UserAPI.class.php 第 73 行.
INFO: Run Home\Behaviors\UserBehavior [ RunTime:0.001289s ]
INFO: [ app_begin ] --END-- [ RunTime:0.002355s ]
SQL: SHOW COLUMNS FROM `5000_info` [ RunTime:0.0024s ]
SQL: SELECT COUNT(*) AS tp_count FROM 5000_info a left JOIN 5000_info_meta b on a.info_id=b.info_id  WHERE ( a.info_type=1 ) ORDER BY a.info_id desc LIMIT 1   [ RunTime:0.0003s ]
INFO: [ app_end ] --START--
INFO: Run Behavior\ShowPageTraceBehavior [ RunTime:0.000425s ]
INFO: [ app_end ] --END-- [ RunTime:0.000531s ]

[ 2016-07-28T15:26:07+08:00 ] 127.0.0.1 /index.php/Home/Temp/test/p/4.html
INFO: [ app_init ] --START--
INFO: Run Behavior\BuildLiteBehavior [ RunTime:0.000040s ]
INFO: [ app_init ] --END-- [ RunTime:0.000681s ]
INFO: [ app_begin ] --START--
INFO: Run Behavior\ReadHtmlCacheBehavior [ RunTime:0.000929s ]
INFO: Run Home\Behaviors\NavBehavior [ RunTime:0.000800s ]
NOTIC: [8] Undefined index: userin D:\thinkphp_3.2.3_full\guyuan\Home\API\UserAPI.class.php 第 73 行.
INFO: Run Home\Behaviors\UserBehavior [ RunTime:0.002409s ]
INFO: [ app_begin ] --END-- [ RunTime:0.004593s ]
SQL: SHOW COLUMNS FROM `5000_info` [ RunTime:0.0024s ]
SQL: SELECT COUNT(*) AS tp_count FROM 5000_info a left JOIN 5000_info_meta b on a.info_id=b.info_id  WHERE ( a.info_type=1 ) ORDER BY a.info_id desc LIMIT 1   [ RunTime:0.0003s ]
INFO: [ app_end ] --START--
INFO: Run Behavior\ShowPageTraceBehavior [ RunTime:0.000666s ]
INFO: [ app_end ] --END-- [ RunTime:0.000777s ]

[ 2016-07-28T15:26:08+08:00 ] 127.0.0.1 /index.php/Home/Temp/test/p/5.html
INFO: [ app_init ] --START--
INFO: Run Behavior\BuildLiteBehavior [ RunTime:0.000043s ]
INFO: [ app_init ] --END-- [ RunTime:0.000718s ]
INFO: [ app_begin ] --START--
INFO: Run Behavior\ReadHtmlCacheBehavior [ RunTime:0.000904s ]
INFO: Run Home\Behaviors\NavBehavior [ RunTime:0.000845s ]
NOTIC: [8] Undefined index: userin D:\thinkphp_3.2.3_full\guyuan\Home\API\UserAPI.class.php 第 73 行.
INFO: Run Home\Behaviors\UserBehavior [ RunTime:0.002328s ]
INFO: [ app_begin ] --END-- [ RunTime:0.004509s ]
SQL: SHOW COLUMNS FROM `5000_info` [ RunTime:0.0027s ]
SQL: SELECT COUNT(*) AS tp_count FROM 5000_info a left JOIN 5000_info_meta b on a.info_id=b.info_id  WHERE ( a.info_type=1 ) ORDER BY a.info_id desc LIMIT 1   [ RunTime:0.0004s ]
INFO: [ app_end ] --START--
INFO: Run Behavior\ShowPageTraceBehavior [ RunTime:0.000469s ]
INFO: [ app_end ] --END-- [ RunTime:0.000598s ]

[ 2016-07-28T15:26:08+08:00 ] 127.0.0.1 /index.php/Home/Temp/test/p/6.html
INFO: [ app_init ] --START--
INFO: Run Behavior\BuildLiteBehavior [ RunTime:0.000024s ]
INFO: [ app_init ] --END-- [ RunTime:0.000484s ]
INFO: [ app_begin ] --START--
INFO: Run Behavior\ReadHtmlCacheBehavior [ RunTime:0.000597s ]
INFO: Run Home\Behaviors\NavBehavior [ RunTime:0.000463s ]
NOTIC: [8] Undefined index: userin D:\thinkphp_3.2.3_full\guyuan\Home\API\UserAPI.class.php 第 73 行.
INFO: Run Home\Behaviors\UserBehavior [ RunTime:0.001224s ]
INFO: [ app_begin ] --END-- [ RunTime:0.002518s ]
SQL: SHOW COLUMNS FROM `5000_info` [ RunTime:0.0026s ]
SQL: SELECT COUNT(*) AS tp_count FROM 5000_info a left JOIN 5000_info_meta b on a.info_id=b.info_id  WHERE ( a.info_type=1 ) ORDER BY a.info_id desc LIMIT 1   [ RunTime:0.0004s ]
INFO: [ app_end ] --START--
INFO: Run Behavior\ShowPageTraceBehavior [ RunTime:0.000522s ]
INFO: [ app_end ] --END-- [ RunTime:0.000659s ]

[ 2016-07-28T15:26:09+08:00 ] 127.0.0.1 /index.php/Home/Temp/test/p/7.html
INFO: [ app_init ] --START--
INFO: Run Behavior\BuildLiteBehavior [ RunTime:0.000032s ]
INFO: [ app_init ] --END-- [ RunTime:0.000547s ]
INFO: [ app_begin ] --START--
INFO: Run Behavior\ReadHtmlCacheBehavior [ RunTime:0.000478s ]
INFO: Run Home\Behaviors\NavBehavior [ RunTime:0.000606s ]
NOTIC: [8] Undefined index: userin D:\thinkphp_3.2.3_full\guyuan\Home\API\UserAPI.class.php 第 73 行.
INFO: Run Home\Behaviors\UserBehavior [ RunTime:0.001313s ]
INFO: [ app_begin ] --END-- [ RunTime:0.002645s ]
SQL: SHOW COLUMNS FROM `5000_info` [ RunTime:0.0026s ]
SQL: SELECT COUNT(*) AS tp_count FROM 5000_info a left JOIN 5000_info_meta b on a.info_id=b.info_id  WHERE ( a.info_type=1 ) ORDER BY a.info_id desc LIMIT 1   [ RunTime:0.0004s ]
INFO: [ app_end ] --START--
INFO: Run Behavior\ShowPageTraceBehavior [ RunTime:0.000440s ]
INFO: [ app_end ] --END-- [ RunTime:0.000548s ]

[ 2016-07-28T15:26:10+08:00 ] 127.0.0.1 /index.php/Home/Temp/test/p/6.html
INFO: [ app_init ] --START--
INFO: Run Behavior\BuildLiteBehavior [ RunTime:0.000026s ]
INFO: [ app_init ] --END-- [ RunTime:0.000413s ]
INFO: [ app_begin ] --START--
INFO: Run Behavior\ReadHtmlCacheBehavior [ RunTime:0.000542s ]
INFO: Run Home\Behaviors\NavBehavior [ RunTime:0.000468s ]
NOTIC: [8] Undefined index: userin D:\thinkphp_3.2.3_full\guyuan\Home\API\UserAPI.class.php 第 73 行.
INFO: Run Home\Behaviors\UserBehavior [ RunTime:0.001238s ]
INFO: [ app_begin ] --END-- [ RunTime:0.002497s ]
SQL: SHOW COLUMNS FROM `5000_info` [ RunTime:0.0028s ]
SQL: SELECT COUNT(*) AS tp_count FROM 5000_info a left JOIN 5000_info_meta b on a.info_id=b.info_id  WHERE ( a.info_type=1 ) ORDER BY a.info_id desc LIMIT 1   [ RunTime:0.0004s ]
INFO: [ app_end ] --START--
INFO: Run Behavior\ShowPageTraceBehavior [ RunTime:0.000424s ]
INFO: [ app_end ] --END-- [ RunTime:0.000520s ]

[ 2016-07-28T15:26:10+08:00 ] 127.0.0.1 /index.php/Home/Temp/test/p/5.html
INFO: [ app_init ] --START--
INFO: Run Behavior\BuildLiteBehavior [ RunTime:0.000028s ]
INFO: [ app_init ] --END-- [ RunTime:0.000461s ]
INFO: [ app_begin ] --START--
INFO: Run Behavior\ReadHtmlCacheBehavior [ RunTime:0.000543s ]
INFO: Run Home\Behaviors\NavBehavior [ RunTime:0.000514s ]
NOTIC: [8] Undefined index: userin D:\thinkphp_3.2.3_full\guyuan\Home\API\UserAPI.class.php 第 73 行.
INFO: Run Home\Behaviors\UserBehavior [ RunTime:0.001417s ]
INFO: [ app_begin ] --END-- [ RunTime:0.002733s ]
SQL: SHOW COLUMNS FROM `5000_info` [ RunTime:0.0028s ]
SQL: SELECT COUNT(*) AS tp_count FROM 5000_info a left JOIN 5000_info_meta b on a.info_id=b.info_id  WHERE ( a.info_type=1 ) ORDER BY a.info_id desc LIMIT 1   [ RunTime:0.0005s ]
INFO: [ app_end ] --START--
INFO: Run Behavior\ShowPageTraceBehavior [ RunTime:0.000503s ]
INFO: [ app_end ] --END-- [ RunTime:0.000629s ]

[ 2016-07-28T15:26:11+08:00 ] 127.0.0.1 /index.php/Home/Temp/test/p/4.html
INFO: [ app_init ] --START--
INFO: Run Behavior\BuildLiteBehavior [ RunTime:0.000069s ]
INFO: [ app_init ] --END-- [ RunTime:0.001013s ]
INFO: [ app_begin ] --START--
INFO: Run Behavior\ReadHtmlCacheBehavior [ RunTime:0.000648s ]
INFO: Run Home\Behaviors\NavBehavior [ RunTime:0.000579s ]
NOTIC: [8] Undefined index: userin D:\thinkphp_3.2.3_full\guyuan\Home\API\UserAPI.class.php 第 73 行.
INFO: Run Home\Behaviors\UserBehavior [ RunTime:0.001461s ]
INFO: [ app_begin ] --END-- [ RunTime:0.003016s ]
SQL: SHOW COLUMNS FROM `5000_info` [ RunTime:0.0025s ]
SQL: SELECT COUNT(*) AS tp_count FROM 5000_info a left JOIN 5000_info_meta b on a.info_id=b.info_id  WHERE ( a.info_type=1 ) ORDER BY a.info_id desc LIMIT 1   [ RunTime:0.0004s ]
INFO: [ app_end ] --START--
INFO: Run Behavior\ShowPageTraceBehavior [ RunTime:0.000395s ]
INFO: [ app_end ] --END-- [ RunTime:0.000491s ]

[ 2016-07-28T15:26:11+08:00 ] 127.0.0.1 /index.php/Home/Temp/test/p/3.html
INFO: [ app_init ] --START--
INFO: Run Behavior\BuildLiteBehavior [ RunTime:0.000032s ]
INFO: [ app_init ] --END-- [ RunTime:0.000511s ]
INFO: [ app_begin ] --START--
INFO: Run Behavior\ReadHtmlCacheBehavior [ RunTime:0.000877s ]
INFO: Run Home\Behaviors\NavBehavior [ RunTime:0.000911s ]
NOTIC: [8] Undefined index: userin D:\thinkphp_3.2.3_full\guyuan\Home\API\UserAPI.class.php 第 73 行.
INFO: Run Home\Behaviors\UserBehavior [ RunTime:0.002702s ]
INFO: [ app_begin ] --END-- [ RunTime:0.004954s ]
SQL: SHOW COLUMNS FROM `5000_info` [ RunTime:0.0025s ]
SQL: SELECT COUNT(*) AS tp_count FROM 5000_info a left JOIN 5000_info_meta b on a.info_id=b.info_id  WHERE ( a.info_type=1 ) ORDER BY a.info_id desc LIMIT 1   [ RunTime:0.0004s ]
INFO: [ app_end ] --START--
INFO: Run Behavior\ShowPageTraceBehavior [ RunTime:0.000407s ]
INFO: [ app_end ] --END-- [ RunTime:0.000505s ]

[ 2016-07-28T15:28:42+08:00 ] 127.0.0.1 /index.php/Home/Temp/test/p/3.html
INFO: [ app_init ] --START--
INFO: Run Behavior\BuildLiteBehavior [ RunTime:0.000022s ]
INFO: [ app_init ] --END-- [ RunTime:0.000372s ]
INFO: [ app_begin ] --START--
INFO: Run Behavior\ReadHtmlCacheBehavior [ RunTime:0.000474s ]
INFO: Run Home\Behaviors\NavBehavior [ RunTime:0.000578s ]
NOTIC: [8] Undefined index: userin D:\thinkphp_3.2.3_full\guyuan\Home\API\UserAPI.class.php 第 73 行.
INFO: Run Home\Behaviors\UserBehavior [ RunTime:0.001420s ]
INFO: [ app_begin ] --END-- [ RunTime:0.002685s ]
SQL: SHOW COLUMNS FROM `5000_info` [ RunTime:0.0024s ]
SQL: SELECT COUNT(*) AS tp_count FROM `5000_info` WHERE ( info_type=1 ) LIMIT 1   [ RunTime:0.0003s ]
NOTIC: [8] Undefined variable: ret D:\thinkphp_3.2.3_full\guyuan\Home\Controller\TempController.class.php 第 18 行.
INFO: [ app_end ] --START--
INFO: Run Behavior\ShowPageTraceBehavior [ RunTime:0.000533s ]
INFO: [ app_end ] --END-- [ RunTime:0.000634s ]

[ 2016-07-28T15:28:42+08:00 ] 127.0.0.1 /index.php/Home/Temp/test/p/3.html
INFO: [ app_init ] --START--
INFO: Run Behavior\BuildLiteBehavior [ RunTime:0.000039s ]
INFO: [ app_init ] --END-- [ RunTime:0.000571s ]
INFO: [ app_begin ] --START--
INFO: Run Behavior\ReadHtmlCacheBehavior [ RunTime:0.000793s ]
INFO: Run Home\Behaviors\NavBehavior [ RunTime:0.000684s ]
NOTIC: [8] Undefined index: userin D:\thinkphp_3.2.3_full\guyuan\Home\API\UserAPI.class.php 第 73 行.
INFO: Run Home\Behaviors\UserBehavior [ RunTime:0.002062s ]
INFO: [ app_begin ] --END-- [ RunTime:0.003938s ]
SQL: SHOW COLUMNS FROM `5000_info` [ RunTime:0.0024s ]
SQL: SELECT COUNT(*) AS tp_count FROM `5000_info` WHERE ( info_type=1 ) LIMIT 1   [ RunTime:0.0003s ]
NOTIC: [8] Undefined variable: ret D:\thinkphp_3.2.3_full\guyuan\Home\Controller\TempController.class.php 第 18 行.
INFO: [ app_end ] --START--
INFO: Run Behavior\ShowPageTraceBehavior [ RunTime:0.000419s ]
INFO: [ app_end ] --END-- [ RunTime:0.000518s ]

[ 2016-07-28T15:28:45+08:00 ] 127.0.0.1 /Home/Temp/test
INFO: [ app_init ] --START--
INFO: Run Behavior\BuildLiteBehavior [ RunTime:0.000028s ]
INFO: [ app_init ] --END-- [ RunTime:0.000430s ]
INFO: [ app_begin ] --START--
INFO: Run Behavior\ReadHtmlCacheBehavior [ RunTime:0.000580s ]
INFO: Run Home\Behaviors\NavBehavior [ RunTime:0.000892s ]
NOTIC: [8] Undefined index: userin D:\thinkphp_3.2.3_full\guyuan\Home\API\UserAPI.class.php 第 73 行.
INFO: Run Home\Behaviors\UserBehavior [ RunTime:0.006090s ]
INFO: [ app_begin ] --END-- [ RunTime:0.007954s ]
SQL: SHOW COLUMNS FROM `5000_info` [ RunTime:0.0034s ]
SQL: SELECT COUNT(*) AS tp_count FROM `5000_info` WHERE ( info_type=1 ) LIMIT 1   [ RunTime:0.0003s ]
NOTIC: [8] Undefined variable: ret D:\thinkphp_3.2.3_full\guyuan\Home\Controller\TempController.class.php 第 18 行.
INFO: [ app_end ] --START--
INFO: Run Behavior\ShowPageTraceBehavior [ RunTime:0.000513s ]
INFO: [ app_end ] --END-- [ RunTime:0.000622s ]

[ 2016-07-28T15:28:45+08:00 ] 127.0.0.1 /Home/Temp/test
INFO: [ app_init ] --START--
INFO: Run Behavior\BuildLiteBehavior [ RunTime:0.000024s ]
INFO: [ app_init ] --END-- [ RunTime:0.000363s ]
INFO: [ app_begin ] --START--
INFO: Run Behavior\ReadHtmlCacheBehavior [ RunTime:0.000435s ]
INFO: Run Home\Behaviors\NavBehavior [ RunTime:0.000457s ]
NOTIC: [8] Undefined index: userin D:\thinkphp_3.2.3_full\guyuan\Home\API\UserAPI.class.php 第 73 行.
INFO: Run Home\Behaviors\UserBehavior [ RunTime:0.001176s ]
INFO: [ app_begin ] --END-- [ RunTime:0.002297s ]
SQL: SHOW COLUMNS FROM `5000_info` [ RunTime:0.0034s ]
SQL: SELECT COUNT(*) AS tp_count FROM `5000_info` WHERE ( info_type=1 ) LIMIT 1   [ RunTime:0.0003s ]
NOTIC: [8] Undefined variable: ret D:\thinkphp_3.2.3_full\guyuan\Home\Controller\TempController.class.php 第 18 行.
INFO: [ app_end ] --START--
INFO: Run Behavior\ShowPageTraceBehavior [ RunTime:0.000643s ]
INFO: [ app_end ] --END-- [ RunTime:0.001074s ]

[ 2016-07-28T15:29:02+08:00 ] 127.0.0.1 /Home/Temp/test
INFO: [ app_init ] --START--
INFO: Run Behavior\BuildLiteBehavior [ RunTime:0.000023s ]
INFO: [ app_init ] --END-- [ RunTime:0.000356s ]
INFO: [ app_begin ] --START--
INFO: Run Behavior\ReadHtmlCacheBehavior [ RunTime:0.000433s ]
INFO: Run Home\Behaviors\NavBehavior [ RunTime:0.000436s ]
NOTIC: [8] Undefined index: userin D:\thinkphp_3.2.3_full\guyuan\Home\API\UserAPI.class.php 第 73 行.
INFO: Run Home\Behaviors\UserBehavior [ RunTime:0.001198s ]
INFO: [ app_begin ] --END-- [ RunTime:0.002284s ]
SQL: SHOW COLUMNS FROM `5000_info` [ RunTime:0.0025s ]
SQL: SELECT COUNT(*) AS tp_count FROM `5000_info` WHERE ( info_type=1 ) LIMIT 1   [ RunTime:0.0003s ]
INFO: [ app_end ] --START--
INFO: Run Behavior\ShowPageTraceBehavior [ RunTime:0.000486s ]
INFO: [ app_end ] --END-- [ RunTime:0.000606s ]

[ 2016-07-28T15:42:39+08:00 ] 127.0.0.1 /Home/Temp/test
INFO: [ app_init ] --START--
INFO: Run Behavior\BuildLiteBehavior [ RunTime:0.000023s ]
INFO: [ app_init ] --END-- [ RunTime:0.000380s ]
INFO: [ app_begin ] --START--
INFO: Run Behavior\ReadHtmlCacheBehavior [ RunTime:0.000531s ]
INFO: Run Home\Behaviors\NavBehavior [ RunTime:0.000663s ]
NOTIC: [8] Undefined index: userin D:\thinkphp_3.2.3_full\guyuan\Home\API\UserAPI.class.php 第 73 行.
INFO: Run Home\Behaviors\UserBehavior [ RunTime:0.001286s ]
INFO: [ app_begin ] --END-- [ RunTime:0.002703s ]
SQL: SHOW COLUMNS FROM `5000_info` [ RunTime:0.0026s ]
SQL: SELECT COUNT(*) AS tp_count FROM `5000_info` WHERE ( info_type=1 ) LIMIT 1   [ RunTime:0.0003s ]
ERR: 1054:Unknown column 'info_tpye' in 'where clause'
 [ SQL语句 ] : SELECT * FROM `5000_info` WHERE ( info_tpye=1 ) ORDER BY info_id desc LIMIT 0,5  
ERR: 1054:Unknown column 'info_tpye' in 'where clause'
 [ SQL语句 ] : SELECT * FROM `5000_info` WHERE ( info_tpye=1 ) ORDER BY info_id desc LIMIT 0,5  

[ 2016-07-28T15:42:57+08:00 ] 127.0.0.1 /Home/Temp/test
INFO: [ app_init ] --START--
INFO: Run Behavior\BuildLiteBehavior [ RunTime:0.000024s ]
INFO: [ app_init ] --END-- [ RunTime:0.000364s ]
INFO: [ app_begin ] --START--
INFO: Run Behavior\ReadHtmlCacheBehavior [ RunTime:0.000490s ]
INFO: Run Home\Behaviors\NavBehavior [ RunTime:0.000654s ]
NOTIC: [8] Undefined index: userin D:\thinkphp_3.2.3_full\guyuan\Home\API\UserAPI.class.php 第 73 行.
INFO: Run Home\Behaviors\UserBehavior [ RunTime:0.001531s ]
INFO: [ app_begin ] --END-- [ RunTime:0.002897s ]
SQL: SHOW COLUMNS FROM `5000_info` [ RunTime:0.0025s ]
SQL: SELECT COUNT(*) AS tp_count FROM `5000_info` WHERE ( info_type=1 ) LIMIT 1   [ RunTime:0.0003s ]
SQL: SELECT * FROM `5000_info` WHERE ( info_type=1 ) ORDER BY info_id desc LIMIT 0,5   [ RunTime:0.0003s ]
INFO: [ app_end ] --START--
INFO: Run Behavior\ShowPageTraceBehavior [ RunTime:0.000508s ]
INFO: [ app_end ] --END-- [ RunTime:0.000601s ]

[ 2016-07-28T15:43:02+08:00 ] 127.0.0.1 /index.php/Home/Temp/test/p/6.html
INFO: [ app_init ] --START--
INFO: Run Behavior\BuildLiteBehavior [ RunTime:0.000038s ]
INFO: [ app_init ] --END-- [ RunTime:0.000553s ]
INFO: [ app_begin ] --START--
INFO: Run Behavior\ReadHtmlCacheBehavior [ RunTime:0.000672s ]
INFO: Run Home\Behaviors\NavBehavior [ RunTime:0.000528s ]
NOTIC: [8] Undefined index: userin D:\thinkphp_3.2.3_full\guyuan\Home\API\UserAPI.class.php 第 73 行.
INFO: Run Home\Behaviors\UserBehavior [ RunTime:0.001312s ]
INFO: [ app_begin ] --END-- [ RunTime:0.002851s ]
SQL: SHOW COLUMNS FROM `5000_info` [ RunTime:0.0026s ]
SQL: SELECT COUNT(*) AS tp_count FROM `5000_info` WHERE ( info_type=1 ) LIMIT 1   [ RunTime:0.0004s ]
SQL: SELECT * FROM `5000_info` WHERE ( info_type=1 ) ORDER BY info_id desc LIMIT 25,5   [ RunTime:0.0004s ]
INFO: [ app_end ] --START--
INFO: Run Behavior\ShowPageTraceBehavior [ RunTime:0.000548s ]
INFO: [ app_end ] --END-- [ RunTime:0.000648s ]

[ 2016-07-28T15:43:20+08:00 ] 127.0.0.1 /index.php/Home/Temp/test/p/1.html
INFO: [ app_init ] --START--
INFO: Run Behavior\BuildLiteBehavior [ RunTime:0.000044s ]
INFO: [ app_init ] --END-- [ RunTime:0.000667s ]
INFO: [ app_begin ] --START--
INFO: Run Behavior\ReadHtmlCacheBehavior [ RunTime:0.000819s ]
INFO: Run Home\Behaviors\NavBehavior [ RunTime:0.000800s ]
NOTIC: [8] Undefined index: userin D:\thinkphp_3.2.3_full\guyuan\Home\API\UserAPI.class.php 第 73 行.
INFO: Run Home\Behaviors\UserBehavior [ RunTime:0.001114s ]
INFO: [ app_begin ] --END-- [ RunTime:0.003054s ]
SQL: SHOW COLUMNS FROM `5000_info` [ RunTime:0.0028s ]
SQL: SELECT COUNT(*) AS tp_count FROM `5000_info` WHERE ( info_type=1 ) LIMIT 1   [ RunTime:0.0003s ]
SQL: SELECT * FROM `5000_info` WHERE ( info_type=1 ) ORDER BY info_id desc LIMIT 0,5   [ RunTime:0.0002s ]
INFO: [ app_end ] --START--
INFO: Run Behavior\ShowPageTraceBehavior [ RunTime:0.000495s ]
INFO: [ app_end ] --END-- [ RunTime:0.000588s ]

[ 2016-07-28T15:43:22+08:00 ] 127.0.0.1 /index.php/Home/Temp/test/p/2.html
INFO: [ app_init ] --START--
INFO: Run Behavior\BuildLiteBehavior [ RunTime:0.000042s ]
INFO: [ app_init ] --END-- [ RunTime:0.000680s ]
INFO: [ app_begin ] --START--
INFO: Run Behavior\ReadHtmlCacheBehavior [ RunTime:0.000785s ]
INFO: Run Home\Behaviors\NavBehavior [ RunTime:0.000847s ]
NOTIC: [8] Undefined index: userin D:\thinkphp_3.2.3_full\guyuan\Home\API\UserAPI.class.php 第 73 行.
INFO: Run Home\Behaviors\UserBehavior [ RunTime:0.002058s ]
INFO: [ app_begin ] --END-- [ RunTime:0.004057s ]
SQL: SHOW COLUMNS FROM `5000_info` [ RunTime:0.0025s ]
SQL: SELECT COUNT(*) AS tp_count FROM `5000_info` WHERE ( info_type=1 ) LIMIT 1   [ RunTime:0.0003s ]
SQL: SELECT * FROM `5000_info` WHERE ( info_type=1 ) ORDER BY info_id desc LIMIT 5,5   [ RunTime:0.0002s ]
INFO: [ app_end ] --START--
INFO: Run Behavior\ShowPageTraceBehavior [ RunTime:0.000469s ]
INFO: [ app_end ] --END-- [ RunTime:0.000561s ]

[ 2016-07-28T15:43:26+08:00 ] 127.0.0.1 /index.php/Home/Temp/test/p/3.html
INFO: [ app_init ] --START--
INFO: Run Behavior\BuildLiteBehavior [ RunTime:0.000039s ]
INFO: [ app_init ] --END-- [ RunTime:0.000559s ]
INFO: [ app_begin ] --START--
INFO: Run Behavior\ReadHtmlCacheBehavior [ RunTime:0.000442s ]
INFO: Run Home\Behaviors\NavBehavior [ RunTime:0.000624s ]
NOTIC: [8] Undefined index: userin D:\thinkphp_3.2.3_full\guyuan\Home\API\UserAPI.class.php 第 73 行.
INFO: Run Home\Behaviors\UserBehavior [ RunTime:0.001859s ]
INFO: [ app_begin ] --END-- [ RunTime:0.003250s ]
SQL: SHOW COLUMNS FROM `5000_info` [ RunTime:0.0025s ]
SQL: SELECT COUNT(*) AS tp_count FROM `5000_info` WHERE ( info_type=1 ) LIMIT 1   [ RunTime:0.0003s ]
SQL: SELECT * FROM `5000_info` WHERE ( info_type=1 ) ORDER BY info_id desc LIMIT 10,5   [ RunTime:0.0003s ]
INFO: [ app_end ] --START--
INFO: Run Behavior\ShowPageTraceBehavior [ RunTime:0.000513s ]
INFO: [ app_end ] --END-- [ RunTime:0.000605s ]

[ 2016-07-28T15:43:39+08:00 ] 127.0.0.1 /index.php/Home/Temp/test/p/4.html
INFO: [ app_init ] --START--
INFO: Run Behavior\BuildLiteBehavior [ RunTime:0.000024s ]
INFO: [ app_init ] --END-- [ RunTime:0.000370s ]
INFO: [ app_begin ] --START--
INFO: Run Behavior\ReadHtmlCacheBehavior [ RunTime:0.000448s ]
INFO: Run Home\Behaviors\NavBehavior [ RunTime:0.001032s ]
NOTIC: [8] Undefined index: userin D:\thinkphp_3.2.3_full\guyuan\Home\API\UserAPI.class.php 第 73 行.
INFO: Run Home\Behaviors\UserBehavior [ RunTime:0.001289s ]
INFO: [ app_begin ] --END-- [ RunTime:0.003020s ]
SQL: SHOW COLUMNS FROM `5000_info` [ RunTime:0.0027s ]
SQL: SELECT COUNT(*) AS tp_count FROM `5000_info` WHERE ( info_type=1 ) LIMIT 1   [ RunTime:0.0003s ]
SQL: SELECT * FROM `5000_info` WHERE ( info_type=1 ) ORDER BY info_id desc LIMIT 15,5   [ RunTime:0.0003s ]
INFO: [ app_end ] --START--
INFO: Run Behavior\ShowPageTraceBehavior [ RunTime:0.000709s ]
INFO: [ app_end ] --END-- [ RunTime:0.000869s ]

[ 2016-07-28T15:43:40+08:00 ] 127.0.0.1 /index.php/Home/Temp/test/p/3.html
INFO: [ app_init ] --START--
INFO: Run Behavior\BuildLiteBehavior [ RunTime:0.000025s ]
INFO: [ app_init ] --END-- [ RunTime:0.000401s ]
INFO: [ app_begin ] --START--
INFO: Run Behavior\ReadHtmlCacheBehavior [ RunTime:0.000464s ]
INFO: Run Home\Behaviors\NavBehavior [ RunTime:0.000504s ]
NOTIC: [8] Undefined index: userin D:\thinkphp_3.2.3_full\guyuan\Home\API\UserAPI.class.php 第 73 行.
INFO: Run Home\Behaviors\UserBehavior [ RunTime:0.001311s ]
INFO: [ app_begin ] --END-- [ RunTime:0.002526s ]
SQL: SHOW COLUMNS FROM `5000_info` [ RunTime:0.0028s ]
SQL: SELECT COUNT(*) AS tp_count FROM `5000_info` WHERE ( info_type=1 ) LIMIT 1   [ RunTime:0.0003s ]
SQL: SELECT * FROM `5000_info` WHERE ( info_type=1 ) ORDER BY info_id desc LIMIT 10,5   [ RunTime:0.0003s ]
INFO: [ app_end ] --START--
INFO: Run Behavior\ShowPageTraceBehavior [ RunTime:0.000473s ]
INFO: [ app_end ] --END-- [ RunTime:0.000564s ]

[ 2016-07-28T15:43:43+08:00 ] 127.0.0.1 /index.php/Home/Temp/test/p/4.html
INFO: [ app_init ] --START--
INFO: Run Behavior\BuildLiteBehavior [ RunTime:0.000024s ]
INFO: [ app_init ] --END-- [ RunTime:0.000373s ]
INFO: [ app_begin ] --START--
INFO: Run Behavior\ReadHtmlCacheBehavior [ RunTime:0.000470s ]
INFO: Run Home\Behaviors\NavBehavior [ RunTime:0.000482s ]
NOTIC: [8] Undefined index: userin D:\thinkphp_3.2.3_full\guyuan\Home\API\UserAPI.class.php 第 73 行.
INFO: Run Home\Behaviors\UserBehavior [ RunTime:0.001255s ]
INFO: [ app_begin ] --END-- [ RunTime:0.002450s ]
SQL: SHOW COLUMNS FROM `5000_info` [ RunTime:0.0026s ]
SQL: SELECT COUNT(*) AS tp_count FROM `5000_info` WHERE ( info_type=1 ) LIMIT 1   [ RunTime:0.0003s ]
SQL: SELECT * FROM `5000_info` WHERE ( info_type=1 ) ORDER BY info_id desc LIMIT 15,5   [ RunTime:0.0003s ]
INFO: [ app_end ] --START--
INFO: Run Behavior\ShowPageTraceBehavior [ RunTime:0.000527s ]
INFO: [ app_end ] --END-- [ RunTime:0.000631s ]

[ 2016-07-28T15:45:51+08:00 ] 127.0.0.1 /index.php/Home/Temp/test/p/6.html
INFO: [ app_init ] --START--
INFO: Run Behavior\BuildLiteBehavior [ RunTime:0.000028s ]
INFO: [ app_init ] --END-- [ RunTime:0.000469s ]
INFO: [ app_begin ] --START--
INFO: Run Behavior\ReadHtmlCacheBehavior [ RunTime:0.000612s ]
INFO: Run Home\Behaviors\NavBehavior [ RunTime:0.000713s ]
NOTIC: [8] Undefined index: userin D:\thinkphp_3.2.3_full\guyuan\Home\API\UserAPI.class.php 第 73 行.
INFO: Run Home\Behaviors\UserBehavior [ RunTime:0.001550s ]
INFO: [ app_begin ] --END-- [ RunTime:0.003137s ]
SQL: SHOW COLUMNS FROM `5000_info` [ RunTime:0.0025s ]
SQL: SELECT COUNT(*) AS tp_count FROM `5000_info` WHERE ( info_type=1 ) LIMIT 1   [ RunTime:0.0003s ]
SQL: SELECT * FROM `5000_info` WHERE ( info_type=1 ) ORDER BY info_id desc LIMIT 25,5   [ RunTime:0.0003s ]
INFO: [ app_end ] --START--
INFO: Run Behavior\ShowPageTraceBehavior [ RunTime:0.000512s ]
INFO: [ app_end ] --END-- [ RunTime:0.000607s ]

[ 2016-07-28T15:46:06+08:00 ] 127.0.0.1 /index.php/Home/Temp/test/p/1.html
INFO: [ app_init ] --START--
INFO: Run Behavior\BuildLiteBehavior [ RunTime:0.000022s ]
INFO: [ app_init ] --END-- [ RunTime:0.000335s ]
INFO: [ app_begin ] --START--
INFO: Run Behavior\ReadHtmlCacheBehavior [ RunTime:0.000574s ]
INFO: Run Home\Behaviors\NavBehavior [ RunTime:0.000821s ]
NOTIC: [8] Undefined index: userin D:\thinkphp_3.2.3_full\guyuan\Home\API\UserAPI.class.php 第 73 行.
INFO: Run Home\Behaviors\UserBehavior [ RunTime:0.001290s ]
INFO: [ app_begin ] --END-- [ RunTime:0.002995s ]
SQL: SHOW COLUMNS FROM `5000_info` [ RunTime:0.0025s ]
SQL: SELECT COUNT(*) AS tp_count FROM `5000_info` WHERE ( info_type=1 ) LIMIT 1   [ RunTime:0.0003s ]
SQL: SELECT * FROM `5000_info` WHERE ( info_type=1 ) ORDER BY info_id desc LIMIT 0,5   [ RunTime:0.0002s ]
INFO: [ app_end ] --START--
INFO: Run Behavior\ShowPageTraceBehavior [ RunTime:0.000567s ]
INFO: [ app_end ] --END-- [ RunTime:0.000663s ]

[ 2016-07-28T15:59:02+08:00 ] 127.0.0.1 /index.php/Home/Temp/test/p/1.html
INFO: [ app_init ] --START--
INFO: Run Behavior\BuildLiteBehavior [ RunTime:0.000035s ]
INFO: [ app_init ] --END-- [ RunTime:0.000420s ]
INFO: [ app_begin ] --START--
INFO: Run Behavior\ReadHtmlCacheBehavior [ RunTime:0.000693s ]
INFO: Run Home\Behaviors\NavBehavior [ RunTime:0.000620s ]
NOTIC: [8] Undefined index: userin D:\thinkphp_3.2.3_full\guyuan\Home\API\UserAPI.class.php 第 73 行.
INFO: Run Home\Behaviors\UserBehavior [ RunTime:0.001309s ]
INFO: [ app_begin ] --END-- [ RunTime:0.002902s ]
SQL: SHOW COLUMNS FROM `5000_info` [ RunTime:0.0026s ]
SQL: SELECT COUNT(*) AS tp_count FROM `5000_info` WHERE ( info_type=1 ) LIMIT 1   [ RunTime:0.0003s ]
SQL: SELECT * FROM `5000_info` WHERE ( info_type=1 ) ORDER BY info_id desc LIMIT 0,5   [ RunTime:0.0002s ]
SQL: SHOW COLUMNS FROM `5000_info_meta` [ RunTime:0.0024s ]
ERR: 1064:You have an error in your SQL syntax; check the manual that corresponds to your MySQL server version for the right syntax to use near '59,,58,,57,,56,,55) )' at line 1
 [ SQL语句 ] : SELECT * FROM `5000_info_meta` WHERE ( info_id in (,59,,58,,57,,56,,55) ) 
ERR: 1064:You have an error in your SQL syntax; check the manual that corresponds to your MySQL server version for the right syntax to use near '59,,58,,57,,56,,55) )' at line 1
 [ SQL语句 ] : SELECT * FROM `5000_info_meta` WHERE ( info_id in (,59,,58,,57,,56,,55) ) 

[ 2016-07-28T15:59:58+08:00 ] 127.0.0.1 /index.php/Home/Temp/test/p/1.html
INFO: [ app_init ] --START--
INFO: Run Behavior\BuildLiteBehavior [ RunTime:0.000023s ]
INFO: [ app_init ] --END-- [ RunTime:0.000386s ]
INFO: [ app_begin ] --START--
INFO: Run Behavior\ReadHtmlCacheBehavior [ RunTime:0.000511s ]
INFO: Run Home\Behaviors\NavBehavior [ RunTime:0.000823s ]
NOTIC: [8] Undefined index: userin D:\thinkphp_3.2.3_full\guyuan\Home\API\UserAPI.class.php 第 73 行.
INFO: Run Home\Behaviors\UserBehavior [ RunTime:0.001897s ]
INFO: [ app_begin ] --END-- [ RunTime:0.003524s ]
SQL: SHOW COLUMNS FROM `5000_info` [ RunTime:0.0025s ]
SQL: SELECT COUNT(*) AS tp_count FROM `5000_info` WHERE ( info_type=1 ) LIMIT 1   [ RunTime:0.0003s ]
SQL: SELECT * FROM `5000_info` WHERE ( info_type=1 ) ORDER BY info_id desc LIMIT 0,5   [ RunTime:0.0002s ]
SQL: SHOW COLUMNS FROM `5000_info_meta` [ RunTime:0.0025s ]
ERR: 1064:You have an error in your SQL syntax; check the manual that corresponds to your MySQL server version for the right syntax to use near '59,,58,,57,,56,,55) )' at line 1
 [ SQL语句 ] : SELECT * FROM `5000_info_meta` WHERE ( info_id in (,59,,58,,57,,56,,55) ) 
ERR: 1064:You have an error in your SQL syntax; check the manual that corresponds to your MySQL server version for the right syntax to use near '59,,58,,57,,56,,55) )' at line 1
 [ SQL语句 ] : SELECT * FROM `5000_info_meta` WHERE ( info_id in (,59,,58,,57,,56,,55) ) 

[ 2016-07-28T16:00:01+08:00 ] 127.0.0.1 /Home/Temp/test
INFO: [ app_init ] --START--
INFO: Run Behavior\BuildLiteBehavior [ RunTime:0.000043s ]
INFO: [ app_init ] --END-- [ RunTime:0.000670s ]
INFO: [ app_begin ] --START--
INFO: Run Behavior\ReadHtmlCacheBehavior [ RunTime:0.001237s ]
INFO: Run Home\Behaviors\NavBehavior [ RunTime:0.000907s ]
NOTIC: [8] Undefined index: userin D:\thinkphp_3.2.3_full\guyuan\Home\API\UserAPI.class.php 第 73 行.
INFO: Run Home\Behaviors\UserBehavior [ RunTime:0.001648s ]
INFO: [ app_begin ] --END-- [ RunTime:0.004231s ]
SQL: SHOW COLUMNS FROM `5000_info` [ RunTime:0.0042s ]
SQL: SELECT COUNT(*) AS tp_count FROM `5000_info` WHERE ( info_type=1 ) LIMIT 1   [ RunTime:0.0005s ]
SQL: SELECT * FROM `5000_info` WHERE ( info_type=1 ) ORDER BY info_id desc LIMIT 0,5   [ RunTime:0.0004s ]
SQL: SHOW COLUMNS FROM `5000_info_meta` [ RunTime:0.0032s ]
ERR: 1064:You have an error in your SQL syntax; check the manual that corresponds to your MySQL server version for the right syntax to use near '59,,58,,57,,56,,55) )' at line 1
 [ SQL语句 ] : SELECT * FROM `5000_info_meta` WHERE ( info_id in (,59,,58,,57,,56,,55) ) 
ERR: 1064:You have an error in your SQL syntax; check the manual that corresponds to your MySQL server version for the right syntax to use near '59,,58,,57,,56,,55) )' at line 1
 [ SQL语句 ] : SELECT * FROM `5000_info_meta` WHERE ( info_id in (,59,,58,,57,,56,,55) ) 

[ 2016-07-28T16:00:37+08:00 ] 127.0.0.1 /Home/Temp/test
INFO: [ app_init ] --START--
INFO: Run Behavior\BuildLiteBehavior [ RunTime:0.000023s ]
INFO: [ app_init ] --END-- [ RunTime:0.000351s ]
INFO: [ app_begin ] --START--
INFO: Run Behavior\ReadHtmlCacheBehavior [ RunTime:0.000831s ]
INFO: Run Home\Behaviors\NavBehavior [ RunTime:0.000530s ]
NOTIC: [8] Undefined index: userin D:\thinkphp_3.2.3_full\guyuan\Home\API\UserAPI.class.php 第 73 行.
INFO: Run Home\Behaviors\UserBehavior [ RunTime:0.001189s ]
INFO: [ app_begin ] --END-- [ RunTime:0.002787s ]
SQL: SHOW COLUMNS FROM `5000_info` [ RunTime:0.0025s ]
SQL: SELECT COUNT(*) AS tp_count FROM `5000_info` WHERE ( info_type=1 ) LIMIT 1   [ RunTime:0.0003s ]
SQL: SELECT * FROM `5000_info` WHERE ( info_type=1 ) ORDER BY info_id desc LIMIT 0,5   [ RunTime:0.0003s ]
INFO: [ app_end ] --START--
INFO: Run Behavior\ShowPageTraceBehavior [ RunTime:0.000547s ]
INFO: [ app_end ] --END-- [ RunTime:0.000639s ]

[ 2016-07-28T16:02:12+08:00 ] 127.0.0.1 /index.php/Home/Temp/test/p/5.html
INFO: [ app_init ] --START--
INFO: Run Behavior\BuildLiteBehavior [ RunTime:0.000022s ]
INFO: [ app_init ] --END-- [ RunTime:0.000374s ]
INFO: [ app_begin ] --START--
INFO: Run Behavior\ReadHtmlCacheBehavior [ RunTime:0.000471s ]
INFO: Run Home\Behaviors\NavBehavior [ RunTime:0.000570s ]
NOTIC: [8] Undefined index: userin D:\thinkphp_3.2.3_full\guyuan\Home\API\UserAPI.class.php 第 73 行.
INFO: Run Home\Behaviors\UserBehavior [ RunTime:0.001313s ]
INFO: [ app_begin ] --END-- [ RunTime:0.002553s ]
SQL: SHOW COLUMNS FROM `5000_info` [ RunTime:0.0026s ]
SQL: SELECT COUNT(*) AS tp_count FROM `5000_info` WHERE ( info_type=1 ) LIMIT 1   [ RunTime:0.0003s ]
SQL: SELECT * FROM `5000_info` WHERE ( info_type=1 ) ORDER BY info_id desc LIMIT 20,5   [ RunTime:0.0003s ]
INFO: [ app_end ] --START--
INFO: Run Behavior\ShowPageTraceBehavior [ RunTime:0.000502s ]
INFO: [ app_end ] --END-- [ RunTime:0.000594s ]

[ 2016-07-28T16:02:13+08:00 ] 127.0.0.1 /index.php/Home/Temp/test/p/6.html
INFO: [ app_init ] --START--
INFO: Run Behavior\BuildLiteBehavior [ RunTime:0.000043s ]
INFO: [ app_init ] --END-- [ RunTime:0.000695s ]
INFO: [ app_begin ] --START--
INFO: Run Behavior\ReadHtmlCacheBehavior [ RunTime:0.000806s ]
INFO: Run Home\Behaviors\NavBehavior [ RunTime:0.000855s ]
NOTIC: [8] Undefined index: userin D:\thinkphp_3.2.3_full\guyuan\Home\API\UserAPI.class.php 第 73 行.
INFO: Run Home\Behaviors\UserBehavior [ RunTime:0.002310s ]
INFO: [ app_begin ] --END-- [ RunTime:0.004405s ]
SQL: SHOW COLUMNS FROM `5000_info` [ RunTime:0.0027s ]
SQL: SELECT COUNT(*) AS tp_count FROM `5000_info` WHERE ( info_type=1 ) LIMIT 1   [ RunTime:0.0003s ]
SQL: SELECT * FROM `5000_info` WHERE ( info_type=1 ) ORDER BY info_id desc LIMIT 25,5   [ RunTime:0.0003s ]
INFO: [ app_end ] --START--
INFO: Run Behavior\ShowPageTraceBehavior [ RunTime:0.000429s ]
INFO: [ app_end ] --END-- [ RunTime:0.000553s ]

[ 2016-07-28T16:03:00+08:00 ] 127.0.0.1 /index.php/Home/Temp/test/p/6.html
INFO: [ app_init ] --START--
INFO: Run Behavior\BuildLiteBehavior [ RunTime:0.000027s ]
INFO: [ app_init ] --END-- [ RunTime:0.000419s ]
INFO: [ app_begin ] --START--
INFO: Run Behavior\ReadHtmlCacheBehavior [ RunTime:0.000561s ]
INFO: Run Home\Behaviors\NavBehavior [ RunTime:0.000581s ]
NOTIC: [8] Undefined index: userin D:\thinkphp_3.2.3_full\guyuan\Home\API\UserAPI.class.php 第 73 行.
INFO: Run Home\Behaviors\UserBehavior [ RunTime:0.001479s ]
INFO: [ app_begin ] --END-- [ RunTime:0.002895s ]
SQL: SHOW COLUMNS FROM `5000_info` [ RunTime:0.0024s ]
SQL: SELECT COUNT(*) AS tp_count FROM `5000_info` WHERE ( info_type=1 ) LIMIT 1   [ RunTime:0.0003s ]
SQL: SELECT * FROM `5000_info` WHERE ( info_type=1 ) ORDER BY info_id desc LIMIT 25,5   [ RunTime:0.0005s ]
INFO: [ app_end ] --START--
INFO: Run Behavior\ShowPageTraceBehavior [ RunTime:0.000456s ]
INFO: [ app_end ] --END-- [ RunTime:0.000548s ]

[ 2016-07-28T16:03:13+08:00 ] 127.0.0.1 /index.php/Home/Temp/test/p/6.html
INFO: [ app_init ] --START--
INFO: Run Behavior\BuildLiteBehavior [ RunTime:0.000022s ]
INFO: [ app_init ] --END-- [ RunTime:0.000372s ]
INFO: [ app_begin ] --START--
INFO: Run Behavior\ReadHtmlCacheBehavior [ RunTime:0.000477s ]
INFO: Run Home\Behaviors\NavBehavior [ RunTime:0.000574s ]
NOTIC: [8] Undefined index: userin D:\thinkphp_3.2.3_full\guyuan\Home\API\UserAPI.class.php 第 73 行.
INFO: Run Home\Behaviors\UserBehavior [ RunTime:0.001254s ]
INFO: [ app_begin ] --END-- [ RunTime:0.002522s ]
SQL: SHOW COLUMNS FROM `5000_info` [ RunTime:0.0024s ]
SQL: SELECT COUNT(*) AS tp_count FROM `5000_info` WHERE ( info_type=1 ) LIMIT 1   [ RunTime:0.0003s ]
SQL: SELECT * FROM `5000_info` WHERE ( info_type=1 ) ORDER BY info_id desc LIMIT 25,5   [ RunTime:0.0003s ]
SQL: SHOW COLUMNS FROM `5000_info_meta` [ RunTime:0.0023s ]
SQL: SELECT * FROM `5000_info_meta` WHERE ( info_id in (8,6,5,4) )  [ RunTime:0.0201s ]
INFO: [ app_end ] --START--
INFO: Run Behavior\ShowPageTraceBehavior [ RunTime:0.000580s ]
INFO: [ app_end ] --END-- [ RunTime:0.000737s ]

[ 2016-07-28T16:03:16+08:00 ] 127.0.0.1 /index.php/Home/Temp/test/p/1.html
INFO: [ app_init ] --START--
INFO: Run Behavior\BuildLiteBehavior [ RunTime:0.000043s ]
INFO: [ app_init ] --END-- [ RunTime:0.000684s ]
INFO: [ app_begin ] --START--
INFO: Run Behavior\ReadHtmlCacheBehavior [ RunTime:0.000876s ]
INFO: Run Home\Behaviors\NavBehavior [ RunTime:0.000884s ]
NOTIC: [8] Undefined index: userin D:\thinkphp_3.2.3_full\guyuan\Home\API\UserAPI.class.php 第 73 行.
INFO: Run Home\Behaviors\UserBehavior [ RunTime:0.002342s ]
INFO: [ app_begin ] --END-- [ RunTime:0.004556s ]
SQL: SHOW COLUMNS FROM `5000_info` [ RunTime:0.0028s ]
SQL: SELECT COUNT(*) AS tp_count FROM `5000_info` WHERE ( info_type=1 ) LIMIT 1   [ RunTime:0.0003s ]
SQL: SELECT * FROM `5000_info` WHERE ( info_type=1 ) ORDER BY info_id desc LIMIT 0,5   [ RunTime:0.0003s ]
SQL: SHOW COLUMNS FROM `5000_info_meta` [ RunTime:0.0022s ]
SQL: SELECT * FROM `5000_info_meta` WHERE ( info_id in (59,58,57,56,55) )  [ RunTime:0.0002s ]
INFO: [ app_end ] --START--
INFO: Run Behavior\ShowPageTraceBehavior [ RunTime:0.000473s ]
INFO: [ app_end ] --END-- [ RunTime:0.000571s ]

[ 2016-07-28T16:03:18+08:00 ] 127.0.0.1 /index.php/Home/Temp/test/p/2.html
INFO: [ app_init ] --START--
INFO: Run Behavior\BuildLiteBehavior [ RunTime:0.000035s ]
INFO: [ app_init ] --END-- [ RunTime:0.000546s ]
INFO: [ app_begin ] --START--
INFO: Run Behavior\ReadHtmlCacheBehavior [ RunTime:0.000643s ]
INFO: Run Home\Behaviors\NavBehavior [ RunTime:0.000681s ]
NOTIC: [8] Undefined index: userin D:\thinkphp_3.2.3_full\guyuan\Home\API\UserAPI.class.php 第 73 行.
INFO: Run Home\Behaviors\UserBehavior [ RunTime:0.001830s ]
INFO: [ app_begin ] --END-- [ RunTime:0.003501s ]
SQL: SHOW COLUMNS FROM `5000_info` [ RunTime:0.0023s ]
SQL: SELECT COUNT(*) AS tp_count FROM `5000_info` WHERE ( info_type=1 ) LIMIT 1   [ RunTime:0.0003s ]
SQL: SELECT * FROM `5000_info` WHERE ( info_type=1 ) ORDER BY info_id desc LIMIT 5,5   [ RunTime:0.0003s ]
SQL: SHOW COLUMNS FROM `5000_info_meta` [ RunTime:0.0022s ]
SQL: SELECT * FROM `5000_info_meta` WHERE ( info_id in (54,53,52,51,50) )  [ RunTime:0.0004s ]
INFO: [ app_end ] --START--
INFO: Run Behavior\ShowPageTraceBehavior [ RunTime:0.000787s ]
INFO: [ app_end ] --END-- [ RunTime:0.000889s ]

[ 2016-07-28T16:03:19+08:00 ] 127.0.0.1 /index.php/Home/Temp/test/p/6.html
INFO: [ app_init ] --START--
INFO: Run Behavior\BuildLiteBehavior [ RunTime:0.000024s ]
INFO: [ app_init ] --END-- [ RunTime:0.000370s ]
INFO: [ app_begin ] --START--
INFO: Run Behavior\ReadHtmlCacheBehavior [ RunTime:0.000391s ]
INFO: Run Home\Behaviors\NavBehavior [ RunTime:0.000429s ]
NOTIC: [8] Undefined index: userin D:\thinkphp_3.2.3_full\guyuan\Home\API\UserAPI.class.php 第 73 行.
INFO: Run Home\Behaviors\UserBehavior [ RunTime:0.001112s ]
INFO: [ app_begin ] --END-- [ RunTime:0.002146s ]
SQL: SHOW COLUMNS FROM `5000_info` [ RunTime:0.0025s ]
SQL: SELECT COUNT(*) AS tp_count FROM `5000_info` WHERE ( info_type=1 ) LIMIT 1   [ RunTime:0.0004s ]
SQL: SELECT * FROM `5000_info` WHERE ( info_type=1 ) ORDER BY info_id desc LIMIT 25,5   [ RunTime:0.0003s ]
SQL: SHOW COLUMNS FROM `5000_info_meta` [ RunTime:0.0022s ]
SQL: SELECT * FROM `5000_info_meta` WHERE ( info_id in (8,6,5,4) )  [ RunTime:0.0002s ]
INFO: [ app_end ] --START--
INFO: Run Behavior\ShowPageTraceBehavior [ RunTime:0.000488s ]
INFO: [ app_end ] --END-- [ RunTime:0.000581s ]

[ 2016-07-28T16:03:20+08:00 ] 127.0.0.1 /index.php/Home/Temp/test/p/4.html
INFO: [ app_init ] --START--
INFO: Run Behavior\BuildLiteBehavior [ RunTime:0.000035s ]
INFO: [ app_init ] --END-- [ RunTime:0.000547s ]
INFO: [ app_begin ] --START--
INFO: Run Behavior\ReadHtmlCacheBehavior [ RunTime:0.000659s ]
INFO: Run Home\Behaviors\NavBehavior [ RunTime:0.000705s ]
NOTIC: [8] Undefined index: userin D:\thinkphp_3.2.3_full\guyuan\Home\API\UserAPI.class.php 第 73 行.
INFO: Run Home\Behaviors\UserBehavior [ RunTime:0.001910s ]
INFO: [ app_begin ] --END-- [ RunTime:0.003616s ]
SQL: SHOW COLUMNS FROM `5000_info` [ RunTime:0.0026s ]
SQL: SELECT COUNT(*) AS tp_count FROM `5000_info` WHERE ( info_type=1 ) LIMIT 1   [ RunTime:0.0003s ]
SQL: SELECT * FROM `5000_info` WHERE ( info_type=1 ) ORDER BY info_id desc LIMIT 15,5   [ RunTime:0.0003s ]
SQL: SHOW COLUMNS FROM `5000_info_meta` [ RunTime:0.0026s ]
SQL: SELECT * FROM `5000_info_meta` WHERE ( info_id in (44,43,42,41,40) )  [ RunTime:0.0002s ]
INFO: [ app_end ] --START--
INFO: Run Behavior\ShowPageTraceBehavior [ RunTime:0.000481s ]
INFO: [ app_end ] --END-- [ RunTime:0.000572s ]

[ 2016-07-28T16:03:21+08:00 ] 127.0.0.1 /index.php/Home/Temp/test/p/6.html
INFO: [ app_init ] --START--
INFO: Run Behavior\BuildLiteBehavior [ RunTime:0.000042s ]
INFO: [ app_init ] --END-- [ RunTime:0.000663s ]
INFO: [ app_begin ] --START--
INFO: Run Behavior\ReadHtmlCacheBehavior [ RunTime:0.000568s ]
INFO: Run Home\Behaviors\NavBehavior [ RunTime:0.000634s ]
NOTIC: [8] Undefined index: userin D:\thinkphp_3.2.3_full\guyuan\Home\API\UserAPI.class.php 第 73 行.
INFO: Run Home\Behaviors\UserBehavior [ RunTime:0.001700s ]
INFO: [ app_begin ] --END-- [ RunTime:0.003264s ]
SQL: SHOW COLUMNS FROM `5000_info` [ RunTime:0.0025s ]
SQL: SELECT COUNT(*) AS tp_count FROM `5000_info` WHERE ( info_type=1 ) LIMIT 1   [ RunTime:0.0002s ]
SQL: SELECT * FROM `5000_info` WHERE ( info_type=1 ) ORDER BY info_id desc LIMIT 25,5   [ RunTime:0.0003s ]
SQL: SHOW COLUMNS FROM `5000_info_meta` [ RunTime:0.0022s ]
SQL: SELECT * FROM `5000_info_meta` WHERE ( info_id in (8,6,5,4) )  [ RunTime:0.0002s ]
INFO: [ app_end ] --START--
INFO: Run Behavior\ShowPageTraceBehavior [ RunTime:0.000483s ]
INFO: [ app_end ] --END-- [ RunTime:0.000575s ]

[ 2016-07-28T16:15:31+08:00 ] 127.0.0.1 /Home/Info/index
INFO: [ app_init ] --START--
INFO: Run Behavior\BuildLiteBehavior [ RunTime:0.000044s ]
INFO: [ app_init ] --END-- [ RunTime:0.000786s ]
INFO: [ app_begin ] --START--
INFO: Run Behavior\ReadHtmlCacheBehavior [ RunTime:0.000954s ]
INFO: Run Home\Behaviors\NavBehavior [ RunTime:0.001006s ]
NOTIC: [8] Undefined index: userin D:\thinkphp_3.2.3_full\guyuan\Home\API\UserAPI.class.php 第 73 行.
INFO: Run Home\Behaviors\UserBehavior [ RunTime:0.002224s ]
INFO: [ app_begin ] --END-- [ RunTime:0.004637s ]
INFO: [ view_parse ] --START--
INFO: [ template_filter ] --START--
INFO: Run Behavior\ContentReplaceBehavior [ RunTime:0.000062s ]
INFO: [ template_filter ] --END-- [ RunTime:0.000176s ]
SQL: SHOW COLUMNS FROM `5000_navbar` [ RunTime:0.0029s ]
SQL: SELECT * FROM `5000_navbar` WHERE ( nav_isshow=1 ) ORDER BY nav_index  [ RunTime:0.0004s ]
NOTIC: [8] Undefined variable: global_user D:\thinkphp_3.2.3_full\guyuan\Runtime\Cache\Home\dd91f665b84972ae5be7fe3e09d380b7.php 第 42 行.
INFO: Run Behavior\ParseTemplateBehavior [ RunTime:0.031610s ]
INFO: [ view_parse ] --END-- [ RunTime:0.031733s ]
INFO: [ view_filter ] --START--
INFO: Run Behavior\WriteHtmlCacheBehavior [ RunTime:0.000354s ]
INFO: [ view_filter ] --END-- [ RunTime:0.000436s ]
INFO: [ app_end ] --START--
INFO: Run Behavior\ShowPageTraceBehavior [ RunTime:0.000494s ]
INFO: [ app_end ] --END-- [ RunTime:0.000617s ]

[ 2016-07-28T16:28:04+08:00 ] 127.0.0.1 /Home/Info/index
INFO: [ app_init ] --START--
INFO: Run Behavior\BuildLiteBehavior [ RunTime:0.000084s ]
INFO: [ app_init ] --END-- [ RunTime:0.001310s ]
INFO: [ app_begin ] --START--
INFO: Run Behavior\ReadHtmlCacheBehavior [ RunTime:0.000865s ]
INFO: Run Home\Behaviors\NavBehavior [ RunTime:0.001292s ]
NOTIC: [8] Undefined index: userin D:\thinkphp_3.2.3_full\guyuan\Home\API\UserAPI.class.php 第 73 行.
INFO: Run Home\Behaviors\UserBehavior [ RunTime:0.002547s ]
INFO: [ app_begin ] --END-- [ RunTime:0.005090s ]
INFO: [ view_parse ] --START--
INFO: [ template_filter ] --START--
INFO: Run Behavior\ContentReplaceBehavior [ RunTime:0.000105s ]
INFO: [ template_filter ] --END-- [ RunTime:0.000300s ]
SQL: SHOW COLUMNS FROM `5000_navbar` [ RunTime:0.0031s ]
SQL: SELECT * FROM `5000_navbar` WHERE ( nav_isshow=1 ) ORDER BY nav_index  [ RunTime:0.0003s ]
NOTIC: [8] Undefined variable: global_user D:\thinkphp_3.2.3_full\guyuan\Runtime\Cache\Home\dd91f665b84972ae5be7fe3e09d380b7.php 第 42 行.
INFO: Run Behavior\ParseTemplateBehavior [ RunTime:0.037142s ]
INFO: [ view_parse ] --END-- [ RunTime:0.037281s ]
INFO: [ view_filter ] --START--
INFO: Run Behavior\WriteHtmlCacheBehavior [ RunTime:0.000420s ]
INFO: [ view_filter ] --END-- [ RunTime:0.000503s ]
INFO: [ app_end ] --START--
INFO: Run Behavior\ShowPageTraceBehavior [ RunTime:0.000513s ]
INFO: [ app_end ] --END-- [ RunTime:0.000596s ]

[ 2016-07-28T16:30:38+08:00 ] 127.0.0.1 /Home/Info/index
INFO: [ app_init ] --START--
INFO: Run Behavior\BuildLiteBehavior [ RunTime:0.000023s ]
INFO: [ app_init ] --END-- [ RunTime:0.000379s ]
INFO: [ app_begin ] --START--
INFO: Run Behavior\ReadHtmlCacheBehavior [ RunTime:0.000477s ]
INFO: Run Home\Behaviors\NavBehavior [ RunTime:0.000547s ]
NOTIC: [8] Undefined index: userin D:\thinkphp_3.2.3_full\guyuan\Home\API\UserAPI.class.php 第 73 行.
INFO: Run Home\Behaviors\UserBehavior [ RunTime:0.001254s ]
INFO: [ app_begin ] --END-- [ RunTime:0.002500s ]
INFO: [ view_parse ] --START--
INFO: [ template_filter ] --START--
INFO: Run Behavior\ContentReplaceBehavior [ RunTime:0.000065s ]
INFO: [ template_filter ] --END-- [ RunTime:0.000160s ]
SQL: SHOW COLUMNS FROM `5000_navbar` [ RunTime:0.0024s ]
SQL: SELECT * FROM `5000_navbar` WHERE ( nav_isshow=1 ) ORDER BY nav_index  [ RunTime:0.0003s ]
NOTIC: [8] Undefined variable: global_user D:\thinkphp_3.2.3_full\guyuan\Runtime\Cache\Home\dd91f665b84972ae5be7fe3e09d380b7.php 第 42 行.
INFO: Run Behavior\ParseTemplateBehavior [ RunTime:0.028538s ]
INFO: [ view_parse ] --END-- [ RunTime:0.028648s ]
INFO: [ view_filter ] --START--
INFO: Run Behavior\WriteHtmlCacheBehavior [ RunTime:0.000365s ]
INFO: [ view_filter ] --END-- [ RunTime:0.000448s ]
INFO: [ app_end ] --START--
INFO: Run Behavior\ShowPageTraceBehavior [ RunTime:0.000476s ]
INFO: [ app_end ] --END-- [ RunTime:0.000560s ]

[ 2016-07-28T16:35:14+08:00 ] 127.0.0.1 /Home/Info/index
INFO: [ app_init ] --START--
INFO: Run Behavior\BuildLiteBehavior [ RunTime:0.000023s ]
INFO: [ app_init ] --END-- [ RunTime:0.000387s ]
INFO: [ app_begin ] --START--
INFO: Run Behavior\ReadHtmlCacheBehavior [ RunTime:0.000531s ]
INFO: Run Home\Behaviors\NavBehavior [ RunTime:0.000547s ]
NOTIC: [8] Undefined index: userin D:\thinkphp_3.2.3_full\guyuan\Home\API\UserAPI.class.php 第 73 行.
INFO: Run Home\Behaviors\UserBehavior [ RunTime:0.001260s ]
INFO: [ app_begin ] --END-- [ RunTime:0.002558s ]
INFO: [ view_parse ] --START--
INFO: [ template_filter ] --START--
INFO: Run Behavior\ContentReplaceBehavior [ RunTime:0.000068s ]
INFO: [ template_filter ] --END-- [ RunTime:0.000177s ]
SQL: SHOW COLUMNS FROM `5000_navbar` [ RunTime:0.0026s ]
SQL: SELECT * FROM `5000_navbar` WHERE ( nav_isshow=1 ) ORDER BY nav_index  [ RunTime:0.0004s ]
NOTIC: [8] Undefined variable: global_user D:\thinkphp_3.2.3_full\guyuan\Runtime\Cache\Home\dd91f665b84972ae5be7fe3e09d380b7.php 第 42 行.
INFO: Run Behavior\ParseTemplateBehavior [ RunTime:0.030624s ]
INFO: [ view_parse ] --END-- [ RunTime:0.030752s ]
INFO: [ view_filter ] --START--
INFO: Run Behavior\WriteHtmlCacheBehavior [ RunTime:0.000504s ]
INFO: [ view_filter ] --END-- [ RunTime:0.000681s ]
INFO: [ app_end ] --START--
INFO: Run Behavior\ShowPageTraceBehavior [ RunTime:0.000799s ]
INFO: [ app_end ] --END-- [ RunTime:0.000956s ]

[ 2016-07-28T16:38:00+08:00 ] 127.0.0.1 /Home/Info/index
INFO: [ app_init ] --START--
INFO: Run Behavior\BuildLiteBehavior [ RunTime:0.000022s ]
INFO: [ app_init ] --END-- [ RunTime:0.000357s ]
INFO: [ app_begin ] --START--
INFO: Run Behavior\ReadHtmlCacheBehavior [ RunTime:0.000465s ]
INFO: Run Home\Behaviors\NavBehavior [ RunTime:0.000667s ]
NOTIC: [8] Undefined index: userin D:\thinkphp_3.2.3_full\guyuan\Home\API\UserAPI.class.php 第 73 行.
INFO: Run Home\Behaviors\UserBehavior [ RunTime:0.001392s ]
INFO: [ app_begin ] --END-- [ RunTime:0.002761s ]
INFO: [ view_parse ] --START--
INFO: [ template_filter ] --START--
INFO: Run Behavior\ContentReplaceBehavior [ RunTime:0.000064s ]
INFO: [ template_filter ] --END-- [ RunTime:0.000164s ]
SQL: SHOW COLUMNS FROM `5000_navbar` [ RunTime:0.0025s ]
SQL: SELECT * FROM `5000_navbar` WHERE ( nav_isshow=1 ) ORDER BY nav_index  [ RunTime:0.0003s ]
NOTIC: [8] Undefined variable: global_user D:\thinkphp_3.2.3_full\guyuan\Runtime\Cache\Home\dd91f665b84972ae5be7fe3e09d380b7.php 第 42 行.
INFO: Run Behavior\ParseTemplateBehavior [ RunTime:0.019775s ]
INFO: [ view_parse ] --END-- [ RunTime:0.019871s ]
INFO: [ view_filter ] --START--
INFO: Run Behavior\WriteHtmlCacheBehavior [ RunTime:0.000409s ]
INFO: [ view_filter ] --END-- [ RunTime:0.000493s ]
INFO: [ app_end ] --START--
INFO: Run Behavior\ShowPageTraceBehavior [ RunTime:0.000477s ]
INFO: [ app_end ] --END-- [ RunTime:0.000561s ]

[ 2016-07-28T16:38:02+08:00 ] 127.0.0.1 /Home/Info/index
INFO: [ app_init ] --START--
INFO: Run Behavior\BuildLiteBehavior [ RunTime:0.000031s ]
INFO: [ app_init ] --END-- [ RunTime:0.000486s ]
INFO: [ app_begin ] --START--
INFO: Run Behavior\ReadHtmlCacheBehavior [ RunTime:0.000559s ]
INFO: Run Home\Behaviors\NavBehavior [ RunTime:0.000652s ]
NOTIC: [8] Undefined index: userin D:\thinkphp_3.2.3_full\guyuan\Home\API\UserAPI.class.php 第 73 行.
INFO: Run Home\Behaviors\UserBehavior [ RunTime:0.001902s ]
INFO: [ app_begin ] --END-- [ RunTime:0.003429s ]
INFO: [ view_parse ] --START--
INFO: [ template_filter ] --START--
INFO: Run Behavior\ContentReplaceBehavior [ RunTime:0.000065s ]
INFO: [ template_filter ] --END-- [ RunTime:0.000164s ]
SQL: SHOW COLUMNS FROM `5000_navbar` [ RunTime:0.0025s ]
SQL: SELECT * FROM `5000_navbar` WHERE ( nav_isshow=1 ) ORDER BY nav_index  [ RunTime:0.0003s ]
NOTIC: [8] Undefined variable: global_user D:\thinkphp_3.2.3_full\guyuan\Runtime\Cache\Home\dd91f665b84972ae5be7fe3e09d380b7.php 第 42 行.
INFO: Run Behavior\ParseTemplateBehavior [ RunTime:0.021771s ]
INFO: [ view_parse ] --END-- [ RunTime:0.021876s ]
INFO: [ view_filter ] --START--
INFO: Run Behavior\WriteHtmlCacheBehavior [ RunTime:0.000362s ]
INFO: [ view_filter ] --END-- [ RunTime:0.000444s ]
INFO: [ app_end ] --START--
INFO: Run Behavior\ShowPageTraceBehavior [ RunTime:0.000432s ]
INFO: [ app_end ] --END-- [ RunTime:0.000524s ]

[ 2016-07-28T17:14:58+08:00 ] 127.0.0.1 /Home/Info/index
INFO: [ app_init ] --START--
INFO: Run Behavior\BuildLiteBehavior [ RunTime:0.000026s ]
INFO: [ app_init ] --END-- [ RunTime:0.000515s ]
INFO: [ app_begin ] --START--
INFO: Run Behavior\ReadHtmlCacheBehavior [ RunTime:0.000482s ]
INFO: Run Home\Behaviors\NavBehavior [ RunTime:0.000755s ]
NOTIC: [8] Undefined index: userin D:\thinkphp_3.2.3_full\guyuan\Home\API\UserAPI.class.php 第 73 行.
INFO: Run Home\Behaviors\UserBehavior [ RunTime:0.001285s ]
INFO: [ app_begin ] --END-- [ RunTime:0.002736s ]
SQL: SHOW COLUMNS FROM `5000_info` [ RunTime:0.0024s ]
SQL: SELECT COUNT(*) AS tp_count FROM `5000_info` LIMIT 1   [ RunTime:0.0002s ]
NOTIC: [2] array_merge() [<a href='function.array-merge'>function.array-merge</a>]: Argument #2 is not an array D:\thinkphp_3.2.3_full\ThinkPHP\Library\Think\Model.class.php 第 1814 行.
SQL: SELECT * FROM `5000_info` ORDER BY info_id desc LIMIT 0,5   [ RunTime:0.0003s ]
SQL: SHOW COLUMNS FROM `5000_info_meta` [ RunTime:0.0023s ]
SQL: SELECT * FROM `5000_info_meta` WHERE ( info_id in (59,58,57,56,55) )  [ RunTime:0.0002s ]
INFO: [ view_parse ] --START--
INFO: [ template_filter ] --START--
INFO: Run Behavior\ContentReplaceBehavior [ RunTime:0.000065s ]
INFO: [ template_filter ] --END-- [ RunTime:0.000169s ]
SQL: SHOW COLUMNS FROM `5000_navbar` [ RunTime:0.0026s ]
SQL: SELECT * FROM `5000_navbar` WHERE ( nav_isshow=1 ) ORDER BY nav_index  [ RunTime:0.0003s ]
NOTIC: [8] Undefined variable: global_user D:\thinkphp_3.2.3_full\guyuan\Runtime\Cache\Home\dd91f665b84972ae5be7fe3e09d380b7.php 第 42 行.
INFO: Run Behavior\ParseTemplateBehavior [ RunTime:0.013565s ]
INFO: [ view_parse ] --END-- [ RunTime:0.013654s ]
INFO: [ view_filter ] --START--
INFO: Run Behavior\WriteHtmlCacheBehavior [ RunTime:0.000455s ]
INFO: [ view_filter ] --END-- [ RunTime:0.000603s ]
INFO: [ app_end ] --START--
INFO: Run Behavior\ShowPageTraceBehavior [ RunTime:0.000539s ]
INFO: [ app_end ] --END-- [ RunTime:0.000651s ]

[ 2016-07-28T17:15:03+08:00 ] 127.0.0.1 /index.php/Home/Info/index/p/6.html
INFO: [ app_init ] --START--
INFO: Run Behavior\BuildLiteBehavior [ RunTime:0.000040s ]
INFO: [ app_init ] --END-- [ RunTime:0.000722s ]
INFO: [ app_begin ] --START--
INFO: Run Behavior\ReadHtmlCacheBehavior [ RunTime:0.000989s ]
INFO: Run Home\Behaviors\NavBehavior [ RunTime:0.001087s ]
NOTIC: [8] Undefined index: userin D:\thinkphp_3.2.3_full\guyuan\Home\API\UserAPI.class.php 第 73 行.
INFO: Run Home\Behaviors\UserBehavior [ RunTime:0.002392s ]
INFO: [ app_begin ] --END-- [ RunTime:0.004889s ]
SQL: SHOW COLUMNS FROM `5000_info` [ RunTime:0.0025s ]
SQL: SELECT COUNT(*) AS tp_count FROM `5000_info` LIMIT 1   [ RunTime:0.0003s ]
NOTIC: [2] array_merge() [<a href='function.array-merge'>function.array-merge</a>]: Argument #2 is not an array D:\thinkphp_3.2.3_full\ThinkPHP\Library\Think\Model.class.php 第 1814 行.
SQL: SELECT * FROM `5000_info` ORDER BY info_id desc LIMIT 25,5   [ RunTime:0.0003s ]
SQL: SHOW COLUMNS FROM `5000_info_meta` [ RunTime:0.0024s ]
SQL: SELECT * FROM `5000_info_meta` WHERE ( info_id in (8,6,5,4) )  [ RunTime:0.0003s ]
INFO: [ view_parse ] --START--
INFO: [ template_filter ] --START--
INFO: Run Behavior\ContentReplaceBehavior [ RunTime:0.000070s ]
INFO: [ template_filter ] --END-- [ RunTime:0.000179s ]
SQL: SHOW COLUMNS FROM `5000_navbar` [ RunTime:0.0025s ]
SQL: SELECT * FROM `5000_navbar` WHERE ( nav_isshow=1 ) ORDER BY nav_index  [ RunTime:0.0003s ]
NOTIC: [8] Undefined variable: global_user D:\thinkphp_3.2.3_full\guyuan\Runtime\Cache\Home\dd91f665b84972ae5be7fe3e09d380b7.php 第 42 行.
INFO: Run Behavior\ParseTemplateBehavior [ RunTime:0.014123s ]
INFO: [ view_parse ] --END-- [ RunTime:0.014216s ]
INFO: [ view_filter ] --START--
INFO: Run Behavior\WriteHtmlCacheBehavior [ RunTime:0.000331s ]
INFO: [ view_filter ] --END-- [ RunTime:0.000415s ]
INFO: [ app_end ] --START--
INFO: Run Behavior\ShowPageTraceBehavior [ RunTime:0.000479s ]
INFO: [ app_end ] --END-- [ RunTime:0.000561s ]

[ 2016-07-28T17:17:28+08:00 ] 127.0.0.1 /index.php/Home/Info/index/p/6.html
INFO: [ app_init ] --START--
INFO: Run Behavior\BuildLiteBehavior [ RunTime:0.000043s ]
INFO: [ app_init ] --END-- [ RunTime:0.000762s ]
INFO: [ app_begin ] --START--
INFO: Run Behavior\ReadHtmlCacheBehavior [ RunTime:0.000666s ]
INFO: Run Home\Behaviors\NavBehavior [ RunTime:0.000670s ]
NOTIC: [8] Undefined index: userin D:\thinkphp_3.2.3_full\guyuan\Home\API\UserAPI.class.php 第 73 行.
INFO: Run Home\Behaviors\UserBehavior [ RunTime:0.001489s ]
INFO: [ app_begin ] --END-- [ RunTime:0.003100s ]
SQL: SHOW COLUMNS FROM `5000_info` [ RunTime:0.0024s ]
SQL: SELECT COUNT(*) AS tp_count FROM `5000_info` LIMIT 1   [ RunTime:0.0002s ]
NOTIC: [2] array_merge() [<a href='function.array-merge'>function.array-merge</a>]: Argument #2 is not an array D:\thinkphp_3.2.3_full\ThinkPHP\Library\Think\Model.class.php 第 1814 行.
SQL: SELECT * FROM `5000_info` ORDER BY info_id desc LIMIT 25,5   [ RunTime:0.0003s ]
SQL: SHOW COLUMNS FROM `5000_info_meta` [ RunTime:0.0023s ]
SQL: SELECT * FROM `5000_info_meta` WHERE ( info_id in (8,6,5,4) )  [ RunTime:0.0002s ]
INFO: [ view_parse ] --START--
INFO: [ template_filter ] --START--
INFO: Run Behavior\ContentReplaceBehavior [ RunTime:0.000066s ]
INFO: [ template_filter ] --END-- [ RunTime:0.000164s ]
SQL: SHOW COLUMNS FROM `5000_navbar` [ RunTime:0.0023s ]
SQL: SELECT * FROM `5000_navbar` WHERE ( nav_isshow=1 ) ORDER BY nav_index  [ RunTime:0.0003s ]
NOTIC: [8] Undefined variable: global_user D:\thinkphp_3.2.3_full\guyuan\Runtime\Cache\Home\dd91f665b84972ae5be7fe3e09d380b7.php 第 42 行.
INFO: Run Behavior\ParseTemplateBehavior [ RunTime:0.013326s ]
INFO: [ view_parse ] --END-- [ RunTime:0.013414s ]
INFO: [ view_filter ] --START--
INFO: Run Behavior\WriteHtmlCacheBehavior [ RunTime:0.000376s ]
INFO: [ view_filter ] --END-- [ RunTime:0.000462s ]
INFO: [ app_end ] --START--
INFO: Run Behavior\ShowPageTraceBehavior [ RunTime:0.000507s ]
INFO: [ app_end ] --END-- [ RunTime:0.000591s ]

[ 2016-07-28T17:19:12+08:00 ] 127.0.0.1 /index.php/Home/Info/index/p/6.html
INFO: [ app_init ] --START--
INFO: Run Behavior\BuildLiteBehavior [ RunTime:0.000030s ]
INFO: [ app_init ] --END-- [ RunTime:0.000525s ]
INFO: [ app_begin ] --START--
INFO: Run Behavior\ReadHtmlCacheBehavior [ RunTime:0.000743s ]
INFO: Run Home\Behaviors\NavBehavior [ RunTime:0.000636s ]
NOTIC: [8] Undefined index: userin D:\thinkphp_3.2.3_full\guyuan\Home\API\UserAPI.class.php 第 73 行.
INFO: Run Home\Behaviors\UserBehavior [ RunTime:0.001448s ]
INFO: [ app_begin ] --END-- [ RunTime:0.003080s ]
SQL: SHOW COLUMNS FROM `5000_info` [ RunTime:0.0026s ]
SQL: SELECT COUNT(*) AS tp_count FROM `5000_info` LIMIT 1   [ RunTime:0.0002s ]
NOTIC: [2] array_merge() [<a href='function.array-merge'>function.array-merge</a>]: Argument #2 is not an array D:\thinkphp_3.2.3_full\ThinkPHP\Library\Think\Model.class.php 第 1814 行.
SQL: SELECT * FROM `5000_info` ORDER BY info_id desc LIMIT 25,5   [ RunTime:0.0003s ]
SQL: SHOW COLUMNS FROM `5000_info_meta` [ RunTime:0.0023s ]
SQL: SELECT * FROM `5000_info_meta` WHERE ( info_id in (8,6,5,4) )  [ RunTime:0.0002s ]
INFO: [ view_parse ] --START--
INFO: [ template_filter ] --START--
INFO: Run Behavior\ContentReplaceBehavior [ RunTime:0.000066s ]
INFO: [ template_filter ] --END-- [ RunTime:0.000164s ]
SQL: SHOW COLUMNS FROM `5000_navbar` [ RunTime:0.0024s ]
SQL: SELECT * FROM `5000_navbar` WHERE ( nav_isshow=1 ) ORDER BY nav_index  [ RunTime:0.0003s ]
NOTIC: [8] Undefined variable: global_user D:\thinkphp_3.2.3_full\guyuan\Runtime\Cache\Home\dd91f665b84972ae5be7fe3e09d380b7.php 第 42 行.
INFO: Run Behavior\ParseTemplateBehavior [ RunTime:0.013378s ]
INFO: [ view_parse ] --END-- [ RunTime:0.013468s ]
INFO: [ view_filter ] --START--
INFO: Run Behavior\WriteHtmlCacheBehavior [ RunTime:0.000366s ]
INFO: [ view_filter ] --END-- [ RunTime:0.000453s ]
INFO: [ app_end ] --START--
INFO: Run Behavior\ShowPageTraceBehavior [ RunTime:0.000474s ]
INFO: [ app_end ] --END-- [ RunTime:0.000558s ]

[ 2016-07-28T17:19:57+08:00 ] 127.0.0.1 /index.php/Home/Info/index/p/1.html
INFO: [ app_init ] --START--
INFO: Run Behavior\BuildLiteBehavior [ RunTime:0.000023s ]
INFO: [ app_init ] --END-- [ RunTime:0.000367s ]
INFO: [ app_begin ] --START--
INFO: Run Behavior\ReadHtmlCacheBehavior [ RunTime:0.000503s ]
INFO: Run Home\Behaviors\NavBehavior [ RunTime:0.000526s ]
NOTIC: [8] Undefined index: userin D:\thinkphp_3.2.3_full\guyuan\Home\API\UserAPI.class.php 第 73 行.
INFO: Run Home\Behaviors\UserBehavior [ RunTime:0.001388s ]
INFO: [ app_begin ] --END-- [ RunTime:0.002637s ]
SQL: SHOW COLUMNS FROM `5000_info` [ RunTime:0.0024s ]
SQL: SELECT COUNT(*) AS tp_count FROM `5000_info` LIMIT 1   [ RunTime:0.0002s ]
NOTIC: [2] array_merge() [<a href='function.array-merge'>function.array-merge</a>]: Argument #2 is not an array D:\thinkphp_3.2.3_full\ThinkPHP\Library\Think\Model.class.php 第 1814 行.
SQL: SELECT * FROM `5000_info` ORDER BY info_id desc LIMIT 0,5   [ RunTime:0.0003s ]
SQL: SHOW COLUMNS FROM `5000_info_meta` [ RunTime:0.0022s ]
SQL: SELECT * FROM `5000_info_meta` WHERE ( info_id in (59,58,57,56,55) )  [ RunTime:0.0002s ]
INFO: [ view_parse ] --START--
INFO: [ template_filter ] --START--
INFO: Run Behavior\ContentReplaceBehavior [ RunTime:0.000065s ]
INFO: [ template_filter ] --END-- [ RunTime:0.000169s ]
SQL: SHOW COLUMNS FROM `5000_navbar` [ RunTime:0.0022s ]
SQL: SELECT * FROM `5000_navbar` WHERE ( nav_isshow=1 ) ORDER BY nav_index  [ RunTime:0.0003s ]
NOTIC: [8] Undefined variable: global_user D:\thinkphp_3.2.3_full\guyuan\Runtime\Cache\Home\dd91f665b84972ae5be7fe3e09d380b7.php 第 42 行.
INFO: Run Behavior\ParseTemplateBehavior [ RunTime:0.013523s ]
INFO: [ view_parse ] --END-- [ RunTime:0.013615s ]
INFO: [ view_filter ] --START--
INFO: Run Behavior\WriteHtmlCacheBehavior [ RunTime:0.000325s ]
INFO: [ view_filter ] --END-- [ RunTime:0.000407s ]
INFO: [ app_end ] --START--
INFO: Run Behavior\ShowPageTraceBehavior [ RunTime:0.000519s ]
INFO: [ app_end ] --END-- [ RunTime:0.000600s ]

[ 2016-07-28T17:19:59+08:00 ] 127.0.0.1 /index.php/Home/Info/index/p/2.html
INFO: [ app_init ] --START--
INFO: Run Behavior\BuildLiteBehavior [ RunTime:0.000041s ]
INFO: [ app_init ] --END-- [ RunTime:0.000677s ]
INFO: [ app_begin ] --START--
INFO: Run Behavior\ReadHtmlCacheBehavior [ RunTime:0.000837s ]
INFO: Run Home\Behaviors\NavBehavior [ RunTime:0.000473s ]
NOTIC: [8] Undefined index: userin D:\thinkphp_3.2.3_full\guyuan\Home\API\UserAPI.class.php 第 73 行.
INFO: Run Home\Behaviors\UserBehavior [ RunTime:0.001425s ]
INFO: [ app_begin ] --END-- [ RunTime:0.003102s ]
SQL: SHOW COLUMNS FROM `5000_info` [ RunTime:0.0026s ]
SQL: SELECT COUNT(*) AS tp_count FROM `5000_info` LIMIT 1   [ RunTime:0.0002s ]
NOTIC: [2] array_merge() [<a href='function.array-merge'>function.array-merge</a>]: Argument #2 is not an array D:\thinkphp_3.2.3_full\ThinkPHP\Library\Think\Model.class.php 第 1814 行.
SQL: SELECT * FROM `5000_info` ORDER BY info_id desc LIMIT 5,5   [ RunTime:0.0002s ]
SQL: SHOW COLUMNS FROM `5000_info_meta` [ RunTime:0.0024s ]
SQL: SELECT * FROM `5000_info_meta` WHERE ( info_id in (54,53,52,51,50) )  [ RunTime:0.0002s ]
INFO: [ view_parse ] --START--
INFO: [ template_filter ] --START--
INFO: Run Behavior\ContentReplaceBehavior [ RunTime:0.000065s ]
INFO: [ template_filter ] --END-- [ RunTime:0.000182s ]
SQL: SHOW COLUMNS FROM `5000_navbar` [ RunTime:0.0024s ]
SQL: SELECT * FROM `5000_navbar` WHERE ( nav_isshow=1 ) ORDER BY nav_index  [ RunTime:0.0003s ]
NOTIC: [8] Undefined variable: global_user D:\thinkphp_3.2.3_full\guyuan\Runtime\Cache\Home\dd91f665b84972ae5be7fe3e09d380b7.php 第 42 行.
INFO: Run Behavior\ParseTemplateBehavior [ RunTime:0.012741s ]
INFO: [ view_parse ] --END-- [ RunTime:0.012829s ]
INFO: [ view_filter ] --START--
INFO: Run Behavior\WriteHtmlCacheBehavior [ RunTime:0.000255s ]
INFO: [ view_filter ] --END-- [ RunTime:0.000337s ]
INFO: [ app_end ] --START--
INFO: Run Behavior\ShowPageTraceBehavior [ RunTime:0.000428s ]
INFO: [ app_end ] --END-- [ RunTime:0.000514s ]

[ 2016-07-28T17:20:00+08:00 ] 127.0.0.1 /index.php/Home/Info/index/p/3.html
INFO: [ app_init ] --START--
INFO: Run Behavior\BuildLiteBehavior [ RunTime:0.000025s ]
INFO: [ app_init ] --END-- [ RunTime:0.000383s ]
INFO: [ app_begin ] --START--
INFO: Run Behavior\ReadHtmlCacheBehavior [ RunTime:0.000450s ]
INFO: Run Home\Behaviors\NavBehavior [ RunTime:0.000383s ]
NOTIC: [8] Undefined index: userin D:\thinkphp_3.2.3_full\guyuan\Home\API\UserAPI.class.php 第 73 行.
INFO: Run Home\Behaviors\UserBehavior [ RunTime:0.001098s ]
INFO: [ app_begin ] --END-- [ RunTime:0.002167s ]
SQL: SHOW COLUMNS FROM `5000_info` [ RunTime:0.0027s ]
SQL: SELECT COUNT(*) AS tp_count FROM `5000_info` LIMIT 1   [ RunTime:0.0009s ]
NOTIC: [2] array_merge() [<a href='function.array-merge'>function.array-merge</a>]: Argument #2 is not an array D:\thinkphp_3.2.3_full\ThinkPHP\Library\Think\Model.class.php 第 1814 行.
SQL: SELECT * FROM `5000_info` ORDER BY info_id desc LIMIT 10,5   [ RunTime:0.0003s ]
SQL: SHOW COLUMNS FROM `5000_info_meta` [ RunTime:0.0022s ]
SQL: SELECT * FROM `5000_info_meta` WHERE ( info_id in (49,48,47,46,45) )  [ RunTime:0.0003s ]
INFO: [ view_parse ] --START--
INFO: [ template_filter ] --START--
INFO: Run Behavior\ContentReplaceBehavior [ RunTime:0.000066s ]
INFO: [ template_filter ] --END-- [ RunTime:0.000169s ]
SQL: SHOW COLUMNS FROM `5000_navbar` [ RunTime:0.0024s ]
SQL: SELECT * FROM `5000_navbar` WHERE ( nav_isshow=1 ) ORDER BY nav_index  [ RunTime:0.0003s ]
NOTIC: [8] Undefined variable: global_user D:\thinkphp_3.2.3_full\guyuan\Runtime\Cache\Home\dd91f665b84972ae5be7fe3e09d380b7.php 第 42 行.
INFO: Run Behavior\ParseTemplateBehavior [ RunTime:0.012846s ]
INFO: [ view_parse ] --END-- [ RunTime:0.012935s ]
INFO: [ view_filter ] --START--
INFO: Run Behavior\WriteHtmlCacheBehavior [ RunTime:0.000274s ]
INFO: [ view_filter ] --END-- [ RunTime:0.000354s ]
INFO: [ app_end ] --START--
INFO: Run Behavior\ShowPageTraceBehavior [ RunTime:0.000416s ]
INFO: [ app_end ] --END-- [ RunTime:0.000498s ]

[ 2016-07-28T17:20:13+08:00 ] 127.0.0.1 /index.php/Home/Info/index/p/4.html
INFO: [ app_init ] --START--
INFO: Run Behavior\BuildLiteBehavior [ RunTime:0.000023s ]
INFO: [ app_init ] --END-- [ RunTime:0.000377s ]
INFO: [ app_begin ] --START--
INFO: Run Behavior\ReadHtmlCacheBehavior [ RunTime:0.000378s ]
INFO: Run Home\Behaviors\NavBehavior [ RunTime:0.000340s ]
NOTIC: [8] Undefined index: userin D:\thinkphp_3.2.3_full\guyuan\Home\API\UserAPI.class.php 第 73 行.
INFO: Run Home\Behaviors\UserBehavior [ RunTime:0.000919s ]
INFO: [ app_begin ] --END-- [ RunTime:0.001843s ]
SQL: SHOW COLUMNS FROM `5000_info` [ RunTime:0.0025s ]
SQL: SELECT COUNT(*) AS tp_count FROM `5000_info` LIMIT 1   [ RunTime:0.0002s ]
NOTIC: [2] array_merge() [<a href='function.array-merge'>function.array-merge</a>]: Argument #2 is not an array D:\thinkphp_3.2.3_full\ThinkPHP\Library\Think\Model.class.php 第 1814 行.
SQL: SELECT * FROM `5000_info` ORDER BY info_id desc LIMIT 15,5   [ RunTime:0.0002s ]
SQL: SHOW COLUMNS FROM `5000_info_meta` [ RunTime:0.0023s ]
SQL: SELECT * FROM `5000_info_meta` WHERE ( info_id in (44,43,42,41,40) )  [ RunTime:0.0002s ]
INFO: [ view_parse ] --START--
INFO: [ template_filter ] --START--
INFO: Run Behavior\ContentReplaceBehavior [ RunTime:0.000094s ]
INFO: [ template_filter ] --END-- [ RunTime:0.000241s ]
SQL: SHOW COLUMNS FROM `5000_navbar` [ RunTime:0.0024s ]
SQL: SELECT * FROM `5000_navbar` WHERE ( nav_isshow=1 ) ORDER BY nav_index  [ RunTime:0.0003s ]
NOTIC: [8] Undefined variable: global_user D:\thinkphp_3.2.3_full\guyuan\Runtime\Cache\Home\dd91f665b84972ae5be7fe3e09d380b7.php 第 42 行.
INFO: Run Behavior\ParseTemplateBehavior [ RunTime:0.014299s ]
INFO: [ view_parse ] --END-- [ RunTime:0.014386s ]
INFO: [ view_filter ] --START--
INFO: Run Behavior\WriteHtmlCacheBehavior [ RunTime:0.000264s ]
INFO: [ view_filter ] --END-- [ RunTime:0.000345s ]
INFO: [ app_end ] --START--
INFO: Run Behavior\ShowPageTraceBehavior [ RunTime:0.000416s ]
INFO: [ app_end ] --END-- [ RunTime:0.000497s ]

[ 2016-07-28T17:20:15+08:00 ] 127.0.0.1 /index.php/Home/Info/index/p/5.html
INFO: [ app_init ] --START--
INFO: Run Behavior\BuildLiteBehavior [ RunTime:0.000028s ]
INFO: [ app_init ] --END-- [ RunTime:0.000433s ]
INFO: [ app_begin ] --START--
INFO: Run Behavior\ReadHtmlCacheBehavior [ RunTime:0.000504s ]
INFO: Run Home\Behaviors\NavBehavior [ RunTime:0.000425s ]
NOTIC: [8] Undefined index: userin D:\thinkphp_3.2.3_full\guyuan\Home\API\UserAPI.class.php 第 73 行.
INFO: Run Home\Behaviors\UserBehavior [ RunTime:0.001287s ]
INFO: [ app_begin ] --END-- [ RunTime:0.002504s ]
SQL: SHOW COLUMNS FROM `5000_info` [ RunTime:0.0037s ]
SQL: SELECT COUNT(*) AS tp_count FROM `5000_info` LIMIT 1   [ RunTime:0.0003s ]
NOTIC: [2] array_merge() [<a href='function.array-merge'>function.array-merge</a>]: Argument #2 is not an array D:\thinkphp_3.2.3_full\ThinkPHP\Library\Think\Model.class.php 第 1814 行.
SQL: SELECT * FROM `5000_info` ORDER BY info_id desc LIMIT 20,5   [ RunTime:0.0004s ]
SQL: SHOW COLUMNS FROM `5000_info_meta` [ RunTime:0.0028s ]
SQL: SELECT * FROM `5000_info_meta` WHERE ( info_id in (39,38,37,36,11) )  [ RunTime:0.0003s ]
INFO: [ view_parse ] --START--
INFO: [ template_filter ] --START--
INFO: Run Behavior\ContentReplaceBehavior [ RunTime:0.000065s ]
INFO: [ template_filter ] --END-- [ RunTime:0.000164s ]
SQL: SHOW COLUMNS FROM `5000_navbar` [ RunTime:0.0025s ]
SQL: SELECT * FROM `5000_navbar` WHERE ( nav_isshow=1 ) ORDER BY nav_index  [ RunTime:0.0003s ]
NOTIC: [8] Undefined variable: global_user D:\thinkphp_3.2.3_full\guyuan\Runtime\Cache\Home\dd91f665b84972ae5be7fe3e09d380b7.php 第 42 行.
INFO: Run Behavior\ParseTemplateBehavior [ RunTime:0.013029s ]
INFO: [ view_parse ] --END-- [ RunTime:0.013117s ]
INFO: [ view_filter ] --START--
INFO: Run Behavior\WriteHtmlCacheBehavior [ RunTime:0.000289s ]
INFO: [ view_filter ] --END-- [ RunTime:0.000376s ]
INFO: [ app_end ] --START--
INFO: Run Behavior\ShowPageTraceBehavior [ RunTime:0.000417s ]
INFO: [ app_end ] --END-- [ RunTime:0.000502s ]

